Judge results exist but Error found for folder From Simple to Complex(number, music, metaphor, NA, English)
Judge results exist but Error found for folder Transformation from basic to advanced(number, culture, metaphor, NA, English)
Judge results exist but Error found for folder From singular to multiplicity(number, STEM, relation, NA, English)
Judge results exist but Error found for folder Change in methods driving productivity development.(number, STEM, relation, NA, English)
Judge results exist but Error found for folder Numerical symbolism and cultural significance(number, culture, relation, East Asia, English)
Judge results exist but Error found for folder Numerical homophones and cultural significance(number, number, mutual elements, East Asia, English)
Judge results exist but Error found for folder Symbolic Associations of Number(number, number, relation, Non-English European, English)
Judge results exist but Error found for folder An apple a day keeps the doctor away(number, ability, metaphor, USAEnglish, English)
Judge results exist but Error found for folder Gradual Sophistication(number, food, metaphor, NA, English)
Judge results exist but Error found for folder সহজ থেকে কমপ্লেক্সিটি(number, STEM, metaphor, NA, Bengali)
Judge results exist but Error found for folder From Singularity to Diversity(number, STEM, metaphor, NA, English)
Judge results exist but Error found for folder Intellectual Games(number, cartoon or game, metaphor, Non-English European, English)
Judge results exist but Error found for folder LongevitySymbol(number, culture, metaphor, East Asia, English)
Judge results exist but Error found for folder Cycle(number, STEM, mutual elements, NA, English)
Judge results exist but Error found for folder Transformation(animal, STEM, relation, NA, English)
Judge results exist but Error found for folder Entropy Increase(animal, STEM, relation, NA, English)
Judge results exist but Error found for folder Topological Transformation.(animal, STEM, relation, NA, English)
Judge results exist but Error found for folder Symbolic Representation.(animal, animal, relation, NA, English)
Judge results exist but Error found for folder 猴子捞月(animal, people, metaphor, East Asia, Chinese)
Judge results exist but Error found for folder 守株待兔(animal, phenomenon, metaphor, East Asia, Chinese)
Judge results exist but Error found for folder 龟兔赛跑(animal, stuff, metaphor, East Asia, Chinese)
Judge results exist but Error found for folder Number And Pronunciation(number, culture, metaphor, East Asia, English)
Judge results exist but Error found for folder NumericalSystem(location, number, metaphor, Arabic-Islamic, English)
Judge results exist but Error found for folder 狐假虎威(animal, people, metaphor, East Asia, Chinese)
Judge results exist but Error found for folder National animal(animal, location, mutual elements, East Asia, English)
Judge results exist but Error found for folder 国宝动物(animal, city, mutual elements, Latin American, Chinese)
Judge results exist but Error found for folder জাতীয় ধনভান্ডার প্রাণী।(culture, animal, relation, South Asia and South-East Asia, Bengali)
Judge results exist but Error found for folder राष्ट्रीय ट्रेक्सेर जानवर(myth, animal, relation, South Asia and South-East Asia, Hindi)
Judge results exist but Error found for folder मैंडा अपने तालाब को सूखा नहीं कर सकता(animal, phenomenon, metaphor, South Asia and South-East Asia, Hindi)
Judge results exist but Error found for folder सफेद टिगर(animal, myth, metaphor, East Asia, Hindi)
Judge results exist but Error found for folder Biomimicry(animal, STEM, metaphor, NA, English)
Judge results exist but Error found for folder बायोनिक्स(animal, STEM, metaphor, NA, Hindi)
Judge results exist but Error found for folder বায়োনিক(animal, STEM, metaphor, East Asia, Bengali)
Judge results exist but Error found for folder 仿生学(animal, STEM, metaphor, NA, Chinese)
Judge results exist but Error found for folder Biónica(animal, STEM, metaphor, East Asia, Spanish)
Judge results exist but Error found for folder জাতীয় প্রাণী(animal, city, relation, Non-English European, Bengali)
Judge results exist but Error found for folder राष्ट्रीय प्राणी(animal, location, relation, Latin American, Hindi)
Judge results exist but Error found for folder রাষ্ট্র চিহ্নের প্রাণী(animal, sports, relation, USAEnglish, Bengali)
Judge results exist but Error found for folder रूपांतरण(food, STEM, metaphor, NA, Hindi)
Judge results exist but Error found for folder Selection and Combination(food, art, relation, NA, English)
Judge results exist but Error found for folder From initial to success(food, business, metaphor, NA, English)
Judge results exist but Error found for folder Change with time(food, time, relation, NA, English)
Judge results exist but Error found for folder Precise Timing And Conditions(food, sports, metaphor, NA, English)
Judge results exist but Error found for folder Artificial Processing(food, sense, relation, NA, English)
Judge results exist but Error found for folder Cycle of growth and decay(food, phenomenon, relation, NA, English)
Judge results exist but Error found for folder Training and Improving(food, music, relation, NA, English)
Judge results exist but Error found for folder Transformation through controlled chaos(food, art, relation, NA, English)
Judge results exist but Error found for folder Opposite scenarios(food, phenomenon, relation, NA, English)
Judge results exist but Error found for folder Spherification and culinary innovation(food, STEM, relation, NA, English)
Judge results exist but Error found for folder Osmosis and preservation technique(food, STEM, metaphor, NA, English)
Total prompts to judge: 200, divided into 10 batches.
Folder: From Simple to Complex(number, music, metaphor, NA, English)
JudgeID: 0
{
    "score_4o": "2",
    "score_reason": "The MLLM discusses mathematical operations but fails to capture the 'From Simple to Complex' relationship highlighted in the standard answer. It suggests flashcards with multiplication problems rather than moving from a simple music element to a complex one."
}

Judge results for folder From Simple to Complex(number, music, metaphor, NA, English), judge_id 0 updated.
Folder: From Simple to Complex(number, music, metaphor, NA, English)
JudgeID: 1
{
    "score_4o": "2",
    "score_reason": "The MLLM partially identifies a connection between images but diverges from the intended 'From Simple to Complex' transformation in music. The focus on structured visual grids isn't relevant to the given path."
}

Judge results for folder From Simple to Complex(number, music, metaphor, NA, English), judge_id 1 updated.
Folder: From Simple to Complex(number, music, metaphor, NA, English)
JudgeID: 2
{
    "score_4o": "1",
    "score_reason": "The MLLM misinterprets the relationship, suggesting an unrelated black apple instead of progressing from simple to complex mathematical concepts. Fails to grasp the intended transformation."
}

Judge results for folder From Simple to Complex(number, music, metaphor, NA, English), judge_id 2 updated.
Folder: From Simple to Complex(number, music, metaphor, NA, English)
JudgeID: 3
{
    "score_4o": "1",
    "score_reason": "The MLLM introduces unrelated geometric shapes instead of progressing from simple to complex music or math concepts. Shows uncertainty and a misaligned connection theme."
}

Judge results for folder From Simple to Complex(number, music, metaphor, NA, English), judge_id 3 updated.
Folder: Transformation from basic to advanced(number, culture, metaphor, NA, English)
JudgeID: 0
{
    "score_4o": "2",
    "score_reason": "The MLLM partially captures the educational content theme but doesn't reflect the transformation from basic to advanced as needed. Its portrayal remains close to initial content without rising complexity."
}

Judge results for folder Transformation from basic to advanced(number, culture, metaphor, NA, English), judge_id 0 updated.
Folder: Transformation from basic to advanced(number, culture, metaphor, NA, English)
JudgeID: 1
{
    "score_4o": "3",
    "score_reason": "The MLLM shows a general understanding of progress through a life cycle, matching the notion from math progression. Although well-explained, the butterfly life cycle doesn't entirely align with mathematical themes."
}

Judge results for folder Transformation from basic to advanced(number, culture, metaphor, NA, English), judge_id 1 updated.
Folder: Transformation from basic to advanced(number, culture, metaphor, NA, English)
JudgeID: 2
{
    "score_4o": "2",
    "score_reason": "The suggested educational chart is too ambiguous to match the progression from basic to advanced, lacking specific relevance in complexity transformation."
}

Judge results for folder Transformation from basic to advanced(number, culture, metaphor, NA, English), judge_id 2 updated.
Folder: Transformation from basic to advanced(number, culture, metaphor, NA, English)
JudgeID: 3
{
    "score_4o": "2",
    "score_reason": "The MLLM deviates from the 'basic to advanced' transformation. The molecular structure description is a sound representation of complexity but it's not tied logically within the given linguistic numerical interplay."
}

Judge results for folder Transformation from basic to advanced(number, culture, metaphor, NA, English), judge_id 3 updated.
Folder: From singular to multiplicity(number, STEM, relation, NA, English)
JudgeID: 0
{
    "score_4o": "2",
    "score_reason": "The MLLM description focuses on numerical representation without addressing the 'singular to multiplicity' pattern from single numbers or stars to a matrix or galaxy. It introduces a smaller quantity rather than larger."
}

Judge results for folder From singular to multiplicity(number, STEM, relation, NA, English), judge_id 0 updated.
Folder: From singular to multiplicity(number, STEM, relation, NA, English)
JudgeID: 1
{
    "score_4o": "2",
    "score_reason": "The MLLM suggests a numerical element rather than explaining the 'singular to multiplicity' leap from single stars or numbers to complex systems. The numerical focus doesn't execute multiplicative expansion."
}

Judge results for folder From singular to multiplicity(number, STEM, relation, NA, English), judge_id 1 updated.
Folder: From singular to multiplicity(number, STEM, relation, NA, English)
JudgeID: 2
{
    "score_4o": "1",
    "score_reason": "The introduction of a black cat fails to align with the multiplicity relationship theme, overlooking numerical acts and shifting to abstract cosmic ideas with no logical numerical connectivity."
}

Judge results for folder From singular to multiplicity(number, STEM, relation, NA, English), judge_id 2 updated.
Folder: From singular to multiplicity(number, STEM, relation, NA, English)
JudgeID: 3
{
    "score_4o": "3",
    "score_reason": "The MLLM effectively identifies a thematic connection to structure and organization, although it doesn't align with the specific number-to-array multiplicity model. Decent abstraction but off-track contextually."
}

Judge results for folder From singular to multiplicity(number, STEM, relation, NA, English), judge_id 3 updated.
Folder: Change in methods driving productivity development.(number, STEM, relation, NA, English)
JudgeID: 0
{
    "score_4o": "1",
    "score_reason": "The MLLM misinterprets the mathematics focus and suggests an overly broad educational narrative that lacks association with evolving computational methods, which is off-topic in productivity development."
}

Judge results for folder Change in methods driving productivity development.(number, STEM, relation, NA, English), judge_id 0 updated.
Folder: Change in methods driving productivity development.(number, STEM, relation, NA, English)
JudgeID: 1
{
    "score_4o": "2",
    "score_reason": "The MLLM successfully matches digital content themes but its narrative only relates distantly to productivity changes in arithmetic methods, missing specific transitions like computing advancements."
}

Judge results for folder Change in methods driving productivity development.(number, STEM, relation, NA, English), judge_id 1 updated.
Folder: Change in methods driving productivity development.(number, STEM, relation, NA, English)
JudgeID: 2
{
    "score_4o": "2",
    "score_reason": "The educational technology theme connects well but fails to capture distinct transformation in computational methods represented by historical numerical transitions, sticking to commonplace technological uses."
}

Judge results for folder Change in methods driving productivity development.(number, STEM, relation, NA, English), judge_id 2 updated.
Folder: Change in methods driving productivity development.(number, STEM, relation, NA, English)
JudgeID: 3
{
    "score_4o": "1",
    "score_reason": "The MLLM unclear approach in matching digital learning methods makes it unable to establish insight into productive advancements through calculation enhancements as expressed in transitions."
}

Judge results for folder Change in methods driving productivity development.(number, STEM, relation, NA, English), judge_id 3 updated.
Folder: Numerical symbolism and cultural significance(number, culture, relation, East Asia, English)
JudgeID: 0
{
    "score_4o": "3",
    "score_reason": "The MLLM hints at numerical symbolism but applies it across diverse contexts and lacks specific cultural interaction to standard reference symbols. It provides valid reasoning while not adhering strictly."
}

Judge results for folder Numerical symbolism and cultural significance(number, culture, relation, East Asia, English), judge_id 0 updated.
Folder: Numerical symbolism and cultural significance(number, culture, relation, East Asia, English)
JudgeID: 1
{
    "score_4o": "2",
    "score_reason": "The MLLM refers to symbolic elements but moves incoherently with less cultural depth in symbolism, disregarding cultural unison in numeric luck as demonstrated through cross-cultural symbols."
}

Judge results for folder Numerical symbolism and cultural significance(number, culture, relation, East Asia, English), judge_id 1 updated.
Folder: Numerical symbolism and cultural significance(number, culture, relation, East Asia, English)
JudgeID: 2
{
    "score_4o": "3",
    "score_reason": "Links multiple cultural symbols of luck, offering correct numeral context amidst missing specifics like Chinese number '8' cultural dominance, which otherwise could align with given reasoning."
}

Judge results for folder Numerical symbolism and cultural significance(number, culture, relation, East Asia, English), judge_id 2 updated.
Folder: Numerical symbolism and cultural significance(number, culture, relation, East Asia, English)
JudgeID: 3
{
    "score_4o": "1",
    "score_reason": "It fails to match specified symbolic discussions, introducing educational discourse without cultural acknowledgment or significant cross-number-symbol cultural linkages aligned within expected interpretations."
}

Judge results for folder Numerical symbolism and cultural significance(number, culture, relation, East Asia, English), judge_id 3 updated.
Judge results for batch 1 saved.
Folder: Numerical homophones and cultural significance(number, number, mutual elements, East Asia, English)
JudgeID: 0
{
    "score_4o": "1",
    "score_reason": "The MLLM output does not match the reasoning of the standard answer about numerical homophones and cultural significance. The MLLM fails to make the connection between numbers and their cultural connotations in the given context."
}

Judge results for folder Numerical homophones and cultural significance(number, number, mutual elements, East Asia, English), judge_id 0 updated.
Folder: Numerical homophones and cultural significance(number, number, mutual elements, East Asia, English)
JudgeID: 1
{
    "score_4o": "0",
    "score_reason": "The MLLM's output is factually incorrect and misses the standard answer's reasoning about numerical homophones and cultural significance related to the numbers 4 and 8, gravestones, and wealth symbols."
}

Judge results for folder Numerical homophones and cultural significance(number, number, mutual elements, East Asia, English), judge_id 1 updated.
Folder: Numerical homophones and cultural significance(number, number, mutual elements, East Asia, English)
JudgeID: 2
{
    "score_4o": "2",
    "score_reason": "The MLLM broadly mentions a numerical relationship with a single gold bar, but does not comprehend the cultural significance related to numbers 4 and 8 and their representations in the standard context."
}

Judge results for folder Numerical homophones and cultural significance(number, number, mutual elements, East Asia, English), judge_id 2 updated.
Folder: Numerical homophones and cultural significance(number, number, mutual elements, East Asia, English)
JudgeID: 3
{
    "score_4o": "1",
    "score_reason": "The MLLM output misses the connection between the numbers 4 and 8 and their cultural symbolism. The proposed Image 4 (stack of books) is unrelated to the cultural connotations explained in the standard."
}

Judge results for folder Numerical homophones and cultural significance(number, number, mutual elements, East Asia, English), judge_id 3 updated.
Folder: Symbolic Associations of Number(number, number, relation, Non-English European, English)
JudgeID: 0
{
    "score_4o": "1",
    "score_reason": "The MLLM description diverges significantly from the standard reasoning involving numerical symbolism related to weddings and the Last Supper. The suggested 'interconnected gears' lacks a logical connection to the provided answer."
}

Judge results for folder Symbolic Associations of Number(number, number, relation, Non-English European, English), judge_id 0 updated.
Folder: Symbolic Associations of Number(number, number, relation, Non-English European, English)
JudgeID: 1
{
    "score_4o": "2",
    "score_reason": "The MLLM identifies symbolism but misaligns with the standard's expected imagery. The explanation does not capture the symbolic number role emphasized in the standard answer."
}

Judge results for folder Symbolic Associations of Number(number, number, relation, Non-English European, English), judge_id 1 updated.
Folder: Symbolic Associations of Number(number, number, relation, Non-English European, English)
JudgeID: 2
{
    "score_4o": "1",
    "score_reason": "The MLLM suggests a celebration theme without addressing symbolic number associations like the number three and the Holy Trinity. Lacks alignment to the standard's deeper symbolic context."
}

Judge results for folder Symbolic Associations of Number(number, number, relation, Non-English European, English), judge_id 2 updated.
Folder: Symbolic Associations of Number(number, number, relation, Non-English European, English)
JudgeID: 3
{
    "score_4o": "2",
    "score_reason": "The MLLM correctly interprets the use of symbolism but misses the specific element of symbolic associations involving the number three and weddings, as indicated in the standard answer."
}

Judge results for folder Symbolic Associations of Number(number, number, relation, Non-English European, English), judge_id 3 updated.
Folder: An apple a day keeps the doctor away(number, ability, metaphor, USAEnglish, English)
JudgeID: 0
{
    "score_4o": "0",
    "score_reason": "The MLLM focuses on sequential patterns rather than the intended health-related theme. The proposed series of books misses the concept of 'an apple a day' and its associated symbolism."
}

Judge results for folder An apple a day keeps the doctor away(number, ability, metaphor, USAEnglish, English), judge_id 0 updated.
Folder: An apple a day keeps the doctor away(number, ability, metaphor, USAEnglish, English)
JudgeID: 1
{
    "score_4o": "1",
    "score_reason": "The MLLM's interpretation of linear sequencing diverges from 'an apple a day' related to health. The explanation lacks a cultural understanding of health routines emphasized in the standard answer."
}

Judge results for folder An apple a day keeps the doctor away(number, ability, metaphor, USAEnglish, English), judge_id 1 updated.
Folder: An apple a day keeps the doctor away(number, ability, metaphor, USAEnglish, English)
JudgeID: 2
{
    "score_4o": "1",
    "score_reason": "The MLLM explanation for Image 4 (books) diverges from the health and wellness focus of the standard, missing the connection to the 'an apple a day' theme."
}

Judge results for folder An apple a day keeps the doctor away(number, ability, metaphor, USAEnglish, English), judge_id 2 updated.
Folder: An apple a day keeps the doctor away(number, ability, metaphor, USAEnglish, English)
JudgeID: 3
{
    "score_4o": "0",
    "score_reason": "Image 4's description fails to maintain the health and wellness relation central to the standard answer. The MLLM output's link to a fitness tracker lacks the expected continuity."
}

Judge results for folder An apple a day keeps the doctor away(number, ability, metaphor, USAEnglish, English), judge_id 3 updated.
Folder: Gradual Sophistication(number, food, metaphor, NA, English)
JudgeID: 0
{
    "score_4o": "1",
    "score_reason": "The output focuses on numerical themes but does not grasp the concept of gradual sophistication linked with food and math sophistication in the standard answer."
}

Judge results for folder Gradual Sophistication(number, food, metaphor, NA, English), judge_id 0 updated.
Folder: Gradual Sophistication(number, food, metaphor, NA, English)
JudgeID: 1
{
    "score_4o": "1",
    "score_reason": "The MLLM focuses on abstract mathematical geometry, diverging from the standard's gradual sophistication relationship described with ingredients and numbers."
}

Judge results for folder Gradual Sophistication(number, food, metaphor, NA, English), judge_id 1 updated.
Folder: Gradual Sophistication(number, food, metaphor, NA, English)
JudgeID: 2
{
    "score_4o": "1",
    "score_reason": "The numerical representation theme in MLLM's output lacks alignment with the step-up from simplicity to sophistication detailed in the standard answer."
}

Judge results for folder Gradual Sophistication(number, food, metaphor, NA, English), judge_id 2 updated.
Folder: Gradual Sophistication(number, food, metaphor, NA, English)
JudgeID: 3
{
    "score_4o": "1",
    "score_reason": "The MLLM focuses on food and technology progression but misses the gradual sophistication relationship described through single ingredients and complex dishes."
}

Judge results for folder Gradual Sophistication(number, food, metaphor, NA, English), judge_id 3 updated.
Folder: সহজ থেকে কমপ্লেক্সিটি(number, STEM, metaphor, NA, Bengali)
JudgeID: 0
{
    "score_4o": "0",
    "score_reason": "The MLLM explanation lacks relevance to the theme of gradual sophistication in scientific contexts shown in the standard, focusing instead on basic data representation."
}

Judge results for folder সহজ থেকে কমপ্লেক্সিটি(number, STEM, metaphor, NA, Bengali), judge_id 0 updated.
Folder: সহজ থেকে কমপ্লেক্সিটি(number, STEM, metaphor, NA, Bengali)
JudgeID: 1
{
    "score_4o": "1",
    "score_reason": "Scientific representation is the theme but misses the gradual complexity explored in the standard's link between scientific diagrams and complex images."
}

Judge results for folder সহজ থেকে কমপ্লেক্সিটি(number, STEM, metaphor, NA, Bengali), judge_id 1 updated.
Folder: সহজ থেকে কমপ্লেক্সিটি(number, STEM, metaphor, NA, Bengali)
JudgeID: 2
{
    "score_4o": "0",
    "score_reason": "Scientific diagrams explanation diverges considerably from the gradual sophistication in the complexity as illustrated in the standard answer's reasoning."
}

Judge results for folder সহজ থেকে কমপ্লেক্সিটি(number, STEM, metaphor, NA, Bengali), judge_id 2 updated.
Folder: সহজ থেকে কমপ্লেক্সিটি(number, STEM, metaphor, NA, Bengali)
JudgeID: 3
{
    "score_4o": "1",
    "score_reason": "The physical science theme is identified, but the gradual complexity connection is not made. Output lacks the intended link to basic and complex structures in science."
}

Judge results for folder সহজ থেকে কমপ্লেক্সিটি(number, STEM, metaphor, NA, Bengali), judge_id 3 updated.
Judge results for batch 2 saved.
Folder: From Singularity to Diversity(number, STEM, metaphor, NA, English)
JudgeID: 0
{
    "score_4o": "3",
    "score_reason": "The MLLM response accurately captures the theme of diversity, linking image growth and diversity, but misses the key concept, which is transitioning from singularity to diversity which was in the standard answer."
}

Judge results for folder From Singularity to Diversity(number, STEM, metaphor, NA, English), judge_id 0 updated.
Folder: From Singularity to Diversity(number, STEM, metaphor, NA, English)
JudgeID: 1
{
    "score_4o": "2",
    "score_reason": "Although it partially recognizes diversity, it makes a concrete connection between the images, failing to effectively draw on the singularity to diversity concept. It has a loose connection between the images and only partially related to the standard answer's transition logic."
}

Judge results for folder From Singularity to Diversity(number, STEM, metaphor, NA, English), judge_id 1 updated.
Folder: From Singularity to Diversity(number, STEM, metaphor, NA, English)
JudgeID: 2
{
    "score_4o": "2",
    "score_reason": "The MLLM focuses on progression rather than adhering to the singularity to diversity relation presented in the standard answer. While it captures some progression aspects, it deviates from the core reasoning of moving from a single entity to a diverse one."
}

Judge results for folder From Singularity to Diversity(number, STEM, metaphor, NA, English), judge_id 2 updated.
Folder: From Singularity to Diversity(number, STEM, metaphor, NA, English)
JudgeID: 3
{
    "score_4o": "2",
    "score_reason": "The concept of growth is addressed clearly, yet the relationship doesn't follow the singularity to diversity relation from the standard answer. Instead, it focuses on growth and life cycle, straying from the intended singularity to a diverse dataset concept."
}

Judge results for folder From Singularity to Diversity(number, STEM, metaphor, NA, English), judge_id 3 updated.
Folder: Intellectual Games(number, cartoon or game, metaphor, Non-English European, English)
JudgeID: 0
{
    "score_4o": "2",
    "score_reason": "While solving problems aligns with the idea of creation, and the progression is moderately captured, it diverges from the suggested intellectual games relation. Image 4 being a blank canvas echoes creation but misses the intellectual aspect."
}

Judge results for folder Intellectual Games(number, cartoon or game, metaphor, Non-English European, English), judge_id 0 updated.
Folder: Intellectual Games(number, cartoon or game, metaphor, Non-English European, English)
JudgeID: 1
{
    "score_4o": "2",
    "score_reason": "While it somewhat captures a broad human creativity aspect, it lacks the specific reference to intellectual games suggested by the standard answer. The MLLM interpretation skews more toward activity representation, missing the specific intellectual game relation."
}

Judge results for folder Intellectual Games(number, cartoon or game, metaphor, Non-English European, English), judge_id 1 updated.
Folder: Intellectual Games(number, cartoon or game, metaphor, Non-English European, English)
JudgeID: 2
{
    "score_4o": "2",
    "score_reason": "The interpretation primarily centers around solutions and progress, which differs from the standard's emphasis on intellectual games. The progression narrative is somewhat aligned, but not within the context given by the standard."
}

Judge results for folder Intellectual Games(number, cartoon or game, metaphor, Non-English European, English), judge_id 2 updated.
Folder: Intellectual Games(number, cartoon or game, metaphor, Non-English European, English)
JudgeID: 3
{
    "score_4o": "1",
    "score_reason": "The MLLM’s interpretation attempts to connect problem-solving and learning tools yet fails to align with intellectual games. It inaccurately maps the pairs and suggests some connections but with inadequate reasoning."
}

Judge results for folder Intellectual Games(number, cartoon or game, metaphor, Non-English European, English), judge_id 3 updated.
Folder: LongevitySymbol(number, culture, metaphor, East Asia, English)
JudgeID: 0
{
    "score_4o": "2",
    "score_reason": "The interpretation captures teamwork broadly but neglects the longevity symbol focus found in the standard answer. It connects teamwork and collaboration without deeper cultural symbolism as shown in the standard answer."
}

Judge results for folder LongevitySymbol(number, culture, metaphor, East Asia, English), judge_id 0 updated.
Folder: LongevitySymbol(number, culture, metaphor, East Asia, English)
JudgeID: 1
{
    "score_4o": "2",
    "score_reason": "The MLLM emphasizes heritage and culture but misses the deeper symbolism of longevity understood in the standard answer. It illustrates lifestyle evolution rather than highlighting endurance like longevity noodles."
}

Judge results for folder LongevitySymbol(number, culture, metaphor, East Asia, English), judge_id 1 updated.
Folder: LongevitySymbol(number, culture, metaphor, East Asia, English)
JudgeID: 2
{
    "score_4o": "2",
    "score_reason": "The MLLM recognizes social interaction in professional and scientific settings but diverges from longevity symbolism the standard answer emphasizes. It misfocuses on gatherings, missing the cultural endurance symbolism."
}

Judge results for folder LongevitySymbol(number, culture, metaphor, East Asia, English), judge_id 2 updated.
Folder: LongevitySymbol(number, culture, metaphor, East Asia, English)
JudgeID: 3
{
    "score_4o": "2",
    "score_reason": "While the community aspect is noticed, it doesn't parallel with the deeper cultural symbolism and singularity to diversity transition described in the standard answer, offering instead a more surface-level interpretation."
}

Judge results for folder LongevitySymbol(number, culture, metaphor, East Asia, English), judge_id 3 updated.
Folder: Cycle(number, STEM, mutual elements, NA, English)
JudgeID: 0
{
    "score_4o": "2",
    "score_reason": "The MLLM focuses on intersections and perspective but deviates from the cyclic nature illustrated in the standard. The concept wasn't captured thoroughly, as it incorrectly grounded in its own rationale, lacking cyclic consistency seen in the standard reasoning."
}

Judge results for folder Cycle(number, STEM, mutual elements, NA, English), judge_id 0 updated.
Folder: Cycle(number, STEM, mutual elements, NA, English)
JudgeID: 1
{
    "score_4o": "2",
    "score_reason": "Though cyclic patterns were discussed, the MLLM incorrectly aligns with lunar cycles instead of abstract objects like the Penrose triangle. The concept's focus diverges substantially from typical cyclic introspection of the standard reasoning."
}

Judge results for folder Cycle(number, STEM, mutual elements, NA, English), judge_id 1 updated.
Folder: Cycle(number, STEM, mutual elements, NA, English)
JudgeID: 2
{
    "score_4o": "2",
    "score_reason": "Spatial relationships were discussed but didn't adhere to the cycle nature reaffirmed by the standard's inclusion of abstract cycles in music and astrology. The explanation veers off, not well aligned with cyclical implications similar to the standard's perspective."
}

Judge results for folder Cycle(number, STEM, mutual elements, NA, English), judge_id 2 updated.
Folder: Cycle(number, STEM, mutual elements, NA, English)
JudgeID: 3
{
    "score_4o": "3",
    "score_reason": "The MLLM touches on optical illusion, mildly aligning with cyclical concepts from the standard answer. While it presents valuable deductions regarding perception, it partially relates to the cyclical nature in music noted in the standard."
}

Judge results for folder Cycle(number, STEM, mutual elements, NA, English), judge_id 3 updated.
Folder: Transformation(animal, STEM, relation, NA, English)
JudgeID: 0
{
    "score_4o": "2",
    "score_reason": "Illustration of evolutionary processes was recognized, yet deviation occurs regarding the deeper transformation discourse found in quantum processes within the standard. The MLLM aligns overall but misses deeper transformation analogies highlighted in standard reasoning."
}

Judge results for folder Transformation(animal, STEM, relation, NA, English), judge_id 0 updated.
Folder: Transformation(animal, STEM, relation, NA, English)
JudgeID: 1
{
    "score_4o": "2",
    "score_reason": "The life cycle concept touches upon organic growth, but it doesn't dive into the transformation focus highlighted by the standard. The link between turning phases and emergent states falls short, failing to align with the depth of standard transformations."
}

Judge results for folder Transformation(animal, STEM, relation, NA, English), judge_id 1 updated.
Folder: Transformation(animal, STEM, relation, NA, English)
JudgeID: 2
{
    "score_4o": "2",
    "score_reason": "Quantum phenomena and transformation through photosynthesis are touched upon but varied from the rich transformative sequences of the standard. The MLLM's inclusion wasn't extensive, lacking in holistic transformation evident in standard reasoning."
}

Judge results for folder Transformation(animal, STEM, relation, NA, English), judge_id 2 updated.
Folder: Transformation(animal, STEM, relation, NA, English)
JudgeID: 3
{
    "score_4o": "2",
    "score_reason": "Though photosynthesis was recognized, nature's transformation is looped into transformed states less effectively compared to the standard's formative transition. The MLLM misses the detailed vibrancy seen in standard transformation ideas."
}

Judge results for folder Transformation(animal, STEM, relation, NA, English), judge_id 3 updated.
Judge results for batch 3 saved.
Folder: Entropy Increase(animal, STEM, relation, NA, English)
JudgeID: 0
{
    "score_4o": "2",
    "score_reason": "The MLLM correctly identified elements of structure in biological processes but missed the focus on entropy and disorder as the main relation. The suggested Image 4 fits a different thematic, thus not aligning with the standard answer's entropy theme."
}

Judge results for folder Entropy Increase(animal, STEM, relation, NA, English), judge_id 0 updated.
Folder: Entropy Increase(animal, STEM, relation, NA, English)
JudgeID: 1
{
    "score_4o": "2",
    "score_reason": "The MLLM identified a relationship between biology and physics but failed to connect to the specific theme of entropy increase. The provided Image 4 didn't clearly represent the ordered arrangement in crystals as the standard answer indicated."
}

Judge results for folder Entropy Increase(animal, STEM, relation, NA, English), judge_id 1 updated.
Folder: Entropy Increase(animal, STEM, relation, NA, English)
JudgeID: 2
{
    "score_4o": "2",
    "score_reason": "The MLLM discussed structure and function but didn't align with the entropy increase theme in the standard answer. The description of Image 4 lacked the necessary focus on disorder, as represented by ants dispersed in the standard reasoning."
}

Judge results for folder Entropy Increase(animal, STEM, relation, NA, English), judge_id 2 updated.
Folder: Entropy Increase(animal, STEM, relation, NA, English)
JudgeID: 3
{
    "score_4o": "2",
    "score_reason": "The MLLM focused on disorder and structure but did not adhere to the focus on organized ant colonies and crystal lattices leading to the entropy concept. The Image 4 suggestion diverges from the standard's entropy representation of an ant colony building."
}

Judge results for folder Entropy Increase(animal, STEM, relation, NA, English), judge_id 3 updated.
Folder: Topological Transformation.(animal, STEM, relation, NA, English)
JudgeID: 0
{
    "score_4o": "1",
    "score_reason": "The MLLM discussed transformation but did not relate to the topological transformation theme of the standard answer. The explanation lacked clarity in mirroring the transformation from complex to simpler forms identified in the standard answer."
}

Judge results for folder Topological Transformation.(animal, STEM, relation, NA, English), judge_id 0 updated.
Folder: Topological Transformation.(animal, STEM, relation, NA, English)
JudgeID: 1
{
    "score_4o": "0",
    "score_reason": "The MLLM focused on coiling, missing the topological transformation concept of the Möbius strip as described in the standard answer. The reasoning diverged significantly from the reasoning paths identified in the standard response."
}

Judge results for folder Topological Transformation.(animal, STEM, relation, NA, English), judge_id 1 updated.
Folder: Topological Transformation.(animal, STEM, relation, NA, English)
JudgeID: 2
{
    "score_4o": "1",
    "score_reason": "The MLLM identified paper cutouts but didn't convey the transformation theme from complex to linear forms such as an uncoiled snake. The reasoning lacked an exploration of the transformation in topological properties highlighted in the standard answer."
}

Judge results for folder Topological Transformation.(animal, STEM, relation, NA, English), judge_id 2 updated.
Folder: Topological Transformation.(animal, STEM, relation, NA, English)
JudgeID: 3
{
    "score_4o": "1",
    "score_reason": "The explanation centered on geometric shapes but didn't align with the transformation theme in the standard answer. The potential connection to broad geometric form transformation didn't match specifically with the topological change focus of the standard."
}

Judge results for folder Topological Transformation.(animal, STEM, relation, NA, English), judge_id 3 updated.
Folder: Symbolic Representation.(animal, animal, relation, NA, English)
JudgeID: 0
{
    "score_4o": "2",
    "score_reason": "The MLLM focused on wisdom and peace, which diverges from the standard answer's emphasis on symbolic representation transitioning from symbol to actual form (like owl to actual wisdom). Image 4 was not clearly tied to real-life symbolism as expected in the standard."
}

Judge results for folder Symbolic Representation.(animal, animal, relation, NA, English), judge_id 0 updated.
Folder: Symbolic Representation.(animal, animal, relation, NA, English)
JudgeID: 1
{
    "score_4o": "2",
    "score_reason": "The MLLM's explanation focused on nature and spirituality, which partially aligns but lacks the symbolic representation emphasis in the standard answer. It did not sufficiently address the real-life embodiment of symbols such as the dove."
}

Judge results for folder Symbolic Representation.(animal, animal, relation, NA, English), judge_id 1 updated.
Folder: Symbolic Representation.(animal, animal, relation, NA, English)
JudgeID: 2
{
    "score_4o": "2",
    "score_reason": "The MLLM correctly identified themes of peace but didn't focus on the symbolic representation's transition to real-life representations, missing an important aspect of the inferential reasoning in the standard answer."
}

Judge results for folder Symbolic Representation.(animal, animal, relation, NA, English), judge_id 2 updated.
Folder: Symbolic Representation.(animal, animal, relation, NA, English)
JudgeID: 3
{
    "score_4o": "2",
    "score_reason": "The MLLM connected nature's wisdom theme but didn't align with the focus on symbolic representation transitioning to real-life forms. It somewhat touched on the link between symbolism and actual symbols, but less directly than the standard."
}

Judge results for folder Symbolic Representation.(animal, animal, relation, NA, English), judge_id 3 updated.
Folder: 猴子捞月(animal, people, metaphor, East Asia, Chinese)
JudgeID: 0
{
    "score_4o": "0",
    "score_reason": "The MLLM completely missed the symbolic significance and cultural reference (猴子捞月) present in the standard answer, opting instead for a more literal interpretation of ambition and aspiration, thus failing to address the core reasonings."
}

Judge results for folder 猴子捞月(animal, people, metaphor, East Asia, Chinese), judge_id 0 updated.
Folder: 猴子捞月(animal, people, metaphor, East Asia, Chinese)
JudgeID: 1
{
    "score_4o": "0",
    "score_reason": "The MLLM focused on contrast, missing the thematic focus on aspirations with folly and unreachable goals illustrated by '猴子捞月' in the standard. The explanation diverged entirely from cultural context and relevant reasoning path."
}

Judge results for folder 猴子捞月(animal, people, metaphor, East Asia, Chinese), judge_id 1 updated.
Folder: 猴子捞月(animal, people, metaphor, East Asia, Chinese)
JudgeID: 2
{
    "score_4o": "1",
    "score_reason": "The MLLM discussed ambition and simplicity, missing the parable-like lesson of '猴子捞月' indicated in the standard. Its depiction of contrasting lifestyles failed to capture the implications of unrealistic endeavors inherent in the standard."
}

Judge results for folder 猴子捞月(animal, people, metaphor, East Asia, Chinese), judge_id 2 updated.
Folder: 猴子捞月(animal, people, metaphor, East Asia, Chinese)
JudgeID: 3
{
    "score_4o": "0",
    "score_reason": "The explanation was off-key, as it focused on themes of isolation rather than the absurdity and unreachable nature characterizing the '猴子捞月' example. Explanation and reasoning paths did not align at all with the core thematic elements."
}

Judge results for folder 猴子捞月(animal, people, metaphor, East Asia, Chinese), judge_id 3 updated.
Folder: 守株待兔(animal, phenomenon, metaphor, East Asia, Chinese)
JudgeID: 0
{
    "score_4o": "0",
    "score_reason": "The MLLM incorrectly focused on technology and work, missing the '守株待兔' implication of waiting idly. This resulted in reasoning paths that held no resemblance to standard reasoning paths regarding futility and reliance on luck."
}

Judge results for folder 守株待兔(animal, phenomenon, metaphor, East Asia, Chinese), judge_id 0 updated.
Folder: 守株待兔(animal, phenomenon, metaphor, East Asia, Chinese)
JudgeID: 1
{
    "score_4o": "0",
    "score_reason": "The provided explanation dwelled on themes of work, failing to tackle the '守株待兔' narrative of idle reliance on external factors. The suggested theme diverged greatly from the graded expectations of inactive behavior."
}

Judge results for folder 守株待兔(animal, phenomenon, metaphor, East Asia, Chinese), judge_id 1 updated.
Folder: 守株待兔(animal, phenomenon, metaphor, East Asia, Chinese)
JudgeID: 2
{
    "score_4o": "0",
    "score_reason": "The generational theme discussed by the MLLM didn't relate to the intended symbolism of futile waiting (守株待兔), missing the critical discussion of waiting passively compared to active engagement."
}

Judge results for folder 守株待兔(animal, phenomenon, metaphor, East Asia, Chinese), judge_id 2 updated.
Folder: 守株待兔(animal, phenomenon, metaphor, East Asia, Chinese)
JudgeID: 3
{
    "score_4o": "0",
    "score_reason": "The composition mistakenly centered on learning as adaptation without touching on the passive futility of unrealistic expectations crucially evident in '守株待兔'. The key symbolic narrative was entirely overlooked."
}

Judge results for folder 守株待兔(animal, phenomenon, metaphor, East Asia, Chinese), judge_id 3 updated.
Judge results for batch 4 saved.
Folder: 龟兔赛跑(animal, stuff, metaphor, East Asia, Chinese)
JudgeID: 0
{
    "score_4o": "2",
    "score_reason": "The MLLM identified a general relation of slow-paced vs. fast-paced. However, it did not correctly align with the specific relation of '龟兔赛跑,' involving a fable comparison of speeds and local contexts. The proposed Image 4 of 'a group of people walking down a crowded sidewalk' lacks the cultural and narrative significance requested by the standard answer."
}

Judge results for folder 龟兔赛跑(animal, stuff, metaphor, East Asia, Chinese), judge_id 0 updated.
Folder: 龟兔赛跑(animal, stuff, metaphor, East Asia, Chinese)
JudgeID: 1
{
    "score_4o": "2",
    "score_reason": "The MLLM recognized a relation involving animals and nature, but missed the culturally significant '龟兔赛跑' theme in contrasting speeds. The MLLM's Image 4 selection of elephants is more aligned with nature and does not relate to the classic fable or involve human contexts as in the standard answer."
}

Judge results for folder 龟兔赛跑(animal, stuff, metaphor, East Asia, Chinese), judge_id 1 updated.
Folder: 龟兔赛跑(animal, stuff, metaphor, East Asia, Chinese)
JudgeID: 2
{
    "score_4o": "2",
    "score_reason": "The MLLM addresses movement but not in line with the cultural story of '龟兔赛跑' and contrasting speeds. The Image 4 concept does not propose a specific contrast in speed or link the fable story, unlike the rabbit proposed by the standard answer."
}

Judge results for folder 龟兔赛跑(animal, stuff, metaphor, East Asia, Chinese), judge_id 2 updated.
Folder: 龟兔赛跑(animal, stuff, metaphor, East Asia, Chinese)
JudgeID: 3
{
    "score_4o": "2",
    "score_reason": "While the MLLM offers a relation between urban and natural settings, it doesn't incorporate the cultural '龟兔赛跑' narrative. The suggestion of more rabbits lacks the speed and competition metaphor embodied in the fable and the choice of a tortoise in the standard answer."
}

Judge results for folder 龟兔赛跑(animal, stuff, metaphor, East Asia, Chinese), judge_id 3 updated.
Folder: Number And Pronunciation(number, culture, metaphor, East Asia, English)
JudgeID: 0
{
    "score_4o": "2",
    "score_reason": "The MLLM understands the theme of love and affection but misses a critical numerological aspect tied to '520' and '1314'. Its Image 4 of a couple sharing a meal does not evoke the specific numeric symbolism offered in the standard answer."
}

Judge results for folder Number And Pronunciation(number, culture, metaphor, East Asia, English), judge_id 0 updated.
Folder: Number And Pronunciation(number, culture, metaphor, East Asia, English)
JudgeID: 1
{
    "score_4o": "2",
    "score_reason": "The MLLM correctly identifies a theme of love and displays various numbers, but misses the precise numerological relation of Chinese numerology, as demonstrated by '520' and '1314'. The chosen Image 4 is not parallel to the standard answer's wedding scene context."
}

Judge results for folder Number And Pronunciation(number, culture, metaphor, East Asia, English), judge_id 1 updated.
Folder: Number And Pronunciation(number, culture, metaphor, East Asia, English)
JudgeID: 2
{
    "score_4o": "2",
    "score_reason": "Though the MLLM explores a general romantic theme, it overlooks the specific symbolic connection with Chinese numbers like '520' for love declarations. The described Image 4 diverges from the expected numerical associations in the standard answer."
}

Judge results for folder Number And Pronunciation(number, culture, metaphor, East Asia, English), judge_id 2 updated.
Folder: Number And Pronunciation(number, culture, metaphor, East Asia, English)
JudgeID: 3
{
    "score_4o": "2",
    "score_reason": "The MLLM's approach to demonstrating love lacks the depth involved with culturally specific numeral meanings like those in '520' and '1314'. The proposal scene as an Image 4 requires alignment with the numerological theme rather than generic love symbolism."
}

Judge results for folder Number And Pronunciation(number, culture, metaphor, East Asia, English), judge_id 3 updated.
Folder: NumericalSystem(location, number, metaphor, Arabic-Islamic, English)
JudgeID: 0
{
    "score_4o": "2",
    "score_reason": "The MLLM describes contrasts between historical and modern architecture but fails to capture the shared numerical system relation. The modern office in Image 4 does not evoke the Roman numeral link required for parallelism with the Roman numerals discussed."
}

Judge results for folder NumericalSystem(location, number, metaphor, Arabic-Islamic, English), judge_id 0 updated.
Folder: NumericalSystem(location, number, metaphor, Arabic-Islamic, English)
JudgeID: 1
{
    "score_4o": "2",
    "score_reason": "Although discussing time and architecture, the response misses the focus on numerical systems central to the standard answer's logic. The depicted modern building does not fit the theme of Arabic numerals or link well to the Roman numerals."
}

Judge results for folder NumericalSystem(location, number, metaphor, Arabic-Islamic, English), judge_id 1 updated.
Folder: NumericalSystem(location, number, metaphor, Arabic-Islamic, English)
JudgeID: 2
{
    "score_4o": "2",
    "score_reason": "The MLLM related historical architecture to modern design but overlooked the vital numeric symbolism, including Roman or Arabic numeral representation, which was necessary to mirror the standard answer."
}

Judge results for folder NumericalSystem(location, number, metaphor, Arabic-Islamic, English), judge_id 2 updated.
Folder: NumericalSystem(location, number, metaphor, Arabic-Islamic, English)
JudgeID: 3
{
    "score_4o": "2",
    "score_reason": "Presenting a time theme, the MLLM does not capture the specific numerological aspect of Roman numerals paired with Arabic numerals, which the standard answer outlines. The bookshelf does not align well with a relevant numeric theme."
}

Judge results for folder NumericalSystem(location, number, metaphor, Arabic-Islamic, English), judge_id 3 updated.
Folder: 狐假虎威(animal, people, metaphor, East Asia, Chinese)
JudgeID: 0
{
    "score_4o": "2",
    "score_reason": "The MLLM describes a contrast between nature and urban settings but misses using the idiom '狐假虎威'. The chosen office setting lacks this symbolic play on relationships of power and authority referenced by the fox and tiger link."
}

Judge results for folder 狐假虎威(animal, people, metaphor, East Asia, Chinese), judge_id 0 updated.
Folder: 狐假虎威(animal, people, metaphor, East Asia, Chinese)
JudgeID: 1
{
    "score_4o": "2",
    "score_reason": "The MLLM portrays social and natural interactions but neglects the '狐假虎威' level of representation in its narrative. It does not reflect the power dynamic symbolized in the original symbol of fox and tiger."
}

Judge results for folder 狐假虎威(animal, people, metaphor, East Asia, Chinese), judge_id 1 updated.
Folder: 狐假虎威(animal, people, metaphor, East Asia, Chinese)
JudgeID: 2
{
    "score_4o": "2",
    "score_reason": "The MLLM opts for a broader friendship theme but omits the direct cunning representation depicted by '狐假虎威'. Its casual social setting lacks the narrative weight and playful dynamic of a fox alongside a powerful tiger."
}

Judge results for folder 狐假虎威(animal, people, metaphor, East Asia, Chinese), judge_id 2 updated.
Folder: 狐假虎威(animal, people, metaphor, East Asia, Chinese)
JudgeID: 3
{
    "score_4o": "2",
    "score_reason": "The response uses form vs. casual as a theme but does not adapt the linked idiom '狐假虎威' attributed to fox and tiger interactions. The sitting in a park doesn't implement the nuanced metaphor."
}

Judge results for folder 狐假虎威(animal, people, metaphor, East Asia, Chinese), judge_id 3 updated.
Folder: National animal(animal, location, mutual elements, East Asia, English)
JudgeID: 0
{
    "score_4o": "2",
    "score_reason": "The MLLM addresses general conservation themes well but misses the precise nationality link of pandas and the Great Wall or koalas and the Barrier Reef. Proposed pyramids lack this national identity pairing."
}

Judge results for folder National animal(animal, location, mutual elements, East Asia, English), judge_id 0 updated.
Folder: National animal(animal, location, mutual elements, East Asia, English)
JudgeID: 1
{
    "score_4o": "2",
    "score_reason": "Despite focusing on concepts of preservation, the MLLM does not adhere to associating different national symbols like pandas and koalas. The polar bear reflects conservationist efforts but lacks origin significance."
}

Judge results for folder National animal(animal, location, mutual elements, East Asia, English), judge_id 1 updated.
Folder: National animal(animal, location, mutual elements, East Asia, English)
JudgeID: 2
{
    "score_4o": "2",
    "score_reason": "The chosen Image 4 reflects a landscape, underscoring nature themes, but overlooks stronger national symbol connections offered by pandas or koalas listed in the standard answer."
}

Judge results for folder National animal(animal, location, mutual elements, East Asia, English), judge_id 2 updated.
Folder: National animal(animal, location, mutual elements, East Asia, English)
JudgeID: 3
{
    "score_4o": "2",
    "score_reason": "The response remains broad under features of nature, inadequately binding together national identity representations. The giraffe fails to specify shared geographic/national bonds like those in the Wall or Reef."
}

Judge results for folder National animal(animal, location, mutual elements, East Asia, English), judge_id 3 updated.
Judge results for batch 5 saved.
Folder: 国宝动物(animal, city, mutual elements, Latin American, Chinese)
JudgeID: 0
{
    "score_4o": "2",
    "score_reason": "The MLLM's output focuses on the theme of 'urbanization' and depicts an imagined futuristic cityscape for Image 4. However, this does not align with the standard answer that emphasizes national treasure animals associated with significant locations. The reasoning in the MLLM's response does not effectively relate to the standard's cultural focus."
}

Judge results for folder 国宝动物(animal, city, mutual elements, Latin American, Chinese), judge_id 0 updated.
Folder: 国宝动物(animal, city, mutual elements, Latin American, Chinese)
JudgeID: 1
{
    "score_4o": "2",
    "score_reason": "The MLLM's response emphasizes the blend of nature and urbanization with birds over a cityscape for Image 4. However, it misses the specific cultural and national treasure connection given in the standard answer, which highlights significant locations and animals."
}

Judge results for folder 国宝动物(animal, city, mutual elements, Latin American, Chinese), judge_id 1 updated.
Folder: 国宝动物(animal, city, mutual elements, Latin American, Chinese)
JudgeID: 2
{
    "score_4o": "2",
    "score_reason": "MLLM identifies a relation of historical landmarks, choosing the Eiffel Tower based on architectural significance. This interpretation differs from the standard's focus on the cultural connection between national treasure animals and locations."
}

Judge results for folder 国宝动物(animal, city, mutual elements, Latin American, Chinese), judge_id 2 updated.
Folder: 国宝动物(animal, city, mutual elements, Latin American, Chinese)
JudgeID: 3
{
    "score_4o": "3",
    "score_reason": "The MLLM output correctly identifies a natural theme, but focuses on a polar bear in a cold climate setting. This reflects an understanding of nature's diversity but does not match the specified cultural relation to national treasure animals."
}

Judge results for folder 国宝动物(animal, city, mutual elements, Latin American, Chinese), judge_id 3 updated.
Folder: জাতীয় ধনভান্ডার প্রাণী।(culture, animal, relation, South Asia and South-East Asia, Bengali)
JudgeID: 0
{
    "score_4o": "2",
    "score_reason": "The response identifies cultural tradition and cultural celebration through dance under a full moon. While acknowledging cultural elements, it does not align with the national treasure animal connection specified in the standard."
}

Judge results for folder জাতীয় ধনভান্ডার প্রাণী।(culture, animal, relation, South Asia and South-East Asia, Bengali), judge_id 0 updated.
Folder: জাতীয় ধনভান্ডার প্রাণী।(culture, animal, relation, South Asia and South-East Asia, Bengali)
JudgeID: 1
{
    "score_4o": "2",
    "score_reason": "The focus on 'nature' and various animals in their habitats suggests a loose grasp on conservation but does not align with the standard's emphasis on specific national treasure animals and their corresponding cultural symbols."
}

Judge results for folder জাতীয় ধনভান্ডার প্রাণী।(culture, animal, relation, South Asia and South-East Asia, Bengali), judge_id 1 updated.
Folder: জাতীয় ধনভান্ডার প্রাণী।(culture, animal, relation, South Asia and South-East Asia, Bengali)
JudgeID: 2
{
    "score_4o": "2",
    "score_reason": "MLLM response suggests cultural celebrations with lanterns and a temple, but misses the specific connection to a national treasure animal as defined in the standard answer."
}

Judge results for folder জাতীয় ধনভান্ডার প্রাণী।(culture, animal, relation, South Asia and South-East Asia, Bengali), judge_id 2 updated.
Folder: জাতীয় ধনভান্ডার প্রাণী।(culture, animal, relation, South Asia and South-East Asia, Bengali)
JudgeID: 3
{
    "score_4o": "2",
    "score_reason": "The MLLM describes unity and harmony using various wildlife depictions, but this deviates from the cultural association with a national treasure animal, as emphasized in the standard."
}

Judge results for folder জাতীয় ধনভান্ডার প্রাণী।(culture, animal, relation, South Asia and South-East Asia, Bengali), judge_id 3 updated.
Folder: राष्ट्रीय ट्रेक्सेर जानवर(myth, animal, relation, South Asia and South-East Asia, Hindi)
JudgeID: 0
{
    "score_4o": "0",
    "score_reason": "The MLLM output describes contrasting time periods in cultural contexts inaccurately, missing the national animal connection and introducing a related cultural aspect incorrectly."
}

Judge results for folder राष्ट्रीय ट्रेक्सेर जानवर(myth, animal, relation, South Asia and South-East Asia, Hindi), judge_id 0 updated.
Folder: राष्ट्रीय ट्रेक्सेर जानवर(myth, animal, relation, South Asia and South-East Asia, Hindi)
JudgeID: 1
{
    "score_4o": "1",
    "score_reason": "Although the theme of nature vs. culture is touched upon, it largely ignores the national animal connection, providing incomplete reasoning without strong links to the standard."
}

Judge results for folder राष्ट्रीय ट्रेक्सेर जानवर(myth, animal, relation, South Asia and South-East Asia, Hindi), judge_id 1 updated.
Folder: राष्ट्रीय ट्रेक्सेर जानवर(myth, animal, relation, South Asia and South-East Asia, Hindi)
JudgeID: 2
{
    "score_4o": "1",
    "score_reason": "The explanation leans on vague contrasts where mythical and natural aspects meet. It does not connect these notions to the national treasure animals or cultures specified in the standard."
}

Judge results for folder राष्ट्रीय ट्रेक्सेर जानवर(myth, animal, relation, South Asia and South-East Asia, Hindi), judge_id 2 updated.
Folder: राष्ट्रीय ट्रेक्सेर जानवर(myth, animal, relation, South Asia and South-East Asia, Hindi)
JudgeID: 3
{
    "score_4o": "1",
    "score_reason": "While there is a reference to 'nature', it lacks the correct alignment with the specific national treasure animal as part of cultural heritage, missing critical details provided in the standard."
}

Judge results for folder राष्ट्रीय ट्रेक्सेर जानवर(myth, animal, relation, South Asia and South-East Asia, Hindi), judge_id 3 updated.
Folder: मैंडा अपने तालाब को सूखा नहीं कर सकता(animal, phenomenon, metaphor, South Asia and South-East Asia, Hindi)
JudgeID: 0
{
    "score_4o": "1",
    "score_reason": "The MLLM explanation mistakenly uses themes of nature and human activity without effectively correlating with a culturally meaningful animal significance as outlined in the standard."
}

Judge results for folder मैंडा अपने तालाब को सूखा नहीं कर सकता(animal, phenomenon, metaphor, South Asia and South-East Asia, Hindi), judge_id 0 updated.
Folder: मैंडा अपने तालाब को सूखा नहीं कर सकता(animal, phenomenon, metaphor, South Asia and South-East Asia, Hindi)
JudgeID: 1
{
    "score_4o": "0",
    "score_reason": "The MLLM proposes a theme of nature's serenity without establishing alignment with the culturally significant message of the standard answer. It misses key cultural and conservation themes utterly."
}

Judge results for folder मैंडा अपने तालाब को सूखा नहीं कर सकता(animal, phenomenon, metaphor, South Asia and South-East Asia, Hindi), judge_id 1 updated.
Folder: मैंडा अपने तालाब को सूखा नहीं कर सकता(animal, phenomenon, metaphor, South Asia and South-East Asia, Hindi)
JudgeID: 2
{
    "score_4o": "1",
    "score_reason": "Despite the overarching theme of wildlife interaction, the explanation diverges from the standard's message on conservation and national treasure significance, failing to incorporate its essence."
}

Judge results for folder मैंडा अपने तालाब को सूखा नहीं कर सकता(animal, phenomenon, metaphor, South Asia and South-East Asia, Hindi), judge_id 2 updated.
Folder: मैंडा अपने तालाब को सूखा नहीं कर सकता(animal, phenomenon, metaphor, South Asia and South-East Asia, Hindi)
JudgeID: 3
{
    "score_4o": "0",
    "score_reason": "The resulting narrative around harmony does not address the conservation and national treasure animal connection detailed in the standard answer. The themes are misdirected and unfocused."
}

Judge results for folder मैंडा अपने तालाब को सूखा नहीं कर सकता(animal, phenomenon, metaphor, South Asia and South-East Asia, Hindi), judge_id 3 updated.
Folder: सफेद टिगर(animal, myth, metaphor, East Asia, Hindi)
JudgeID: 0
{
    "score_4o": "0",
    "score_reason": "The MLLM explanation for cultural representation distracts with imprecise geographic vs. cultural symbols. There's a missing connection to the specific geographic and cultural significant animal context."
}

Judge results for folder सफेद टिगर(animal, myth, metaphor, East Asia, Hindi), judge_id 0 updated.
Folder: सफेद टिगर(animal, myth, metaphor, East Asia, Hindi)
JudgeID: 1
{
    "score_4o": "1",
    "score_reason": "The thematic angle used - geography and representation - misses the cultural aspect with specific mythical animals needed. The output inadequately aligns thematic elements of animals and locations."
}

Judge results for folder सफेद टिगर(animal, myth, metaphor, East Asia, Hindi), judge_id 1 updated.
Folder: सफेद टिगर(animal, myth, metaphor, East Asia, Hindi)
JudgeID: 2
{
    "score_4o": "1",
    "score_reason": "The reasoning fails to blend cultural significance with animal symbolism as per the standard, leading to a superficially related theme that lacks necessary geographical and animal context."
}

Judge results for folder सफेद टिगर(animal, myth, metaphor, East Asia, Hindi), judge_id 2 updated.
Folder: सफेद टिगर(animal, myth, metaphor, East Asia, Hindi)
JudgeID: 3
{
    "score_4o": "0",
    "score_reason": "The focus on cultural heritage without the necessary geographic context and animal symbolism indicates a complete misalignment with the standard's theme and reasoning."
}

Judge results for folder सफेद टिगर(animal, myth, metaphor, East Asia, Hindi), judge_id 3 updated.
Judge results for batch 6 saved.
Folder: Biomimicry(animal, STEM, metaphor, NA, English)
JudgeID: 0
{
    "score_4o": "2",
    "score_reason": "The MLLM suggested a fish in an aquarium for Image 4 based on the nighttime theme, which is unrelated to the standard answer of biomimicry. The explanation provided by the MLLM is logical in its context but does not match the required reasoning involving biomimicry for sonar in submarines or streamlined designs in airplanes."
}

Judge results for folder Biomimicry(animal, STEM, metaphor, NA, English), judge_id 0 updated.
Folder: Biomimicry(animal, STEM, metaphor, NA, English)
JudgeID: 1
{
    "score_4o": "2",
    "score_reason": "The MLLM's emphasis on transportation is a different connection compared to biomimicry. It correctly identifies methods of transportation, but does not align with the biomimicry explanation of the standard answer, focusing more on movement rather than the technological inspiration."
}

Judge results for folder Biomimicry(animal, STEM, metaphor, NA, English), judge_id 1 updated.
Folder: Biomimicry(animal, STEM, metaphor, NA, English)
JudgeID: 2
{
    "score_4o": "2",
    "score_reason": "The MLLM focuses on the theme of flight and motion, aligning all images under this narrative, which is different from the standard answer's focus on biomimicry. The explanation doesn't achieve the same technological mimicry reasoning required for a score higher than 2."
}

Judge results for folder Biomimicry(animal, STEM, metaphor, NA, English), judge_id 2 updated.
Folder: Biomimicry(animal, STEM, metaphor, NA, English)
JudgeID: 3
{
    "score_4o": "2",
    "score_reason": "The MLLM's output concentrated on transportation and futuristic themes that do not connect to the biomimicry reasoning in the provided standard. The relation of movement and progress does not achieve the same depth, merely paralleling technological advancement, but not matching the precise rationale required."
}

Judge results for folder Biomimicry(animal, STEM, metaphor, NA, English), judge_id 3 updated.
Folder: बायोनिक्स(animal, STEM, metaphor, NA, Hindi)
JudgeID: 0
{
    "score_4o": "0",
    "score_reason": "The MLLM response contains factual inaccuracies and unrelated explanations. It presents a futuristic cityscape without understanding the biomimicry connection in the standard answer between the whale and wind turbine designs, resulting in a zero score due to disalignment with the standard reasoning."
}

Judge results for folder बायोनिक्स(animal, STEM, metaphor, NA, Hindi), judge_id 0 updated.
Folder: बायोनिक्स(animal, STEM, metaphor, NA, Hindi)
JudgeID: 1
{
    "score_4o": "2",
    "score_reason": "The MLLM correctly identifies a technological link with nature pertaining to energy production, but doesn’t align with the specific biomimicry reasoning between wind turbines/whale tails or dragonflies/drones presented in the standard answer, missing the parallel of bio-inspired designs."
}

Judge results for folder बायोनिक्स(animal, STEM, metaphor, NA, Hindi), judge_id 1 updated.
Folder: बायोनिक्स(animal, STEM, metaphor, NA, Hindi)
JudgeID: 2
{
    "score_4o": "2",
    "score_reason": "Although the MLLM captures the sustainability theme, it misses the specific biomimicry reasoning found in the standard answer. The assessment of renewable energy and natural imagery is applicable, but the lack of connection to technological inspiration from nature results in a partial score."
}

Judge results for folder बायोनिक्स(animal, STEM, metaphor, NA, Hindi), judge_id 2 updated.
Folder: बायोनिक्स(animal, STEM, metaphor, NA, Hindi)
JudgeID: 3
{
    "score_4o": "2",
    "score_reason": "The MLLM suggests a relationship based on technology and nature, which is relevant but too broad compared to the biospecified path required, such as the dragonfly-wind turbine analogy. The explanation lacks the precise biomimetic link needed for alignment with the standard."
}

Judge results for folder बायोनिक्स(animal, STEM, metaphor, NA, Hindi), judge_id 3 updated.
Folder: বায়োনিক(animal, STEM, metaphor, East Asia, Bengali)
JudgeID: 0
{
    "score_4o": "2",
    "score_reason": "While it addresses different movements, it does not align with the biomimicry reasoning of the standard. The MLLM misses the specific technological inspiration from natural models (kingfisher beak design), leading to a different, less precise connection than the expected answer."
}

Judge results for folder বায়োনিক(animal, STEM, metaphor, East Asia, Bengali), judge_id 0 updated.
Folder: বায়োনিক(animal, STEM, metaphor, East Asia, Bengali)
JudgeID: 1
{
    "score_4o": "2",
    "score_reason": "The MLLM focuses on movement and interaction without highlighting biomimicry, diverging from the specific relation paths presented in the standard explanation of technological mimicry."
}

Judge results for folder বায়োনিক(animal, STEM, metaphor, East Asia, Bengali), judge_id 1 updated.
Folder: বায়োনিক(animal, STEM, metaphor, East Asia, Bengali)
JudgeID: 2
{
    "score_4o": "2",
    "score_reason": "The explanation centers around 'movement' and lacks the specifics of biomimicry integral to the correct relation, particularizing the transformative evolutionary design for technology inspired by nature, leading to a disconnect from the biomimetic chain expected in the standard."
}

Judge results for folder বায়োনিক(animal, STEM, metaphor, East Asia, Bengali), judge_id 2 updated.
Folder: বায়োনিক(animal, STEM, metaphor, East Asia, Bengali)
JudgeID: 3
{
    "score_4o": "1",
    "score_reason": "The MLLM shows an attempt at thematic connection but without technical applicability; it misinterprets the relation, suggesting a passive heat signature conception rather than biomechanical influence, indicating an unclear understanding of the particular biomimicry rationale."
}

Judge results for folder বায়োনিক(animal, STEM, metaphor, East Asia, Bengali), judge_id 3 updated.
Folder: 仿生学(animal, STEM, metaphor, NA, Chinese)
JudgeID: 0
{
    "score_4o": "2",
    "score_reason": "The discussion about camouflage doesn't extend to the bionic interpretation the standard answer requires, specifically the path to applied science via animal model simulations. The reasoning remains biological without crossing into technological mimicry as required."
}

Judge results for folder 仿生学(animal, STEM, metaphor, NA, Chinese), judge_id 0 updated.
Folder: 仿生学(animal, STEM, metaphor, NA, Chinese)
JudgeID: 1
{
    "score_4o": "2",
    "score_reason": "The MLLM talks about an evolution theme but fails to link it satisfactorily with the direction of biomimicry which fuels actual practical application in design and technology, as illuminated by the standard rationale."
}

Judge results for folder 仿生学(animal, STEM, metaphor, NA, Chinese), judge_id 1 updated.
Folder: 仿生学(animal, STEM, metaphor, NA, Chinese)
JudgeID: 2
{
    "score_4o": "2",
    "score_reason": "While the MLLM articulates species evolution conceptually, it misses the nuanced step beyond into the realm of concrete biomimicry, differing from the explicit expectations grounded in the standard's biomechanical imitation context."
}

Judge results for folder 仿生学(animal, STEM, metaphor, NA, Chinese), judge_id 2 updated.
Folder: 仿生学(animal, STEM, metaphor, NA, Chinese)
JudgeID: 3
{
    "score_4o": "2",
    "score_reason": "Despite understanding military technological applications broadly, the MLLM does not triangulate back to mimicry, notably failing in deploying the biological soldier-to-robotic soldier nascent narrative indicative of the biomimetic trajectory anticipated by the standard."
}

Judge results for folder 仿生学(animal, STEM, metaphor, NA, Chinese), judge_id 3 updated.
Folder: Biónica(animal, STEM, metaphor, East Asia, Spanish)
JudgeID: 0
{
    "score_4o": "1",
    "score_reason": "The MLLM's observation theme misses key biomimicry points illustrated through design utility, foregoing the underpinning biological architectural integrities critiqued in the standard answer. The hand and flower contrast fails the precision test."
}

Judge results for folder Biónica(animal, STEM, metaphor, East Asia, Spanish), judge_id 0 updated.
Folder: Biónica(animal, STEM, metaphor, East Asia, Spanish)
JudgeID: 1
{
    "score_4o": "1",
    "score_reason": "Opting for 'observation,' the explanation diverges from biomimetic links central to the standard answer, trading the sharp bionic innovation card crucial for relating all images under common design principles spanning nature and technology."
}

Judge results for folder Biónica(animal, STEM, metaphor, East Asia, Spanish), judge_id 1 updated.
Folder: Biónica(animal, STEM, metaphor, East Asia, Spanish)
JudgeID: 2
{
    "score_4o": "2",
    "score_reason": "While touching on environment interaction, it missteps on technological mimetic symphony orchestrated in the standard letter, specifically overlooking biomimicry implications involving complex design utilizations underscored therein."
}

Judge results for folder Biónica(animal, STEM, metaphor, East Asia, Spanish), judge_id 2 updated.
Folder: Biónica(animal, STEM, metaphor, East Asia, Spanish)
JudgeID: 3
{
    "score_4o": "1",
    "score_reason": "The interface lacks the biomimicry logic needed for a coherent narrative along technical lines defined by the standardized answer, veering instead into an observational space without exploring foundational bionic applications expected."
}

Judge results for folder Biónica(animal, STEM, metaphor, East Asia, Spanish), judge_id 3 updated.
Judge results for batch 7 saved.
JSON decoding error for batch 8.
Folder: From initial to success(food, business, metaphor, NA, English)
JudgeID: 0
{
    "score_4o": "2",
    "score_reason": "The MLLM correctly identified a connection between small businesses but failed to capture the journey from initial idea to successful completion. The focus should have been on transitioning business ideas (Image 3) into a concrete, successful plan, as represented by Image 4 in the standard answer."
}

Judge results for folder From initial to success(food, business, metaphor, NA, English), judge_id 0 updated.
Folder: From initial to success(food, business, metaphor, NA, English)
JudgeID: 1
{
    "score_4o": "3",
    "score_reason": "The MLLM related the images through the production-to-consumption sequence, aligning with part of the standard answer's process journey from an idea to a finished product (such as a business plan). However, it addresses the theme more literally, leading to a partial alignment with the reasoning."
}

Judge results for folder From initial to success(food, business, metaphor, NA, English), judge_id 1 updated.
Folder: From initial to success(food, business, metaphor, NA, English)
JudgeID: 2
{
    "score_4o": "1",
    "score_reason": "The MLLM failed to identify the journey from an initial idea to a finished product, as demonstrated in the correct standard answer, and instead offered a vague interpretation of focusing on specific business elements."
}

Judge results for folder From initial to success(food, business, metaphor, NA, English), judge_id 2 updated.
Folder: From initial to success(food, business, metaphor, NA, English)
JudgeID: 3
{
    "score_4o": "2",
    "score_reason": "The MLLM relates images in a community engagement context but lacks the complete progression and missed the 'initial to success' journey implicit in small business development and coffee production."
}

Judge results for folder From initial to success(food, business, metaphor, NA, English), judge_id 3 updated.
Folder: Change with time(food, time, relation, NA, English)
JudgeID: 0
{
    "score_4o": "1",
    "score_reason": "The MLLM focused on sensory elements rather than the change over time demonstrated in transitioning items into forms shown in the standard answers."
}

Judge results for folder Change with time(food, time, relation, NA, English), judge_id 0 updated.
Folder: Change with time(food, time, relation, NA, English)
JudgeID: 1
{
    "score_4o": "2",
    "score_reason": "The MLLM recognized an evolutionary theme but used the digital vs. paper form rather than the change over time seen in both culinary and literary transformations."
}

Judge results for folder Change with time(food, time, relation, NA, English), judge_id 1 updated.
Folder: Change with time(food, time, relation, NA, English)
JudgeID: 2
{
    "score_4o": "2",
    "score_reason": "The MLLM focuses on family values and health, losing the focus on 'change over time' necessary to move from origins to complete items, likened in the standard answer."
}

Judge results for folder Change with time(food, time, relation, NA, English), judge_id 2 updated.
Folder: Change with time(food, time, relation, NA, English)
JudgeID: 3
{
    "score_4o": "2",
    "score_reason": "While the MLLM identifies historical prominence in literature and cuisine, it does not adequately capture the significant transformation or process highlighted in the standard answer."
}

Judge results for folder Change with time(food, time, relation, NA, English), judge_id 3 updated.
Folder: Precise Timing And Conditions(food, sports, metaphor, NA, English)
JudgeID: 0
{
    "score_4o": "2",
    "score_reason": "The MLLM noted the theme of preparation, missing the concept of timing and precision exemplified in the progressions demonstrated in the standard answer."
}

Judge results for folder Precise Timing And Conditions(food, sports, metaphor, NA, English), judge_id 0 updated.
Folder: Precise Timing And Conditions(food, sports, metaphor, NA, English)
JudgeID: 1
{
    "score_4o": "2",
    "score_reason": "The MLLM can identify an overarching concept of preparation but lacks the comprehensiveness of progressing into completion under precise conditions."
}

Judge results for folder Precise Timing And Conditions(food, sports, metaphor, NA, English), judge_id 1 updated.
Folder: Precise Timing And Conditions(food, sports, metaphor, NA, English)
JudgeID: 2
{
    "score_4o": "0",
    "score_reason": "The MLLM produced an entirely different progression concept, failing to align with the precise timing indicated in the standard reasoning."
}

Judge results for folder Precise Timing And Conditions(food, sports, metaphor, NA, English), judge_id 2 updated.
Folder: Precise Timing And Conditions(food, sports, metaphor, NA, English)
JudgeID: 3
{
    "score_4o": "2",
    "score_reason": "The described progression resembles some transformation and development but not aligned with the specific and critical timing condition theme of the original answer."
}

Judge results for folder Precise Timing And Conditions(food, sports, metaphor, NA, English), judge_id 3 updated.
Folder: Artificial Processing(food, sense, relation, NA, English)
JudgeID: 0
{
    "score_4o": "1",
    "score_reason": "The MLLM erroneously interprets the relation as contrasting, leading to disconnects from processing into desirable outcomes like the standard's focus."
}

Judge results for folder Artificial Processing(food, sense, relation, NA, English), judge_id 0 updated.
Folder: Artificial Processing(food, sense, relation, NA, English)
JudgeID: 1
{
    "score_4o": "2",
    "score_reason": "Ingredients gave a proper baseline for its explanation, but it didn’t adjust the specific method of transformation for products from raw elements present in the standard answer."
}

Judge results for folder Artificial Processing(food, sense, relation, NA, English), judge_id 1 updated.
Folder: Artificial Processing(food, sense, relation, NA, English)
JudgeID: 2
{
    "score_4o": "2",
    "score_reason": "The MLLM connected themes of natural bounty effectively but misguidedly appraised process cues from the standard, including when transitioning items artificially."
}

Judge results for folder Artificial Processing(food, sense, relation, NA, English), judge_id 2 updated.
Folder: Artificial Processing(food, sense, relation, NA, English)
JudgeID: 3
{
    "score_4o": "2",
    "score_reason": "The MLLM recognized aromatic elements present in food items and applied that as the transition, missing processing methods depicted in the model explanation."
}

Judge results for folder Artificial Processing(food, sense, relation, NA, English), judge_id 3 updated.
Folder: Cycle of growth and decay(food, phenomenon, relation, NA, English)
JudgeID: 0
{
    "score_4o": "3",
    "score_reason": "The MLLM managed thematic relations to sustainability soundly but missed specific cycle growth and decay related to explicitly along with the transformation details."
}

Judge results for folder Cycle of growth and decay(food, phenomenon, relation, NA, English), judge_id 0 updated.
Folder: Cycle of growth and decay(food, phenomenon, relation, NA, English)
JudgeID: 1
{
    "score_4o": "2",
    "score_reason": "Convinced by the valid inclusion of natural cycles in composting-related images; however, struggling slightly with connecting natural science concepts as cycles of decay."
}

Judge results for folder Cycle of growth and decay(food, phenomenon, relation, NA, English), judge_id 1 updated.
Folder: Cycle of growth and decay(food, phenomenon, relation, NA, English)
JudgeID: 2
{
    "score_4o": "2",
    "score_reason": "MLLM depicts impressive environmental transitions but falls short capturing connection concepts between growth, emerging from deconstructed elements."
}

Judge results for folder Cycle of growth and decay(food, phenomenon, relation, NA, English), judge_id 2 updated.
Folder: Cycle of growth and decay(food, phenomenon, relation, NA, English)
JudgeID: 3
{
    "score_4o": "2",
    "score_reason": "Insightful use of serene environment imagery portraying cycles walks a similar line to the answer, but it missed the direct utility and resolution present."
}

Judge results for folder Cycle of growth and decay(food, phenomenon, relation, NA, English), judge_id 3 updated.
Judge results for batch 9 saved.
Folder: Training and Improving(food, music, relation, NA, English)
JudgeID: 0
{
    "score_4o": "2",
    "score_reason": "The MLLM identifies skill development as a relationship but doesn't align well with the standard's detailed progression of skill to performance. Image 4 as a young girl painting diverges from the standard's more focused on the endpoint of skill development."
}

Judge results for folder Training and Improving(food, music, relation, NA, English), judge_id 0 updated.
Folder: Training and Improving(food, music, relation, NA, English)
JudgeID: 1
{
    "score_4o": "2",
    "score_reason": "The MLLM emphasizes craftsmanship but doesn't capture the process of skill improvement. Image 4 focuses on skill and precision instead of the broader theme of progressing from beginner to expertise, as outlined in the standard."
}

Judge results for folder Training and Improving(food, music, relation, NA, English), judge_id 1 updated.
Folder: Training and Improving(food, music, relation, NA, English)
JudgeID: 2
{
    "score_4o": "2",
    "score_reason": "The MLLM output contrasts performance vs. daily life but deviates from the progression-focused relation in the standard answer. The proposed Image 4 is about a different theme of daily life, not aligning with the training and improvement theme."
}

Judge results for folder Training and Improving(food, music, relation, NA, English), judge_id 2 updated.
Folder: Training and Improving(food, music, relation, NA, English)
JudgeID: 3
{
    "score_4o": "2",
    "score_reason": "The MLLM focuses on talent across fields, but this doesn't match the standard's focus on a progression from novice to master. Image 4 emphasizes art as talent rather than skill development, which diverges from the expected answer."
}

Judge results for folder Training and Improving(food, music, relation, NA, English), judge_id 3 updated.
Folder: Transformation through controlled chaos(food, art, relation, NA, English)
JudgeID: 0
{
    "score_4o": "3",
    "score_reason": "The MLLM correctly notes the contrast theme but misses the transformation idea in the standard. The chaotic element is captured, but the proposed image lacks the structured end state that completes the transformation theme."
}

Judge results for folder Transformation through controlled chaos(food, art, relation, NA, English), judge_id 0 updated.
Folder: Transformation through controlled chaos(food, art, relation, NA, English)
JudgeID: 1
{
    "score_4o": "3",
    "score_reason": "The MLLM discusses artistic arrangement but lacks the transformation focus found in the standard answer. The arrangement is consistent with the theme, yet the specifics of transformation through chaos are not addressed fully."
}

Judge results for folder Transformation through controlled chaos(food, art, relation, NA, English), judge_id 1 updated.
Folder: Transformation through controlled chaos(food, art, relation, NA, English)
JudgeID: 2
{
    "score_4o": "3",
    "score_reason": "MLLM captures the abstract composition idea, but diverges from the transformation through chaos outlined in the standard. The combination of fluidity and structure presents innovation akin to the standard's reasoning."
}

Judge results for folder Transformation through controlled chaos(food, art, relation, NA, English), judge_id 2 updated.
Folder: Transformation through controlled chaos(food, art, relation, NA, English)
JudgeID: 3
{
    "score_4o": "3",
    "score_reason": "The MLLM relates geometric abstraction, which somewhat aligns with transformation through chaos, but it does not fully capture the transformation from disorder to order in cooking as the standard explains."
}

Judge results for folder Transformation through controlled chaos(food, art, relation, NA, English), judge_id 3 updated.
Folder: Opposite scenarios(food, phenomenon, relation, NA, English)
JudgeID: 0
{
    "score_4o": "2",
    "score_reason": "The MLLM discusses various forms of transformation but doesn't align with the standard's theme of contrasting scenarios. The economic and social transformations do not match the striking opposites presented in the standard answer."
}

Judge results for folder Opposite scenarios(food, phenomenon, relation, NA, English), judge_id 0 updated.
Folder: Opposite scenarios(food, phenomenon, relation, NA, English)
JudgeID: 1
{
    "score_4o": "2",
    "score_reason": "The MLLM correctly associated economic aspects but did not contrast opposite scenarios as in the standard. The description of progression through economic hardship diverges from the primary focus on contrasting states."
}

Judge results for folder Opposite scenarios(food, phenomenon, relation, NA, English), judge_id 1 updated.
Folder: Opposite scenarios(food, phenomenon, relation, NA, English)
JudgeID: 2
{
    "score_4o": "3",
    "score_reason": "The MLLM captures economic growth versus depression through historical context but fails to highlight contrasting abundance and scarcity explicitly. The proposed Image 4 lacks clarity but reflects opposite scenarios."
}

Judge results for folder Opposite scenarios(food, phenomenon, relation, NA, English), judge_id 2 updated.
Folder: Opposite scenarios(food, phenomenon, relation, NA, English)
JudgeID: 3
{
    "score_4o": "2",
    "score_reason": "The MLLM describes economic struggle without contrasting it with a prosperous scenario as the standard requires. The proposed Image 4 remains within the same theme without showing the opposite scenario."
}

Judge results for folder Opposite scenarios(food, phenomenon, relation, NA, English), judge_id 3 updated.
Folder: Spherification and culinary innovation(food, STEM, relation, NA, English)
JudgeID: 0
{
    "score_4o": "2",
    "score_reason": "The MLLM relates health with nanotechnology but misses spherification and innovation aspects described in the standard. The focus on therapeutic delivery diverges from the food transformation alluded to within the standard answer."
}

Judge results for folder Spherification and culinary innovation(food, STEM, relation, NA, English), judge_id 0 updated.
Folder: Spherification and culinary innovation(food, STEM, relation, NA, English)
JudgeID: 1
{
    "score_4o": "2",
    "score_reason": "The MLLM connects through nutrition and molecular interactions but diverges from the spherification theme in the standard. The MLLM's proposed interaction doesn't fully correlate with the culinary innovation presented in the standard."
}

Judge results for folder Spherification and culinary innovation(food, STEM, relation, NA, English), judge_id 1 updated.
Folder: Spherification and culinary innovation(food, STEM, relation, NA, English)
JudgeID: 2
{
    "score_4o": "2",
    "score_reason": "The MLLM emphasizes nanotechnology but does not connect to the culinary innovation via spherification discussed in the standard. The detailed nanocarriers lead away from the gastronomic focus proposed by the standard answer."
}

Judge results for folder Spherification and culinary innovation(food, STEM, relation, NA, English), judge_id 2 updated.
Folder: Spherification and culinary innovation(food, STEM, relation, NA, English)
JudgeID: 3
{
    "score_4o": "2",
    "score_reason": "The MLLM focuses on nanotechnology without effectively tying it to spherification and innovation in culinary contexts, deviating from the transformation process highlighted by standard reasoning."
}

Judge results for folder Spherification and culinary innovation(food, STEM, relation, NA, English), judge_id 3 updated.
Folder: Osmosis and preservation technique(food, STEM, metaphor, NA, English)
JudgeID: 0
{
    "score_4o": "2",
    "score_reason": "The MLLM highlights biological diversity but misses the osmosis preservation technique outlined in the standard, not fully connecting fresh cucumbers to preservation beyond different forms of biological diversity."
}

Judge results for folder Osmosis and preservation technique(food, STEM, metaphor, NA, English), judge_id 0 updated.
Folder: Osmosis and preservation technique(food, STEM, metaphor, NA, English)
JudgeID: 1
{
    "score_4o": "2",
    "score_reason": "The MLLM captures transformation but fails to specify the osmosis involved in preserving cucumbers as in the standard. The fermentation aspect, while related, doesn't align with osmosis as a preservation technique."
}

Judge results for folder Osmosis and preservation technique(food, STEM, metaphor, NA, English), judge_id 1 updated.
Folder: Osmosis and preservation technique(food, STEM, metaphor, NA, English)
JudgeID: 2
{
    "score_4o": "2",
    "score_reason": "MLLM connects diverse biological formats but lacks the emphasis on pickles and osmosis for preservation, leading to a misaligned proposal compared to the more precise transformation through osmosis outlined in the standard."
}

Judge results for folder Osmosis and preservation technique(food, STEM, metaphor, NA, English), judge_id 2 updated.
Missing score for key 20 in batch 10.
Judge results for batch 10 saved.
Finish: Judge results all saved to ./judge_qwen-vl-plus-0809.json
Finish: Combined results all saved to ./test_and_judge_qwen-vl-plus-0809.json
