Judge results for folder Kuala Lumpur(invisible, city, mutual elements, NA, English), judgeid 1 updated.
Judge results for folder Kuala Lumpur(invisible, city, mutual elements, NA, English), judgeid 2 updated.
Judge results for folder Kuala Lumpur(invisible, city, mutual elements, NA, English), judgeid 3 updated.
Judge results for folder Kuala Lumpur(invisible, city, mutual elements, NA, English), judgeid 4 updated.
Judge results for folder Kuala Lumpur(invisible, city, mutual elements, NA, English), judgeid 5 updated.
Judge results for folder Kuala Lumpur(invisible, city, mutual elements, NA, English), judgeid 6 updated.
Judge results for folder Kuala Lumpur(invisible, city, mutual elements, NA, English), judgeid 7 updated.
Judge results for folder Santorini(visible, city, mutual elements, NA, English), judgeid 1 updated.
Judge results for folder Newton's Laws of Motion(invisible, STEM, mutual elements, NA, English), judgeid 1 updated.
Judge results for folder Newton's Laws of Motion(invisible, STEM, mutual elements, NA, English), judgeid 2 updated.
Judge results for folder Newton's Laws of Motion(invisible, STEM, mutual elements, NA, English), judgeid 3 updated.
Judge results for folder Newton's Laws of Motion(invisible, STEM, mutual elements, NA, English), judgeid 4 updated.
Judge results for folder Newton's Laws of Motion(invisible, STEM, mutual elements, NA, English), judgeid 5 updated.
Judge results for folder Newton's Laws of Motion(invisible, STEM, mutual elements, NA, English), judgeid 6 updated.
Judge results for folder Newton's Laws of Motion(invisible, STEM, mutual elements, NA, English), judgeid 7 updated.
Judge results for folder Newton's Laws of Motion(invisible, STEM, mutual elements, NA, English), judgeid 8 updated.
Judge results for folder Electronics(invisible, STEM, relation, NA, English), judgeid 1 updated.
Judge results for folder Electronics(invisible, STEM, relation, NA, English), judgeid 2 updated.
Judge results for folder Electronics(invisible, STEM, relation, NA, English), judgeid 3 updated.
Judge results for folder Electronics(invisible, STEM, relation, NA, English), judgeid 4 updated.
Judge results for folder Electronics(invisible, STEM, relation, NA, English), judgeid 5 updated.
Judge results for folder Electronics(invisible, STEM, relation, NA, English), judgeid 6 updated.
Judge results for folder Electronics(invisible, STEM, relation, NA, English), judgeid 7 updated.
Judge results for folder Electronics(invisible, STEM, relation, NA, English), judgeid 8 updated.
Judge results for folder Geology(invisible, STEM, relation, NA, English), judgeid 1 updated.
Judge results for folder Geology(invisible, STEM, relation, NA, English), judgeid 2 updated.
Judge results for folder Geology(invisible, STEM, relation, NA, English), judgeid 3 updated.
Judge results for folder Geology(invisible, STEM, relation, NA, English), judgeid 4 updated.
Judge results for folder Geology(invisible, STEM, relation, NA, English), judgeid 5 updated.
Judge results for folder Geology(invisible, STEM, relation, NA, English), judgeid 6 updated.
Judge results for folder Geology(invisible, STEM, relation, NA, English), judgeid 7 updated.
Judge results for folder Geology(invisible, STEM, relation, NA, English), judgeid 8 updated.
Judge results for folder Geology(invisible, STEM, relation, NA, English), judgeid 9 updated.
Judge results for folder Geology(invisible, STEM, relation, NA, English), judgeid 10 updated.
Judge results for folder Geology(invisible, STEM, relation, NA, English), judgeid 11 updated.
Judge results for folder Montreal(invisible, city, mutual elements, NA, English), judgeid 1 updated.
Judge results for folder Montreal(invisible, city, mutual elements, NA, English), judgeid 2 updated.
Judge results for folder Montreal(invisible, city, mutual elements, NA, English), judgeid 3 updated.
Failed to parse JSON response.
Failed to parse JSON response.
Judge results for folder A lume di naso(invisible, sense, mutual elements, Non-English European, Italian), judgeid 1 updated.
Judge results for folder A lume di naso(invisible, sense, mutual elements, Non-English European, Italian), judgeid 2 updated.
Judge results for folder A lume di naso(invisible, sense, mutual elements, Non-English European, Italian), judgeid 3 updated.
Judge results for folder A lume di naso(invisible, sense, mutual elements, Non-English European, Italian), judgeid 4 updated.
Judge results for folder A lume di naso(invisible, sense, mutual elements, Non-English European, Italian), judgeid 5 updated.
Judge results for folder Ho visto del vino e ho bevuto(invisible, country, metaphor, Non-English European, Italian), judgeid 1 updated.
Judge results for folder Ho visto del vino e ho bevuto(invisible, country, metaphor, Non-English European, Italian), judgeid 2 updated.
Judge results for folder Ho visto del vino e ho bevuto(invisible, country, metaphor, Non-English European, Italian), judgeid 3 updated.
Judge results for folder Ho visto del vino e ho bevuto(invisible, country, metaphor, Non-English European, Italian), judgeid 4 updated.
Judge results for folder Ho visto del vino e ho bevuto(invisible, country, metaphor, Non-English European, Italian), judgeid 5 updated.
Judge results for folder Sole(invisible, country, relation, Non-English European, Italian), judgeid 1 updated.
Judge results for folder Sole(invisible, country, relation, Non-English European, Italian), judgeid 2 updated.
Judge results for folder Sole(invisible, country, relation, Non-English European, Italian), judgeid 3 updated.
Judge results for folder Sole(invisible, country, relation, Non-English European, Italian), judgeid 4 updated.
Judge results for folder Sole(invisible, country, relation, Non-English European, Italian), judgeid 5 updated.
Finish: Judge results all saved to ./moonshotai/Kimi-VL-A3B-Instruct_multi_judge.json
Finish: Combined results all saved to ./moonshotai/Kimi-VL-A3B-Instruct_multi_test_and_judge.json
