Folder: 십 년이면 강산이 변한다(invisible, time, mutual elements, East Asia, Korean)
{
    "score_4o": "1",
    "score_reason": "The MLLM's output lacks informative details about the relation or explanation because placeholders like '[image concept]' and '[one keyword, phrase or sentence]' are used. Without specific content, it essentially expresses uncertainty, akin to 'I don't know.' This leads to a score of 1 as the response fails to provide any meaningful analysis or connections based on the standard answer."
}

Judge results for folder 십 년이면 강산이 변한다(invisible, time, mutual elements, East Asia, Korean) updated.
Folder: 돌도 굴러가면 박힌다(invisible, time, mutual elements, East Asia, Korean)
{
    "score_4o": "2",
    "score_reason": "The MLLM's output and the standard answer share a similar underlying theme of growth and progression, tied to the broader concept of perseverance. However, the MLLM's explanation is too broad and somewhat metaphorical compared to the more specific cultural idiom ('돌도 굴러가면 박힌다') and concept ('Perseverance') referenced in the standard answer. While both explanations focus on achieving goals through persistence, the MLLM lacks the precise cultural idea presented in the standard answer."
}

Judge results for folder 돌도 굴러가면 박힌다(invisible, time, mutual elements, East Asia, Korean) updated.
Folder: 서두르면 탈 난다(invisible, time, mutual elements, East Asia, Korean)
{
    "score_4o": "1",
    "score_reason": "The MLLM output does not provide any details or relevant descriptions regarding the specific images or their relationship to 'Haste' as described in the standard answer. Without more information, it remains uncertain about what connection, if any, it intends to imply."
}

Judge results for folder 서두르면 탈 난다(invisible, time, mutual elements, East Asia, Korean) updated.
Folder: 시간은 금이다(invisible, time, metaphor, East Asia, Korean)
{
    "score_4o": "3",
    "score_reason": "The MLLM's output accurately captures the connection between time and money, symbolized by the hourglass and coins, and emphasizes their value and need for effective management. However, it doesn't explicitly mention the phrase 'Time is Money' as in the standard answer. Although the explanation aligns with the concept of valuing both time and money, the lack of precise phrasing results in a score of 3."
}

Judge results for folder 시간은 금이다(invisible, time, metaphor, East Asia, Korean) updated.
Folder: 시간이 지나면 알게 된다(invisible, time, mutual elements, East Asia, Korean)
{
    "score_4o": "2",
    "score_reason": "The MLLM's output identifies a theme of 'Reflection,' focusing on literal and metaphorical aspects, which is too broad and doesn't connect to the specific concept of 'Wisdom with Age' as outlined in the standard answer. It lacks the deeper explanation related to the passage of time and gaining wisdom through experience, which is key to the standard reasoning."
}

Judge results for folder 시간이 지나면 알게 된다(invisible, time, mutual elements, East Asia, Korean) updated.
Folder: 歳月人を待たず(invisible, time, mutual elements, East Asia, Japanese)
{
    "score_4o": "1",
    "score_reason": "The MLLM's output provides placeholders and does not offer a concrete response or explanation to be evaluated. Therefore, it must be regarded as 'unknown connection,' akin to expressing uncertainty or lack of information."
}

Judge results for folder 歳月人を待たず(invisible, time, mutual elements, East Asia, Japanese) updated.
Folder: 三日坊主(invisible, time, mutual elements, East Asia, Japanese)
{
    "score_4o": "2",
    "score_reason": "The MLLM's output interprets the images' relation as 'a contrast between planning and indulgence,' which is too broad and does not capture the specific concept of '三日坊主' as described in the standard answer. However, it does touch upon the themes of routine and momentary indulgence, which can abstractly relate to the fleeting nature of commitment in '三日坊主.'"
}

Judge results for folder 三日坊主(invisible, time, mutual elements, East Asia, Japanese) updated.
Folder: 一期一会(invisible, time, mutual elements, East Asia, Japanese)
{
    "score_4o": "3",
    "score_reason": "The MLLM's response of 'Tranquility' as the relation captures part of the essence of the standard answer, focusing on peace and serenity. While it does not specifically mention '一期一会' ('Once in a Lifetime'), it does touch on themes such as mindfulness and the fleeting beauty of cherry blossoms, which are relevant to the standard answer's focus on treasuring unique moments."
}

Judge results for folder 一期一会(invisible, time, mutual elements, East Asia, Japanese) updated.
Folder: 구슬이 서 말이라도 꿰어야 보배다(invisible, business, relation, East Asia, Korean)
{
    "score_4o": "2",
    "score_reason": "The MLLM's output describes the relationship between the images as 'Craft materials,' which is relevant but does not precisely capture the essence of the standard answer '구슬이 서 말이라도 꿰어야 보배다.' The explanation focuses on the utilitarian use of the objects but lacks the symbolic and deeper meaning conveyed in the standard answer's explanation and reasoning. As a result, the response is too broad without fully addressing the proverb's notion of transforming potential into value."
}

Judge results for folder 구슬이 서 말이라도 꿰어야 보배다(invisible, business, relation, East Asia, Korean) updated.
Folder: 윗물이 맑아야 아랫물이 맑다(invisible, business, relation, East Asia, Korean)
{
    "score_4o": "2",
    "score_reason": "The MLLM's response of 'Contrast' and explanation contrasting a forest stream with a shark conveys a theme of contrast and duality not elaborated in the standard answer, which involves the proverb '윗물이 맑아야 아랫물이 맑다.' While both explanations address contrasting concepts, the relationship provided by MLLM is too broad and does not align with the specific environmental metaphor in the standard answer."
}

Judge results for folder 윗물이 맑아야 아랫물이 맑다(invisible, business, relation, East Asia, Korean) updated.
Folder: 등잔 밑이 어둡다(invisible, business, relation, East Asia, Korean)
{
    "score_4o": "2",
    "score_reason": "The MLLM's output focuses on the 'contrast in illumination,' which is broadly related to how light and darkness are juxtaposed, but it does not align with the specific cultural idiom '등잔 밑이 어둡다' (which emphasizes that darkness can exist near light). The explanation misses the nuance and cultural meaning that the standard answer conveys."
}

Judge results for folder 등잔 밑이 어둡다(invisible, business, relation, East Asia, Korean) updated.
Folder: 물에 빠진 사람은 물을 건너라(invisible, business, relation, East Asia, Korean)
{
    "score_4o": "2",
    "score_reason": "The MLLM's output describes the relationship as 'Survival/Adventure,' which is a broad interpretation aligned with activities seen in the images but doesn't directly connect to the specific proverb 'A person who falls into water should cross the water.' It identifies themes of survival and adventure but lacks the specific explanatory connection present in the standard answer."
}

Judge results for folder 물에 빠진 사람은 물을 건너라(invisible, business, relation, East Asia, Korean) updated.
Folder: 縁は大事(invisible, business, mutual elements, East Asia, Japanese)
{
    "score_4o": "2",
    "score_reason": "The MLLM's output describes the relationship as 'Contrast,' focusing on the differing emotional expressions and cultural contexts between the images—love versus tranquility. This interpretation is too broad and misses the specific theme of '縁は大事' or the importance of connections, which is detailed in the standard answer. The explanation lacks any mention of the unifying theme of connections relevant to both images, which is the primary focus in the standard answer."
}

Judge results for folder 縁は大事(invisible, business, mutual elements, East Asia, Japanese) updated.
Folder: Kintsugi(invisible, business, metaphor, East Asia, Japanese)
{
    "score_4o": "3",
    "score_reason": "The MLLM's output connects the images with 'Transformation,' which is roughly aligned with the standard answer 'Kintsugi,' reflecting the process of repairing broken ceramics with gold lacquer. Although the explanation effectively describes the transformation of the vase using gold accents, making it more valuable, it lacks the explicit mention of the concept of 'Kintsugi' and its philosophical weight which involves embracing imperfections."
}

Judge results for folder Kintsugi(invisible, business, metaphor, East Asia, Japanese) updated.
Judge results already found for folder: 십 년이면 강산이 변한다(invisible, time, mutual elements, East Asia, Korean)
Judge results already found for folder: 돌도 굴러가면 박힌다(invisible, time, mutual elements, East Asia, Korean)
Judge results already found for folder: 서두르면 탈 난다(invisible, time, mutual elements, East Asia, Korean)
Judge results already found for folder: 시간은 금이다(invisible, time, metaphor, East Asia, Korean)
Judge results already found for folder: 시간이 지나면 알게 된다(invisible, time, mutual elements, East Asia, Korean)
Judge results already found for folder: 歳月人を待たず(invisible, time, mutual elements, East Asia, Japanese)
Judge results already found for folder: 三日坊主(invisible, time, mutual elements, East Asia, Japanese)
Judge results already found for folder: 一期一会(invisible, time, mutual elements, East Asia, Japanese)
Judge results already found for folder: 구슬이 서 말이라도 꿰어야 보배다(invisible, business, relation, East Asia, Korean)
Judge results already found for folder: 윗물이 맑아야 아랫물이 맑다(invisible, business, relation, East Asia, Korean)
Judge results already found for folder: 등잔 밑이 어둡다(invisible, business, relation, East Asia, Korean)
Judge results already found for folder: 물에 빠진 사람은 물을 건너라(invisible, business, relation, East Asia, Korean)
Judge results already found for folder: 縁は大事(invisible, business, mutual elements, East Asia, Japanese)
Judge results already found for folder: Kintsugi(invisible, business, metaphor, East Asia, Japanese)
Folder: Kaizen(invisible, business, relation, East Asia, Japanese)
{
    "score_4o": "3",
    "score_reason": "The MLLM's output identifies the theme as 'Improvement,' which is related to the standard answer 'Kaizen''s emphasis on continuous improvement. The explanation covers key elements such as the cycle of improvement and the importance of teamwork, but it doesn't specifically mention the concept of 'Kaizen,' which is central to the standard answer."
}

Judge results for folder Kaizen(invisible, business, relation, East Asia, Japanese) updated.
Folder: Kanban(invisible, business, relation, East Asia, Japanese)
{
    "score_4o": "3",
    "score_reason": "The MLLM's output correctly identifies the relationship as 'Workflow Management,' which is closely related to the standard answer 'Kanban,' since Kanban is a methodology for managing workflow. The explanation correctly identifies the Kanban Board but misses the specific mention of 'kanban cards' in the context of manufacturing processes, instead describing it broadly in terms of inventory flow management."
}

Judge results for folder Kanban(invisible, business, relation, East Asia, Japanese) updated.
Folder: Karōshi(invisible, business, relation, East Asia, Japanese)
{
    "score_4o": "2",
    "score_reason": "The MLLM's output does capture a general theme of 'Mortality,' relating to life and death. However, it lacks the relevant contextual facts regarding 'Karōshi,' the specific concept highlighted in the standard answer. It fails to mention the pertinent issue of overwork leading to serious consequences like death by overwork, which is the focal point of Karōshi. Thus, the response is too broad."
}

Judge results for folder Karōshi(invisible, business, relation, East Asia, Japanese) updated.
Folder: Lean Manufacturing(invisible, business, relation, East Asia, Japanese)
{
    "score_4o": "3",
    "score_reason": "The MLLM's output identifies the theme of 'continuous improvement,' which aligns with the concept of Lean Manufacturing but is a bit broader than the exact term 'Lean Manufacturing' used in the standard answer. The explanation correctly recognizes the relevance of Kaizen events to improvement and mentions the importance of efficiency in industrial settings, which are key aspects of Lean Manufacturing, but lacks specific mention of waste minimization or optimization as in the standard answer."
}

Judge results for folder Lean Manufacturing(invisible, business, relation, East Asia, Japanese) updated.
Folder: Muda(invisible, business, relation, East Asia, Japanese)
{
    "score_4o": "1",
    "score_reason": "The MLLM output does not provide any specific relation, explanation, or reasoning. It merely presents empty placeholders for the images, relation, and explanation, resulting in an output that reflects uncertainty or a lack of understanding."
}

Judge results for folder Muda(invisible, business, relation, East Asia, Japanese) updated.
Folder: Nemawashi(invisible, business, relation, East Asia, Japanese)
{
    "score_4o": "3",
    "score_reason": "The MLLM's output captures the general theme of consensus decision-making, which aligns with the idea of 'Nemawashi' as presented in the standard answer. However, it does not specifically mention 'Nemawashi' itself, thus missing the cultural nuance and specific terminology used in the standard explanation."
}

Judge results for folder Nemawashi(invisible, business, relation, East Asia, Japanese) updated.
Folder: Poka-Yoke(invisible, business, relation, East Asia, Japanese)
{
    "score_4o": "1",
    "score_reason": "The MLLM response lacks any specific explanation directly related to 'Poka-Yoke' or lean manufacturing concepts, therefore it concludes with 'unknown connection' or similar expressions indicative of uncertainty."
}

Judge results for folder Poka-Yoke(invisible, business, relation, East Asia, Japanese) updated.
Folder: Seiri(invisible, business, relation, East Asia, Japanese)
{
    "score_4o": "1",
    "score_reason": "The MLLM response does not provide any actual content or context regarding the images or their relation. It merely repeats template placeholders such as 'image concept' and '[one keyword, phrase or sentence]' which indicates uncertainty or lack of information."
}

Judge results for folder Seiri(invisible, business, relation, East Asia, Japanese) updated.
Folder: Seiton(invisible, business, relation, East Asia, Japanese)
{
    "score_4o": "1",
    "score_reason": "The MLLM output is missing entirely. The response structure with placeholders such as '[image concept]' and '[one keyword, phrase or sentence]' suggests an incomplete or non-attempted input. Therefore, it is equivalent to 'I don't know' or expressing uncertainty, deserving a score of 1."
}

Judge results for folder Seiton(invisible, business, relation, East Asia, Japanese) updated.
Folder: Seiso(invisible, business, relation, East Asia, Japanese)
{
    "score_4o": "1",
    "score_reason": "The MLLM output does not provide any specific relation or explanation, and appears incomplete or unattempted. Without any details, it lacks the required clarity to align with or differ from the standard answer."
}

Judge results for folder Seiso(invisible, business, relation, East Asia, Japanese) updated.
Folder: Seiketsu(invisible, business, relation, East Asia, Japanese)
{
    "score_4o": "2",
    "score_reason": "The MLLM's output describes the relation as 'Quality Assurance,' which partially aligns with the theme of maintaining and improving quality found in the standard answer. However, it does not address the specific connection to 'Seiketsu' or the idea of standardization, making the explanation too broad and lacking in relevant details provided in the standard answer."
}

Judge results for folder Seiketsu(invisible, business, relation, East Asia, Japanese) updated.
Folder: Shitsuke(invisible, business, relation, East Asia, Japanese)
{
    "score_4o": "2",
    "score_reason": "The MLLM's output describes the relation as 'Progression,' which is conceptually broad and does not align specifically with the concept of 'Shitsuke' as in the standard answer. While both explanations mention advancement and growth, the MLLM does not connect these themes to the specific practice of sustaining standards in lean manufacturing. The MLLM fails to articulate key aspects of 'Shitsuke,' particularly its role in maintaining standards and ensuring continuous improvement."
}

Judge results for folder Shitsuke(invisible, business, relation, East Asia, Japanese) updated.
Folder: Six Sigma(invisible, business, relation, East Asia, Japanese)
{
    "score_4o": "3",
    "score_reason": "The MLLM output correctly identifies the common theme of 'variation in quality control,' which aligns with the broader idea of process improvement emphasized in Six Sigma. However, it doesn't explicitly mention Six Sigma as the connecting theme, which is a key aspect of the standard answer. The explanation effectively describes concepts related to quality control and statistical analysis, but it lacks specific reference to the Six Sigma methodology, resulting in an incomplete comparison with the standard answer."
}

Judge results for folder Six Sigma(invisible, business, relation, East Asia, Japanese) updated.
Folder: Takt Time(invisible, business, relation, East Asia, Japanese)
{
    "score_4o": "2",
    "score_reason": "The MLLM's output describes the concept as 'Time measurement tools,' which is too broad compared to the specific focus on 'Takt Time' in the standard answer. While the MLLM's explanation touches on concepts related to time measurement and efficiency, it does not specifically address 'Takt Time' or its importance in production processes, as described in the standard answer."
}

Judge results for folder Takt Time(invisible, business, relation, East Asia, Japanese) updated.
Folder: Value Stream Mapping(invisible, business, relation, East Asia, Japanese)
{
    "score_4o": "3",
    "score_reason": "The MLLM's output accurately captures the themes of flow of information/materials and process improvement, which are central to 'Value Stream Mapping' as described in the standard answer. However, it doesn't explicitly mention 'Value Stream Mapping,' making the connection less precise than the standard answer. The explanation aligns with the concept of continuous improvement in supply chain management, reflecting an understanding similar to the intended explanation."
}

Judge results for folder Value Stream Mapping(invisible, business, relation, East Asia, Japanese) updated.
Folder: Yokoten(invisible, business, relation, East Asia, Japanese)
{
    "score_4o": "2",
    "score_reason": "The MLLM's output captures the general theme of 'Progression' through teamwork, innovation, growth, and expansion, which loosely relates to the concept of 'Yokoten,' but it does not specifically mention knowledge sharing or dissemination of best practices, key elements in the standard answer."
}

Judge results for folder Yokoten(invisible, business, relation, East Asia, Japanese) updated.
Folder: Hourglass(invisible, time, mutual elements, NA, English)
{
    "score_4o": "1",
    "score_reason": "The MLLM output is incomplete as it lacks content for the first and second images, as well as the relation and explanation related to the concept of 'Hourglass.' Therefore, it is impossible to compare its reasoning with the standard answer, resulting in a minimal score indicating a lack of relevant response."
}

Judge results for folder Hourglass(invisible, time, mutual elements, NA, English) updated.
Folder: Sunset(invisible, time, metaphor, NA, English)
{
    "score_4o": "3",
    "score_reason": "The MLLM correctly identifies a broad connection of 'Nature' between the palm tree silhouette and the sunset over the ocean. While this captures part of the standard answer's theme regarding natural beauty and tranquility, it lacks the direct application to 'Sunset' as articulated in the standard answer. Furthermore, the explanation does not effectively correlate the palm tree silhouette with the specific context of a sunset."
}

Judge results for folder Sunset(invisible, time, metaphor, NA, English) updated.
Folder: Clock Tower(invisible, time, mutual elements, NA, English)
{
    "score_4o": "1",
    "score_reason": "The MLLM output is too general, incomplete, and seems to be missing essential key facts conveyed in the standard answer. It does not appear to provide appropriate insights or a thorough thematic connection between the images. There's no specific or correct mention of 'Clock Tower', nor is there an explanation that aligns with the standard answer, indicating either uncertainty or lack of meaningful correlation."
}

Judge results for folder Clock Tower(invisible, time, mutual elements, NA, English) updated.
Folder: New Year's Eve Ball Drop(invisible, time, mutual elements, NA, English)
{
    "score_4o": "1",
    "score_reason": "The MLLM output does not reveal any information about the depicted images or their relation to the New Year's Eve Ball Drop as stated in the standard answer. Consequently, it doesn't provide an explanation consistent with the intended theme."
}

Judge results for folder New Year's Eve Ball Drop(invisible, time, mutual elements, NA, English) updated.
Folder: Daylight Saving Time(invisible, time, mutual elements, NA, English)
{
    "score_4o": "2",
    "score_reason": "The MLLM's output identifies the relationship as 'Seasonal Transition,' which broadly aligns with the theme of transition from winter to summer, but it fails to address the specific concept of 'Daylight Saving Time' found in the standard answer. The explanation captures the shift between seasons but lacks the detail about setting clocks ahead and extended daylight, which is central to the standard answer."
}

Judge results for folder Daylight Saving Time(invisible, time, mutual elements, NA, English) updated.
Folder: Eternal Flame(invisible, time, metaphor, NA, English)
{
    "score_4o": "2",
    "score_reason": "The MLLM identifies the concept as a contrast between the eternal and the temporal, which is a broad interpretation compared to the specific theme of 'Eternal Flame' in the standard answer. While it correctly highlights elements of timelessness and permanence, it fails to mention the key symbolic connection relevant to 'Eternal Flame.' Additionally, the MLLM does not point out specific features like the clock having no hands that align with the standard reasoning."
}

Judge results for folder Eternal Flame(invisible, time, metaphor, NA, English) updated.
Folder: Leap Year(invisible, time, mutual elements, NA, English)
{
    "score_4o": "3",
    "score_reason": "The MLLM's response captures the essence of time and celebration but does not fully align with the standard answer. It does mention Leap Day and birthdays in terms of significant time markers, which are components of the standard answer's explanation. However, it lacks the specific details about the rarity of February 29th birthdays and the direct connection to 'Leap Year,' as outlined in the standard answer."
}

Judge results for folder Leap Year(invisible, time, mutual elements, NA, English) updated.
Folder: Sundial(invisible, time, metaphor, NA, English)
{
    "score_4o": "3",
    "score_reason": "The MLLM output correctly identifies the common theme as 'time measurement,' similar to the standard answer's focus on devices representing the measurement and perception of time. However, it elaborates on the concept with historical context rather than focusing on the symbolism of the shadow of the gnomon and hourglass, making it slightly less precise and omitting some of the standard answer's details."
}

Judge results for folder Sundial(invisible, time, metaphor, NA, English) updated.
Folder: Aging Tree Rings(invisible, time, mutual elements, NA, English)
{
    "score_4o": "3",
    "score_reason": "The MLLM's output summarizes the relationship as 'Time,' which is roughly correct but not as specific as 'Aging Tree Rings' from the standard answer. However, the explanation and reasoning align well with the theme of time, highlighting the passage of time symbolized by the tree and the hourglass, similar to how the standard answer relates these concepts to aging."
}

Judge results for folder Aging Tree Rings(invisible, time, mutual elements, NA, English) updated.
Folder: Fossils(invisible, time, relation, NA, English)
{
    "score_4o": "3",
    "score_reason": "The MLLM's response centers on 'Fossil excavation and display,' which aligns with the general theme of 'Fossils' mentioned in the standard answer. It provides an explanation consistent with the paleontological process, mentioning excavation and display. However, it does not highlight the role of geologists or rock layers in the context given by the standard answer, which keeps it from a perfect score."
}

Judge results for folder Fossils(invisible, time, relation, NA, English) updated.
Folder: One Hundred Years of Solitude(invisible, time, metaphor, NA, English)
{
    "score_4o": "3",
    "score_reason": "The MLLM's output identifies 'Time and solitude' as the relation, which is related but not fully aligned with the specific context of 'One Hundred Years of Solitude.' The explanation correctly mentions aspects like isolation and the passage of time, which are key themes in the novel, but it does not specifically connect the images to the novel 'One Hundred Years of Solitude' as the standard answer does."
}

Judge results for folder One Hundred Years of Solitude(invisible, time, metaphor, NA, English) updated.
Folder: Time Travel(invisible, time, relation, NA, English)
{
    "score_4o": "4",
    "score_reason": "The MLLM output effectively connects the two images through the theme of time. It describes the clock as representing the linear passage of time and the spherical object as a time machine suggesting non-linear time travel. This aligns closely with the standard answer's explanation of time travel involving manipulation and the depiction of a time machine as a fictional device. Both explanations focus on the concept of time and its manipulation, capturing the same level of intellectual comprehension."
}

Judge results for folder Time Travel(invisible, time, relation, NA, English) updated.
Folder: Time Travel1(invisible, time, mutual elements, USAEnglish, English)
{
    "score_4o": "4",
    "score_reason": "The MLLM output correctly identifies the relationship as 'Time travel' and provides an explanation that aligns with the standard answer. Although it doesn't explicitly mention 'Back to the Future,' it accurately describes the symbolic representation of time travel through the steam locomotive and DeLorean car, reflecting both the past and future."
}

Judge results for folder Time Travel1(invisible, time, mutual elements, USAEnglish, English) updated.
Folder: Time Loop(invisible, time, relation, NA, English)
{
    "score_4o": "3",
    "score_reason": "The MLLM output provides a relation as 'Time and Infinity,' which captures the general essence of the images but does not specifically identify the concept of a 'Time Loop.' However, it does correctly identify key elements related to the standard answer, such as the juxtaposition of finite and infinite concepts and reflections on the nature of existence, aligning in part with the cyclical and endless repetition themes inherent in the 'Time Loop' explanation."
}

Judge results for folder Time Loop(invisible, time, relation, NA, English) updated.
Folder: Time Management(invisible, time, relation, NA, English)
{
    "score_4o": "3",
    "score_reason": "The MLLM's output summarizes the relationship as 'Multitasking,' which is similar to the standard answer 'Time Management.' The explanation addresses the connection between time and managing multiple tasks, closely aligning with the standard answer. However, it does not directly use the terminology 'efficient use of time' or 'time management,' resulting in a slight deviation."
}

Judge results for folder Time Management(invisible, time, relation, NA, English) updated.
Folder: Time Signature(invisible, time, relation, NA, English)
{
    "score_4o": "2",
    "score_reason": "The MLLM's output identifies a broad theme 'Technology of sound' as the relationship, which doesn't align with the more specific concept of 'Time Signature.' The explanation provided ties the music notation to sound in a general sense, but it doesn't relate directly to the specific connection involving a metronome and time signature. It misses key details from the standard answer that highlight the relationship between musical elements and rhythm, indicating a surface-level understanding."
}

Judge results for folder Time Signature(invisible, time, relation, NA, English) updated.
Folder: metronome(invisible, time, mutual elements, NA, English)
{
    "score_4o": "2",
    "score_reason": "The MLLM's output identifies a contrast between 'lifesaving equipment' and 'musical instrument,' which is roughly correct in thematic terms, but it does not capture the specific connection of 'rhythm' or the concept of a 'metronome' as described in the standard answer. The explanation focuses on the different purposes of the items without linking them to the intended concept of rhythm."
}

Judge results for folder metronome(invisible, time, mutual elements, NA, English) updated.
Folder: Time Warp(invisible, time, relation, NA, English)
{
    "score_4o": "1",
    "score_reason": "The MLLM output is missing, making it impossible to evaluate against the standard answer, which discusses the concept of 'Time Warp.' Without any content, the score defaults to 1, indicating a lack of information."
}

Judge results for folder Time Warp(invisible, time, relation, NA, English) updated.
Folder: Time Capsule(invisible, time, relation, NA, English)
{
    "score_4o": "1",
    "score_reason": "The MLLM output contains placeholders like '[image concept],' indicating uncertainty or inability to provide a specific response. This aligns with expressing uncertainty without directly stating 'I don't know,' warranting a score of 1."
}

Judge results for folder Time Capsule(invisible, time, relation, NA, English) updated.
Folder: One Hundred Years of Solitude1(invisible, time, metaphor, NA, English)
{
    "score_4o": "1",
    "score_reason": "The MLLM output is almost entirely lacking in detail, providing placeholders like [image concept] instead of providing a real analysis of the images. As a result, it offers no genuine explanation or reasoning related to 'One Hundred Years of Solitude,' nor does it address any of the key concepts or symbols present in the standard answer."
}

Judge results for folder One Hundred Years of Solitude1(invisible, time, metaphor, NA, English) updated.
Folder: Stock Market Chart(invisible, business, mutual elements, NA, English)
{
    "score_4o": "2",
    "score_reason": "The MLLM's output describes the relationship as 'Wilderness Animals in Action,' which is too broad and not directly related to the standard answer 'Stock Market Chart.' The explanation focuses on the imagery and context of the animals in their natural settings rather than their symbolic meaning in the financial context. It does not address or align with the intended standard reasoning at all."
}

Judge results for folder Stock Market Chart(invisible, business, mutual elements, NA, English) updated.
Folder: Saving(invisible, business, mutual elements, NA, English)
{
    "score_4o": "4",
    "score_reason": "The MLLM's output correctly identifies the relation as 'Saving money,' which captures the essence of both images consistent with the standard answer. The explanation accurately describes the concept of saving via the traditional method of using a piggy bank as well as through the investment in the stock market, reflecting the broader theme of financial growth and future planning. The intellectual rigor and comprehension are aligned with the standard answer, making it exactly correct and consistent."
}

Judge results for folder Saving(invisible, business, mutual elements, NA, English) updated.
Folder: Shipping Container(invisible, business, relation, NA, English)
{
    "score_4o": "3",
    "score_reason": "The MLLM's output identifies the relationship between the images as 'Logistics and Storage,' which is conceptually similar to the standard answer 'Shipping Container.' While it summarizes the broader theme effectively, it does not specifically mention 'Shipping Container,' a key element of the reasoning in the standard answer. However, it does correctly identify the connection between cargo ships and warehouses within the context of logistics."
}

Judge results for folder Shipping Container(invisible, business, relation, NA, English) updated.
Folder: Triangle trade(invisible, business, metaphor, NA, English)
{
    "score_4o": "1",
    "score_reason": "The MLLM output is not provided, but based on the available information, it doesn't offer a connection to the 'Triangle trade.' It starts generically, mentioning '[image concept],' without specific or relevant facts to determine its correctness. Without more details or a distinctive mention of 'Triangle trade' or similar concepts, it would be assumed to be expressing uncertainty."
}

Judge results for folder Triangle trade(invisible, business, metaphor, NA, English) updated.
Folder: Silk Road(invisible, business, metaphor, NA, English)
{
    "score_4o": "3",
    "score_reason": "The MLLM output identifies the key theme as 'Trade' and provides a relevant explanation regarding the historical use of camel caravans for transporting goods across deserts and the role of trade routes in facilitating commerce. However, it does not explicitly mention the 'Silk Road,' which is an essential part of the standard answer. Thus, it is roughly correct but incomplete."
}

Judge results for folder Silk Road(invisible, business, metaphor, NA, English) updated.
Folder: Supply Chain(invisible, business, relation, NA, English)
{
    "score_4o": "2",
    "score_reason": "The MLLM's output identifies the relationship as 'Contrast,' which is broad and somewhat off-target compared to the standard answer 'Supply Chain.' While the explanation provides factual details about industrial production and retail settings, it does not align with the more specific connection present in the standard answer related to the supply chain stages."
}

Judge results for folder Supply Chain(invisible, business, relation, NA, English) updated.
Folder: E-commerce(invisible, business, relation, NA, English)
{
    "score_4o": "4",
    "score_reason": "The MLLM's output accurately captures the essence of the images by describing the relationship as 'Online Shopping to Physical Delivery,' which is consistent with the standard answer of 'E-commerce.' The explanation provided effectively summarizes the transition from virtual shopping to physical delivery, aligning with the reasoning in the standard answer."
}

Judge results for folder E-commerce(invisible, business, relation, NA, English) updated.
Folder: Entrepreneurship(visible, business, relation, NA, English)
{
    "score_4o": "3",
    "score_reason": "The MLLM's output identifies the relationship as 'Innovation and Tradition,' which is similar to the standard answer 'Entrepreneurship' but not exactly aligned. However, the explanation correctly identifies that the lightbulb symbolizes innovation and ideas, and connects the briefcase to the professional and business realm, similar to connecting the lightbulb to creativity and the briefcase to the business aspect of entrepreneurship."
}

Judge results for folder Entrepreneurship(visible, business, relation, NA, English) updated.
Folder: Financial Market(invisible, business, relation, NA, English)
{
    "score_4o": "3",
    "score_reason": "The MLLM's output uses the term 'Financial transaction,' which is roughly correct and related to the standard answer 'Financial Market.' However, it lacks depth specifically representing different segments like equity and currency markets. The explanation hints at the financial system's flow but doesn't fully capture the distinct markets involved. Overall, it partially aligns but doesn't cover the specific concepts of equity and foreign exchange markets thoroughly."
}

Judge results for folder Financial Market(invisible, business, relation, NA, English) updated.
Folder: Globalization(invisible, business, relation, NA, English)
{
    "score_4o": "3",
    "score_reason": "The MLLM's response is roughly correct and partially aligns with the standard answer. It addresses the theme of 'global connectivity,' which shares a similar idea with 'globalization,' as both involve international connections and exchanges. However, it does not explicitly mention globalization, which is central to the standard answer. The explanation provided captures the importance of infrastructure and transportation but doesn't explicitly tie these to the economic aspects of globalization."
}

Judge results for folder Globalization(invisible, business, relation, NA, English) updated.
Folder: Innovation(visible, business, relation, NA, English)
{
    "score_4o": "4",
    "score_reason": "The MLLM's output aligns well with the standard answer. The relation 'Innovation' is consistent with the standard answer. The explanation correctly identifies the light bulb as a symbol of ideas and innovation, and the meeting room discussion as part of the collaborative process, which corresponds to the standard answer's emphasis on the collaborative and creative process leading to innovation."
}

Judge results for folder Innovation(visible, business, relation, NA, English) updated.
Folder: Marketing(invisible, business, relation, NA, English)
{
    "score_4o": "3",
    "score_reason": "The MLLM's output suggests the concept of 'amplification and focus,' which is a relevant but less precise description compared to the standard answer's 'Marketing.' However, the explanation provided correctly identifies the symbolic relationship of amplification and focus present in the images, aligning with the communication and analytical elements in marketing. The key elements are captured, but the thematic term 'Marketing' is not directly mentioned."
}

Judge results for folder Marketing(invisible, business, relation, NA, English) updated.
Folder: Supply Chain Management(invisible, business, relation, NA, English)
{
    "score_4o": "2",
    "score_reason": "The MLLM output with the relation 'Environmental impact of global trade' is broadly correct in associating the two images with environmental concerns related to industrial activities and logistics. However, it diverges from the standard answer, which focuses on 'Supply Chain Management' specifically. The explanation lacks alignment with the specifics of supply chain management and does not effectively convey the standard answer's reasoning regarding production and logistics management."
}

Judge results for folder Supply Chain Management(invisible, business, relation, NA, English) updated.
Folder: Golden ratio(invisible, STEM, mutual elements, NA, English)
{
    "score_4o": "1",
    "score_reason": "The MLLM output is missing, and instead, a template format is provided. However, it is insufficient to establish any meaningful connection or relation between the two images, thereby deserving the score of 1."
}

Judge results for folder Golden ratio(invisible, STEM, mutual elements, NA, English) updated.
Folder: Golden ratio1(invisible, STEM, mutual elements, NA, English)
{
    "score_4o": "2",
    "score_reason": "The MLLM's output interprets the relationship between the images as 'the contrast between modern art and classical art,' which does not align with the standard answer's focus on the 'Golden ratio1.' It does not mention any relevant facts about the golden ratio tied to both the images but rather emphasizes the distinction in art styles, which is too broad and unrelated to the standard explanation."
}

Judge results for folder Golden ratio1(invisible, STEM, mutual elements, NA, English) updated.
Folder: Golden ratio2(invisible, STEM, mutual elements, NA, English)
{
    "score_4o": "3",
    "score_reason": "The MLLM output correctly identifies the spiral structure shared by the spiral galaxy and the spiral shell. However, it doesn't mention the 'Golden Ratio,' which is the key theme in the standard answer. Still, the answer touches on the structural similarity that underlies both images, which aligns broadly with the standard explanation even if it lacks the specific mathematical theme."
}

Judge results for folder Golden ratio2(invisible, STEM, mutual elements, NA, English) updated.
Folder: Golden ratio3(invisible, STEM, mutual elements, NA, English)
{
    "score_4o": "2",
    "score_reason": "The MLLM's output identifies 'Nature vs. Man-Made' as the relation between the images, which is correct but too broad when compared to the standard answer which specifically emphasizes the 'Golden ratio.' While it mentions the design aspects of both the sunflower and the staircase, it misses the key fact regarding the mathematical connection of the golden ratio presented in the standard answer."
}

Judge results for folder Golden ratio3(invisible, STEM, mutual elements, NA, English) updated.
Folder: DNA double helix(visible, STEM, metaphor, NA, English)
{
    "score_4o": "4",
    "score_reason": "The MLLM's output correctly identifies the relationship as 'DNA,' which aligns with the standard answer's 'DNA double helix.' The explanation provided captures the metaphorical resemblance between a spiral staircase and the helical structure of DNA while touching on the connectivity aspect that both share. This effectively conveys the intended symbolism and meaning, consistent with the standard answer."
}

Judge results for folder DNA double helix(visible, STEM, metaphor, NA, English) updated.
Folder: Binary code(invisible, STEM, metaphor, NA, English)
{
    "score_4o": "1",
    "score_reason": "The MLLM provides placeholders like '[image concept]' and fails to establish any meaningful connection between the images. It completely lacks context or relevant information to align with the standard answer, which identifies the relation as 'Binary code.'"
}

Judge results for folder Binary code(invisible, STEM, metaphor, NA, English) updated.
Folder: Circuit Diagram(invisible, STEM, metaphor, NA, English)
{
    "score_4o": "3",
    "score_reason": "The MLLM's response relates the images to 'Electronic components and digital logic,' which is similar to the standard answer 'Circuit Diagram,' but slightly broader. The explanation is aligned with the standard reasoning by noting that both jumper wires and logic gates are used in electronic circuits, though it doesn't explicitly mention 'circuit diagram' as a unifying concept. Therefore, it is roughly correct, capturing the key idea but lacking precise alignment with the standard answer."
}

Judge results for folder Circuit Diagram(invisible, STEM, metaphor, NA, English) updated.
Folder: π (Pi)(invisible, STEM, mutual elements, NA, English)
{
    "score_4o": "2",
    "score_reason": "The MLLM's output presents a theme of 'Contrast between Classical Wisdom and Modern Simplicity' which fails to capture the core relationship 'π (Pi)' as highlighted in the standard answer. However, the explanation provided does not feature hallucinations and indirectly touches upon themes of classical and modern elements, somewhat alluding to the objects in the images. This reflects an attempt at context but lacks the specific details necessary for a closer alignment with the standard answer."
}

Judge results for folder π (Pi)(invisible, STEM, mutual elements, NA, English) updated.
Folder: E=mc^2(visible, STEM, metaphor, NA, English)
{
    "score_4o": "2",
    "score_reason": "The MLLM's output correctly identifies a broad concept—'Energy,' linking a light bulb to electrical energy and a nuclear explosion to nuclear energy. This is somewhat aligned with the standard answer's theme of energy, related to E=mc^2. However, it does not specifically mention or explain the key connection through the equation E=mc^2 or how the atomic bomb explosion exemplifies this principle."
}

Judge results for folder E=mc^2(visible, STEM, metaphor, NA, English) updated.
Folder: Fibonacci sequence(invisible, STEM, mutual elements, NA, English)
{
    "score_4o": "3",
    "score_reason": "The MLLM's response connects the images through 'Nature's patterns,' which aligns with the standard answer's theme of spiral patterns found in nature. However, it does not accurately capture the specific connection to the 'Fibonacci sequence' as presented in the standard answer. While the explanation mentions the sunflower's radial and the galaxy's spiral structures, it does not explicitly discuss the Fibonacci sequence, resulting in an incomplete answer."
}

Judge results for folder Fibonacci sequence(invisible, STEM, mutual elements, NA, English) updated.
Folder: Fibonacci sequence1(invisible, STEM, mutual elements, NA, English)
{
    "score_4o": "2",
    "score_reason": "The MLLM's output gives a broad concept of 'Contrast,' which doesn't align with the specific Fibonacci connection described in the standard answer. While both nature and human architecture could be seen oppositely, the MLLM fails to mention key facts related to the Fibonacci sequence, which is central to the standard answer."
}

Judge results for folder Fibonacci sequence1(invisible, STEM, mutual elements, NA, English) updated.
Folder: Quantum entanglement(invisible, STEM, metaphor, NA, English)
{
    "score_4o": "1",
    "score_reason": "The MLLM output is missing and thus cannot be evaluated. The standard answer suggests a thematic connection to 'Quantum entanglement,' but without any provided MLLM content, a score of '1' is assigned because this scenario aligns with expressing uncertainty across all categories."
}

Judge results for folder Quantum entanglement(invisible, STEM, metaphor, NA, English) updated.
Folder: Chaos theory(invisible, STEM, metaphor, NA, English)
{
    "score_4o": "2",
    "score_reason": "The MLLM's output identifies a general thematic connection as a juxtaposition between natural and cosmic elements, which is too broad and does not capture the specific concept of 'Chaos theory' and its related ideas of the butterfly effect and fractal patterns found in the standard answer. The MLLM's explanation lacks relevant facts about chaos theory that are central to the standard answer."
}

Judge results for folder Chaos theory(invisible, STEM, metaphor, NA, English) updated.
Folder: Black hole(invisible, STEM, metaphor, NA, English)
{
    "score_4o": "2",
    "score_reason": "The MLLM's output identifies the relation as 'Natural vs. Artificial,' which is quite different from the standard answer 'Black hole.' The explanation addresses the contrast between a natural whirlpool and a man-made well, focusing on their formation. Although this is a valid interpretation, it does not align with the metaphorical connection to a black hole outlined in the standard answer."
}

Judge results for folder Black hole(invisible, STEM, metaphor, NA, English) updated.
Folder: Artificial intelligence(visible, STEM, metaphor, NA, English)
{
    "score_4o": "3",
    "score_reason": "The MLLM's output captures the general idea of the contrast between technology and biology, noting the intersection between artificial intelligence and neuroscience. However, it does not specifically identify 'Artificial intelligence' as the direct connection but addresses how technology mimics biological functions, which is in line with the reasoning provided in the standard answer. The missing specific term 'Artificial intelligence' prevents it from scoring 4."
}

Judge results for folder Artificial intelligence(visible, STEM, metaphor, NA, English) updated.
Folder: Genetic code(invisible, STEM, metaphor, NA, English)
{
    "score_4o": "3",
    "score_reason": "The MLLM's output identifies a 'contrast between scientific discovery and modern technology' as the relation, which doesn't align with the standard answer's focus on 'Genetic code.' However, the explanation provided partially addresses the connection by highlighting the theme of scientific knowledge in both images, though it misses the metaphorical link between a barcode and the genetic code mentioned in the standard answer."
}

Judge results for folder Genetic code(invisible, STEM, metaphor, NA, English) updated.
Folder: Quantum superposition(invisible, STEM, metaphor, NA, English)
{
    "score_4o": "2",
    "score_reason": "The MLLM's output identifies a contrast between a cat in a box and a cityscape, which does not align with the standard answer 'Quantum superposition.' However, it is roughly correct in identifying a dichotomy, although it does not match the intended sophisticated scientific concept from the standard answer. It does not address the specific relationship of the curiosity of the cat or the blurred city lights with quantum superposition, but instead presents a general contrast, which lacks the relevant facts from the standard answer."
}

Judge results for folder Quantum superposition(invisible, STEM, metaphor, NA, English) updated.
Folder: Fractals(invisible, STEM, mutual elements, NA, English)
{
    "score_4o": "2",
    "score_reason": "The MLLM's output relates the images through 'Transformation,' emphasizing a broader theme of contrasts between natural and artificial forms, which misses the specific mathematical concept of 'Fractals.' The MLLM's explanation does not align with the intended standard reasoning about fractal patterns evidenced in both Romanesco broccoli and the Mandelbrot set. There is no mention of relevant facts like 'self-similar fractal pattern' or 'Mandelbrot set' that are essential to the standard answer."
}

Judge results for folder Fractals(invisible, STEM, mutual elements, NA, English) updated.
Folder: Chaos theory1(invisible, STEM, mutual elements, NA, English)
{
    "score_4o": "2",
    "score_reason": "The MLLM's output suggests a broad relationship under 'Physics,' which is too general and does not align with the specific relationship of 'Chaos theory' that is highlighted in the standard answer. It introduces different concepts such as temperature anomalies and gravitational lensing without relating them to chaos theory. Additionally, the explanation diverges from the standard answer's focus on chaos theory, weather patterns, and the double pendulum, instead emphasizing aspects of physics unrelated to chaos theory."
}

Judge results for folder Chaos theory1(invisible, STEM, mutual elements, NA, English) updated.
Folder: Quantum entanglement1(invisible, STEM, mutual elements, NA, English)
{
    "score_4o": "2",
    "score_reason": "The MLLM output broadly focuses on the fundamental building blocks of matter and their interactions, which aligns with the broad theme of atomic and molecular structures. However, it does not specifically relate to quantum entanglement as the standard answer does. The MLLM's explanation doesn't mention key aspects such as interconnected particles or quantum teleportation, which are crucial to the standard reasoning connected to quantum entanglement."
}

Judge results for folder Quantum entanglement1(invisible, STEM, mutual elements, NA, English) updated.
Folder: Black hole1(invisible, STEM, mutual elements, NA, English)
{
    "score_4o": "2",
    "score_reason": "The MLLM's output focuses on the general theme of 'space exploration,' which is somewhat related but too broad. It fails to highlight specific facts tied to black holes, like gravitational lensing and the event horizon, which are crucial to the standard answer. However, there is a vague connection via the overarching theme of space, thus it is rated as roughly correct but lacking the precision of the standard answer."
}

Judge results for folder Black hole1(invisible, STEM, mutual elements, NA, English) updated.
Folder: Artificial intelligence1(visible, STEM, mutual elements, NA, English)
{
    "score_4o": "3",
    "score_reason": "The MLLM output identifies the relationship as 'Artificial intelligence in automotive technology,' which is consistent with the standard answer's 'Artificial intelligence,' but focuses more narrowly on the automotive domain. The explanation correctly points to neural networks as a key AI concept. However, it doesn't explicitly mention self-driving cars, a specific application noted in the standard answer, and instead focuses more generally on digital displays."
}

Judge results for folder Artificial intelligence1(visible, STEM, mutual elements, NA, English) updated.
Folder: Genetic code1(invisible, STEM, mutual elements, NA, English)
{
    "score_4o": "1",
    "score_reason": "The MLLM responds with an inability to provide a complete answer, indicating it can see only one image at a time. Therefore, it does not adequately address the relation or explanation as given in the standard answer."
}

Judge results for folder Genetic code1(invisible, STEM, mutual elements, NA, English) updated.
Folder: Quantum superposition1(invisible, STEM, mutual elements, NA, English)
{
    "score_4o": "1",
    "score_reason": "The MLLM output does not provide the needed information to evaluate or align the concepts with the standard answer. It lacks any explanation or reasoning, essentially leaving it unassessed and demonstrating uncertainty with placeholders like '[image concept].' Without additional information, it is impossible to discern a relationship or explanation between the images."
}

Judge results for folder Quantum superposition1(invisible, STEM, mutual elements, NA, English) updated.
Folder: Fractals1(invisible, STEM, metaphor, NA, English)
{
    "score_4o": "2",
    "score_reason": "The MLLM's output emphasizes a metaphorical theme of 'Nature's Contrast' between 'strength and resilience' and 'fragility and the passage of time.' Although this is an insightful interpretation, it deviates from the standard answer's focus on 'Fractals.' The MLLM's response doesn't mention fractal patterns, which are key to the standard explanation."
}

Judge results for folder Fractals1(invisible, STEM, metaphor, NA, English) updated.
Folder: Chaos theory2(invisible, STEM, metaphor, NA, English)
{
    "score_4o": "1",
    "score_reason": "The MLLM output is formatted as a template placeholder with [image concept] and does not provide any concrete explanation or relation, resembling an admission of uncertainty. This aligns with an expression of unknown connection, earning a score of 1."
}

Judge results for folder Chaos theory2(invisible, STEM, metaphor, NA, English) updated.
Folder: The Pythagorean theorem(invisible, STEM, mutual elements, NA, English)
{
    "score_4o": "2",
    "score_reason": "The MLLM's output describes the relationship as 'Geometry vs. Architecture,' which is too broad and lacks specificity regarding the Pythagorean theorem, which is the relation indicated in the standard answer. While the explanation emphasizes the connection between geometry and architecture, it does not directly address the role of the Pythagorean theorem, an important aspect of the standard answer."
}

Judge results for folder The Pythagorean theorem(invisible, STEM, mutual elements, NA, English) updated.
Folder: The Pythagorean theorem1(invisible, STEM, metaphor, NA, English)
{
    "score_4o": "2",
    "score_reason": "The MLLM's output relating the images through the theme of 'Ascent' is too broad and does not align with the specific concept of the 'Pythagorean theorem' as highlighted in the standard answer. Although the MLLM draws connections between the images with upward movement, it lacks the depth and precision that would connect them to Pythagorean concepts."
}

Judge results for folder The Pythagorean theorem1(invisible, STEM, metaphor, NA, English) updated.
Folder: The Pythagorean theorem2(invisible, STEM, metaphor, NA, English)
{
    "score_4o": "2",
    "score_reason": "The MLLM's output focuses on 'Game strategy' and explains the relationship in terms of strategy and tactics used in soccer and chess. However, it fails to address the connection to the 'Pythagorean theorem,' which is central to the standard answer. This response aligns with a general thematic relationship but misses the key connection involving geometry and mathematics."
}

Judge results for folder The Pythagorean theorem2(invisible, STEM, metaphor, NA, English) updated.
Folder: Photosynthesis(invisible, STEM, relation, NA, English)
{
    "score_4o": "2",
    "score_reason": "The MLLM's output presents a broad and general theme of 'Nature,' describing both images as related to natural phenomena and elements. While this is roughly correct, it misses the specific connection of 'Photosynthesis' highlighted in the standard answer, which involves the scientific relationship between sunlight and green leaves. The explanation lacks references to photosynthesis or the role of sunlight in this process."
}

Judge results for folder Photosynthesis(invisible, STEM, relation, NA, English) updated.
Folder: The butterfly effect(visible, STEM, relation, NA, English)
{
    "score_4o": "3",
    "score_reason": "The MLLM's output identifies the relationship as 'Nature's Contrast,' which is an incomplete representation of the standard answer's 'The Butterfly Effect.' However, the explanation captures the contrasting nature and diversity of the phenomena, which loosely aligns with the theme of chaos theory in the standard answer, although it doesn't connect it precisely with the butterfly effect concept."
}

Judge results for folder The butterfly effect(visible, STEM, relation, NA, English) updated.
Folder: The butterfly effect1(visible, STEM, relation, NA, English)
{
    "score_4o": "2",
    "score_reason": "The MLLM's output presents the concept of 'transformation,' highlighting the comparison between a butterfly's metamorphosis and the fluctuating nature of financial markets, which does not exactly match the standard answer 'The butterfly effect.' While both involve themes of change and transformation, the MLLM's interpretation is too broad and does not make the specific connection involving the ripple effect causing significant outcomes like a stock market crash."
}

Judge results for folder The butterfly effect1(visible, STEM, relation, NA, English) updated.
Folder: The butterfly effect2(visible, STEM, relation, NA, English)
{
    "score_4o": "3",
    "score_reason": "The MLLM's output captures the concept of 'Nature,' highlighting the contrast between a butterfly and a hurricane. Although the explanation does not specifically mention the 'butterfly effect' as proposed in the standard answer, it conveys a similar theme of contrasting elements within the natural world. This earns it a score of 3 for effectively conveying key themes related to nature, though not precisely aligned with the 'butterfly effect' concept."
}

Judge results for folder The butterfly effect2(visible, STEM, relation, NA, English) updated.
Folder: The butterfly effect3(visible, STEM, relation, NA, English)
{
    "score_4o": "2",
    "score_reason": "The MLLM's output is related to 'contrast' rather than the concept of the 'butterfly effect' and fails to incorporate the broader context of chain reactions and outcomes like a tsunami mentioned in the standard answer. The explanation is focused on the beauty of nature versus the chaos of human impact, which might link conceptually, but lacks alignment with the specific idea of small changes leading to significant outcomes inherent in the 'butterfly effect.'"
}

Judge results for folder The butterfly effect3(visible, STEM, relation, NA, English) updated.
Folder: Big Bang theory(invisible, STEM, metaphor, NA, English)
{
    "score_4o": "2",
    "score_reason": "The MLLM's output, which connects cosmic galaxies and fireworks through 'Celebration,' is too broad and fails to closely connect with the standard answer, 'Big Bang theory.' Although the MLLM does touch on themes of spectacle and wonder, it does not mention key facts related to the Big Bang theory, such as the expanding universe or the initial explosion, which are central to the standard answer's reasoning. Therefore, the response does not effectively capture the intended relationship."
}

Judge results for folder Big Bang theory(invisible, STEM, metaphor, NA, English) updated.
Folder: CRISPR technology(invisible, STEM, metaphor, NA, English)
{
    "score_4o": "1",
    "score_reason": "The MLLM response lacks any information regarding the connection or mention of CRISPR technology. The response does not provide a relation or explanation that aligns with the standard answer, and it does not reflect any understanding of the relationship between the images."
}

Judge results for folder CRISPR technology(invisible, STEM, metaphor, NA, English) updated.
Folder: CRISPR technology1(invisible, STEM, relation, NA, English)
{
    "score_4o": "3",
    "score_reason": "The MLLM's output provides a broad theme of 'Genetics and programming,' which is somewhat aligned with the standard answer's CRISPR technology explanation, as CRISPR involves gene editing akin to programming code. However, the MLLM's response lacks specificity regarding CRISPR technology and does not explicitly highlight the 'search and replace' analogy mentioned in the standard answer."
}

Judge results for folder CRISPR technology1(invisible, STEM, relation, NA, English) updated.
Folder: CRISPR technology2(invisible, STEM, relation, NA, English)
{
    "score_4o": "1",
    "score_reason": "The MLLM output essentially contains placeholders for image descriptions and lacks any indication of a relationship or explanation. It appears uncertain, failing to provide any connection or relevant discussion regarding CRISPR technology and its relation to the images."
}

Judge results for folder CRISPR technology2(invisible, STEM, relation, NA, English) updated.
Finish: Judge results all saved to ./internlm-xcomposer2d5-7b_judge.json
Finish: Combined results all saved to ./internlm-xcomposer2d5-7b_test_and_judge.json
