No test results found for folder: talking ability(invisible, ability, mutual elements, NA, English)
Folder: running ability(visible, ability, mutual elements, NA, English)
{
    "score_4o": "2",
    "score_reason": "The MLLM's output centers around abstract themes of 'Action and Creation,' which contrasts with the concrete concept of 'running ability' highlighted in the standard answer. However, there is some level of correctness, as the theme of action and movement in 'running' could loosely be related to 'Action' in the explanation given. The explanation does not directly correlate with the intended focus on running ability and lacks specific factual connections to the standard answer."
}

Judge results for folder running ability(visible, ability, mutual elements, NA, English) updated.
Folder: jumping ability(invisible, ability, mutual elements, NA, English)
{
    "score_4o": "2",
    "score_reason": "The MLLM's output captures the theme of 'Action and Adventure,' which reflects a broad interpretation of the images. However, it lacks alignment with the specific reasoning presented in the standard answer regarding 'jumping ability.' Although both explanations revolve around action, the MLLM's output doesn't connect to the concept of 'jumping ability,' which is the focal point in the standard answer."
}

Judge results for folder jumping ability(invisible, ability, mutual elements, NA, English) updated.
Folder: Painting ability(invisible, ability, relation, NA, English)
{
    "score_4o": "2",
    "score_reason": "The MLLM's output describes the relation as 'Floral hue' and centers around the color pink, which is unrelated to the standard answer, which focuses on 'Painting ability.' The reasoning provided by MLLM is centered on color theme rather than the mechanical or skill aspect related to painting ability as mentioned in the standard answer."
}

Judge results for folder Painting ability(invisible, ability, relation, NA, English) updated.
Folder: brightness and power(visible, ability, relation, NA, English)
{
    "score_4o": "2",
    "score_reason": "The MLLM's output identifies the relationship as 'Warmth and Energy,' which is broad and does not align with the specific concepts of 'brightness and power' as per the standard answer. The MLLM's explanation linking the physical glow of a light bulb to a feeling of warmth, and abstract painting to energy, misses key elements related to computing power mentioned in the standard answer. Therefore, while the general theme of energy is present, the central technological analogy is absent, making it only roughly correct but without relevant facts from the standard answer."
}

Judge results for folder brightness and power(visible, ability, relation, NA, English) updated.
Folder: swimming ability(visible, ability, mutual elements, NA, English)
{
    "score_4o": "0",
    "score_reason": "The MLLM output incorrectly identifies the objects in the images as identical microphones on tripods, and the stated relation is 'Identical Objects.' This directly contradicts the standard answer, which pertains to the swimming ability of dolphins and fish, emphasizing physical adaptations that enable this ability. The MLLM has a factuality hallucination, providing information about objects that do not exist in the standard answer."
}

Judge results for folder swimming ability(visible, ability, mutual elements, NA, English) updated.
Folder: cooking ability(invisible, ability, mutual elements, NA, English)
{
    "score_4o": "2",
    "score_reason": "The MLLM's output focuses on 'Gourmet Cuisine,' emphasizing the sophistication and quality of the food items depicted—steaks and a gourmet burger. However, it does not align with the standard answer regarding the 'cooking ability' theme, which captures the contrast between high and low cooking skills. The MLLM's explanation lacks relevant facts from the standard answer, highlighting mastery and disaster in cooking abilities."
}

Judge results for folder cooking ability(invisible, ability, mutual elements, NA, English) updated.
Folder: smelling ability(invisible, ability, mutual elements, NA, English)
{
    "score_4o": "2",
    "score_reason": "The MLLM's output identifies the relationship as 'Law enforcement canine partners,' focusing on the roles of dogs in police work. This is related to the standard answer but diverges significantly from the core connection of 'smelling ability.' It correctly identifies different functions of a bloodhound and a German Shepherd but overlooks the essence of their smelling capabilities, which the standard answer emphasizes. There is no factual error, but the explanation lacks alignment with the micro-level perspective mentioned in the standard answer."
}

Judge results for folder smelling ability(invisible, ability, mutual elements, NA, English) updated.
Folder: writing ability(invisible, ability, mutual elements, NA, English)
{
    "score_4o": "2",
    "score_reason": "The MLLM's output identifies a connection that reflects the transition from traditional to contemporary writing instruments, which demonstrates a shift in writing practices. However, it does not align with the standard answer's specific focus on 'writing ability,' which includes the nuances of writing skill and carelessness represented by the juxtaposed images. The MLLM's explanation lacks the relevant details about writing ability and does not address the intended reasoning in the standard answer."
}

Judge results for folder writing ability(invisible, ability, mutual elements, NA, English) updated.
Folder: vision(invisible, ability, mutual elements, NA, English)
{
    "score_4o": "2",
    "score_reason": "The MLLM output identifies 'Astronomical Discovery' as the relation, focusing on exploration and the process of observation. While this works with the imagery individually, it doesn't align with the standard answer, which connects the images to the broader theme of 'vision,' including its technological enhancement and absence. The MLLM captures a theme of exploration using a telescope but misses the duality of vision concept from the standard answer."
}

Judge results for folder vision(invisible, ability, mutual elements, NA, English) updated.
Folder: Physical Prowess(visible, ability, relation, NA, English)
{
    "score_4o": "2",
    "score_reason": "The MLLM's output summarizes the relationship between the two images based on the display of 'athleticism, skill, and the execution of aerial maneuvers,' which aligns with the concept of sports but does not capture the specific theme of 'Physical Prowess' as mentioned in the standard answer. The explanation does not delve into how these activities embody physical prowess on both a factual and symbolic level as outlined in the standard answer, hence it's too broad without including the relevant facts."
}

Judge results for folder Physical Prowess(visible, ability, relation, NA, English) updated.
Folder: Mental Acuity(invisible, ability, mutual elements, NA, English)
{
    "score_4o": "2",
    "score_reason": "The MLLM's output describes the relationship as 'Mirror Image,' focusing on a visual comparison between two sets of images showing Rubik's Cubes. This description is relevant to the content of the images but misses the conceptual link to 'Mental Acuity,' which involves problem-solving skills like spatial reasoning. While the explanation highlights a symmetry aspect, it doesn't address the problem-solving or cognitive aspects noted in the standard reasoning."
}

Judge results for folder Mental Acuity(invisible, ability, mutual elements, NA, English) updated.
Folder: Leadership(invisible, ability, mutual elements, NA, English)
{
    "score_4o": "2",
    "score_reason": "The MLLM's output describes a 'Cosmic connection,' emphasizing themes like solitude, exploration, and cosmic curiosity. This contrasts with the standard answer's focus on leadership, specifically connecting a lone wolf and a conductor as symbols of leadership. While the MLLM's explanation is thoughtful and creative, it does not align with the standard reasoning or explicitly mention relevant facts about leadership present in the standard answer."
}

Judge results for folder Leadership(invisible, ability, mutual elements, NA, English) updated.
Folder: physical prowess and control(visible, ability, mutual elements, NA, English)
{
    "score_4o": "2",
    "score_reason": "The MLLM's response identifies the relationship as 'Accessibility and Adaptability,' which is not aligned with the standard answer 'physical prowess and control.' The explanation focuses on accessibility and technology supporting independence, which is broadly related to the theme of ability but lacks the specific points of intellectual achievement versus physical skill present in the standard explanation."
}

Judge results for folder physical prowess and control(visible, ability, mutual elements, NA, English) updated.
Folder: balance ability(visible, ability, mutual elements, NA, English)
{
    "score_4o": "2",
    "score_reason": "The MLLM's output captures the broader theme of harmony and coordination, which is an interpretation related to balance but diverges from the specific focus on 'balance ability' in the standard answer. It also incorrectly describes the second image as elephants instead of a tightrope walker, which means it lacks relevant facts from the standard answer."
}

Judge results for folder balance ability(visible, ability, mutual elements, NA, English) updated.
Folder: growth ability(invisible, ability, mutual elements, NA, English)
{
    "score_4o": "2",
    "score_reason": "The MLLM's output describes the relationship as 'Development and Growth,' which is related but more general in scope compared to the standard answer's 'growth ability.' It focuses on plant growth specifically, whereas the standard answer connects the concept to both plants and children's growth. Additionally, no reference to a growth chart is made, missing a key aspect of the standard answer's reasoning."
}

Judge results for folder growth ability(invisible, ability, mutual elements, NA, English) updated.
Folder: management ability(invisible, ability, mutual elements, NA, English)
{
    "score_4o": "2",
    "score_reason": "The MLLM output touches on the theme of 'planning and preparation,' which is too broad and only somewhat related to the standard answer's 'management ability.' While it correctly identifies elements of scheduling and note-taking, it fails to specifically connect these to 'Time Management and Work Arrangement Management.' There is no mention of 'flowchart' or equivalent concept that would align with work arrangement management."
}

Judge results for folder management ability(invisible, ability, mutual elements, NA, English) updated.
Folder: Communication Skills(invisible, ability, mutual elements, NA, English)
{
    "score_4o": "3",
    "score_reason": "The MLLM's output identifies 'communication and presentation' as the theme connecting the two images, which closely aligns with the standard answer's theme of 'Communication Skills.' The explanation effectively highlights the role of verbal and nonverbal elements in communication, focusing on public speaking. However, it misses the aspect of active listening and empathy mentioned in the standard answer related to therapeutic settings, making the connection incomplete."
}

Judge results for folder Communication Skills(invisible, ability, mutual elements, NA, English) updated.
Folder: decision-making ability(invisible, ability, mutual elements, NA, English)
{
    "score_4o": "2",
    "score_reason": "The MLLM's output identifies the concept of 'strategy and planning.' However, it misses the more specific connection outlined in the standard answer, which is 'decision-making ability.' While the MLLM output captures the essence of strategic thinking, it fails to mention the critical decision-making aspect common to both chess and professional environments as highlighted in the standard answer."
}

Judge results for folder decision-making ability(invisible, ability, mutual elements, NA, English) updated.
Folder: teamwork ability(invisible, ability, mutual elements, NA, English)
{
    "score_4o": "2",
    "score_reason": "The MLLM output presents a contrast between teamwork and solitude based on the imagery of rowers and a kayaker. While it captures the teamwork aspect of rowing, similar to the standard answer's focus, it diverges by focusing on solitude for the individual kayaker. The explanation lacks the connection to the 'ants' from the standard answer and broadly applies the concept of 'engagement with water,' which moves away from the specific theme of teamwork."
}

Judge results for folder teamwork ability(invisible, ability, mutual elements, NA, English) updated.
Folder: executive force(invisible, ability, mutual elements, NA, English)
{
    "score_4o": "0",
    "score_reason": "The MLLM's output incorrectly identifies the second image as 'Washington Crossing the Delaware' by Emanuel Gottlieb Leutze. In fact, the standard answer refers to a SWAT team, which is fundamentally different in both context and significance. Furthermore, the explanation provided by the MLLM does not align with the concept of 'executive force' as articulated in the standard answer. These errors constitute a factuality hallucination."
}

Judge results for folder executive force(invisible, ability, mutual elements, NA, English) updated.
Folder: eyesight(invisible, ability, mutual elements, NA, English)
{
    "score_4o": "3",
    "score_reason": "The MLLM's output describes the relationship as 'Visual perception and health assessment,' focusing on the clinical aspect of eyesight, which is similar to the standard answer of 'eyesight.' However, it fails to address the depiction of the hawk with exceptional eyesight in the standard answer, making its explanation incomplete."
}

Judge results for folder eyesight(invisible, ability, mutual elements, NA, English) updated.
Folder: opportunity and ability(invisible, ability, relation, NA, English)
{
    "score_4o": "3",
    "score_reason": "The MLLM provides a partially correct explanation focusing on the concept of 'escape' and 'freedom,' which is in line with the idea of 'opportunity and ability' being represented by an open door. However, it does not fully address the key aspect of 'skill or talent' needed to access that opportunity. The focus on a serene beach scene diverges from the standard answer's emphasis on the door and key as metaphors for opportunity and skill."
}

Judge results for folder opportunity and ability(invisible, ability, relation, NA, English) updated.
Folder: Curiosity(invisible, ability, mutual elements, NA, English)
{
    "score_4o": "2",
    "score_reason": "The MLLM's output summarizes the relationship as 'Contrast in scale and perspective,' which does not directly address the 'Curiosity' theme in the standard answer. The explanation offered by the MLLM is related to photography diversity rather than curiosity, lacking the relevant reasoning found in the standard answer. However, it doesn't deviate to erroneous information, maintaining a valid, general assertion."
}

Judge results for folder Curiosity(invisible, ability, mutual elements, NA, English) updated.
Folder: ability to grow(invisible, ability, relation, NA, English)
{
    "score_4o": "2",
    "score_reason": "The MLLM's output connects the images through the theme of 'Autumnal warmth and harvest abundance,' which deviates from the intended link concerning 'ability to grow.' While it correctly identifies the visual elements of pumpkin and seeds, it fails to engage with the deeper symbolic relationship of potential and growth. Therefore, the response is too broad and not fully aligned with the standard answer."
}

Judge results for folder ability to grow(invisible, ability, relation, NA, English) updated.
Folder: Potential to perform(invisible, ability, metaphor, NA, English)
{
    "score_4o": "3",
    "score_reason": "The MLLM output mentions 'solitude, focus, and anticipation,' which partially aligns with the idea of 'potential to perform,' as both relate to an anticipated event or performance. However, it does not explicitly mention the concept of 'opportunity' or 'talent' linked to the potential to perform, as highlighted in the standard answer. The explanation captures the atmosphere but lacks specific emphasis on performance potential."
}

Judge results for folder Potential to perform(invisible, ability, metaphor, NA, English) updated.
Folder: message passing(visible, ability, mutual elements, NA, English)
{
    "score_4o": "2",
    "score_reason": "The MLLM output identifies the relation as 'Evolution of Communication Technology,' which is related but not directly aligned with the standard answer, 'message passing.' The explanation focuses on the transition from telegraphy to digital communication, which is a broader concept and doesn't address the specific connection of Morse Code as mentioned in the standard answer. It does not mention facts like the Morse code or symbolic representation, which are key to the standard explanation. However, the theme of communication remains relevant."
}

Judge results for folder message passing(visible, ability, mutual elements, NA, English) updated.
Folder: Cryptography(invisible, ability, mutual elements, NA, English)
{
    "score_4o": "0",
    "score_reason": "The MLLM output includes incorrect facts in its response, discussing themes of love, affection, and aesthetic rather than the concept of cryptography, which is central to the standard answer. It incorrectly interprets the images as themed around romance rather than cryptography, leading to a factual hallucination about the images' themes."
}

Judge results for folder Cryptography(invisible, ability, mutual elements, NA, English) updated.
Folder: Artificial Intelligence(invisible, ability, mutual elements, NA, English)
{
    "score_4o": "2",
    "score_reason": "The MLLM's response appears to be too broad, focusing on the theme of 'Neural Correlations,' which does not capture the precise connection intended in the standard answer, which is 'Artificial Intelligence.' The explanation emphasizes the structural similarities between biological and artificial neural networks, but it does not address the specific context of AI applications, such as the robotic hand playing chess. Therefore, the MLLM output does not align closely with the reasoning in the standard answer."
}

Judge results for folder Artificial Intelligence(invisible, ability, mutual elements, NA, English) updated.
Folder: repeat function(invisible, ability, mutual elements, NA, English)
{
    "score_4o": "2",
    "score_reason": "The MLLM's output correctly identifies the images as circular arrows associated with actions like synchronization but misses the specific link to the 'repeat function' as stated in the standard answer. Although the explanation discusses synchronization or data transfer, it does not directly address the concept of a repeat function shared by a repeat button and a record player."
}

Judge results for folder repeat function(invisible, ability, mutual elements, NA, English) updated.
Folder: the range of capacity(visible, ability, mutual elements, NA, English)
{
    "score_4o": "2",
    "score_reason": "The MLLM's output identifies the theme as 'Versatility of Open Spaces,' which is a broad interpretation and differs from the standard answer's theme of 'the range of capacity.' While both interpretations involve open spaces, the MLLM does not address the concept of capacity, potential or full, which is the central theme of the standard answer."
}

Judge results for folder the range of capacity(visible, ability, mutual elements, NA, English) updated.
Folder: EasilyBroken(invisible, ability, mutual elements, NA, English)
{
    "score_4o": "2",
    "score_reason": "The MLLM's output interprets the relationship as 'Reflection,' which is a thematic connection rather than the metaphorical connection intended in the standard answer. The explanation gives an artistic description involving the reflective nature of the bubble and the eye, which doesn't align with the idea of 'EasilyBroken.' The reasoning is broadly related to reflection but lacks the metaphorical insight of delicacy and fragility intended in the standard answer."
}

Judge results for folder EasilyBroken(invisible, ability, mutual elements, NA, English) updated.
Folder: the spectrum of walking ability(invisible, ability, mutual elements, NA, English)
{
    "score_4o": "2",
    "score_reason": "The MLLM output interprets the images in terms of 'Journey, Solitude vs. Companionship,' focusing on the thematic aspects, such as personal reflection and shared experiences. However, it misses the standard answer's focus on the 'spectrum of walking ability' and does not mention any relevant facts like 'Footprints symbolize the act of walking.' Although the concept of a journey is considered, it lacks alignment with the intended reasoning about walking ability."
}

Judge results for folder the spectrum of walking ability(invisible, ability, mutual elements, NA, English) updated.
Folder: different aspect of seeing(invisible, ability, mutual elements, NA, English)
{
    "score_4o": "2",
    "score_reason": "The MLLM's output does relate the two images through their depiction of human eye expressions, which is roughly in line with the standard answer that focuses on 'different aspect of seeing.' However, it misses the specific connection between vision and alternative perception as demonstrated in the standard answer, which discusses the typical human vision and an alternative way of 'seeing' for the visually impaired."
}

Judge results for folder different aspect of seeing(invisible, ability, mutual elements, NA, English) updated.
Folder: Chinese Culture(invisible, culture, mutual elements, East Asia, English)
{
    "score_4o": "2",
    "score_reason": "The MLLM's output presents a broad theme of 'Nature meets Architecture,' focusing on the integration of man-made structures with the natural landscape rather than the specific aspect of 'Chinese Culture' emphasized in the standard answer. Although it correctly describes the visual elements, it does not identify the culturally significant connections made in the standard answer, such as the Great Wall and red envelopes being iconic elements of Chinese culture."
}

Judge results for folder Chinese Culture(invisible, culture, mutual elements, East Asia, English) updated.
Folder: Chinese Art(invisible, culture, mutual elements, East Asia, English)
{
    "score_4o": "0",
    "score_reason": "The MLLM includes incorrect facts in its explanation by associating the Terracotta Army, a symbol of ancient Chinese military and art, with themes of 'freedom and democracy.' This is a fabrication, as the Terracotta Army is specifically linked to ancient Chinese funerary art, honoring Qin Shi Huang, and not to political concepts like freedom or democracy. This represents a factuality hallucination in the provided explanation."
}

Judge results for folder Chinese Art(invisible, culture, mutual elements, East Asia, English) updated.
Folder: Thanksgiving(invisible, culture, mutual elements, USAEnglish, English)
{
    "score_4o": "2",
    "score_reason": "The MLLM's output captures a broad theme of 'Branching' relating to the twig and tooth, which makes sense visually but does not align with the specific historical and cultural references to 'Thanksgiving' as detailed in the standard answer. There is no mention of key elements related to Thanksgiving like the wishbone or the Mayflower Compact, which would connect the images to the holiday. However, there is no hallucination present in the explanation."
}

Judge results for folder Thanksgiving(invisible, culture, mutual elements, USAEnglish, English) updated.
Folder: apple(invisible, culture, mutual elements, NA, English)
{
    "score_4o": "2",
    "score_reason": "The MLLM's output captures a concept of modern reinterpretation between the two images, labeled as 'Modernization and Playfulness,' which is a broad interpretation that does not align with the standard answer's focus on the connection between Newton, an apple, and Apple Inc. It does provide a general thematic explanation but lacks the specific focus of 'apple' as found in the standard answer."
}

Judge results for folder apple(invisible, culture, mutual elements, NA, English) updated.
Folder: Internet Culture(visible, culture, mutual elements, NA, English)
{
    "score_4o": "2",
    "score_reason": "The MLLM's output interprets the relationship as 'Surprise,' focusing on the emotional context of the images. However, it fails to mention specific elements related to 'Internet Culture,' such as cat memes or rage comics. The reasoning provided does not align with the standard answer, which emphasizes the significance of these elements in internet humor and communication. Thus, the response is too broad and lacks the relevant details found in the standard answer."
}

Judge results for folder Internet Culture(visible, culture, mutual elements, NA, English) updated.
Folder: Japanese Tradition(invisible, culture, mutual elements, East Asia, English)
{
    "score_4o": "2",
    "score_reason": "The MLLM's response centers on 'Tranquility and Mindfulness,' which is a broader theme not directly relevant to the specific concept of 'Japanese Tradition' emphasized in the standard answer. Although the MLLM captures some broader elements of Japanese culture, it fails to mention key examples such as the samurai sword and the code of Bushido in its explanation. The focus on Zen philosophy diverges from the more concrete examples of traditional Japanese practices."
}

Judge results for folder Japanese Tradition(invisible, culture, mutual elements, East Asia, English) updated.
Folder: Lacquer Fan(invisible, culture, relation, East Asia, English)
{
    "score_4o": "2",
    "score_reason": "The MLLM output captures the theme 'Autumnal abundance,' which focuses on the seasonal and aesthetic qualities of the images, rather than their conceptual connection to 'Lacquer Fan.' The correlation to the concept of a lacquer fan is absent, and it lacks coherence with the explanation of the standard answer. However, the MLLM's description is relevant to the autumn theme, reflecting some aspects of the imagery."
}

Judge results for folder Lacquer Fan(invisible, culture, relation, East Asia, English) updated.
Folder: African Culture(invisible, culture, mutual elements, other, English)
{
    "score_4o": "2",
    "score_reason": "The MLLM's output captures the theme of 'interaction' between the Djembe drum and the human element, which aligns partially with the idea of cultural performance. However, it fails to connect the images explicitly to African culture, which is the core relationship outlined in the standard answer."
}

Judge results for folder African Culture(invisible, culture, mutual elements, other, English) updated.
Folder: African musical culture(invisible, culture, mutual elements, other, English)
{
    "score_4o": "2",
    "score_reason": "The MLLM's output identifies the theme as 'Cultural Heritage and Musical Diversity,' which is related but too broad compared to the specific 'African musical culture' outlined in the standard answer. The explanation touches on cultural heritage and the role of music across cultures, but it misses the particular focus on West African traditions and the kora's and Afrobeat's connections to African music. It lacks the depth regarding the importance of the Griot and Afrobeat in the context of African culture."
}

Judge results for folder African musical culture(invisible, culture, mutual elements, other, English) updated.
Folder: Oktoberfest(invisible, culture, mutual elements, Non-English European, English)
{
    "score_4o": "2",
    "score_reason": "The MLLM's output highlights the 'Sweet and Savory' theme, which diverges from the standard answer 'Oktoberfest.' The explanation discusses contrasting flavors, but it fails to address the cultural significance or specific event (Oktoberfest) associated with these images as per the standard answer. Therefore, it lacks the insight necessary to recognize the connection with Oktoberfest, rendering the reasoning unrelated to the standard answer beyond the mention of a pretzel."
}

Judge results for folder Oktoberfest(invisible, culture, mutual elements, Non-English European, English) updated.
Folder: Bavarian culture(invisible, culture, relation, Non-English European, English)
{
    "score_4o": "0",
    "score_reason": "The MLLM output incorrectly identifies the images as representing 'Crystalline Beauty' related to a mountain range and an ice crystal, which has no connection with the factual context of Bavarian culture, Lederhosen, or beer steins as outlined in the standard answer."
}

Judge results for folder Bavarian culture(invisible, culture, relation, Non-English European, English) updated.
Folder: Festival of Holi(invisible, culture, mutual elements, South Asia and South-East Asia, English)
{
    "score_4o": "2",
    "score_reason": "The MLLM's output captures the concepts of 'Impact and Expansion,' which is related to the dynamics of spreading and influence, but does not directly address the cultural theme of the 'Festival of Holi.' The 'impact and expansion' theme is too broad and not connected to Holi, and it lacks the mention of key cultural elements such as 'Gulal' or 'Krishna,' as provided in the standard answer."
}

Judge results for folder Festival of Holi(invisible, culture, mutual elements, South Asia and South-East Asia, English) updated.
Folder: Samba and Carnival(invisible, culture, mutual elements, Latin American, English)
{
    "score_4o": "2",
    "score_reason": "The MLLM's output summarizes the relationship as 'performance and glamour,' which partially aligns with the theme of 'Samba and Carnival' noted in the standard answer. However, it lacks the key elements that are specific to Samba and Carnival, such as sequins, feathers, and drums, and doesn't mention the cultural context integral to the standard answer, making the response too broad."
}

Judge results for folder Samba and Carnival(invisible, culture, mutual elements, Latin American, English) updated.
Folder: Mateship(invisible, culture, metaphor, other, English)
{
    "score_4o": "2",
    "score_reason": "The MLLM's output relates the images to 'Hats with Braided Leather Bands,' which seems too narrow for the intended theme of 'Mateship' as symbols of Australian culture. While it correctly identifies the hats' design elements, it doesn't connect to the broader cultural and symbolic significance described in the standard answer."
}

Judge results for folder Mateship(invisible, culture, metaphor, other, English) updated.
Folder: Italian Food and Family Traditions(invisible, culture, relation, Latin American, English)
{
    "score_4o": "2",
    "score_reason": "The MLLM's output focuses on 'Solitude vs. Community,' which represents a broad concept related to the imagery but diverges from the specific cultural context in the standard answer. The standard answer highlights 'Italian Food and Family Traditions,' emphasizing cultural aspects such as large family gatherings and shared meals, particularly in Italian culture. The MLLM's response lacks these culturally relevant details and instead opts for a more general comparison of social dynamics depicted in the images."
}

Judge results for folder Italian Food and Family Traditions(invisible, culture, relation, Latin American, English) updated.
Folder: Shakespeare's Globe Theatre(invisible, culture, relation, USAEnglish, English)
{
    "score_4o": "2",
    "score_reason": "The MLLM's output relates the images to a theme of 'Cultural Heritage vs. Modernity,' which is somewhat related to the idea of architectural evolution but lacks the specificity of the standard answer. The explanation mentions cultural significance and different architectural eras, which only broadly aligns with the concept of Shakespeare's Globe Theatre as an iconic structure. The connection to Shakespeare's Globe Theatre, Hamlet, and Yorick's Skull is not addressed in the MLLM's output, thus lacking the depth and specificity found in the standard answer."
}

Judge results for folder Shakespeare's Globe Theatre(invisible, culture, relation, USAEnglish, English) updated.
Folder: Zeus(invisible, culture, mutual elements, other, English)
{
    "score_4o": "2",
    "score_reason": "The MLLM output's relation 'Electricity and Life' is not aligned with the standard answer 'Zeus' regarding a connection between the images. The explanation discusses the dynamic and essential nature of electricity and veins, but this does not effectively connect to the mythology theme of Zeus as the unifying element. Therefore, the response is too broad and lacks relevant facts from the standard answer."
}

Judge results for folder Zeus(invisible, culture, mutual elements, other, English) updated.
Folder: Renaissance(invisible, culture, mutual elements, Non-English European, English)
{
    "score_4o": "2",
    "score_reason": "The MLLM's output identifies the relationship as 'Contrapposto,' focusing on the particular stance shared between the images. While this is a characteristic of Renaissance art, it does not capture the broader concept of 'Renaissance,' as indicated in the standard answer. Additionally, the explanation narrows in on the posture rather than exploring the cultural significance of the Renaissance. Thus, the MLLM's answer is correct in a narrower sense but too specific, and lacks the broader context of the Renaissance highlighted in the standard answer."
}

Judge results for folder Renaissance(invisible, culture, mutual elements, Non-English European, English) updated.
Folder: Industrial Revolution(invisible, culture, mutual elements, USAEnglish, English)
{
    "score_4o": "2",
    "score_reason": "The MLLM output describes the relationship as 'Evolution of Transportation,' focusing on the progression from steam engines to high-speed trains. This concept has some overlap with the standard answer's theme of technological progress, a central aspect of the Industrial Revolution. Nonetheless, it doesn't fully align with the standard answer's focus on the broader context of the Industrial Revolution that also includes mass production and urbanization, which are not captured by the MLLM's explanation."
}

Judge results for folder Industrial Revolution(invisible, culture, mutual elements, USAEnglish, English) updated.
Folder: Ephemeral thing(invisible, phenomenon, metaphor, NA, English)
{
    "score_4o": "3",
    "score_reason": "The MLLM's response captures the essence of the standard answer's explanation by focusing on the themes of delicacy and fragility, which are indeed linked to the idea of short-lived or ephemeral items. However, it does not explicitly mention the concept of 'ephemeral,' which is central to the standard answer and thus makes the response somewhat incomplete."
}

Judge results for folder Ephemeral thing(invisible, phenomenon, metaphor, NA, English) updated.
Folder: symbolize the concept of freedom(invisible, phenomenon, metaphor, NA, English)
{
    "score_4o": "3",
    "score_reason": "The MLLM's output captures the essence of the images, focusing on themes of transition and freedom. While it does describe a narrative of liberation from confinement, similar to the standard answer, it emphasizes 'transition' more broadly, rather than specifically identifying 'freedom' as the main concept. However, the overall interpretation aligns closely with the standard answer's focus on freedom and limitless possibilities."
}

Judge results for folder symbolize the concept of freedom(invisible, phenomenon, metaphor, NA, English) updated.
Folder: Sodium Metal(visible, phenomenon, mutual elements, NA, English)
{
    "score_4o": "2",
    "score_reason": "The MLLM's output suggests a vague connection of 'Tranquility' between the two images, which is too broad compared to the specific chemical connection presented in the standard answer. However, it does describe both images in a way that emphasizes calm and peace, indicating an attempt to infer a thematic relation rather than a factual or logical one like 'Sodium Metal.' It does not address the precise chemical basis found in the standard answer."
}

Judge results for folder Sodium Metal(visible, phenomenon, mutual elements, NA, English) updated.
Folder: Tyndall Effect(invisible, phenomenon, mutual elements, East Asia, English)
{
    "score_4o": "2",
    "score_reason": "The MLLM's output captures a broad theme of enchantment and wonder, which relates to the overall mood of the images but does not specifically mention the Tyndall Effect or its scientific explanation as in the standard answer. The output focuses on the narrative and emotional aspect rather than the shared concept of light scattering presented in the standard answer."
}

Judge results for folder Tyndall Effect(invisible, phenomenon, mutual elements, East Asia, English) updated.
Folder: nostalgia(invisible, phenomenon, mutual elements, NA, English)
{
    "score_4o": "2",
    "score_reason": "The MLLM output focuses on the concept of 'Decay and Preservation,' which is related to the visible state of the books, but it does not align with the intended theme of 'nostalgia' and evoking memories. While both themes involve elements of time and history, the MLLM's reasoning doesn't adequately address the concept of nostalgia, as illustrated in the standard answer."
}

Judge results for folder nostalgia(invisible, phenomenon, mutual elements, NA, English) updated.
Folder: Deception(invisible, phenomenon, mutual elements, NA, English)
{
    "score_4o": "2",
    "score_reason": "The MLLM output identifies the relation as 'Imagination and Innocence,' which is not directly aligned with the standard answer 'Deception.' However, it does capture some aspects of magic and performance, though it misses the connection with deception, which is central to the standard answer. The explanation focuses more on the artistic and playful aspects rather than the shared theme of deception in both scenarios, but it does relate to magic. Thus, the score reflects that the reasoning lacks direct alignment with the standard answer's intention."
}

Judge results for folder Deception(invisible, phenomenon, mutual elements, NA, English) updated.
Folder: short-lived phenomena(invisible, phenomenon, mutual elements, NA, English)
{
    "score_4o": "2",
    "score_reason": "The MLLM's output articulates a 'Macro vs. Micro' relationship, focusing on photography perspectives rather than the intended theme of 'short-lived phenomena.' Although the explanation speaks to the difference between a broad view and a close-up image, it doesn't address the core reasoning related to the ephemeral nature of the soap bubble without bringing in any additional relevant facts seen in the standard answer."
}

Judge results for folder short-lived phenomena(invisible, phenomenon, mutual elements, NA, English) updated.
Folder: Placebo effect(invisible, phenomenon, mutual elements, NA, English)
{
    "score_4o": "2",
    "score_reason": "The MLLM output offers an interpretation of the images focused on 'transformation from containment to liberation,' which doesn't align with the standard answer of 'Placebo effect.' The MLLM's explanation centers around the concept of emotions being contained and then liberated, which is a broader theme not directly related to the standard explanation of the placebo effect in medical contexts."
}

Judge results for folder Placebo effect(invisible, phenomenon, mutual elements, NA, English) updated.
Folder: mysterious and unknown dark matter(invisible, phenomenon, relation, NA, English)
{
    "score_4o": "2",
    "score_reason": "The MLLM's output refers to 'Cosmic scale and stellar detail,' which does not directly relate to 'mysterious and unknown dark matter,' as highlighted in the standard answer. The explanation also focuses on the general beauty of the universe and individual stars, missing the key connection to dark matter that is critical to the standard explanation. Consequently, while the response captures some relations to cosmic observations, it does not synthesize the analysis to emphasize dark matter and remains too broad without integrating the specific facts about dark matter discussed in the standard response."
}

Judge results for folder mysterious and unknown dark matter(invisible, phenomenon, relation, NA, English) updated.
Folder: Crop Circles(visible, phenomenon, relation, NA, English)
{
    "score_4o": "2",
    "score_reason": "The MLLM's output describes the relationship as 'Contrast and harmony,' which is too broad and does not align with the specific theme of 'Crop Circles' as stated in the standard answer. However, the explanation addresses the concept of man-made patterns in natural environments, which is somewhat related to crop circles but lacks the specific focus on extraterrestrial theories or crop circle phenomena mentioned in the standard answer."
}

Judge results for folder Crop Circles(visible, phenomenon, relation, NA, English) updated.
Folder: the passage of time(invisible, phenomenon, relation, NA, English)
{
    "score_4o": "2",
    "score_reason": "The MLLM's output discusses themes related to 'Timekeeping and documentation,' which is roughly in line with the 'passage of time' mentioned in the standard answer. However, the explanation provided by the MLLM deviates in its interpretation of the images; instead of referencing decaying fruit, it depicts a hand writing on paper, which is not present in the standard answer. Therefore, the response is broadly aligned but lacks relevant facts that are consistent with the standard answer."
}

Judge results for folder the passage of time(invisible, phenomenon, relation, NA, English) updated.
Folder: Gravity(invisible, phenomenon, mutual elements, NA, English)
{
    "score_4o": "2",
    "score_reason": "The MLLM's output identifies a general connection of 'Intellectualism, scientific discovery' between Newton and Einstein, focusing on their contributions to science and mathematics rather than specifically on the concept of gravity. This explanation lacks references to specific facts, such as the anecdote of Newton under the apple tree and gravity, and Einstein's relationship with gravity through his work on black holes. Therefore, it is too broad and does not align with the more focused standard answer."
}

Judge results for folder Gravity(invisible, phenomenon, mutual elements, NA, English) updated.
No test results found for folder: Perseverance(invisible, phenomenon, mutual elements, NA, English)
Folder: Hope and new beginnings(invisible, phenomenon, metaphor, NA, English)
{
    "score_4o": "2",
    "score_reason": "The MLLM output focuses on the theme of 'loneliness,' which relates to feelings conveyed by nature scenes but does not align with the standard answer's theme of 'hope and new beginnings.' Although both answers are abstract and involve emotional interpretations of images, they emphasize different sentiments. The MLLM's mention of 'vibrant sky' and 'solitude' doesn't align with or include the relevant theme of new beginnings, making the reasoning too broad."
}

Judge results for folder Hope and new beginnings(invisible, phenomenon, metaphor, NA, English) updated.
Folder: 3D(invisible, phenomenon, mutual elements, NA, English)
{
    "score_4o": "2",
    "score_reason": "The MLLM's output describes the relationship as 'Contrast and duality,' which is too broad and not directly related to the standard answer '3D.' The explanation focuses on the design elements of the images rather than the specific context of a solar eclipse and the phenomenon described in the standard answer. It lacks the precise connection to the solar eclipse concept, but the description of the crescent moon is somewhat related to celestial themes."
}

Judge results for folder 3D(invisible, phenomenon, mutual elements, NA, English) updated.
Folder: Supernova(visible, phenomenon, relation, NA, English)
{
    "score_4o": "2",
    "score_reason": "The MLLM's output identifies the relationship as 'Humanity and the cosmos,' which is too broad compared to the specific connection of a 'Supernova' as outlined in the standard answer. The explanation provided does not focus on the creation and distribution of heavy elements by a supernova, and instead emphasizes the broad themes of exploration and discovery in space. Thus, while the response is related to space, it lacks the specific correlation with 'Supernova' described in the standard answer."
}

Judge results for folder Supernova(visible, phenomenon, relation, NA, English) updated.
Folder: Ball lightning(visible, phenomenon, relation, NA, English)
{
    "score_4o": "2",
    "score_reason": "The MLLM output describes the juxtaposition of nature's dynamic and calm aspects captured in the images. It does not directly relate to 'Ball lightning,' a rare atmospheric electrical phenomenon, as specified in the standard answer. Therefore, it provides a broad interpretation without addressing the specific facts or reasoning present in the standard answer, leading to a misalignment with the intended standard explanation."
}

Judge results for folder Ball lightning(visible, phenomenon, relation, NA, English) updated.
Folder: Sun dog(invisible, phenomenon, mutual elements, NA, English)
{
    "score_4o": "2",
    "score_reason": "The MLLM's output identifies a theme of 'Cosmic Contrast,' which is too broad and not related to the specific concept of 'Sun dog' mentioned in the standard answer. Although the explanation captures aspects of celestial phenomena, it does not address or align with the specific idea of Sun dogs as bright spots caused by ice crystals. Without relevant facts, the reasoning does not align with the intended reasoning of the standard answer."
}

Judge results for folder Sun dog(invisible, phenomenon, mutual elements, NA, English) updated.
Folder: Earthquake(invisible, phenomenon, relation, NA, English)
{
    "score_4o": "2",
    "score_reason": "The MLLM's output describes the concept as 'Parallelism,' which is broad and does not show any direct connection to the standard answer of 'Earthquake.' The explanation focuses on the linear structures in both images, which diverges from the intended connection to seismic activity and fault lines. Thus, although the output identifies linear patterns, it lacks the specific context and facts related to 'Earthquake' that align with the standard answer."
}

Judge results for folder Earthquake(invisible, phenomenon, relation, NA, English) updated.
Folder: Migration(invisible, phenomenon, relation, NA, English)
{
    "score_4o": "2",
    "score_reason": "The MLLM's output focuses on the theme of 'Community,' which is broadly relevant to both the flock of birds and the gathering of people. However, it misses the more precise concept of 'Migration' as mentioned in the standard answer. The explanation provided does reflect a general understanding of communal interaction but lacks specific details related to migration as highlighted in the standard answer."
}

Judge results for folder Migration(invisible, phenomenon, relation, NA, English) updated.
Folder: Light pillar(invisible, phenomenon, relation, NA, English)
{
    "score_4o": "2",
    "score_reason": "The MLLM's output identifies a broad theme of 'Urban vs. Natural,' which does not directly relate to the concept of 'Light pillar.' It captures the essence of contrasting environments but fails to mention any relevant facts or reasoning related to light pillars, ice crystals, or vertical beams of light."
}

Judge results for folder Light pillar(invisible, phenomenon, relation, NA, English) updated.
Folder: Cancel Culture(invisible, phenomenon, mutual elements, NA, English)
{
    "score_4o": "2",
    "score_reason": "The MLLM output identifies the theme of 'memory loss or intellectual depletion,' which deviates from the standard answer's theme of 'Cancel Culture.' While the images do suggest a progression from erasure to emptiness, this is broader than the specific socio-cultural commentary on 'Cancel Culture.' The MLLM's explanation touches on cognitive decline, which doesn't align with the erasure of individuals' voices or ideas as described in the standard answer."
}

Judge results for folder Cancel Culture(invisible, phenomenon, mutual elements, NA, English) updated.
Folder: Viral Trend(invisible, phenomenon, mutual elements, NA, English)
{
    "score_4o": "2",
    "score_reason": "The MLLM's response highlights the contrast between the emotions captured in the images, focusing on the active engagement in the first image and the calmness represented in the second. While this interpretation is valid, it doesn't align with the specific reasoning and shared theme ('Viral Trend') as described in the standard answer, which connects both images through their online viral trends."
}

Judge results for folder Viral Trend(invisible, phenomenon, mutual elements, NA, English) updated.
Folder: reinforce opinions(invisible, phenomenon, mutual elements, NA, English)
{
    "score_4o": "2",
    "score_reason": "The MLLM's interpretation of 'Virtual Reality' is related to the concept of created environments and perceived visuals, which is a reasonable interpretation of the images. However, it does not align with the standard answer's focus on 'reinforce opinions' and the concept of an 'echo chamber.' Therefore, while the response is not entirely unrelated, it does lack the specifics and depth of the standard answer."
}

Judge results for folder reinforce opinions(invisible, phenomenon, mutual elements, NA, English) updated.
Folder: Influencer Marketing(invisible, phenomenon, relation, NA, English)
{
    "score_4o": "2",
    "score_reason": "The MLLM output focuses on the theme of 'Childhood Comfort,' drawing a parallel between a child's plush toy and an adult's skincare product as symbols of comfort. However, it doesn't align with the standard answer, which relates the images to 'Influencer Marketing.' The MLLM's interpretation is too broad and unrelated to the marketing theme intended in the standard answer. It fails to incorporate key aspects such as product promotion or sales outcomes, which are central to the concept of influencer marketing."
}

Judge results for folder Influencer Marketing(invisible, phenomenon, relation, NA, English) updated.
Folder: Greenhouse effect(invisible, phenomenon, relation, NA, English)
{
    "score_4o": "2",
    "score_reason": "The MLLM's output relates the images as 'Contrast,' which is too broad and not specific to the 'Greenhouse effect' as outlined in the standard answer. While it touches on themes of environmental degradation and preservation, it doesn't capture the cause-and-effect relationship central to the standard explanation. The MLLM's response lacks relevant facts or direct connections to the greenhouse effect as specified in the standard answer."
}

Judge results for folder Greenhouse effect(invisible, phenomenon, relation, NA, English) updated.
Folder: Magna Carta(invisible, phenomenon, relation, NA, English)
{
    "score_4o": "2",
    "score_reason": "The MLLM's response does not directly connect to the standard answer, which is centered around the historical event of the Magna Carta. Instead, the output refers to 'Luxury and Status' as the relationship and explains the regal and luxurious themes in the imagery. While the explanation accurately describes the opulent imagery, it does not relate it to the Magna Carta. Therefore, the score reflects the disconnect from the intended historical context."
}

Judge results for folder Magna Carta(invisible, phenomenon, relation, NA, English) updated.
Folder: Prayer(invisible, phenomenon, metaphor, NA, English)
{
    "score_4o": "2",
    "score_reason": "The MLLM's output relates the images to 'Emergence of Humanism,' which is too broad compared to the standard answer that directly connects the images to 'Prayer.' The explanation focuses on humanistic ideals, which do not align with the specific imagery of kneeling and open hands symbolizing prayer as described in the standard answer. The MLLM's explanation lacks relevant details about prayer."
}

Judge results for folder Prayer(invisible, phenomenon, metaphor, NA, English) updated.
Folder: Stille Wasser sind tief(invisible, phenomenon, metaphor, Non-English European, German)
{
    "score_4o": "2",
    "score_reason": "The MLLM output relates both images to the concept of 'Reflection' and provides an explanation that connects them through the aesthetic aspects of reflection and tranquility. However, it does not capture the deeper idiomatic meaning of 'Stille Wasser sind tief,' which refers to the hidden depths beneath a calm appearance. While the MLLM addresses surface-level reflection, it does not cover the broader theme of hidden depth, leading to a misalignment with the standard answer."
}

Judge results for folder Stille Wasser sind tief(invisible, phenomenon, metaphor, Non-English European, German) updated.
Folder: Der Apfel fällt nicht weit vom Stamm(invisible, phenomenon, metaphor, Non-English European, German)
{
    "score_4o": "2",
    "score_reason": "The MLLM's output identifies the concept as 'Nature's Bounty,' which does not directly correspond to the standard answer's interpretation involving the German proverb 'Der Apfel fällt nicht weit vom Stamm.' However, it relates to the theme of apples and nature, albeit in a much broader context."
}

Judge results for folder Der Apfel fällt nicht weit vom Stamm(invisible, phenomenon, metaphor, Non-English European, German) updated.
Folder: Man lernt nie aus(invisible, ability, metaphor, Non-English European, German)
{
    "score_4o": "2",
    "score_reason": "The MLLM's output summarizes the relationship as 'Antiquity and knowledge,' which connects to the broader theme of learning but does not identify 'Man lernt nie aus' as specified in the standard answer. Additionally, it mentions books' role in learning but lacks the association with the continuous journey represented by an endless staircase as outlined in the standard explanation."
}

Judge results for folder Man lernt nie aus(invisible, ability, metaphor, Non-English European, German) updated.
Folder: Übung macht den Meister.(invisible, ability, metaphor, Non-English European, German)
{
    "score_4o": "2",
    "score_reason": "The MLLM's output identifies the relation as 'Classical Artistry,' which is too broad compared to the specific connection 'Übung macht den Meister.' The explanation focuses on the artistic craftsmanship and aesthetic appreciation, which diverges from the theme of practice and mastery in the standard answer. The response lacks the relevant facts associated with 'Übung macht den Meister,' like the dedication and practice needed for mastery."
}

Judge results for folder Übung macht den Meister.(invisible, ability, metaphor, Non-English European, German) updated.
Folder: Was Hänschen nicht lernt, lernt Hans nimmermehr(invisible, ability, metaphor, Non-English European, German)
{
    "score_4o": "2",
    "score_reason": "The MLLM's output offers a broad interpretation by contrasting 'Digital vs. Traditional Media,' referring to the act of reading a book compared to using a tablet. Although this provides an alternative perspective of the images, it lacks alignment with the specific reasoning in the standard answer regarding learning potential and missed opportunities as exemplified by 'Was Hänschen nicht lernt, lernt Hans nimmermehr'. Therefore, it is considered too broad without relevant facts from the standard answer."
}

Judge results for folder Was Hänschen nicht lernt, lernt Hans nimmermehr(invisible, ability, metaphor, Non-English European, German) updated.
Folder: Die Welt ist meine Vorstellung(invisible, culture, metaphor, Non-English European, German)
{
    "score_4o": "2",
    "score_reason": "The MLLM's output interprets the relationship as 'Transition or Cycle,' reflecting the stages of artistic creation. However, it lacks the thematic connection to 'Die Welt ist meine Vorstellung,' which ties creativity and the artist's perception of the world. The explanation focuses on the process rather than the philosophical concept of shaping reality through creativity as embodied by the painter's palette and the world."
}

Judge results for folder Die Welt ist meine Vorstellung(invisible, culture, metaphor, Non-English European, German) updated.
Folder: Wer nicht wagt, der nicht gewinnt(invisible, culture, metaphor, Non-English European, German)
{
    "score_4o": "2",
    "score_reason": "The MLLM's output focuses on the contrast between nature and urban settings for balance activities, which is relevant but too broad and does not align with the more specific thematic reasoning in the standard answer. The standard answer highlights the notion of risk and reward, which the MLLM failed to capture, although it correctly identifies elements of skill and balance."
}

Judge results for folder Wer nicht wagt, der nicht gewinnt(invisible, culture, metaphor, Non-English European, German) updated.
Folder: Kaffee und Kuchen(invisible, phenomenon, mutual elements, Non-English European, German)
{
    "score_4o": "3",
    "score_reason": "The MLLM's output identifies the concept as 'Sweet and Savory,' which is roughly correct but less specific than the standard answer 'Kaffee und Kuchen.' The explanation touches on the complementary relationship between dessert and coffee, which is a part of 'Kaffee und Kuchen,' making it somewhat consistent with the standard answer. However, it misses the cultural context and specificity that aligns with 'Kaffee und Kuchen.'"
}

Judge results for folder Kaffee und Kuchen(invisible, phenomenon, mutual elements, Non-English European, German) updated.
Folder: Fachwerkhäuser(invisible, culture, mutual elements, Non-English European, German)
{
    "score_4o": "2",
    "score_reason": "The MLLM's output summarizes the relationship as 'Contrasting landscapes,' focusing on the differences between a historic European town and a vast desert, which is too broad given the context. It does not relate specifically to the cultural or architectural theme of 'Fachwerkhäuser' that is in the standard answer. While it correctly identifies the first image as depicting a historical town, it misses the specific focus on 'Fachwerkhäuser,' and the desert landscape is a clear diversion from the expected theme. Thus, the output does not align with the key points in the standard answer."
}

Judge results for folder Fachwerkhäuser(invisible, culture, mutual elements, Non-English European, German) updated.
Folder: Rotkäppchen und der Wolf(invisible, culture, mutual elements, Non-English European, German)
{
    "score_4o": "2",
    "score_reason": "The MLLM identifies a connection related to 'Nature's tapestry' and themes of solitude and introspection, which diverges from the standard answer related to 'Rotkäppchen und der Wolf.' The interpretation focuses on the visuals and thematic elements rather than directly referencing the fairy tale. Although it does not contain factual inaccuracies, it does not align with the reasoning in the standard answer."
}

Judge results for folder Rotkäppchen und der Wolf(invisible, culture, mutual elements, Non-English European, German) updated.
Folder: Chi dorme non piglia pesci(invisible, culture, mutual elements, Non-English European, Italian)
{
    "score_4o": "2",
    "score_reason": "The MLLM's output identifies themes of rest and relaxation as the connection between the two images, which is somewhat related but too broad compared to the standard answer. It does not touch on the deeper meaning of the proverb 'Chi dorme non piglia pesci' or the specific context of the images indicating opportunity and action versus inaction, crucial to the standard answer's explanation."
}

Judge results for folder Chi dorme non piglia pesci(invisible, culture, mutual elements, Non-English European, Italian) updated.
Folder: Cucina(visible, culture, mutual elements, Non-English European, Italian)
{
    "score_4o": "2",
    "score_reason": "The MLLM's response focuses on the theme of 'Rural Simplicity,' highlighting the use of traditional ingredients and the serene countryside, which is too broad and doesn't align with the specific concept of 'Cucina' that relates to Italian culinary culture as mentioned in the standard answer. The response lacks specific references to Italian cuisine, such as the dish Risotto alla Milanese, which is essential to the standard explanation."
}

Judge results for folder Cucina(visible, culture, mutual elements, Non-English European, Italian) updated.
Folder: Architettura barocca(invisible, culture, mutual elements, Non-English European, Italian)
{
    "score_4o": "3",
    "score_reason": "The MLLM output captures the broad concept of 'Ornamental splendor', which aligns with the elements of Baroque architecture suggested in the standard answer. However, it does not specify the Baroque architecture style or mention the contextual religious or royal elements that are pertinent in the standard reasoning. This results in a similar yet incomplete representation compared to the precise 'Architettura barocca' connection."
}

Judge results for folder Architettura barocca(invisible, culture, mutual elements, Non-English European, Italian) updated.
Folder: Lasciate ogne speranza, voi ch'intrate.(invisible, culture, metaphor, Non-English European, Italian)
{
    "score_4o": "2",
    "score_reason": "The MLLM's output identifies 'Contrast' as the relationship, focusing on the juxtaposition of desolation and tranquility as interpreted from the images. This interpretation is too broad compared to the standard answer, which links them to Dante's Inferno's warning and the theme of hopelessness. The provided explanation does align with this reasoning but does not mention any relevant facts from the standard answer."
}

Judge results for folder Lasciate ogne speranza, voi ch'intrate.(invisible, culture, metaphor, Non-English European, Italian) updated.
Folder: L’abito non fa il monaco(invisible, culture, metaphor, Non-English European, Italian)
{
    "score_4o": "2",
    "score_reason": "The MLLM's output describes the images as identical twins and explains the theme as related to identity and duplication, which is approximately related to the theme of appearances versus character ('L’abito non fa il monaco'). However, it does not address the intended reasoning about appearances not defining character, which is crucial to the standard answer's explanation."
}

Judge results for folder L’abito non fa il monaco(invisible, culture, metaphor, Non-English European, Italian) updated.
Folder: E il naufragar m'è dolce in questo mare.(invisible, culture, mutual elements, Non-English European, Italian)
{
    "score_4o": "2",
    "score_reason": "The MLLM's output describes the images as conveying 'a sense of peace and natural beauty,' which aligns with the tranquility and beauty component in the standard answer. However, it doesn't delve into the melancholy or isolation aspects that are critical in the standard answer and fails to explicitly connect to the theme 'E il naufragar m'è dolce in questo mare.' Therefore, the response is roughly correct but too broad and missing key elements mentioned in the standard answer."
}

Judge results for folder E il naufragar m'è dolce in questo mare.(invisible, culture, mutual elements, Non-English European, Italian) updated.
Folder: Non dire gatto se non ce l'hai nel sacco(invisible, culture, mutual elements, Non-English European, Italian)
{
    "score_4o": "2",
    "score_reason": "The MLLM's output focuses on the visual similarity and the theme of continuity between the two images, describing the scene as 'continuity and consistency.' However, it doesn't address the intended metaphorical connection highlighted in the standard answer about making claims without proof. While the visual description is accurate, the broader conceptual relationship ('Non dire gatto se non ce l'hai nel sacco') is not addressed, making the explanation and reasoning too broad and lacking in relevant thematic context."
}

Judge results for folder Non dire gatto se non ce l'hai nel sacco(invisible, culture, mutual elements, Non-English European, Italian) updated.
Folder: Moda italiana(invisible, phenomenon, mutual elements, Non-English European, Italian)
{
    "score_4o": "2",
    "score_reason": "The MLLM's response focuses on a general theme of 'Casual vs. Formal Fashion,' which captures the contrast in style but doesn't connect to the specific theme of 'Italian fashion,' as mentioned in the standard answer. The explanation does not include relevant facts about Italian fashion, making the relation too broad and unrelated to the standard answer."
}

Judge results for folder Moda italiana(invisible, phenomenon, mutual elements, Non-English European, Italian) updated.
Folder: Canovaccio(invisible, culture, mutual elements, Non-English European, Italian)
{
    "score_4o": "2",
    "score_reason": "The MLLM output broadly addresses the concept of creative expression in urban environments, which is related to the images' themes. However, it lacks specific references to 'Commedia dell'Arte' or 'canovaccio,' which are the key connections in the standard answer. The explanation does not acknowledge the unique theatrical traditions and the role of visual artistry in 'Commedia dell'Arte' that are integral to the relationship outlined in the standard answer."
}

Judge results for folder Canovaccio(invisible, culture, mutual elements, Non-English European, Italian) updated.
Folder: avere culo(invisible, phenomenon, mutual elements, Non-English European, Italian)
{
    "score_4o": "3",
    "score_reason": "The MLLM output summarizes the relation as 'both images focus on the concept of luck and winning in the context of the SuperEnalotto lottery,' which is somewhat aligned with the standard answer 'avere culo,' emphasizing luck. However, it does not touch on the broader theme of cultural significance or the emotional aspects described in the standard answer. The explanation offered by the MLLM mainly focuses on the portrayal of the lottery process, lacking a deeper insight into cultural elements as expressed in the standard answer."
}

Judge results for folder avere culo(invisible, phenomenon, mutual elements, Non-English European, Italian) updated.
Finish: Judge results all saved to ./glm-4v_judge.json
Finish: Combined results all saved to ./glm-4v_test_and_judge.json
