Folder: talking ability(invisible, ability, mutual elements, NA, English)
{
    "score_4o": "3",
    "score_reason": "The MLLM's output accurately describes the relationship between the images as 'Communication,' which is closely related to the standard answer 'talking ability.' It correctly identifies the purpose of the tongue and microphone in communication and speech. However, it lacks the specificity of linking speech to 'talking ability' as explicitly presented in the standard answer."
}

Judge results for folder talking ability(invisible, ability, mutual elements, NA, English) updated.
Folder: running ability(visible, ability, mutual elements, NA, English)
{
    "score_4o": "3",
    "score_reason": "The MLLM's output identifies 'speed' as the relation between the images, which is a similar theme to the standard answer's 'running ability.' The explanation accurately captures the essence of speed through the natural agility of a jaguar and human athleticism, similar to the reasoning in the standard answer, although it lacks specific reference to running ability."
}

Judge results for folder running ability(visible, ability, mutual elements, NA, English) updated.
Folder: jumping ability(invisible, ability, mutual elements, NA, English)
{
    "score_4o": "2",
    "score_reason": "The MLLM's output identifies a general theme of 'Contrast' between the two images, which does not specifically align with the standard answer's focus on 'jumping ability.' However, it does accurately capture the differing nature of the subjects in the images, focusing on human athleticism versus insect characteristics, although it does not mention any relevant facts or specifics about the 'jumping ability' theme highlighted in the standard answer."
}

Judge results for folder jumping ability(invisible, ability, mutual elements, NA, English) updated.
Folder: Painting ability(invisible, ability, relation, NA, English)
{
    "score_4o": "2",
    "score_reason": "The MLLM's output describes the relation as 'creation and reception,' focusing on the process of art creation and appreciation. This is too broad and does not align with the standard answer's focus on 'Painting ability,' which emphasizes the necessary interaction between a hand and a paintbrush for painting. The MLLM's reasoning lacks the specific connection regarding the skill involved in wielding a paintbrush, which is central to the standard explanation."
}

Judge results for folder Painting ability(invisible, ability, relation, NA, English) updated.
Folder: brightness and power(visible, ability, relation, NA, English)
{
    "score_4o": "3",
    "score_reason": "The MLLM output focuses on the theme of illumination, which is indeed a key aspect shared by both images, aligning with the standard answer's emphasis on 'brightness.' However, the MLLM misses the exact analogy related to computing power, which is highlighted in the standard answer. The explanation aligns closely with the standard answer's theme but remains incomplete regarding the contextual analogy of computing power."
}

Judge results for folder brightness and power(visible, ability, relation, NA, English) updated.
Folder: swimming ability(visible, ability, mutual elements, NA, English)
{
    "score_4o": "2",
    "score_reason": "The MLLM's output summarizes the relationship between the images as 'Communication and Respiration,' which is roughly correct but too broad and primarily focuses on unrelated aspects (communication and respiration) rather than the standard answer's focus on 'swimming ability.' The MLLM's response captures general functions of the objects but does not address the intended reasoning related to physical adaptations that enhance swimming ability."
}

Judge results for folder swimming ability(visible, ability, mutual elements, NA, English) updated.
Folder: cooking ability(invisible, ability, mutual elements, NA, English)
{
    "score_4o": "3",
    "score_reason": "The MLLM's output captures the general theme of the 'cooking process'—showing the steak being cooked and the aftermath with burnt residue, suggesting a sequence of events. However, it does not address the underlying evaluation of cooking ability, as highlighted in the standard answer, which contrasts high and low cooking skills."
}

Judge results for folder cooking ability(invisible, ability, mutual elements, NA, English) updated.
Folder: smelling ability(invisible, ability, mutual elements, NA, English)
{
    "score_4o": "1",
    "score_reason": "The MLLM output states that there is 'None' relation and explains the images as 'unrelated,' which indicates uncertainty without addressing the actual connection between a police dog's use of smell and the chemical basis of smell depicted. The certainty expressed in the MLLM's response shows a lack of recognition of the smelling theme presented in the standard answer."
}

Judge results for folder smelling ability(invisible, ability, mutual elements, NA, English) updated.
Folder: writing ability(invisible, ability, mutual elements, NA, English)
{
    "score_4o": "2",
    "score_reason": "The MLLM's output describes the relation as 'contrast between traditional and modern means of communication,' which focuses on the evolution of communication tools rather than the specific theme of 'writing ability' as in the standard answer. The explanation touches on the traditional versus modern aspect but lacks the insight into the spectrum of writing ability, including the notion of carelessness or error-proneness present in the standard explanation."
}

Judge results for folder writing ability(invisible, ability, mutual elements, NA, English) updated.
Folder: vision(invisible, ability, mutual elements, NA, English)
{
    "score_4o": "2",
    "score_reason": "The MLLM's output captures a broad theme of 'the pursuit of knowledge,' but it does not provide relevant facts or reasoning aligned with the standard answer, which focuses on 'vision' and contrasts the presence and absence of sight. The MLLM missed the specific elements of 'vision' as a common theme."
}

Judge results for folder vision(invisible, ability, mutual elements, NA, English) updated.
Folder: Physical Prowess(visible, ability, relation, NA, English)
{
    "score_4o": "2",
    "score_reason": "The MLLM's output summarizes the relationship as 'Contrast,' which is too broad and not aligned with the more specific 'Physical Prowess' in the standard answer. The explanation does not mention any relevant facts from the standard answer related to Simone Biles or the biological foundation of physical prowess and instead focuses on a generic contrast between human achievement and natural beauty."
}

Judge results for folder Physical Prowess(visible, ability, relation, NA, English) updated.
Folder: Mental Acuity(invisible, ability, mutual elements, NA, English)
{
    "score_4o": "3",
    "score_reason": "The MLLM output captures a theme similar to the standard answer by highlighting 'Puzzles and strategy.' While the suggested relation is not identical to 'Mental Acuity,' the explanation effectively covers the mental challenges posed by both the Rubik's cube and chessboard. However, it misses expressing the concept of different facets of mental acuity, which prevents it from being rated as a perfect match."
}

Judge results for folder Mental Acuity(invisible, ability, mutual elements, NA, English) updated.
Folder: Leadership(invisible, ability, mutual elements, NA, English)
{
    "score_4o": "2",
    "score_reason": "The MLLM's output focuses on 'harmony' as the relation, which is not aligned with the standard answer's focus on 'leadership.' However, there is some level of abstraction in both interpretations, as 'harmony' may encompass leadership in the sense of creating unity and order. The explanation, while differing from the standard in focus, does mention elements related to connection and coordination (implying leadership in a broader sense), though it doesn't address the specific points about leadership conveyed in the standard answer."
}

Judge results for folder Leadership(invisible, ability, mutual elements, NA, English) updated.
Folder: physical prowess and control(visible, ability, mutual elements, NA, English)
{
    "score_4o": "2",
    "score_reason": "The MLLM's output identifies a 'contrast' in the images, which is a broad observation compared to the more specific standard answer linking to 'physical prowess and control.' While the explanation provided by the MLLM touches on themes of different human experiences, it does not mention the key aspect of Stephen Hawking's intellectual ability or the ballerina's physical prowess, which are central to the standard answer."
}

Judge results for folder physical prowess and control(visible, ability, mutual elements, NA, English) updated.
Folder: balance ability(visible, ability, mutual elements, NA, English)
{
    "score_4o": "3",
    "score_reason": "The MLLM's response aligns well with the standard answer by focusing on the core themes of 'balance and precision,' which are also central to the standard answer's 'balance ability.' The explanation accurately captures the essence of each image, emphasizing balance, focus, and control. However, it does not explicitly mention 'courage' and 'adaptability,' which are valuable insights found in the standard answer."
}

Judge results for folder balance ability(visible, ability, mutual elements, NA, English) updated.
Folder: growth ability(invisible, ability, mutual elements, NA, English)
{
    "score_4o": "4",
    "score_reason": "The MLLM's output accurately describes the relation as 'Growth,' which aligns well with the standard answer's 'growth ability.' The explanation provided by the MLLM refers to the natural progression and development over time, similar to the standard answer, which talks about different stages and types of growth. Thus, it effectively conveys the intended meaning and reasoning without factual errors."
}

Judge results for folder growth ability(invisible, ability, mutual elements, NA, English) updated.
Folder: management ability(invisible, ability, mutual elements, NA, English)
{
    "score_4o": "3",
    "score_reason": "The MLLM output captures the theme of scheduling, which is part of the standard answer's theme of management ability, specifically in terms of managing time. However, it fails to address work arrangement management or convey the overall message of intertwining time management with work arrangement. The explanation is partially aligned but incomplete regarding the dimension of work arrangement and the holistic management ability."
}

Judge results for folder management ability(invisible, ability, mutual elements, NA, English) updated.
Folder: Communication Skills(invisible, ability, mutual elements, NA, English)
{
    "score_4o": "3",
    "score_reason": "The MLLM's output identifies the relation between the images as 'Communication,' which is roughly correct but broader compared to the standard answer 'Communication Skills.' The explanation covers the general theme of communication, touching on aspects of engagement and exchange of ideas, akin to the standard explanation about public speaking and interpersonal communication but lacking specific mentions of skills like active listening or empathy."
}

Judge results for folder Communication Skills(invisible, ability, mutual elements, NA, English) updated.
Folder: decision-making ability(invisible, ability, mutual elements, NA, English)
{
    "score_4o": "3",
    "score_reason": "The MLLM output is roughly correct and similar to the standard answer but is somewhat incomplete. It accurately associates the connection between playing chess and performing surgery with strategy and decision-making. However, the standard answer focuses specifically on 'decision-making ability,' emphasizing the shared necessity of strong decision-making skills in both situations. The MLLM output identifies strategy but doesn't explicitly highlight the decision-making aspect as prominently as the standard answer."
}

Judge results for folder decision-making ability(invisible, ability, mutual elements, NA, English) updated.
Folder: teamwork ability(invisible, ability, mutual elements, NA, English)
{
    "score_4o": "4",
    "score_reason": "The MLLM output accurately captures the essence of 'teamwork' by explaining the concept through both the rowing team and the ants. It mirrors the standard answer's idea of 'teamwork ability,' emphasizing collective effort and coordination, thereby meeting the required level of intellectual rigor and comprehension."
}

Judge results for folder teamwork ability(invisible, ability, mutual elements, NA, English) updated.
Folder: executive force(invisible, ability, mutual elements, NA, English)
{
    "score_4o": "3",
    "score_reason": "The MLLM output captures the essence of the connection between the government's executive leadership and military preparedness. However, it does not specifically address the concept of 'executive force' or mention the SWAT team as a specific application of force authorized by the executive branch, which is highlighted in the standard answer."
}

Judge results for folder executive force(invisible, ability, mutual elements, NA, English) updated.
Folder: eyesight(invisible, ability, mutual elements, NA, English)
{
    "score_4o": "2",
    "score_reason": "The MLLM's response presents the relationship as 'Freedom,' which is overly broad compared to the specific concept of 'eyesight' described in the standard answer. While the explanation touches on the idea of clarity and vision from the Snellen chart and freedom symbolized by the bird, it does not connect these ideas to 'eyesight' as effectively as the standard answer does. The mention of 'clarity and vision' is related, but the reasoning does not align with the standard answer's focus on eyesight from both human and natural perspectives."
}

Judge results for folder eyesight(invisible, ability, mutual elements, NA, English) updated.
Folder: opportunity and ability(invisible, ability, relation, NA, English)
{
    "score_4o": "3",
    "score_reason": "The MLLM's output captures the theme of the transition from confinement to freedom. While the descriptions touch upon key aspects such as 'open door' symbolizing freedom and 'keys' symbolizing unlocking potential, it does not directly address the connection to skills or talents that is highlighted in the standard answer. However, the metaphor of unlocking new opportunities aligns with the idea of ability."
}

Judge results for folder opportunity and ability(invisible, ability, relation, NA, English) updated.
Folder: Curiosity(invisible, ability, mutual elements, NA, English)
{
    "score_4o": "4",
    "score_reason": "The MLLM's output accurately summarizes the relationship as 'Curiosity' and correctly explains the reasoning. It highlights the cat's curious nature and the magnifying glass's association with close examination driven by curiosity, closely aligning with the standard answer."
}

Judge results for folder Curiosity(invisible, ability, mutual elements, NA, English) updated.
Folder: ability to grow(invisible, ability, relation, NA, English)
{
    "score_4o": "3",
    "score_reason": "The MLLM's output captures the relationship between the images as 'growth,' aligning with the general theme of the standard answer, 'ability to grow.' However, while it correctly outlines the sequence from seeds to seedlings, it doesn't emphasize the aspect of 'potential' in seeds as distinctly as the standard answer. Therefore, it is roughly correct but incomplete."
}

Judge results for folder ability to grow(invisible, ability, relation, NA, English) updated.
Folder: Potential to perform(invisible, ability, metaphor, NA, English)
{
    "score_4o": "2",
    "score_reason": "The MLLM's response describes the theme as 'Stage lighting,' which is related to the content of the images but not aligned with the intended deeper meaning of 'Potential to perform.' The explanation given by the MLLM focuses solely on the technical aspect of stage lighting, lacking the conceptual connection in the standard answer about performance and talent."
}

Judge results for folder Potential to perform(invisible, ability, metaphor, NA, English) updated.
Folder: message passing(visible, ability, mutual elements, NA, English)
{
    "score_4o": "3",
    "score_reason": "The MLLM output is correct in explaining the connection between Morse code key and Morse code chart through the function and purpose of Morse code. However, the relationship and explanation in the standard answer focus on 'message passing'—a broader theme concerning communication. While the MLLM output's relationship is 'Morse Code,' which is accurate, it does not fully encapsulate the overarching theme of 'message passing' as emphasized in the standard answer."
}

Judge results for folder message passing(visible, ability, mutual elements, NA, English) updated.
Folder: Cryptography(invisible, ability, mutual elements, NA, English)
{
    "score_4o": "2",
    "score_reason": "The MLLM's output attempts to relate the two images through the theme of 'past and present,' which is too broad and not relevant to the standard answer of 'Cryptography.' While the MLLM provides a comparison between the images, it does not address the core topic of cryptography or mention relevant facts such as the connection to Alan Turing or the practice of encoding information."
}

Judge results for folder Cryptography(invisible, ability, mutual elements, NA, English) updated.
Folder: Artificial Intelligence(invisible, ability, mutual elements, NA, English)
{
    "score_4o": "4",
    "score_reason": "The MLLM output provides a closely aligned relationship 'Artificial intelligence in gaming' and includes a comprehensive explanation that captures the essence of the standard answer. It describes the role of neural networks in AI and the application of AI in gaming, specifically in the context of a robot playing chess. The explanation is consistent with the reasoning outlined in the standard answer."
}

Judge results for folder Artificial Intelligence(invisible, ability, mutual elements, NA, English) updated.
Folder: repeat function(invisible, ability, mutual elements, NA, English)
{
    "score_4o": "1",
    "score_reason": "The MLLM output does not provide any specific information or explanation that addresses the relation of 'repeat function' between the two image concepts, hence aligns with the criteria for a score of 1."
}

Judge results for folder repeat function(invisible, ability, mutual elements, NA, English) updated.
Folder: the range of capacity(visible, ability, mutual elements, NA, English)
{
    "score_4o": "2",
    "score_reason": "The MLLM's output identifies a 'Contrast' in energy and dynamism between the two images, which is not aligned with the concept of 'the range of capacity' mentioned in the standard answer. The reasoning provided by MLLM does not encompass the idea of capacity as expressed in the standard answer."
}

Judge results for folder the range of capacity(visible, ability, mutual elements, NA, English) updated.
Folder: EasilyBroken(invisible, ability, mutual elements, NA, English)
{
    "score_4o": "3",
    "score_reason": "The MLLM output describes the relation between the images as 'Contrast,' focusing on the ephemeral nature of the soap bubble and the enduring quality of frozen water. This captures part of the theme but misses the specific link to 'fragile' or 'easily broken,' which is emphasized in the standard answer. However, the MLLM successfully identifies the diverse states of matter and nature's forms, aligning broadly with the intended comparison."
}

Judge results for folder EasilyBroken(invisible, ability, mutual elements, NA, English) updated.
Folder: the spectrum of walking ability(invisible, ability, mutual elements, NA, English)
{
    "score_4o": "3",
    "score_reason": "The MLLM's output connects the two images with the concept of 'Recovery,' which is roughly correct but slightly deviated from the standard answer's focus on the 'spectrum of walking ability.' However, the explanation indirectly addresses the intended theme by mentioning 'overcoming challenges or moving forward after an injury or setback,' aligning with the idea of differing walking abilities to some extent."
}

Judge results for folder the spectrum of walking ability(invisible, ability, mutual elements, NA, English) updated.
Folder: different aspect of seeing(invisible, ability, mutual elements, NA, English)
{
    "score_4o": "2",
    "score_reason": "The MLLM output provides a broad interpretation of the relationship as 'a juxtaposition of human emotion and randomness or chance,' which is not aligned with the standard answer concerning different aspects of 'seeing.' While it provides an explanation related to unpredictability and emotional reaction, it does not connect to the concept of alternative ways of seeing, such as tactile reading or Braille."
}

Judge results for folder different aspect of seeing(invisible, ability, mutual elements, NA, English) updated.
Folder: Chinese Culture(invisible, culture, mutual elements, East Asia, English)
{
    "score_4o": "4",
    "score_reason": "The MLLM's output identifies the relationship as 'Cultural Heritage,' which aligns well with the standard answer 'Chinese Culture,' since both terms effectively communicate the link between the Great Wall and red envelopes to Chinese traditions and cultural significance. The explanation given by MLLM accurately reflects key aspects of the standard answer, highlighting the Great Wall's historical importance and the red envelopes' role in Chinese celebrations."
}

Judge results for folder Chinese Culture(invisible, culture, mutual elements, East Asia, English) updated.
Folder: Chinese Art(invisible, culture, mutual elements, East Asia, English)
{
    "score_4o": "2",
    "score_reason": "The MLLM's response highlights 'Contrast between historical artifacts and modern fashion' as the relation, which is different from the standard answer's focus on 'Chinese Art.' While it correctly identifies the Terracotta Army, it incorrectly interprets the second image as modern fashion instead of a traditional Chinese art form. The MLLM's explanation doesn't address the intended connection to Chinese art forms."
}

Judge results for folder Chinese Art(invisible, culture, mutual elements, East Asia, English) updated.
Folder: Thanksgiving(invisible, culture, mutual elements, USAEnglish, English)
{
    "score_4o": "2",
    "score_reason": "The MLLM's output provides a relationship of 'Contrast,' which does not align with the 'Thanksgiving' relation in the standard answer. However, it accurately identifies the distinct nature of the images—one small and possibly organic, the other historical and formal. It lacks the specific context of the Thanksgiving tradition with the wishbone and the historical scene related to the signing of the Mayflower Compact. Therefore, it does not capture the intended explanation and relationship fully."
}

Judge results for folder Thanksgiving(invisible, culture, mutual elements, USAEnglish, English) updated.
Folder: apple(invisible, culture, mutual elements, NA, English)
{
    "score_4o": "0",
    "score_reason": "The MLLM provides an explanation involving Johnny Appleseed, which is factually incorrect in this context. The first image should represent the story of Isaac Newton, not Johnny Appleseed. This incorrect association leads to a factual hallucination regarding the intended meaning of the first image, as per the standard answer."
}

Judge results for folder apple(invisible, culture, mutual elements, NA, English) updated.
Folder: Internet Culture(visible, culture, mutual elements, NA, English)
{
    "score_4o": "2",
    "score_reason": "The MLLM's output interprets the relation as 'Emotion,' focusing on the emotional expressions depicted in the images. While this is a broad and somewhat relevant theme, it misses the more specific context related to 'Internet Culture' as highlighted in the standard answer, where both cat memes and rage comics are significant elements. The output doesn't incorporate key facts about internet humor and communication, which would align more closely with the intended reasoning."
}

Judge results for folder Internet Culture(visible, culture, mutual elements, NA, English) updated.
Folder: Japanese Tradition(invisible, culture, mutual elements, East Asia, English)
{
    "score_4o": "4",
    "score_reason": "The MLLM's output successfully captures the essence of both images as related to 'Japanese Culture,' which aligns with the standard answer's focus on 'Japanese Tradition.' The explanation correctly connects the Japanese Tea Ceremony and Samurai swords to their respective cultural and traditional significance in Japan, providing a coherent understanding in line with the standard answer."
}

Judge results for folder Japanese Tradition(invisible, culture, mutual elements, East Asia, English) updated.
Folder: Lacquer Fan(invisible, culture, relation, East Asia, English)
{
    "score_4o": "2",
    "score_reason": "The MLLM's output summarizes the relation as 'Contrast,' which is not aligned with the standard answer 'Lacquer Fan.' The explanation does not mention any relevant facts related to lacquer or fans that would align with the standard answer. However, it accurately describes the images' visual elements and contrasts, showing some level of understanding."
}

Judge results for folder Lacquer Fan(invisible, culture, relation, East Asia, English) updated.
Folder: African Culture(invisible, culture, mutual elements, other, English)
{
    "score_4o": "3",
    "score_reason": "The MLLM's output describes the relationship as 'Cultural Representation,' which is partially correct and aligns with the theme of African Culture indicated in the standard answer. The explanation correctly acknowledges the musical instrument and traditional attire as aspects of cultural expression, similar to the standard answer's emphasis on music and tradition in African culture. However, it lacks specific identification of the Djembe drum and Kente cloth and does not mention African culture directly, thus making it an incomplete interpretation of the standard answer."
}

Judge results for folder African Culture(invisible, culture, mutual elements, other, English) updated.
Folder: African musical culture(invisible, culture, mutual elements, other, English)
{
    "score_4o": "3",
    "score_reason": "The MLLM's output successfully captures the theme of 'music and cultural expression' in the context of traditional African musical instruments and performances, which aligns closely with the standard answer's focus on African musical culture. However, it doesn't delve into specific elements such as the Griot, kora, or Afrobeat, which are important details in the standard answer."
}

Judge results for folder African musical culture(invisible, culture, mutual elements, other, English) updated.
Folder: Oktoberfest(invisible, culture, mutual elements, Non-English European, English)
{
    "score_4o": "3",
    "score_reason": "The MLLM's output correctly identifies the connection as 'Traditional German cuisine and culture,' which aligns with the theme of traditional German festivals like Oktoberfest, but it does not explicitly mention Oktoberfest. The explanation correctly describes the pretzel and Bavarian attire as traditional German elements, capturing the essence of German heritage, but it does not directly pinpoint the relationship to Oktoberfest."
}

Judge results for folder Oktoberfest(invisible, culture, mutual elements, Non-English European, English) updated.
Folder: Bavarian culture(invisible, culture, relation, Non-English European, English)
{
    "score_4o": "",
    "score_reason": "The MLLM output is incomplete and does not provide a specific relation or explanation to assess. Therefore, a score cannot be assigned."
}

Judge results for folder Bavarian culture(invisible, culture, relation, Non-English European, English) updated.
Folder: Festival of Holi(invisible, culture, mutual elements, South Asia and South-East Asia, English)
{
    "score_4o": "2",
    "score_reason": "The MLLM output identifies a 'Contrast' between the images and elaborates on symbolic interpretations of 'chaos and calm' but does not mention Holi or Krishna, which are key elements in the standard answer. While the explanation provides an abstract connection, it lacks relevant facts from the standard answer, focusing instead on a conceptual view not related to the festival of Holi."
}

Judge results for folder Festival of Holi(invisible, culture, mutual elements, South Asia and South-East Asia, English) updated.
Folder: Samba and Carnival(invisible, culture, mutual elements, Latin American, English)
{
    "score_4o": "2",
    "score_reason": "The MLLM's output connects the images through the broad theme of 'Performance,' which is too general compared to the standard answer's more specific connection of 'Samba and Carnival.' It does not mention the key elements of Samba costumes and the integral role of drums in Samba music related to Carnival. However, it correctly identifies performance as a central theme, which partially aligns with the standard explanation."
}

Judge results for folder Samba and Carnival(invisible, culture, mutual elements, Latin American, English) updated.
Folder: Mateship(invisible, culture, metaphor, other, English)
{
    "score_4o": "1",
    "score_reason": "The MLLM has not provided any specific output to evaluate in terms of relation, explanation, or reasoning. Typically, it would either lead to a response of 'unknown connection,' or express uncertainty, which corresponds to a score of 1 according to the evaluation criteria."
}

Judge results for folder Mateship(invisible, culture, metaphor, other, English) updated.
Folder: Italian Food and Family Traditions(invisible, culture, relation, Latin American, English)
{
    "score_4o": "2",
    "score_reason": "The MLLM output captures the general theme of 'Food,' which is related but much broader than the standard answer's theme 'Italian Food and Family Traditions.' The explanation focuses on food-related experiences but lacks specific facts related to Italian culture, such as the significance of family gatherings and pasta in Italian traditions, which are present in the standard answer."
}

Judge results for folder Italian Food and Family Traditions(invisible, culture, relation, Latin American, English) updated.
Folder: Shakespeare's Globe Theatre(invisible, culture, relation, USAEnglish, English)
{
    "score_4o": "1",
    "score_reason": "The MLLM output does not provide any information or context, such as the images, relation, explanation, or reasoning, to address the standard answer. Therefore, it does not align with the intended reasoning or demonstrate understanding of the imagery described in the standard answer."
}

Judge results for folder Shakespeare's Globe Theatre(invisible, culture, relation, USAEnglish, English) updated.
Folder: Zeus(invisible, culture, mutual elements, other, English)
{
    "score_4o": "1",
    "score_reason": "The MLLM output is completely missing, only providing placeholders such as '[image concept]' and missing any connection or explanation related to the standard answer, 'Zeus.' It is akin to expressing uncertainty as there's no content to evaluate."
}

Judge results for folder Zeus(invisible, culture, mutual elements, other, English) updated.
Folder: Renaissance(invisible, culture, mutual elements, Non-English European, English)
{
    "score_4o": "4",
    "score_reason": "The MLLM's output accurately identifies the relationship as 'Renaissance art,' which aligns with the standard answer 'Renaissance.' The explanation comprehensively covers the essence of both images, emphasizing the humanistic focus, anatomical precision, classical themes, and artistic achievements characteristic of the Renaissance. It correctly highlights Michelangelo's contributions to the era, consistent with the standard reasoning."
}

Judge results for folder Renaissance(invisible, culture, mutual elements, Non-English European, English) updated.
Folder: Industrial Revolution(invisible, culture, mutual elements, USAEnglish, English)
{
    "score_4o": "3",
    "score_reason": "The MLLM's output relates the images to 'Industrialization,' which is roughly correct and similar to 'Industrial Revolution' mentioned in the standard answer, capturing the broader concept. The explanation successfully conveys the connection to steam-powered transportation and industrial growth but lacks specific details about mass production and urbanization from the Industrial Revolution, as stated in the standard answer."
}

Judge results for folder Industrial Revolution(invisible, culture, mutual elements, USAEnglish, English) updated.
Folder: Ephemeral thing(invisible, phenomenon, metaphor, NA, English)
{
    "score_4o": "3",
    "score_reason": "The MLLM's output relates the images through the concept of 'Transition,' which involves the changing states depicted in both imagery. This aligns partially with the standard answer, which emphasizes the transitory nature ('ephemeral') of both the dandelion and the burning candle. While not exactly identical in articulation, both answers touch upon the idea of change and briefly mentioned the nature of the images. Therefore, the MLLM's explanation can be seen as capturing part of the essence conveyed in the standard."
}

Judge results for folder Ephemeral thing(invisible, phenomenon, metaphor, NA, English) updated.
Folder: symbolize the concept of freedom(invisible, phenomenon, metaphor, NA, English)
{
    "score_4o": "3",
    "score_reason": "The MLLM output shares a similar theme with the standard answer, particularly in how it contrasts 'freedom and captivity' through the imagery of a bird and an open landscape. However, it doesn't specifically mention the symbolism of 'liberation from confinement' or 'limitless possibilities' as highlighted in the standard explanation. Therefore, while on the right track, it lacks completeness in capturing the full explanation provided in the standard answer."
}

Judge results for folder symbolize the concept of freedom(invisible, phenomenon, metaphor, NA, English) updated.
Folder: Sodium Metal(visible, phenomenon, mutual elements, NA, English)
{
    "score_4o": "2",
    "score_reason": "The MLLM's output suggests a thematic interpretation of 'warmth and coldness' or 'light and darkness,' which are broad contrasts not directly related to the scientific explanation provided in the standard answer. However, it does recognize the symbolic meanings of the images within a general context, which aligns with generating thematic interpretations. The connection with 'Sodium Metal' and its chemical properties is not captured here."
}

Judge results for folder Sodium Metal(visible, phenomenon, mutual elements, NA, English) updated.
Folder: Tyndall Effect(invisible, phenomenon, mutual elements, East Asia, English)
{
    "score_4o": "1",
    "score_reason": "The MLLM's output lacks any details about the images and fails to establish a clear connection or explanation related to the Tyndall Effect. It essentially provides placeholders rather than a meaningful response."
}

Judge results for folder Tyndall Effect(invisible, phenomenon, mutual elements, East Asia, English) updated.
Folder: nostalgia(invisible, phenomenon, mutual elements, NA, English)
{
    "score_4o": "2",
    "score_reason": "The MLLM's output describes the relation as 'Contrast between Antiquity and Modernity,' which is a broad interpretation and does not align with the standard answer of 'nostalgia.' The explanation focuses on the contrast between aged books and modern sports jerseys but lacks relevant facts related to evoking memories, as mentioned in the standard answer."
}

Judge results for folder nostalgia(invisible, phenomenon, mutual elements, NA, English) updated.
Folder: Deception(invisible, phenomenon, mutual elements, NA, English)
{
    "score_4o": "2",
    "score_reason": "The MLLM's output identifies 'Camouflage' as the relationship between the two images, which is a broader theme and fails to pinpoint the connection to 'Deception' as described in the standard answer. Although it provides an explanation on camouflage, it doesn't align with the intended reasoning related to deception. The output lacks the discussion of deception as a form of trickery or survival mechanism observed in both the magician's and the chameleon's actions."
}

Judge results for folder Deception(invisible, phenomenon, mutual elements, NA, English) updated.
Folder: short-lived phenomena(invisible, phenomenon, mutual elements, NA, English)
{
    "score_4o": "4",
    "score_reason": "The MLLM's output captures the essence of transience as the relation between the images, aligning closely with the standard answer's 'short-lived phenomena.' The explanation provided effectively conveys the shared theme of fleeting moments between soap bubbles and shooting stars, consistent with the standard reasoning regarding their ephemeral nature."
}

Judge results for folder short-lived phenomena(invisible, phenomenon, mutual elements, NA, English) updated.
Folder: Placebo effect(invisible, phenomenon, mutual elements, NA, English)
{
    "score_4o": "1",
    "score_reason": "The MLLM output is missing, thereby responding with insufficient data for evaluation. It is assumed to default to an 'unknown connection' due to incomplete input provided."
}

Judge results for folder Placebo effect(invisible, phenomenon, mutual elements, NA, English) updated.
Folder: mysterious and unknown dark matter(invisible, phenomenon, relation, NA, English)
{
    "score_4o": "2",
    "score_reason": "The MLLM's output emphasizes 'curiosity,' which is related but is too broad and doesn't directly address the specific concept of 'mysterious and unknown dark matter.' The focus on human curiosity, while connected to the theme, fails to capture the more precise relationship outlined by the standard answer."
}

Judge results for folder mysterious and unknown dark matter(invisible, phenomenon, relation, NA, English) updated.
Folder: Crop Circles(visible, phenomenon, relation, NA, English)
{
    "score_4o": "3",
    "score_reason": "The MLLM's output provides a relationship summary of 'Mystery or Alien Influence,' which is directionally accurate but lacks specificity compared to the standard answer's 'Crop Circles.' The explanation adequately conveys the popular association between crop circles and UFOs/alien activity, aligning with the standard answer’s reasoning. However, it does not capture the specificity of UFO landings/activity in connection to crop circles as effectively."
}

Judge results for folder Crop Circles(visible, phenomenon, relation, NA, English) updated.
Folder: the passage of time(invisible, phenomenon, relation, NA, English)
{
    "score_4o": "3",
    "score_reason": "The MLLM's output identifies the relation as 'Time and Decay,' which is somewhat close to the standard answer 'the passage of time.' The explanation effectively captures the symbolism of both the hourglass as a measure of time and the decaying apple as a representation of decay due to the passage of time. The explanation provides a reflection on 'the fleeting nature of existence,' which aligns with the standard answer but adds additional thematic interpretation."
}

Judge results for folder the passage of time(invisible, phenomenon, relation, NA, English) updated.
Folder: Gravity(invisible, phenomenon, mutual elements, NA, English)
{
    "score_4o": "2",
    "score_reason": "The MLLM's output suggests a relationship of 'Contrast,' grounded in the difference between the human experience of reading and cosmic phenomena. However, this interpretation is quite broad and lacks relevant facts. The standard answer identifies 'Gravity' as the connection, with an explanation focused on the anecdotal account of Newton and the foundational principles of gravity in the context of a black hole. The MLLM's response misses these key insights."
}

Judge results for folder Gravity(invisible, phenomenon, mutual elements, NA, English) updated.
Folder: Perseverance(invisible, phenomenon, mutual elements, NA, English)
{
    "score_4o": "4",
    "score_reason": "The MLLM's output accurately captures the essence of the images as symbols of 'Resilience,' paralleling the standard answer's use of 'Perseverance.' It effectively explains the symbolism of both the Sisyphus myth and the plant growing through adversity, aligning closely with the standard reasoning."
}

Judge results for folder Perseverance(invisible, phenomenon, mutual elements, NA, English) updated.
Folder: Hope and new beginnings(invisible, phenomenon, metaphor, NA, English)
{
    "score_4o": "3",
    "score_reason": "The MLLM's output presents the relationship between the images as 'Transition from Darkness to Light,' which is related to the standard answer 'Hope and new beginnings.' The explanation aligns with the idea of moving from darkness to light and overcoming challenges, but it depicts a journey in opposite directions, which is slightly different from the focus on new beginnings and overcoming challenges in the standard answer."
}

Judge results for folder Hope and new beginnings(invisible, phenomenon, metaphor, NA, English) updated.
Folder: 3D(invisible, phenomenon, mutual elements, NA, English)
{
    "score_4o": "2",
    "score_reason": "The MLLM's output describes the 'Phenomena of the Sun and Moon,' which is a broad description compared to the standard answer '3D,' referring to the three-dimensional nature of events like solar eclipses. While the explanation offers relevant information about the crescent moon and solar eclipse, it is too general and lacks the specific reference to the silhouette effect and visible solar corona during an eclipse, which are key elements in the reasoning of the standard answer."
}

Judge results for folder 3D(invisible, phenomenon, mutual elements, NA, English) updated.
Folder: Supernova(visible, phenomenon, relation, NA, English)
{
    "score_4o": "2",
    "score_reason": "The MLLM's output summarizes the relation as 'Scientific phenomena' relating to 'stellar phenomena,' which is reasonably consistent but lacks specificity compared to the standard answer of 'Supernova.' The explanation provides relevant facts about nebulae and nuclear fusion reactions but misses the detailed context of supernovae and their role in stellar evolution, as noted in the standard answer."
}

Judge results for folder Supernova(visible, phenomenon, relation, NA, English) updated.
Folder: Ball lightning(visible, phenomenon, relation, NA, English)
{
    "score_4o": "2",
    "score_reason": "The MLLM's output summarizes the relation as 'Contrast between natural and urban environments during a lightning storm,' which is too broad compared to the standard answer 'Ball lightning.' The explanation focuses on the environmental contrast rather than the specific phenomenon of ball lightning mentioned in the standard answer."
}

Judge results for folder Ball lightning(visible, phenomenon, relation, NA, English) updated.
Folder: Sun dog(invisible, phenomenon, mutual elements, NA, English)
{
    "score_4o": "",
    "score_reason": "Without a specific MLLM output to evaluate, it is impossible to provide a score. Please provide the actual content of the MLLM's response for a proper evaluation."
}

Judge results for folder Sun dog(invisible, phenomenon, mutual elements, NA, English) updated.
Folder: Earthquake(invisible, phenomenon, relation, NA, English)
{
    "score_4o": "4",
    "score_reason": "The MLLM's output correctly summarizes the relationship as 'Earthquake mechanism,' which is consistent with the standard answer 'Earthquake.' The explanation accurately describes the connection between geological faults and seismic waves in the context of earthquakes, similar to the reasoning provided in the standard answer."
}

Judge results for folder Earthquake(invisible, phenomenon, relation, NA, English) updated.
Folder: Migration(invisible, phenomenon, relation, NA, English)
{
    "score_4o": "4",
    "score_reason": "The MLLM's output accurately identifies the relationship as 'Migration.' The explanation regarding birds migrating in response to seasonal changes is consistent with the standard answer. The reasoning about birds adapting to changing environments aligns with the reasoning in the standard answer as well."
}

Judge results for folder Migration(invisible, phenomenon, relation, NA, English) updated.
Folder: Light pillar(invisible, phenomenon, relation, NA, English)
{
    "score_4o": "2",
    "score_reason": "The MLLM's output focuses on 'Natural Phenomena,' which is too broad compared to the specific concept of 'Light pillar' in the standard answer. While it correctly explains Aurora Borealis and snowflake formation, it does not align with the explanation or reasoning of 'Light pillars,' missing key facts that connect the phenomena to the concept of light pillars."
}

Judge results for folder Light pillar(invisible, phenomenon, relation, NA, English) updated.
Folder: Cancel Culture(invisible, phenomenon, mutual elements, NA, English)
{
    "score_4o": "2",
    "score_reason": "The MLLM's output identifies a general theme of 'destruction,' which is relevant to the images and somewhat aligns with the standard answer's depiction of 'cancel culture.' While the explanation connects the damaged brain to intellectual and mental destruction, it does not directly address the specific concept of cancel culture as related to silencing or deplatforming, nor does it recognize the symbolic context of cancel culture mentioned in the standard answer. Thus, the reasoning does not align closely."
}

Judge results for folder Cancel Culture(invisible, phenomenon, mutual elements, NA, English) updated.
Folder: Viral Trend(invisible, phenomenon, mutual elements, NA, English)
{
    "score_4o": "2",
    "score_reason": "The MLLM's output is correct in capturing a contrast between two different types of activities, but it does not address the specific theme of 'Viral Trend' as noted in the standard answer. The explanation lacks focus on the viral nature of both the Ice Bucket Challenge and TikTok dance crazes."
}

Judge results for folder Viral Trend(invisible, phenomenon, mutual elements, NA, English) updated.
Folder: reinforce opinions(invisible, phenomenon, mutual elements, NA, English)
{
    "score_4o": "1",
    "score_reason": "The MLLM output does not provide any information on the relation or explanation for the images. It contains placeholders like '[image concept]' without any substantive description or connection, similar to an expression of uncertainty."
}

Judge results for folder reinforce opinions(invisible, phenomenon, mutual elements, NA, English) updated.
Folder: Influencer Marketing(invisible, phenomenon, relation, NA, English)
{
    "score_4o": "3",
    "score_reason": "The MLLM's output 'Product Endorsement and Sales Growth' is roughly correct and aligns with the standard answer of 'Influencer Marketing,' highlighting the connection between product promotion and sales increase. However, it does not fully capture the 'influencer' aspect emphasized in the standard answer, leading to some incompleteness in summarizing the relationship."
}

Judge results for folder Influencer Marketing(invisible, phenomenon, relation, NA, English) updated.
Folder: Greenhouse effect(invisible, phenomenon, relation, NA, English)
{
    "score_4o": "3",
    "score_reason": "The MLLM's output identifies the relationship as 'Environmental impact,' which is similar to but not as specific as the standard answer, 'Greenhouse effect.' The explanation provided touches on human impact on natural landscapes, aligning with the ideas of environmental change. However, it doesn't explicitly mention the cause-effect relationship of greenhouse gases leading to global warming and glacier melting, which is found in the standard answer."
}

Judge results for folder Greenhouse effect(invisible, phenomenon, relation, NA, English) updated.
Folder: Magna Carta(invisible, phenomenon, relation, NA, English)
{
    "score_4o": "2",
    "score_reason": "The MLLM's output describes a contrast between the past and the present, which is broadly related to the theme of historical significance. However, it does not mention any specific facts related to the Magna Carta or King John at Runnymede, which are central to the standard answer."
}

Judge results for folder Magna Carta(invisible, phenomenon, relation, NA, English) updated.
Folder: Prayer(invisible, phenomenon, metaphor, NA, English)
{
    "score_4o": "3",
    "score_reason": "The MLLM's output identifies a theme of 'reverence and supplication' and discusses the gestures of prayer and connection, similar to the standard answer's theme of 'prayer.' However, the term 'connection' as a relationship is broader than 'prayer,' and the explanation, while reflective of reverence, could more directly focus on the aspect of prayer. Nonetheless, it effectively captures the symbolic gestures and their similarities in expressing a desire for connection or supplication to a higher power."
}

Judge results for folder Prayer(invisible, phenomenon, metaphor, NA, English) updated.
Folder: Stille Wasser sind tief(invisible, phenomenon, metaphor, Non-English European, German)
{
    "score_4o": "1",
    "score_reason": "The MLLM output did not provide any explanation or reasoning. It only includes placeholders like '[image concept]', '[one keyword, phrase or sentence]', and '[1-5 sentences]'. Without additional content, it is analogous to an 'I don't know' response."
}

Judge results for folder Stille Wasser sind tief(invisible, phenomenon, metaphor, Non-English European, German) updated.
Folder: Der Apfel fällt nicht weit vom Stamm(invisible, phenomenon, metaphor, Non-English European, German)
{
    "score_4o": "2",
    "score_reason": "The MLLM's output connects the images through the theme of apple harvest, mentioning harvest and abundance, which is unfocused compared to the standard answer. The standard answer associates the images with the German proverb 'Der Apfel fällt nicht weit vom Stamm,' which is more metaphorical. However, the descriptions of the apples and trees are broadly related."
}

Judge results for folder Der Apfel fällt nicht weit vom Stamm(invisible, phenomenon, metaphor, Non-English European, German) updated.
Folder: Man lernt nie aus(invisible, ability, metaphor, Non-English European, German)
{
    "score_4o": "3",
    "score_reason": "The MLLM's output summarizes the relationship as 'Ascent,' which is similar to the standard answer 'Man lernt nie aus.' It effectively connects the open book to knowledge and learning, like the standard answer. However, while it mentions progress or advancement, it doesn't explicitly capture the concept of the endless nature of 'One never stops learning,' leading to a slightly incomplete interpretation compared to the standard answer."
}

Judge results for folder Man lernt nie aus(invisible, ability, metaphor, Non-English European, German) updated.
Folder: Übung macht den Meister.(invisible, ability, metaphor, Non-English European, German)
{
    "score_4o": "3",
    "score_reason": "The MLLM's output identifies a general theme of 'artistic creation,' which aligns to some extent with the standard answer focused on 'Übung macht den Meister' (practice makes perfect) by emphasizing 'artistry' and 'dedication.' However, while it successfully touches upon the process of artistic creation, it doesn't specifically address the aspect of 'practice' and 'mastery' that the standard answer highlights."
}

Judge results for folder Übung macht den Meister.(invisible, ability, metaphor, Non-English European, German) updated.
Folder: Was Hänschen nicht lernt, lernt Hans nimmermehr(invisible, ability, metaphor, Non-English European, German)
{
    "score_4o": "2",
    "score_reason": "The MLLM output captures a general theme of reading across different life stages, which is broadly related to learning and growth but does not specifically connect to the phrase 'Was Hänschen nicht lernt, lernt Hans nimmermehr.' This phrase refers to the importance of early learning and the consequences of missed opportunities later in life, which are concepts not specifically addressed in the MLLM's explanation."
}

Judge results for folder Was Hänschen nicht lernt, lernt Hans nimmermehr(invisible, ability, metaphor, Non-English European, German) updated.
Folder: Die Welt ist meine Vorstellung(invisible, culture, metaphor, Non-English European, German)
{
    "score_4o": "3",
    "score_reason": "The MLLM's output captures a similar theme of 'artistic creation vs. geographical representation' as the standard answer 'Die Welt ist meine Vorstellung.' The explanation correctly draws parallels between the artist's palette and creativity as well as the globe and the world, aligning with the core concepts of 'imagination' and 'reality.' However, it does not directly refer to the title 'Die Welt ist meine Vorstellung' or provide the identical reasoning pathway linking the concepts together, resulting in a slightly less complete answer compared to the standard."
}

Judge results for folder Die Welt ist meine Vorstellung(invisible, culture, metaphor, Non-English European, German) updated.
Folder: Wer nicht wagt, der nicht gewinnt(invisible, culture, metaphor, Non-English European, German)
{
    "score_4o": "2",
    "score_reason": "The MLLM's output provides a broad concept of 'Contrast,' capturing the different themes of 'adventure' and 'wealth,' but doesn't focus on the specific saying 'Wer nicht wagt, der nicht gewinnt,' which stresses the relationship between taking risks and rewards. Additionally, it doesn't mention specific elements like 'taking risks' or 'rewards' directly related to the standard answer. However, the general themes align somewhat with the idea of risk and reward."
}

Judge results for folder Wer nicht wagt, der nicht gewinnt(invisible, culture, metaphor, Non-English European, German) updated.
Folder: Kaffee und Kuchen(invisible, phenomenon, mutual elements, Non-English European, German)
{
    "score_4o": "3",
    "score_reason": "The MLLM output correctly identifies the theme of social interaction and enjoyment of food in a café setting, which aligns with the concept of 'Kaffee und Kuchen.' However, it lacks a specific connection to 'Kaffee und Kuchen' as a German cultural tradition and does not mention the Black Forest cake, which is a key detail in the standard answer. The output provides a broader explanation that encapsulates the essence of the social aspect, making it roughly correct but incomplete."
}

Judge results for folder Kaffee und Kuchen(invisible, phenomenon, mutual elements, Non-English European, German) updated.
Folder: Fachwerkhäuser(invisible, culture, mutual elements, Non-English European, German)
{
    "score_4o": "3",
    "score_reason": "The MLLM's response correctly identifies the theme of architectural heritage, comparable to the standard answer focused on 'Fachwerkhäuser,' which is German half-timbered houses. The explanation highlights traditional European architecture along with the craftsmanship and engineering, resonating with the core idea. However, it does not explicitly mention 'Fachwerkhäuser,' making the explanation broadly applicable rather than specific to the cultural context in the standard answer."
}

Judge results for folder Fachwerkhäuser(invisible, culture, mutual elements, Non-English European, German) updated.
Folder: Rotkäppchen und der Wolf(invisible, culture, mutual elements, Non-English European, German)
{
    "score_4o": "2",
    "score_reason": "The MLLM output focuses on the theme of nature and discusses harmony and wildness within the forest setting. However, it doesn't identify the more precise narrative connection of 'Rotkäppchen und der Wolf' (Little Red Riding Hood and the Wolf) that is evident in the standard answer. It misses key elements like the red cloak representing Little Red Riding Hood and the wolf being the antagonist in the fairy tale, which aligns more directly with the images provided. Hence, it is too broad and lacks relevant facts related to the correct theme."
}

Judge results for folder Rotkäppchen und der Wolf(invisible, culture, mutual elements, Non-English European, German) updated.
Folder: Chi dorme non piglia pesci(invisible, culture, mutual elements, Non-English European, Italian)
{
    "score_4o": "2",
    "score_reason": "The MLLM's response summarizes the relationship as 'Fishing,' which is too broad compared to the standard answer 'Chi dorme non piglia pesci.' The explanation focuses on the fishing activities depicted in the images but misses the deeper interpretation connected to the proverb about seizing opportunities. The MLLM does not mention any relevant facts or reasoning related to the concept of missing or seizing opportunities as in the standard answer."
}

Judge results for folder Chi dorme non piglia pesci(invisible, culture, mutual elements, Non-English European, Italian) updated.
Folder: Cucina(visible, culture, mutual elements, Non-English European, Italian)
{
    "score_4o": "3",
    "score_reason": "The MLLM's output captures the culinary connection between the images, describing a kitchen setting and a food dish, similar to the standard answer. However, it slightly misses the specific cultural context of 'Italian cuisine' and 'Cucina,' which is crucial in the standard answer. The focus on 'culinary preparation and presentation' is a general observation without emphasizing the Italian cultural elements. Therefore, while it is roughly correct, it does not fully align with the specific context of 'Cucina' as provided in the standard answer."
}

Judge results for folder Cucina(visible, culture, mutual elements, Non-English European, Italian) updated.
Folder: Architettura barocca(invisible, culture, mutual elements, Non-English European, Italian)
{
    "score_4o": "1",
    "score_reason": "The MLLM's response lacks any specific description or analysis of the images provided, as it doesn't mention or explain the images, this suggests it doesn't understand or relate them to the concept of Baroque architecture. Thus, the response does not align with the standard answer."
}

Judge results for folder Architettura barocca(invisible, culture, mutual elements, Non-English European, Italian) updated.
Folder: Lasciate ogne speranza, voi ch'intrate.(invisible, culture, metaphor, Non-English European, Italian)
{
    "score_4o": "2",
    "score_reason": "The MLLM's output describes the relation as 'Contrast,' highlighting the dichotomy between darkness and light, mystery and clarity. While this captures some aspects of the imagery, it does not align with the specific theme and reasoning of the standard answer 'Lasciate ogne speranza, voi ch'intrate,' which focuses on the symbolism of despair and fragile hope linked to Dante's Inferno. The MLLM's reasoning is more general and does not specifically address the quote from Dante as the standard answer does."
}

Judge results for folder Lasciate ogne speranza, voi ch'intrate.(invisible, culture, metaphor, Non-English European, Italian) updated.
Folder: L’abito non fa il monaco(invisible, culture, metaphor, Non-English European, Italian)
{
    "score_4o": "3",
    "score_reason": "The MLLM's output accurately captures part of the intended contrast in the images by focusing on the difference between professional and spiritual attire. The explanation aligns with the theme of contrasting external appearances, which is central to the standard answer's focus on the proverb 'L’abito non fa il monaco.' However, it does not directly reference the proverb itself or its implications on character, making it slightly incomplete."
}

Judge results for folder L’abito non fa il monaco(invisible, culture, metaphor, Non-English European, Italian) updated.
Folder: E il naufragar m'è dolce in questo mare.(invisible, culture, mutual elements, Non-English European, Italian)
{
    "score_4o": "2",
    "score_reason": "The MLLM's output describes the relation as 'Contrast' based on the differing atmospheres depicted in the images, which is broadly relevant but doesn't capture the nuanced connection outlined in the standard answer. The explanation also lacks the specific mention of 'nautical melancholy,' a key theme in the standard answer. The MLLM fails to connect the images to the phrase 'E il naufragar m'è dolce in questo mare,' and does not provide the same depth of interpretation concerning the bittersweet beauty of the sea associated with the mentioned theme."
}

Judge results for folder E il naufragar m'è dolce in questo mare.(invisible, culture, mutual elements, Non-English European, Italian) updated.
Folder: Non dire gatto se non ce l'hai nel sacco(invisible, culture, mutual elements, Non-English European, Italian)
{
    "score_4o": "2",
    "score_reason": "The MLLM's output captures a broad concept of 'Contrast,' focusing on the difference in emotions and activities between the two images. However, it doesn't address the specific phrase 'Non dire gatto se non ce l'hai nel sacco' and the nuanced explanation provided in the standard answer regarding making assertions only with proof. The output lacks key facts from the standard explanation, thus not aligning with the intended reasoning."
}

Judge results for folder Non dire gatto se non ce l'hai nel sacco(invisible, culture, mutual elements, Non-English European, Italian) updated.
Folder: Moda italiana(invisible, phenomenon, mutual elements, Non-English European, Italian)
{
    "score_4o": "2",
    "score_reason": "The MLLM's response identifies a broad theme of 'Craftsmanship in fashion,' which is related to the standard answer's idea of Italian fashion. However, it does not specifically mention 'Italian fashion' or provide any context related to Milan Fashion Week or Italian craftsmanship, which are key components of the standard answer. It focuses more generally on the process of fashion creation and presentation rather than the specific cultural influence of Italy."
}

Judge results for folder Moda italiana(invisible, phenomenon, mutual elements, Non-English European, Italian) updated.
Folder: Canovaccio(invisible, culture, mutual elements, Non-English European, Italian)
{
    "score_4o": "2",
    "score_reason": "The MLLM's output suggests the relationship is 'Contrast,' based on the visual difference between dynamic human activity and static objects, which is not directly related to the standard answer 'Canovaccio.' The explanation does not address the specific link of 'Canovaccio' connecting both images in the context of Commedia dell'Arte performances. The response is too broad and misses the relevant facts mentioned in the standard answer."
}

Judge results for folder Canovaccio(invisible, culture, mutual elements, Non-English European, Italian) updated.
Folder: avere culo(invisible, phenomenon, mutual elements, Non-English European, Italian)
{
    "score_4o": "2",
    "score_reason": "The MLLM's output identifies 'Travel' as the overarching theme, centered on the connection between leisure experiences represented by the SuperEnalotto ticket and a vacation snapshot at the Colosseum. However, it doesn't align closely with the standard answer, which revolves around the concept of luck in Italian culture, as manifested by the lottery and a celebratory feeling at a significant location. The MLLM's explanation lacks relevant facts about the cultural context of 'avere culo' and the notion of luck. Though it touches upon the idea of enjoyment and leisure, it diverges from key elements of luck and fortune highlighted in the standard answer."
}

Judge results for folder avere culo(invisible, phenomenon, mutual elements, Non-English European, Italian) updated.
Finish: Judge results all saved to ./internlm-xcomposer2d5-7b_judge.json
Finish: Combined results all saved to ./internlm-xcomposer2d5-7b_test_and_judge.json
