Folder: talking ability(invisible, ability, mutual elements, NA, English)
{
    "score_4o": "2",
    "score_reason": "The MLLM's output identifies 'Tongue' as the relation, which is directly related to the images described. However, it misses the deeper connection to 'talking ability' outlined in the standard answer. The explanation focuses on the physical depiction of the tongue rather than its role in speech, aligning only partially with aspects of the intended standard reasoning."
}

Judge results for folder talking ability(invisible, ability, mutual elements, NA, English) updated.
Folder: running ability(visible, ability, mutual elements, NA, English)
{
    "score_4o": "2",
    "score_reason": "The MLLM's output focuses on the similarity of the images (of a cheetah running) and labels them as 'the same,' which isn't precisely aligned with the standard answer that emphasizes 'running ability.' However, while it correctly identifies the speed and motion of the cheetah, the provided reasoning does not capture the specific connection to 'running ability' or Usain Bolt mentioned in the standard answer."
}

Judge results for folder running ability(visible, ability, mutual elements, NA, English) updated.
Folder: jumping ability(invisible, ability, mutual elements, NA, English)
{
    "score_4o": "0",
    "score_reason": "The MLLM's output incorrectly identifies the relationship between the images as 'the same image,' focusing on the visual similarities and providing a detailed description of the man's appearance and action rather than addressing the essential conceptual connection related to 'jumping ability.' This represents a factual hallucination as it doesn't align with the intended explanation around Michael Jordan and flea's jumping abilities."
}

Judge results for folder jumping ability(invisible, ability, mutual elements, NA, English) updated.
Folder: Painting ability(invisible, ability, relation, NA, English)
{
    "score_4o": "2",
    "score_reason": "The MLLM's output identifies the common element as 'Paintbrush,' which is correct in terms of object recognition but doesn't sufficiently capture the deeper concept of 'Painting ability,' as mentioned in the standard answer. While the MLLM recognizes the paintbrush as the main object and mentions the painting process, it lacks the insight regarding the role of skill or 'ability.'"
}

Judge results for folder Painting ability(invisible, ability, relation, NA, English) updated.
Folder: brightness and power(visible, ability, relation, NA, English)
{
    "score_4o": "2",
    "score_reason": "The MLLM's response accurately identifies the objects in the images as light bulbs, but it fails to address the conceptual analogy related to 'brightness and power' as outlined in the standard answer. The explanation provided is overly focused on the visual similarity between the two images without delving into the broader relation of computing power as depicted in the standard answer."
}

Judge results for folder brightness and power(visible, ability, relation, NA, English) updated.
Folder: swimming ability(visible, ability, mutual elements, NA, English)
{
    "score_4o": "0",
    "score_reason": "The MLLM response contains a factual hallucination, as it incorrectly describes the image content as microphones, while the standard answer refers to images related to swimming ability involving dolphins and fish. The MLLM output does not align with the theme or content described in the standard answer. Therefore, it must receive a score of 0 for the hallucination."
}

Judge results for folder swimming ability(visible, ability, mutual elements, NA, English) updated.
Folder: cooking ability(invisible, ability, mutual elements, NA, English)
{
    "score_4o": "0",
    "score_reason": "The MLLM output incorrectly identifies the two images as being identical, which contradicts the standard answer. The standard answer describes the images as illustrating different cooking abilities: one image showing a perfectly seared steak and the other showing burnt contents, representing a spectrum of cooking proficiency. The MLLM's explanation contains fabricated content, as it fails to acknowledge any differences between the two images, thus receiving a score of 0 for factual hallucination."
}

Judge results for folder cooking ability(invisible, ability, mutual elements, NA, English) updated.
Folder: smelling ability(invisible, ability, mutual elements, NA, English)
{
    "score_4o": "2",
    "score_reason": "The MLLM output describes a vague relationship labeled as 'Nature,' which is overly broad and doesn't capture the specific theme of 'smelling ability' found in the standard answer. However, it correctly identifies the outdoor setting in the images, making it somewhat related but lacking in addressing the intended reasoning related to smell."
}

Judge results for folder smelling ability(invisible, ability, mutual elements, NA, English) updated.
Folder: writing ability(invisible, ability, mutual elements, NA, English)
{
    "score_4o": "2",
    "score_reason": "The MLLM's output correctly identifies both images as writing utensils but misses the nuanced connection highlighted in the standard answer, which is about 'writing ability' rather than just 'writing.' The explanation focuses on the traditional versus modern aspect of writing tools but lacks the deeper insight into writing ability and carelessness that the standard answer provides."
}

Judge results for folder writing ability(invisible, ability, mutual elements, NA, English) updated.
Folder: vision(invisible, ability, mutual elements, NA, English)
{
    "score_4o": "2",
    "score_reason": "The MLLM output associates the images with the theme 'Observing the stars' and focuses on the act of using telescopes to observe the night sky. However, this interpretation misses the deeper conceptual theme of 'vision' in both the presence and absence of sight as described in the standard answer, making the MLLM output only roughly correct but too broad."
}

Judge results for folder vision(invisible, ability, mutual elements, NA, English) updated.
Folder: Physical Prowess(visible, ability, relation, NA, English)
{
    "score_4o": "0",
    "score_reason": "The MLLM output describes the images as gymnastic and trampoline activities, which significantly diverges from the standard answer. It erroneously identifies the images and does not address the concept of 'Physical Prowess' or involve Simone Biles or muscle fibers, leading to factuality hallucination in its explanations."
}

Judge results for folder Physical Prowess(visible, ability, relation, NA, English) updated.
Folder: Mental Acuity(invisible, ability, mutual elements, NA, English)
{
    "score_4o": "2",
    "score_reason": "The MLLM's output focuses on the superficial observation that both images are diagrams of Rubik's cubes, which is technically true but misses the deeper conceptual link related to 'Mental Acuity.' The answer is too broad and doesn't address the underlying reasoning related to mental skills. However, it avoids factual hallucinations or erroneous information, so it cannot be scored a 0."
}

Judge results for folder Mental Acuity(invisible, ability, mutual elements, NA, English) updated.
Folder: Leadership(invisible, ability, mutual elements, NA, English)
{
    "score_4o": "0",
    "score_reason": "The MLLM output contains factual errors in its explanation. It incorrectly identifies two images as the same scene of a wolf howling at the moon, with one being a painting and the other a photograph. It does not reference the distinctive themes of leadership or a conductor leading an orchestra as seen in the standard answer. This represents a clear discrepancy with the actual content described in the standard answer."
}

Judge results for folder Leadership(invisible, ability, mutual elements, NA, English) updated.
Folder: physical prowess and control(visible, ability, mutual elements, NA, English)
{
    "score_4o": "0",
    "score_reason": "The MLLM entirely misses the standard answer's theme of 'physical prowess and control' and instead focuses solely on the visual aspect of the images, describing them both as featuring a man in a wheelchair. The explanation is incorrect and lacks the depth and insight provided by the standard answer, which connects the images to Stephen Hawking and a ballerina en pointe, highlighting different forms of human ability."
}

Judge results for folder physical prowess and control(visible, ability, mutual elements, NA, English) updated.
Folder: balance ability(visible, ability, mutual elements, NA, English)
{
    "score_4o": "2",
    "score_reason": "The MLLM's output identifies 'Gymnastics' as the relation, which is a relevant but overly broad theme. It fails to highlight the specific connection of balance ability that is emphasized in the standard answer. Additionally, the explanation inaccurately suggests that the woman in the red dress is related to gymnastics or a gymnastics event, differing from the standard reference to a tightrope walker, thereby not aligning with the intended reasoning."
}

Judge results for folder balance ability(visible, ability, mutual elements, NA, English) updated.
Folder: growth ability(invisible, ability, mutual elements, NA, English)
{
    "score_4o": "2",
    "score_reason": "The MLLM's response is fairly aligned with the theme of growth, but it does not mention the concept of a child's growth chart, which is a key aspect of the standard answer provided. Instead, it focuses solely on plant growth, missing the broader idea of different types of growth depicted in the standard answer."
}

Judge results for folder growth ability(invisible, ability, mutual elements, NA, English) updated.
Folder: management ability(invisible, ability, mutual elements, NA, English)
{
    "score_4o": "2",
    "score_reason": "The MLLM's response identifies 'colorful' as the relation between the images, which is too broad and does not align with the standard answer focused on 'management ability.' Furthermore, the explanation does not incorporate relevant facts about management skills that link both images."
}

Judge results for folder management ability(invisible, ability, mutual elements, NA, English) updated.
Folder: Communication Skills(invisible, ability, mutual elements, NA, English)
{
    "score_4o": "1",
    "score_reason": "The MLLM output repeats the idea of a woman standing on a stage without providing any insight into the theme or explanation relevant to communication skills. It does not acknowledge the potential interpretation of strong communication skills through representation of public speaking or active listening."
}

Judge results for folder Communication Skills(invisible, ability, mutual elements, NA, English) updated.
Folder: decision-making ability(invisible, ability, mutual elements, NA, English)
{
    "score_4o": "2",
    "score_reason": "The MLLM's response accurately identifies that both images depict chess, which aligns with the depiction in the images but not with the deeper connection outlined in the standard answer regarding decision-making abilities. The explanation lacks the insight about complex decision-making skills shared between chess playing and surgery, which is the key theme in the standard answer."
}

Judge results for folder decision-making ability(invisible, ability, mutual elements, NA, English) updated.
Folder: teamwork ability(invisible, ability, mutual elements, NA, English)
{
    "score_4o": "2",
    "score_reason": "The MLLM output correctly identifies the visual element of 'rowing' but misses the conceptual connection of 'teamwork ability' described in the standard answer. While it captures facts about both images, it fails to provide the deeper thematic link related to teamwork that aligns with the standard explanation."
}

Judge results for folder teamwork ability(invisible, ability, mutual elements, NA, English) updated.
Folder: executive force(invisible, ability, mutual elements, NA, English)
{
    "score_4o": "0",
    "score_reason": "The MLLM incorrectly assumed that both images are identical seals of the President of the United States, providing a repetitive explanation specifically describing the seal's features. However, the standard answer indicates that the second image is actually of a SWAT team, not another presidential seal. This constitutes a factual hallucination in the explanation, leading to a score of 0."
}

Judge results for folder executive force(invisible, ability, mutual elements, NA, English) updated.
Folder: eyesight(invisible, ability, mutual elements, NA, English)
{
    "score_4o": "2",
    "score_reason": "The MLLM output focuses on the similarity between two images of eye charts, both used for visual acuity testing, which captures the idea of measures related to vision. However, it misses the broader context connecting to the concept of eyesight as highlighted in the standard answer, which involves the aspect of a hawk's exceptional eyesight. The MLLM's answer does not address the key element of eyesight in nature that the standard answer mentions."
}

Judge results for folder eyesight(invisible, ability, mutual elements, NA, English) updated.
Folder: opportunity and ability(invisible, ability, relation, NA, English)
{
    "score_4o": "2",
    "score_reason": "The MLLM correctly identifies the basic similarity between the two images but remains too broad and lacks the deeper thematic elements of 'opportunity and ability' as expressed in the standard answer. It describes the rooms visually rather than conceptually tying the open doors to the theme of opportunity and requiring a key, representing skill, to signify ability."
}

Judge results for folder opportunity and ability(invisible, ability, relation, NA, English) updated.
Folder: Curiosity(invisible, ability, mutual elements, NA, English)
{
    "score_4o": "2",
    "score_reason": "The MLLM recognizes the direct content of the images, noting the cats' behavior. However, its response is too specific and misses the abstraction needed to connect with the standard answer's theme of 'curiosity.' It doesn't connect the theme to cats' inquisitive nature or the concept of exploration, which is central to the standard answer."
}

Judge results for folder Curiosity(invisible, ability, mutual elements, NA, English) updated.
Folder: ability to grow(invisible, ability, relation, NA, English)
{
    "score_4o": "0",
    "score_reason": "The MLLM output identifies 'Identical' as the relation between the images, based on a visual analysis that indicates the same scene repeatedly. However, this approach is factually incorrect because the standard answer specifies the theme of 'ability to grow,' relating to the potential represented by a seed."
}

Judge results for folder ability to grow(invisible, ability, relation, NA, English) updated.
Folder: Potential to perform(invisible, ability, metaphor, NA, English)
{
    "score_4o": "2",
    "score_reason": "The MLLM's output identifies the relationship as 'Stage,' which is related but misses the thematic depth 'Potential to perform' as mentioned in the standard answer. The explanation correctly describes the elements in the image but does not touch on the concept of opportunity or talent implied by the stage and spotlight in the standard answer."
}

Judge results for folder Potential to perform(invisible, ability, metaphor, NA, English) updated.
Folder: message passing(visible, ability, mutual elements, NA, English)
{
    "score_4o": "0",
    "score_reason": "The MLLM incorrectly identifies the content of both images as the same scene, focusing on a physical description that does not align with the standard answer. It includes fabricated content, as both images should not be depicting the same hand and device, based on the standard answer provided. The standard answer revolves around the concept of 'message passing' through Morse code, which the MLLM completely misses."
}

Judge results for folder message passing(visible, ability, mutual elements, NA, English) updated.
Folder: Cryptography(invisible, ability, mutual elements, NA, English)
{
    "score_4o": "0",
    "score_reason": "The MLLM provides incorrect information by describing both images as identical depictions of a pink notebook with a pen, failing to mention any relevant facts or themes related to cryptography. This deviates significantly from the standard answer, which connects the images to cryptography through a locked diary and Alan Turing's historical involvement in breaking the Enigma code."
}

Judge results for folder Cryptography(invisible, ability, mutual elements, NA, English) updated.
Folder: Artificial Intelligence(invisible, ability, mutual elements, NA, English)
{
    "score_4o": "2",
    "score_reason": "The MLLM output mentioned similar neural network diagrams with multiple layers and connections, which broadly relates to 'Artificial Intelligence,' but it did not identify the specific connection that one diagram represents the underlying structure of AI systems, while the other showcases a practical application, as indicated in the standard answer."
}

Judge results for folder Artificial Intelligence(invisible, ability, mutual elements, NA, English) updated.
Folder: repeat function(invisible, ability, mutual elements, NA, English)
{
    "score_4o": "1",
    "score_reason": "The MLLM responds with 'Identical,' indicating a surface-level connection based on the visual similarity of two symbols without delving into the relationship described in the standard answer related to the 'repeat function.' Essentially, the connection between the images was overlooked, and the evaluation stayed at face value."
}

Judge results for folder repeat function(invisible, ability, mutual elements, NA, English) updated.
Folder: the range of capacity(visible, ability, mutual elements, NA, English)
{
    "score_4o": "2",
    "score_reason": "The MLLM output focuses on themes related to 'football stadium' and 'crowd' without addressing the intended relationship of 'capacity.' The concept of capacity is central to the standard answer, representing a full stadium versus an empty teacup, which the MLLM misses. However, the output generally describes scenes involving large stadiums and crowds, which can indirectly relate to the concept of capacity, albeit broadly."
}

Judge results for folder the range of capacity(visible, ability, mutual elements, NA, English) updated.
Folder: EasilyBroken(invisible, ability, mutual elements, NA, English)
{
    "score_4o": "2",
    "score_reason": "The MLLM's output correctly identifies the concept of soap bubbles in both images, focusing on the soap bubble and its creation process using a wand. However, it does not address the broader, thematic concept of fragility, which is key in the standard answer's 'EasilyBroken' relation. The MLLM explanation lacks the connection to the broader metaphorical meaning of fragility associated with both soap bubbles and thin ice."
}

Judge results for folder EasilyBroken(invisible, ability, mutual elements, NA, English) updated.
Folder: the spectrum of walking ability(invisible, ability, mutual elements, NA, English)
{
    "score_4o": "0",
    "score_reason": "The MLLM output fails to mention any connection to the concept of walking ability, which is central to the standard answer. Additionally, it repeatedly describes the images without establishing any relevant relationship to the standard explanation. Thus, there is a significant discrepancy in conveying the proper relation, resulting in an incorrect interpretation."
}

Judge results for folder the spectrum of walking ability(invisible, ability, mutual elements, NA, English) updated.
Folder: different aspect of seeing(invisible, ability, mutual elements, NA, English)
{
    "score_4o": "1",
    "score_reason": "The MLLM responds with 'The same image,' indicating that the two images do not have different connotations, which is incorrect, and does not align with the standard answer. It reflects a complete misunderstanding of the intended standard reasoning, which connects the two images through different aspects of perception and understanding."
}

Judge results for folder different aspect of seeing(invisible, ability, mutual elements, NA, English) updated.
Folder: Chinese Culture(invisible, culture, mutual elements, East Asia, English)
{
    "score_4o": "2",
    "score_reason": "The MLLM's output summarizes the relationship as 'Great Wall of China,' focusing solely on the images of the Great Wall itself, and does not mention any aspects of Chinese culture or traditions reflected in the standard answer. The explanation provided is relevant in a context isolated to the Great Wall of China, but it lacks the broader connection to Chinese culture as intended by the standard answer."
}

Judge results for folder Chinese Culture(invisible, culture, mutual elements, East Asia, English) updated.
Folder: Chinese Art(invisible, culture, mutual elements, East Asia, English)
{
    "score_4o": "2",
    "score_reason": "The MLLM output describes the two images as identical depictions of terracotta soldiers standing in a pit. However, it does not align with the standard answer, which refers to variations in forms of Chinese art, including the Terracotta Army and silk painting. The MLLM's interpretation is too narrow and doesn't address the broader context of Chinese art presented in the standard answer."
}

Judge results for folder Chinese Art(invisible, culture, mutual elements, East Asia, English) updated.
Folder: Thanksgiving(invisible, culture, mutual elements, USAEnglish, English)
{
    "score_4o": "2",
    "score_reason": "The MLLM output identifies the common element in the images as 'Bone,' which relates to the visual content but misses the deeper thematic connection to 'Thanksgiving.' The explanation also lacks any reference to the significance of the bone as a wishbone or the historical context related to Thanksgiving, making it too broad and not connected to the standard answer's intended reasoning."
}

Judge results for folder Thanksgiving(invisible, culture, mutual elements, USAEnglish, English) updated.
Folder: apple(invisible, culture, mutual elements, NA, English)
{
    "score_4o": "0",
    "score_reason": "The MLLM fails to recognize the iconic cultural and historical significance of the images as indicated in the standard answer, such as the story of Isaac Newton and Apple Inc.'s logo. Instead, it repeatedly and incorrectly describes both images merely as 'a man sitting under an apple tree,' which misses the critical connections entirely."
}

Judge results for folder apple(invisible, culture, mutual elements, NA, English) updated.
Folder: Internet Culture(visible, culture, mutual elements, NA, English)
{
    "score_4o": "0",
    "score_reason": "The MLLM output contains incorrect conclusions regarding the identity and relationship of the images. It assumes that both images simply show a cat and are the same, missing the broader context of internet culture as stated in the standard answer. Additionally, it provides no specific connection to the true standard reasoning or explanation, leading to a misunderstanding."
}

Judge results for folder Internet Culture(visible, culture, mutual elements, NA, English) updated.
Folder: Japanese Tradition(invisible, culture, mutual elements, East Asia, English)
{
    "score_4o": "0",
    "score_reason": "The MLLM's output incorrectly describes the contents of the images. It describes both images as depicting a person sitting on the floor, which does not correspond to the standard answer that identifies the images with aspects of 'Japanese Tradition,' specifically the tea ceremony and samurai sword. Therefore, the MLLM's output contains factual hallucinations in its explanation."
}

Judge results for folder Japanese Tradition(invisible, culture, mutual elements, East Asia, English) updated.
Folder: Lacquer Fan(invisible, culture, relation, East Asia, English)
{
    "score_4o": "2",
    "score_reason": "The MLLM output identifies the relation as 'Fruit,' which is aligned with the images depicting grapes and berries. However, it doesn't address or align with the concept of 'Lacquer Fan' from the standard answer. The MLLM explanation is too broad and doesn't connect to the standard reasoning."
}

Judge results for folder Lacquer Fan(invisible, culture, relation, East Asia, English) updated.
Folder: African Culture(invisible, culture, mutual elements, other, English)
{
    "score_4o": "0",
    "score_reason": "The MLLM output incorrectly identifies the images as identical and focuses solely on the visible similarity, failing to capture the cultural significance outlined in the standard answer. Moreover, it repeatedly states the same explanation multiple times without addressing the core theme of 'African Culture' represented by the Djembe drum and Kente cloth as described in the standard answer."
}

Judge results for folder African Culture(invisible, culture, mutual elements, other, English) updated.
Folder: African musical culture(invisible, culture, mutual elements, other, English)
{
    "score_4o": "2",
    "score_reason": "The MLLM output identifies the similar presence of a 'large stringed instrument' in both images, correctly connecting this to music and musical performance, but it doesn't encompass the cultural significance explained in the standard answer. The standard answer relates the images to 'African musical culture', mentioning specific cultural and musical context like the Griot, Kora, and Afrobeat. As such, the evaluation is too broad and lacks the cultural relevance provided in the standard answer."
}

Judge results for folder African musical culture(invisible, culture, mutual elements, other, English) updated.
Folder: Oktoberfest(invisible, culture, mutual elements, Non-English European, English)
{
    "score_4o": "0",
    "score_reason": "The MLLM misinterpreted the content of the second image as identical to the first, both showing pretzels, which diverges from the standard answer's description involving a Bavarian Dirndl. The reasoning fails to connect the images to the concept of Oktoberfest, as outlined in the standard answer, tying together the traditional food and attire associated with the festival. Therefore, the response includes erroneous information in its explanation."
}

Judge results for folder Oktoberfest(invisible, culture, mutual elements, Non-English European, English) updated.
Folder: Bavarian culture(invisible, culture, relation, Non-English European, English)
{
    "score_4o": "0",
    "score_reason": "The MLLM's response describes both images as 'snowy mountain peaks' and suggests a theme of 'winter landscapes and natural beauty,' which is not related to the standard answer. The standard answer refers to Bavarian culture with references to Lederhosen and beer steins, none of which are mentioned or even implied in the MLLM's explanation. The MLLM output does not align with the intended reasoning of Bavarian cultural symbols associated with the images, leading to a factually incorrect explanation."
}

Judge results for folder Bavarian culture(invisible, culture, relation, Non-English European, English) updated.
Folder: Festival of Holi(invisible, culture, mutual elements, South Asia and South-East Asia, English)
{
    "score_4o": "2",
    "score_reason": "The MLLM's output identifies the theme of 'Colorful,' which is somewhat related due to the vibrant colors seen in both images but does not accurately capture the specific cultural connection to the 'Festival of Holi' as detailed in the standard answer. The explanation mentions the colors, but it overlooks the deeper cultural significance related to the festival and the figures associated with it."
}

Judge results for folder Festival of Holi(invisible, culture, mutual elements, South Asia and South-East Asia, English) updated.
Folder: Samba and Carnival(invisible, culture, mutual elements, Latin American, English)
{
    "score_4o": "0",
    "score_reason": "The MLLM provides an erroneous explanation by asserting that the images show the 'same image' of a 'woman in a pink dress with feathers.' In reality, the standard answer connects the images to 'Samba and Carnival,' focusing on elements like sequins, feathers, and Samba music, none of which are identified in the MLLM's response. Therefore, the explanation contains factual hallucination."
}

Judge results for folder Samba and Carnival(invisible, culture, mutual elements, Latin American, English) updated.
Folder: Mateship(invisible, culture, metaphor, other, English)
{
    "score_4o": "0",
    "score_reason": "The MLLM output contains incorrect information. It describes the images as the same, showing a beige hat with a brown band, and suggests that the second image is a duplicate of the first. This is not consistent with the standard answer, which connects the images to 'Mateship.' Additionally, there is a lack of explanation relating to the cultural significance of the hat and mateship, as outlined in the standard answer. The MLLM fails to capture the theme of mateship and incorrectly labels the images as identical."
}

Judge results for folder Mateship(invisible, culture, metaphor, other, English) updated.
Folder: Italian Food and Family Traditions(invisible, culture, relation, Latin American, English)
{
    "score_4o": "2",
    "score_reason": "The MLLM's output captures the theme of 'eating' but does not specify the cultural or traditional context present in the standard answer. While it correctly identifies the common action of eating, it misses the deeper relationship to Italian culture and family traditions, which is central to the standard explanation."
}

Judge results for folder Italian Food and Family Traditions(invisible, culture, relation, Latin American, English) updated.
Folder: Shakespeare's Globe Theatre(invisible, culture, relation, USAEnglish, English)
{
    "score_4o": "2",
    "score_reason": "The MLLM correctly identifies the buildings in the images having green roofs as their main feature but does not capture the significant relationship or thematic reasoning provided in the standard answer, which links them to 'Shakespeare's Globe Theatre.' The output is broad and misses any of the relevant facts that align with the intended context of the standard answer."
}

Judge results for folder Shakespeare's Globe Theatre(invisible, culture, relation, USAEnglish, English) updated.
Folder: Zeus(invisible, culture, mutual elements, other, English)
{
    "score_4o": "2",
    "score_reason": "The MLLM's output accurately describes the visual content of the images—both depicting a lightning storm. However, it does not align with the deeper symbolic connection presented in the standard answer, which ties the lightning to Zeus in Greek mythology. It correctly acknowledges the presence of lightning but misses the mythological context entirely, making it a broadly correct but too generic interpretation."
}

Judge results for folder Zeus(invisible, culture, mutual elements, other, English) updated.
Folder: Renaissance(invisible, culture, mutual elements, Non-English European, English)
{
    "score_4o": "1",
    "score_reason": "The MLLM's output identifies the relationship as 'Both are statues,' even though it has duplicated the same content multiple times. It fails to express any understanding beyond the observation that both images show statues and does not relate to the more profound context of the Renaissance, nor does it engage with any historical or artistic concepts as outlined in the standard answer."
}

Judge results for folder Renaissance(invisible, culture, mutual elements, Non-English European, English) updated.
Folder: Industrial Revolution(invisible, culture, mutual elements, USAEnglish, English)
{
    "score_4o": "2",
    "score_reason": "The MLLM's response identifies the common theme of 'Trains' between the two images, which is a roughly correct but overly simplistic interpretation compared to the standard answer. The standard answer highlights the broader context of the 'Industrial Revolution,' focusing on the technological and societal changes. The MLLM's explanation lacks this depth and insight, making no mention of the Industrial Revolution, but it does accurately describe the visible content of trains in the images."
}

Judge results for folder Industrial Revolution(invisible, culture, mutual elements, USAEnglish, English) updated.
Folder: Ephemeral thing(invisible, phenomenon, metaphor, NA, English)
{
    "score_4o": "2",
    "score_reason": "The MLLM output focuses on the description of dandelions, particularly highlighting the imagery of seeds blowing away. This is somewhat related to the theme of transience or ephemeral nature but does not address the connection between this imagery and the broader concept of ephemerality as articulated in the standard answer."
}

Judge results for folder Ephemeral thing(invisible, phenomenon, metaphor, NA, English) updated.
Folder: symbolize the concept of freedom(invisible, phenomenon, metaphor, NA, English)
{
    "score_4o": "2",
    "score_reason": "The MLLM's output identifies 'cage' as the relation and describes the images as symbolizing 'freedom and escape,' which vaguely overlaps with the standard answer's focus on freedom. However, the MLLM fails to mention the key concepts of 'liberation' and 'limitless possibilities' represented by the uncaged bird and open sky, respectively, which are central to the standard answer's explanation. The repeated output suggests a lack of sophistication in reasoning."
}

Judge results for folder symbolize the concept of freedom(invisible, phenomenon, metaphor, NA, English) updated.
Folder: Sodium Metal(visible, phenomenon, mutual elements, NA, English)
{
    "score_4o": "0",
    "score_reason": "The MLLM output does not align with the standard answer at all. It incorrectly identifies the images as merely depicting 'candles in a glass container,' without any mention of 'Sodium Metal' or the chemical principles discussed in the standard explanation about sodium's characteristic yellow flame. These facts are key to understanding the intended connection, indicating a significant factual error in the MLLM's response."
}

Judge results for folder Sodium Metal(visible, phenomenon, mutual elements, NA, English) updated.
Folder: Tyndall Effect(invisible, phenomenon, mutual elements, East Asia, English)
{
    "score_4o": "2",
    "score_reason": "The MLLM's output provides a very broad relation as 'Nature and human,' which does not align with the standard answer's specific scientific and artistic connection regarding the Tyndall Effect. The explanation also misses the thematic and conceptual link of light scattering that unites the images, instead opting for a generic contrast between nature and human representation."
}

Judge results for folder Tyndall Effect(invisible, phenomenon, mutual elements, East Asia, English) updated.
Folder: nostalgia(invisible, phenomenon, mutual elements, NA, English)
{
    "score_4o": "1",
    "score_reason": "The MLLM's output does not align with the standard answer as it incorrectly identifies the images as stacks of old books on a shelf, while the standard answer discusses a dusty photo album and a faded t-shirt. The relationship 'Books' and the explanation provided do not match the theme of 'nostalgia' in the standard answer. The MLLM expresses its observation without pairing it with the intended theme, thus reflecting uncertainty in its conclusion."
}

Judge results for folder nostalgia(invisible, phenomenon, mutual elements, NA, English) updated.
Folder: Deception(invisible, phenomenon, mutual elements, NA, English)
{
    "score_4o": "2",
    "score_reason": "The MLLM's response identifies the images as 'Identical' and accurately describes them as showing a 'man in a suit holding a rabbit in a top hat.' However, it fails to delve into the thematic connection of 'Deception' as outlined in the standard answer. The summary of the visual content and its interpretation are too broad and disconnected from the intended reasoning of linking the images to a theme of deception involving magic tricks and camouflage."
}

Judge results for folder Deception(invisible, phenomenon, mutual elements, NA, English) updated.
Folder: short-lived phenomena(invisible, phenomenon, mutual elements, NA, English)
{
    "score_4o": "0",
    "score_reason": "The MLLM's output is inconsistent with the standard answer and contains fabricated content regarding the images. It inaccurately describes the second image as another group of bubbles without acknowledging the presence of a shooting star. The explanation and relation provided do not align with the 'short-lived phenomena' theme highlighted in the standard answer."
}

Judge results for folder short-lived phenomena(invisible, phenomenon, mutual elements, NA, English) updated.
Folder: Placebo effect(invisible, phenomenon, mutual elements, NA, English)
{
    "score_4o": "1",
    "score_reason": "The MLLM's response identifies the connection as 'Similar,' which demonstrates uncertainty. It describes both images as hands holding pills with words on them without addressing the concept of the 'Placebo effect.' The reasoning provided in the explanation doesn't align with the intended explanation related to the placebo effect or involve the doctor figure influencing the placebo effect."
}

Judge results for folder Placebo effect(invisible, phenomenon, mutual elements, NA, English) updated.
Folder: mysterious and unknown dark matter(invisible, phenomenon, relation, NA, English)
{
    "score_4o": "0",
    "score_reason": "The MLLM output inaccurately describes both images as views of the night sky, failing to recognize and convey the complex concept of dark matter as presented in the standard answer. It includes erroneous information by misidentifying the image content, confusing gravitational lensing and representations of dark matter with simple night sky images filled with stars. Therefore, it exhibits a factual hallucination in its explanation."
}

Judge results for folder mysterious and unknown dark matter(invisible, phenomenon, relation, NA, English) updated.
Folder: Crop Circles(visible, phenomenon, relation, NA, English)
{
    "score_4o": "2",
    "score_reason": "The MLLM output describes the images as 'aerial views of patterns created in fields' and mentions 'crop circles' and a 'spiral pattern.' This is roughly correct, but the MLLM fails to address the connection to 'Crop Circles' in terms of their cultural significance with UFO activities, which is a key aspect of the standard answer."
}

Judge results for folder Crop Circles(visible, phenomenon, relation, NA, English) updated.
Folder: the passage of time(invisible, phenomenon, relation, NA, English)
{
    "score_4o": "2",
    "score_reason": "The MLLM output correctly identifies the images as hourglasses and explains their purpose related to measuring time. However, it is too narrow and fails to capture the broader theme of the passage of time that includes the concept of decay represented in the standard answer."
}

Judge results for folder the passage of time(invisible, phenomenon, relation, NA, English) updated.
Folder: Gravity(invisible, phenomenon, mutual elements, NA, English)
{
    "score_4o": "0",
    "score_reason": "The MLLM provides an incorrect explanation by stating that both images are identical and depicting the same scene of a girl reading a book under an apple tree. This is factually incorrect as the standard answer indicates that the images relate to the concept of gravity, involving Newton's anecdotal story and a black hole. This output demonstrates a hallucination regarding the content presented in the images."
}

Judge results for folder Gravity(invisible, phenomenon, mutual elements, NA, English) updated.
Folder: Perseverance(invisible, phenomenon, mutual elements, NA, English)
{
    "score_4o": "2",
    "score_reason": "The MLLM's output identifies the relationship as 'Rocks,' which is too broad and unrelated to the more nuanced theme of 'Perseverance' presented in the standard answer. However, there is no factual hallucination in the explanation, hence the score is not lower."
}

Judge results for folder Perseverance(invisible, phenomenon, mutual elements, NA, English) updated.
Folder: Hope and new beginnings(invisible, phenomenon, metaphor, NA, English)
{
    "score_4o": "2",
    "score_reason": "The MLLM's response is too broad and general; it relates to the concept of 'Nature' but does not capture the deeper symbolic meaning of 'Hope and new beginnings' as articulated in the standard answer. There is no mention of the specific themes of overcoming challenges or new beginnings, nor is there any interpretation regarding the intended symbolism of the images."
}

Judge results for folder Hope and new beginnings(invisible, phenomenon, metaphor, NA, English) updated.
Folder: 3D(invisible, phenomenon, mutual elements, NA, English)
{
    "score_4o": "2",
    "score_reason": "The MLLM's output describes the relation as 'Similar,' focusing on the similarity of the crescent shape in both images. However, it misses the deeper context related to a solar eclipse as described in the standard answer. The explanation lacks any connection to the concept of a solar eclipse or the related phenomena, which is central to the standard answer."
}

Judge results for folder 3D(invisible, phenomenon, mutual elements, NA, English) updated.
Folder: Supernova(visible, phenomenon, relation, NA, English)
{
    "score_4o": "2",
    "score_reason": "The MLLM's output describes the images as nebulas in space, which roughly aligns with the theme of space phenomena like supernovae but doesn't capture the specific concept of a 'Supernova' as outlined in the standard answer. The broader description of nebulas misses the important detail of 'Supernova,' which involves exploding stars and the creation of heavy elements."
}

Judge results for folder Supernova(visible, phenomenon, relation, NA, English) updated.
Folder: Ball lightning(visible, phenomenon, relation, NA, English)
{
    "score_4o": "2",
    "score_reason": "The MLLM output accurately describes the images as depicting a storm, focusing on the visual aspects of lightning. However, it doesn't address the connection to 'Ball lightning,' a specific atmospheric phenomenon mentioned in the standard answer, thus lacking alignment with the standard reasoning."
}

Judge results for folder Ball lightning(visible, phenomenon, relation, NA, English) updated.
Folder: Sun dog(invisible, phenomenon, mutual elements, NA, English)
{
    "score_4o": "2",
    "score_reason": "The MLLM's output summarizes the relationship as 'Light,' which does not align with the specific concept of a 'Sun dog' from the standard answer. While it identifies the images as light sources, it does not mention any relevant facts connected to 'Sun dog' that align with the standard answer. The connection is too broad and unrelated to the specific phenomenon of sundogs."
}

Judge results for folder Sun dog(invisible, phenomenon, mutual elements, NA, English) updated.
Folder: Earthquake(invisible, phenomenon, relation, NA, English)
{
    "score_4o": "2",
    "score_reason": "The MLLM's output identifies the common theme as 'Desert' and discusses geological activity like tectonic plate movement, which is generally relevant to earthquakes. However, it fails to directly connect the observed features (the large crack, possibly a fault line) to earthquakes or mention seismic activity, which is central to the standard answer."
}

Judge results for folder Earthquake(invisible, phenomenon, relation, NA, English) updated.
Folder: Migration(invisible, phenomenon, relation, NA, English)
{
    "score_4o": "3",
    "score_reason": "The MLLM's output identifies the relation as 'Birds flying,' which is similar to the standard answer 'Migration' but does not explicitly mention migration. However, the explanation effectively describes the birds in flight in different environments, capturing the overall essence of the imagery related to migration."
}

Judge results for folder Migration(invisible, phenomenon, relation, NA, English) updated.
Folder: Light pillar(invisible, phenomenon, relation, NA, English)
{
    "score_4o": "2",
    "score_reason": "The MLLM output discusses a broad theme of 'Nature and technology,' while the standard answer focuses on 'Light pillar' as a phenomenon created by light reflection on ice crystals. Although the MLLM doesn't align with the 'Light pillar' as the primary connection, it correctly identifies the elements of nature in the snowy landscape and mentions technology in the artificial intelligence assistant, but fails to integrate the relevant facts connecting to the standard answer's explanation."
}

Judge results for folder Light pillar(invisible, phenomenon, relation, NA, English) updated.
Folder: Cancel Culture(invisible, phenomenon, mutual elements, NA, English)
{
    "score_4o": "2",
    "score_reason": "The MLLM's output focuses on the theme of 'brain erasure or memory loss.' It does not touch on the idea of 'Cancel Culture' as mentioned in the standard answer. While it recognizes the notion of erasure, it fails to connect the images with the broader concepts of silencing and deplatforming, or the destruction or suppression of ideas, which is key to the standard answer."
}

Judge results for folder Cancel Culture(invisible, phenomenon, mutual elements, NA, English) updated.
Folder: Viral Trend(invisible, phenomenon, mutual elements, NA, English)
{
    "score_4o": "2",
    "score_reason": "The MLLM's output identifies the theme as 'Water,' describing people interacting with it, which is too broad compared to the standard answer 'Viral Trend.' It does not incorporate the specific elements related to the Ice Bucket Challenge or TikTok dance crazes, both examples of viral trends. Although there is some basis in truth, merely stating the presence of water misses the deeper context of 'Viral Trend.'"
}

Judge results for folder Viral Trend(invisible, phenomenon, mutual elements, NA, English) updated.
Folder: reinforce opinions(invisible, phenomenon, mutual elements, NA, English)
{
    "score_4o": "2",
    "score_reason": "The MLLM's output recognizes the similarity between the images as 'Similar,' focusing on the visual aspect of large rooms filled with many screens. However, it does not infer the deeper conceptual connection present in the standard answer, which relates to 'reinforce opinions' and the idea of an 'echo chamber.' The explanation lacks the insight provided in the standard reasoning, but it does partially match the surface level observation of similar imagery."
}

Judge results for folder reinforce opinions(invisible, phenomenon, mutual elements, NA, English) updated.
Folder: Influencer Marketing(invisible, phenomenon, relation, NA, English)
{
    "score_4o": "0",
    "score_reason": "The MLLM incorrectly states that both images are identical, focusing solely on the fact that both are collages without addressing the underlying concept of 'Influencer Marketing.' It fails to recognize the marketing strategy and its potential impact on product sales. The explanation lacks relevant facts related to the standard answer and erroneously states that the images are the same."
}

Judge results for folder Influencer Marketing(invisible, phenomenon, relation, NA, English) updated.
Folder: Greenhouse effect(invisible, phenomenon, relation, NA, English)
{
    "score_4o": "2",
    "score_reason": "The MLLM output correctly identifies both images as related to vehicles, but it misses the intended nuanced connection to the greenhouse effect. The explanation focuses on the vehicles as a transportation method without linking them to greenhouse gas emissions or their environmental consequences. Hence, it receives a score indicating the relationship is too broad and missing critical elements of the standard explanation."
}

Judge results for folder Greenhouse effect(invisible, phenomenon, relation, NA, English) updated.
Folder: Magna Carta(invisible, phenomenon, relation, NA, English)
{
    "score_4o": "2",
    "score_reason": "The MLLM's output identifies the images as depicting 'the same man wearing a crown and a white robe' and infers he may be a king, which is too broad and not closely related to the standard answer. It lacks any mention of 'Magna Carta' or the historical context related to King John and Runnymede that is found in the standard answer."
}

Judge results for folder Magna Carta(invisible, phenomenon, relation, NA, English) updated.
Folder: Prayer(invisible, phenomenon, metaphor, NA, English)
{
    "score_4o": "3",
    "score_reason": "The MLLM output identifies the relation as 'Kneeling,' which aligns with the act of kneeling mentioned in the standard answer but does not capture the full context of 'Prayer.' The explanation touches on 'humility or reverence,' which connects to the concept of prayer, aligning with part of the standard explanation that mentions the symbolic aspects of kneeling. However, the mention of open hands and a connection to higher power in the standard answer is missing in the MLLM explanation."
}

Judge results for folder Prayer(invisible, phenomenon, metaphor, NA, English) updated.
Folder: Stille Wasser sind tief(invisible, phenomenon, metaphor, Non-English European, German)
{
    "score_4o": "2",
    "score_reason": "The MLLM's output attempts to summarize the images’ features by highlighting their depictions of a lake setting, which aligns somewhat with the images’ commonality. However, it misses the deeper metaphorical meaning intended in the standard answer which connects the literal images to the saying 'Still waters run deep.' The response lacks any metaphorical or symbolic interpretation connected to the deeper theme indicated in the standard answer."
}

Judge results for folder Stille Wasser sind tief(invisible, phenomenon, metaphor, Non-English European, German) updated.
Folder: Der Apfel fällt nicht weit vom Stamm(invisible, phenomenon, metaphor, Non-English European, German)
{
    "score_4o": "2",
    "score_reason": "The MLLM's output identifies the commonality of 'Apples' but fails to connect to the proverb 'Der Apfel fällt nicht weit vom Stamm,' which suggests a resemblance between children and their parents, represented by the apple not falling far from the tree. The relationship and reasoning related to this proverb are missing in the MLLM's response."
}

Judge results for folder Der Apfel fällt nicht weit vom Stamm(invisible, phenomenon, metaphor, Non-English European, German) updated.
Folder: Man lernt nie aus(invisible, ability, metaphor, Non-English European, German)
{
    "score_4o": "2",
    "score_reason": "The MLLM output identifies a relation related to books as a theme, which is correct but too broad and not aligned with the standard answer. It doesn't capture the nuance of the continuous journey of learning symbolized by the images as highlighted in the standard answer."
}

Judge results for folder Man lernt nie aus(invisible, ability, metaphor, Non-English European, German) updated.
Folder: Übung macht den Meister.(invisible, ability, metaphor, Non-English European, German)
{
    "score_4o": "2",
    "score_reason": "The MLLM's output relates the images with 'Sculpture' based on the act of carving, which reflects the common theme of sculpture-making. However, it does not cover the deeper implications of 'Übung macht den Meister,' which involves the dedication and practice needed to achieve mastery, as is articulated in the standard answer. The explanation provided lacks insight beyond the immediate visual observation, missing the metaphorical representation of practice and mastery."
}

Judge results for folder Übung macht den Meister.(invisible, ability, metaphor, Non-English European, German) updated.
Folder: Was Hänschen nicht lernt, lernt Hans nimmermehr(invisible, ability, metaphor, Non-English European, German)
{
    "score_4o": "2",
    "score_reason": "The MLLM's output identifies the common theme of 'reading,' which is too broad and not aligned with the more nuanced concept in the standard answer. The standard answer emphasizes the proverb 'Was Hänschen nicht lernt, lernt Hans nimmermehr,' relating to the potential for learning in youth versus missed opportunities in adulthood. The MLLM fails to address this deeper connection and instead focuses on the literal act of reading."
}

Judge results for folder Was Hänschen nicht lernt, lernt Hans nimmermehr(invisible, ability, metaphor, Non-English European, German) updated.
Folder: Die Welt ist meine Vorstellung(invisible, culture, metaphor, Non-English European, German)
{
    "score_4o": "0",
    "score_reason": "The MLLM output incorrectly identifies the relationship as 'Same,' focusing solely on the visual similarity between two images depicting paint palettes. This misses the deeper symbolic connection described in the standard answer, where the painter's palette is linked to creativity and imagination, contrasting with the representation of the world by a globe."
}

Judge results for folder Die Welt ist meine Vorstellung(invisible, culture, metaphor, Non-English European, German) updated.
Folder: Wer nicht wagt, der nicht gewinnt(invisible, culture, metaphor, Non-English European, German)
{
    "score_4o": "2",
    "score_reason": "The MLLM's output identifies 'Tightrope walking' as the relationship, which is not the relationship provided in the standard answer. However, it focuses on the tightrope walking action and includes correct descriptions of the images, yet it doesn't connect to the broader theme of taking risks for rewards. The relationship is too specific compared to the abstract theme mentioned in the standard answer."
}

Judge results for folder Wer nicht wagt, der nicht gewinnt(invisible, culture, metaphor, Non-English European, German) updated.
Folder: Kaffee und Kuchen(invisible, phenomenon, mutual elements, Non-English European, German)
{
    "score_4o": "2",
    "score_reason": "The MLLM's output notes that the two images are the same, which misses the intended cultural theme of 'Kaffee und Kuchen.' It describes the image accurately but does not relate it to the German tradition as the standard answer does. However, the description of the cake aligns partially with 'Black Forest cake,' a typical component of the tradition, without explicitly making that connection. MLLM's output is roughly correct but too broad, missing the cultural relevance and discretion highlighted in the standard answer."
}

Judge results for folder Kaffee und Kuchen(invisible, phenomenon, mutual elements, Non-English European, German) updated.
Folder: Fachwerkhäuser(invisible, culture, mutual elements, Non-English European, German)
{
    "score_4o": "2",
    "score_reason": "The MLLM's output summarizes the relationship as 'Street in a European town,' which is accurate yet lacks specificity. It correctly identifies key elements like colorful buildings and half-timbered houses but fails to closely align with the standard answer's specific focus on 'Fachwerkhäuser.' Furthermore, it doesn't address the reasoning behind the cultural and architectural significance of the depicted scenes."
}

Judge results for folder Fachwerkhäuser(invisible, culture, mutual elements, Non-English European, German) updated.
Folder: Rotkäppchen und der Wolf(invisible, culture, mutual elements, Non-English European, German)
{
    "score_4o": "0",
    "score_reason": "The MLLM output incorrectly states that the two images are identical, whereas the standard answer provides a conceptual interpretation involving the story of 'Rotkäppchen und der Wolf' (Little Red Riding Hood). The MLLM's description entirely misunderstands the thematic connection between the images and lacks any reference to the standard explanation or reasoning, leading to the hallucination of identical images."
}

Judge results for folder Rotkäppchen und der Wolf(invisible, culture, mutual elements, Non-English European, German) updated.
Folder: Chi dorme non piglia pesci(invisible, culture, mutual elements, Non-English European, Italian)
{
    "score_4o": "2",
    "score_reason": "The MLLM's response correctly describes the visual similarities in the images, such as a man laying on a boat, but it does not identify the underlying thematic connection of the proverb 'Chi dorme non piglia pesci' mentioned in the standard answer. It fails to capture the opportunity-related reasoning and philosophical insight present in the standard answer, resulting in a broad and descriptive rather than interpretative answer."
}

Judge results for folder Chi dorme non piglia pesci(invisible, culture, mutual elements, Non-English European, Italian) updated.
Folder: Cucina(visible, culture, mutual elements, Non-English European, Italian)
{
    "score_4o": "1",
    "score_reason": "The MLLM responds in a way that doesn't directly acknowledge the more nuanced relationship intended by the standard answer. It simply identifies the images as featuring 'pasta,' a broad and generic observation that lacks the depth and specific cultural connection mentioned in the standard answer. Additionally, it describes both images as showing the same content, which indicates an uncertainty or lack of context comprehension."
}

Judge results for folder Cucina(visible, culture, mutual elements, Non-English European, Italian) updated.
Folder: Architettura barocca(invisible, culture, mutual elements, Non-English European, Italian)
{
    "score_4o": "2",
    "score_reason": "The MLLM's output identifies the images as 'ceilings' but does not mention any context relating to 'Baroque architecture.' The explanation merely describes the physical characteristics of the ceilings without connecting them to the broader architectural style, which is key to the standard answer."
}

Judge results for folder Architettura barocca(invisible, culture, mutual elements, Non-English European, Italian) updated.
Folder: Lasciate ogne speranza, voi ch'intrate.(invisible, culture, metaphor, Non-English European, Italian)
{
    "score_4o": "2",
    "score_reason": "The MLLM roughly describes the images as 'A gate in a forest' and ties them together with the concept of a gate and mystery. This is partially related to the idea of a symbolic gate, but it does not capture the key thematic connection to 'Lasciate ogne speranza, voi ch'intrate.' There's no mention of the theme of despair or the symbolic warning from Dante's Inferno, which is central to the standard answer."
}

Judge results for folder Lasciate ogne speranza, voi ch'intrate.(invisible, culture, metaphor, Non-English European, Italian) updated.
Folder: L’abito non fa il monaco(invisible, culture, metaphor, Non-English European, Italian)
{
    "score_4o": "2",
    "score_reason": "The MLLM output identifies the presence of suits in both images and summarizes the relationship as 'Suit,' which is a valid observation but differs significantly from the underlying proverb conveyed in the standard answer. The explanation focuses on the similarities in attire and settings, which misses the deeper expression of the saying 'L’abito non fa il monaco.' Therefore, the understanding remains on a surface level."
}

Judge results for folder L’abito non fa il monaco(invisible, culture, metaphor, Non-English European, Italian) updated.
Folder: E il naufragar m'è dolce in questo mare.(invisible, culture, mutual elements, Non-English European, Italian)
{
    "score_4o": "2",
    "score_reason": "The MLLM's output focuses on a 'calm sea,' emphasizing the peaceful and serene aspects of the images, without deeper poetic or emotional analysis. While the serene sea is a component of the standard answer, the explanation lacks the nuances related to 'melancholy' and the literary reference provided in the standard answer. Therefore, the response is generally accurate but lacks depth and alignment with the intended reasoning."
}

Judge results for folder E il naufragar m'è dolce in questo mare.(invisible, culture, mutual elements, Non-English European, Italian) updated.
Folder: Non dire gatto se non ce l'hai nel sacco(invisible, culture, mutual elements, Non-English European, Italian)
{
    "score_4o": "0",
    "score_reason": "The MLLM provides a literal description of the images as being identical and fails to capture the idiomatic expression represented by the images. The standard answer emphasizes a metaphorical interpretation related to making unfounded claims and the realization of truth, which the MLLM entirely misses. Furthermore, the images are interpreted in a literal and repetitive manner, not aligning with the theme described in the standard answer."
}

Judge results for folder Non dire gatto se non ce l'hai nel sacco(invisible, culture, mutual elements, Non-English European, Italian) updated.
Folder: Moda italiana(invisible, phenomenon, mutual elements, Non-English European, Italian)
{
    "score_4o": "2",
    "score_reason": "The MLLM output focuses on a general theme of 'Fashion,' recognizing models walking on runways in black dresses and emphasizing fashion trends. However, it fails to capture the more specific context of 'Italian fashion' highlighted in the standard answer, such as Milan Fashion Week or Italian craftsmanship. The answer remains too broad and misses the connection to Italian fashion."
}

Judge results for folder Moda italiana(invisible, phenomenon, mutual elements, Non-English European, Italian) updated.
Folder: Canovaccio(invisible, culture, mutual elements, Non-English European, Italian)
{
    "score_4o": "2",
    "score_reason": "The MLLM's output summarizes the concept as 'Stage,' which is too broad and lacks the specific connection with 'Canovaccio' mentioned in the standard answer. Additionally, it does not mention any relevant facts or concepts related to Commedia dell'Arte or the use of hand-painted fabric in theatrical production as outlined in the standard explanation. Therefore, the reasoning provided by the MLLM does not align with the intended standard reasoning."
}

Judge results for folder Canovaccio(invisible, culture, mutual elements, Non-English European, Italian) updated.
Folder: avere culo(invisible, phenomenon, mutual elements, Non-English European, Italian)
{
    "score_4o": "2",
    "score_reason": "The MLLM's explanation is roughly correct in identifying that the images depict lottery tickets. However, it does not connect this to the broader theme of 'luck' as specified in the standard answer, nor does it address any cultural significance. Therefore, it does not align entirely with the intended reasoning."
}

Judge results for folder avere culo(invisible, phenomenon, mutual elements, Non-English European, Italian) updated.
Finish: Judge results all saved to ./VILA1.5-40b_judge.json
Finish: Combined results all saved to ./VILA1.5-40b_test_and_judge.json
