Judge results for folder Easter or chocolate bunny(invisible, culture, relation, USAEnglish, English), judgeid 1 updated.
Judge results for folder Easter or chocolate bunny(invisible, culture, relation, USAEnglish, English), judgeid 2 updated.
Judge results for folder Easter or chocolate bunny(invisible, culture, relation, USAEnglish, English), judgeid 3 updated.
Judge results for folder Elvis Presley(invisible, music, mutual elements, USAEnglish, English), judgeid 1 updated.
Judge results for folder Elvis Presley(invisible, music, mutual elements, USAEnglish, English), judgeid 2 updated.
Judge results for folder Forrest Gump's box of chocolates(visible, movie, relation, USAEnglish, English), judgeid 1 updated.
Judge results for folder Forrest Gump's box of chocolates(visible, movie, relation, USAEnglish, English), judgeid 2 updated.
Judge results for folder Forrest Gump's box of chocolates(visible, movie, relation, USAEnglish, English), judgeid 3 updated.
Judge results for folder sun(visible, STEM, mutual elements, NA, English), judgeid 1 updated.
Judge results for folder sun(visible, STEM, mutual elements, NA, English), judgeid 2 updated.
Judge results for folder sun(visible, STEM, mutual elements, NA, English), judgeid 3 updated.
Judge results for folder Halloween(invisible, culture, mutual elements, USAEnglish, English), judgeid 1 updated.
Judge results for folder Halloween(invisible, culture, mutual elements, USAEnglish, English), judgeid 2 updated.
Judge results for folder Leonardo da Vinci(invisible, people, mutual elements, Non-English European, English), judgeid 1 updated.
Judge results for folder Leonardo da Vinci(invisible, people, mutual elements, Non-English European, English), judgeid 2 updated.
Judge results for folder 西游记(visible, art, mutual elements, East Asia, Chinese), judgeid 1 updated.
Judge results for folder 西游记(visible, art, mutual elements, East Asia, Chinese), judgeid 2 updated.
Judge results for folder To Kill a Mockingbird(visible, art, relation, USAEnglish, English), judgeid 1 updated.
Judge results for folder To Kill a Mockingbird(visible, art, relation, USAEnglish, English), judgeid 2 updated.
Judge results for folder To Kill a Mockingbird(visible, art, relation, USAEnglish, English), judgeid 3 updated.
Judge results for folder The Beatles(invisible, music, mutual elements, USAEnglish, English), judgeid 1 updated.
Judge results for folder The Beatles(invisible, music, mutual elements, USAEnglish, English), judgeid 2 updated.
Judge results for folder 书中自有颜如玉(invisible, art, metaphor, East Asia, Chinese), judgeid 1 updated.
Judge results for folder 书中自有颜如玉(invisible, art, metaphor, East Asia, Chinese), judgeid 2 updated.
Judge results for folder 书中自有颜如玉(invisible, art, metaphor, East Asia, Chinese), judgeid 3 updated.
Judge results for folder St. Patrick's Day(invisible, culture, mutual elements, USAEnglish, English), judgeid 1 updated.
Judge results for folder St. Patrick's Day(invisible, culture, mutual elements, USAEnglish, English), judgeid 2 updated.
Judge results for folder St. Patrick's Day(invisible, culture, mutual elements, USAEnglish, English), judgeid 3 updated.
Judge results for folder Guns N' Roses(invisible, music, mutual elements, USAEnglish, English), judgeid 1 updated.
Judge results for folder Chicago(invisible, city, mutual elements, USAEnglish, English), judgeid 1 updated.
Judge results for folder Chicago(invisible, city, mutual elements, USAEnglish, English), judgeid 2 updated.
Judge results for folder 1729(invisible, number, relation, NA, English), judgeid 1 updated.
Judge results for folder 1729(invisible, number, relation, NA, English), judgeid 2 updated.
Judge results for folder 23(invisible, number, mutual elements, NA, English), judgeid 1 updated.
Judge results for folder 23(invisible, number, mutual elements, NA, English), judgeid 2 updated.
Judge results for folder 0(invisible, number, mutual elements, NA, English), judgeid 1 updated.
Judge results for folder 0(invisible, number, mutual elements, NA, English), judgeid 2 updated.
Judge results for folder 101010(invisible, number, relation, NA, English), judgeid 1 updated.
Judge results for folder 101010(invisible, number, relation, NA, English), judgeid 2 updated.
Judge results for folder Confucius has 72 disciples(invisible, history, relation, East Asia, English), judgeid 1 updated.
Judge results for folder Confucius has 72 disciples(invisible, history, relation, East Asia, English), judgeid 2 updated.
Judge results for folder Confucius has 72 disciples(invisible, history, relation, East Asia, English), judgeid 3 updated.
Judge results for folder Silk Road(invisible, history, mutual elements, East Asia, English), judgeid 1 updated.
Judge results for folder Silk Road(invisible, history, mutual elements, East Asia, English), judgeid 2 updated.
Judge results for folder The Cold War(invisible, history, metaphor, USAEnglish, English), judgeid 1 updated.
Judge results for folder The Cold War(invisible, history, metaphor, USAEnglish, English), judgeid 2 updated.
Judge results for folder D-Day(invisible, history, mutual elements, USAEnglish, English), judgeid 1 updated.
Judge results for folder D-Day(invisible, history, mutual elements, USAEnglish, English), judgeid 2 updated.
Judge results for folder 4'33(invisible, music, relation, NA, English), judgeid 1 updated.
Judge results for folder 4'33(invisible, music, relation, NA, English), judgeid 2 updated.
Judge results for folder 快板(visible, music, mutual elements, East Asia, Chinese), judgeid 1 updated.
Judge results for folder 快板(visible, music, mutual elements, East Asia, Chinese), judgeid 2 updated.
Judge results for folder 快板(visible, music, mutual elements, East Asia, Chinese), judgeid 3 updated.
Judge results for folder moonlight(invisible, music, relation, NA, English), judgeid 1 updated.
Judge results for folder moonlight(invisible, music, relation, NA, English), judgeid 2 updated.
Judge results for folder E pluribus unum(invisible, culture, metaphor, USAEnglish, Latin), judgeid 1 updated.
Judge results for folder E pluribus unum(invisible, culture, metaphor, USAEnglish, Latin), judgeid 2 updated.
Judge results for folder Spinach power-up(invisible, cartoon or game, relation, USAEnglish, English), judgeid 1 updated.
Judge results for folder Spinach power-up(invisible, cartoon or game, relation, USAEnglish, English), judgeid 2 updated.
Judge results for folder Spinach power-up(invisible, cartoon or game, relation, USAEnglish, English), judgeid 3 updated.
Judge results for folder All that glitters is not gold.(invisible, culture, metaphor, USAEnglish, English), judgeid 1 updated.
Judge results for folder All that glitters is not gold.(invisible, culture, metaphor, USAEnglish, English), judgeid 2 updated.
Judge results for folder All that glitters is not gold.(invisible, culture, metaphor, USAEnglish, English), judgeid 3 updated.
Judge results for folder Animal Farm(invisible, art, relation, USAEnglish, English), judgeid 1 updated.
Judge results for folder Animal Farm(invisible, art, relation, USAEnglish, English), judgeid 2 updated.
Judge results for folder 野草(invisible, art, relation, East Asia, Chinese), judgeid 1 updated.
Judge results for folder 野草(invisible, art, relation, East Asia, Chinese), judgeid 2 updated.
Judge results for folder The Pit and the Pendulum(invisible, art, metaphor, USAEnglish, English), judgeid 1 updated.
Judge results for folder The Pit and the Pendulum(invisible, art, metaphor, USAEnglish, English), judgeid 2 updated.
Judge results for folder Siempre imaginé que el Paraíso sería algún tipo de biblioteca(invisible, art, metaphor, USAEnglish, Spanish), judgeid 1 updated.
Judge results for folder Siempre imaginé que el Paraíso sería algún tipo de biblioteca(invisible, art, metaphor, USAEnglish, Spanish), judgeid 2 updated.
Judge results for folder Siempre imaginé que el Paraíso sería algún tipo de biblioteca(invisible, art, metaphor, USAEnglish, Spanish), judgeid 3 updated.
Finish: Judge results all saved to ./moonshotai/Kimi-VL-A3B-Instruct_multi_judge.json
Finish: Combined results all saved to ./moonshotai/Kimi-VL-A3B-Instruct_multi_test_and_judge.json
No valid prompts to send in this batch.
No valid prompts to send in this batch.
No valid prompts to send in this batch.
No valid prompts to send in this batch.
No valid prompts to send in this batch.
No valid prompts to send in this batch.
Finish: Judge results all saved to ./moonshotai/Kimi-VL-A3B-Instruct_multi_judge.json
Finish: Combined results all saved to ./moonshotai/Kimi-VL-A3B-Instruct_multi_test_and_judge.json
No valid prompts to send in this batch.
No valid prompts to send in this batch.
No valid prompts to send in this batch.
No valid prompts to send in this batch.
No valid prompts to send in this batch.
No valid prompts to send in this batch.
Finish: Judge results all saved to ./moonshotai/Kimi-VL-A3B-Instruct_multi_judge.json
Finish: Combined results all saved to ./moonshotai/Kimi-VL-A3B-Instruct_multi_test_and_judge.json
