Folder: Golden fleece(invisible, myth, metaphor, Non-English European, English)
{
    "score_4o": "2",
    "score_reason": "The MLLM's output identifies the connection as 'Elegance and Craftsmanship,' which does not align with the standard answer focusing on 'Golden fleece.' While the MLLM discusses aesthetic qualities and craftsmanship related to the objects depicted, it fails to mention any specific elements related to the myth of Jason and the Argonauts or the golden fleece itself, lacking the key facts in the standard answer."
}

Judge results for folder Golden fleece(invisible, myth, metaphor, Non-English European, English) updated.
Folder: Pandora's box(invisible, myth, metaphor, Non-English European, English)
{
    "score_4o": "2",
    "score_reason": "The MLLM's output focuses on 'Antique Treasure Chests' involving hidden wealth and valuables, which is too broad and does not align closely with the specific symbolism of 'Pandora's box' involving mythological significance. However, there is a loose thematic resemblance in the sense of mystery and containment, even if the explanation lacks the specific symbolic references present in the standard answer."
}

Judge results for folder Pandora's box(invisible, myth, metaphor, Non-English European, English) updated.
Folder: Medusa's gaze(invisible, myth, metaphor, Non-English European, English)
{
    "score_4o": "2",
    "score_reason": "The MLLM's output explains the relationship in terms of 'Scale and Perspective,' focusing on the macro details of a human eye and an ant, which is roughly correct but does not relate to the standard answer focusing on 'Medusa's gaze.' There are no key facts or entities from the standard reasoning mentioned, thus failing to address the specific mythological context presumed by the standard answer."
}

Judge results for folder Medusa's gaze(invisible, myth, metaphor, Non-English European, English) updated.
Folder: Trojan Horse(visible, myth, relation, Non-English European, English)
{
    "score_4o": "2",
    "score_reason": "The MLLM's output focuses on the artistic distinction between abstract and representational art, which is a valid observation but does not align with the standard answer pertaining to the 'Trojan Horse' and its associated themes of deception. The reasoning lacks facts related to the concept of the Trojan Horse and its modern metaphorical use in computer viruses."
}

Judge results for folder Trojan Horse(visible, myth, relation, Non-English European, English) updated.
Folder: Phoenix Rising(invisible, myth, relation, USAEnglish, English)
{
    "score_4o": "2",
    "score_reason": "The MLLM's output focuses on 'Texture,' which is related to the images, but does not align with the standard answer centered around 'Phoenix Rising.' It misses the symbolic connection between ashes, the Phoenix, and the theme of rebirth and renewal. However, the description of textures can be considered broadly relevant to the visual elements of the images themselves."
}

Judge results for folder Phoenix Rising(invisible, myth, relation, USAEnglish, English) updated.
Folder: Banshee's Wail(invisible, myth, relation, USAEnglish, English)
{
    "score_4o": "2",
    "score_reason": "The MLLM's output identifies a theme of 'Ethereal Flow,' highlighting fluidity and movement in both images. It, however, doesn't mention any specific facts relating to the concept of 'Banshee's Wail,' which would align with the standard answer. The response's theme is abstract and not directly related to 'Banshee's Wail', but it does capture a sense of movement and ethereal quality similar to the standard explanation."
}

Judge results for folder Banshee's Wail(invisible, myth, relation, USAEnglish, English) updated.
Folder: Narcissus' reflection(invisible, myth, mutual elements, Non-English European, English)
{
    "score_4o": "2",
    "score_reason": "The MLLM's response is consistent in recognizing the theme of reflection and depth in both images, but it lacks the specific narrative connection to Narcissus and his reflection. Additionally, it does not mention the symbolic significance of the narcissus flower, which is directly connected to the mythology of Narcissus as outlined in the standard answer."
}

Judge results for folder Narcissus' reflection(invisible, myth, mutual elements, Non-English European, English) updated.
Folder: Loch Ness Monster(invisible, myth, mutual elements, Non-English European, English)
{
    "score_4o": "2",
    "score_reason": "The MLLM output suggests a connection through 'Digital abstraction meets physical decay,' which is not directly relevant to the standard answer's relation of 'Loch Ness Monster.' The MLLM touches on themes of texture and color, rather than sonar technology or the mystery of Loch Ness. Nevertheless, it provides a unique interpretation of the images' visual aspects, albeit lacking the context related to the standard answer."
}

Judge results for folder Loch Ness Monster(invisible, myth, mutual elements, Non-English European, English) updated.
Folder: Hole in one(visible, sport, mutual elements, other, English)
{
    "score_4o": "2",
    "score_reason": "The MLLM's response, which centers on 'transition,' is vaguely related to the theme of achieving a significant event and then reflecting on it, but it does not capture the specific relationship of 'Hole in one' described in the standard answer. It focuses more on the narrative of the settings rather than the actual golf achievement and result depicted in the images."
}

Judge results for folder Hole in one(visible, sport, mutual elements, other, English) updated.
Folder: Slam dunk(visible, sport, mutual elements, other, English)
{
    "score_4o": "2",
    "score_reason": "The MLLM's output identifies a broad theme of 'Action and impact,' which is somewhat aligned with the concept of a 'Slam dunk' but lacks the specific details that connect directly to the standard answer. The explanation focuses on dynamic action and energy without mentioning the slam dunk or its components like a shattered backboard and crowd reaction."
}

Judge results for folder Slam dunk(visible, sport, mutual elements, other, English) updated.
Folder: Grand Slam(invisible, sport, relation, other, English)
{
    "score_4o": "2",
    "score_reason": "The MLLM's output highlights the theme of 'Delicacy and precision,' focusing on the precision of both a tennis racket's design and the complexity of a spider web. While this explanation showcases intricate details, it does not relate to 'Grand Slam,' the relationship outlined in the standard answer. Therefore, the MLLM's output is too broad and lacks reference to the key connection established in the standard answer."
}

Judge results for folder Grand Slam(invisible, sport, relation, other, English) updated.
Folder: Alley-oop(visible, sport, relation, other, English)
{
    "score_4o": "2",
    "score_reason": "The MLLM's output identifies the general theme of 'Action and Documentation,' which is a broad interpretation insufficiently aligned with the specific concept of 'Alley-oop.' Although the response generally describes action in both scenarios, it does not address the specific basketball play and its resemblance to a high-five, which are key points in the standard answer."
}

Judge results for folder Alley-oop(visible, sport, relation, other, English) updated.
Folder: Hattrick(invisible, sport, relation, USAEnglish, English)
{
    "score_4o": "2",
    "score_reason": "The MLLM's response focuses on the surface aspects of a soccer ball, discussing textures and details but missing the intended connection to the concept of 'Hattrick.' Although the explanation explores the elements of the soccer ball, it does not address the reasoning behind the word 'Hattrick' or its association with scoring three goals in a game. As a result, the explanation remains too broad and lacks the relevant context provided by the standard answer."
}

Judge results for folder Hattrick(invisible, sport, relation, USAEnglish, English) updated.
Folder: Buzzer-beater(invisible, sport, metaphor, other, English)
{
    "score_4o": "0",
    "score_reason": "The MLLM's output is not aligned with the concept of a 'Buzzer-beater.' It incorrectly focuses on 'Reflection and Perspective,' which is unrelated to the idea of a last-second critical moment in a basketball game. Moreover, there is no mention of a digital clock, which is crucial for the 'Buzzer-beater' theme, mischaracterizing the standard answer's explanation."
}

Judge results for folder Buzzer-beater(invisible, sport, metaphor, other, English) updated.
Folder: Photo finish(invisible, sport, metaphor, other, English)
{
    "score_4o": "2",
    "score_reason": "The MLLM's output highlights the importance of technology in capturing events, which broadly relates to the concept of a 'photo finish.' However, it does not specifically mention the context of a race or the critical moment of determining a winner, which are key points in the standard explanation. The response lacks these specific elements that align with the standard answer."
}

Judge results for folder Photo finish(invisible, sport, metaphor, other, English) updated.
Folder: Echolocation(invisible, animal, mutual elements, other, English)
{
    "score_4o": "2",
    "score_reason": "The MLLM's output describes the theme of 'Transition or progression,' which is a broad interpretation of the imagery details rather than directly related to the standard answer of 'Echolocation.' The explanation provided by the MLLM focuses on variations in lighting and atmospheric changes in the images, whereas the standard answer connects bats and sonar to echolocation. The MLLM's response does not include the relevant facts or reasoning related to echolocation."
}

Judge results for folder Echolocation(invisible, animal, mutual elements, other, English) updated.
Folder: Hibernation(visible, animal, mutual elements, other, English)
{
    "score_4o": "2",
    "score_reason": "The MLLM's output identifies the relation as 'Den and Texture,' focusing on different aspects of the bear's life within its den and the texture of its fur. While these observations are factually accurate, they are too broad and do not encompass the main idea presented in the standard answer, which relates to 'Hibernation'—a more specific connection between the depicted bear and the concept of dormancy."
}

Judge results for folder Hibernation(visible, animal, mutual elements, other, English) updated.
Folder: Bioluminescence(visible, animal, mutual elements, other, English)
{
    "score_4o": "2",
    "score_reason": "The MLLM's output describes the relationship as 'Tranquility and natural beauty,' which is unrelated to the standard answer, 'Bioluminescence.' The explanation focuses on peaceful aspects of the scenes rather than the bioluminescent properties of fireflies and the anglerfish, but it did not include any hallucinations or erroneous information."
}

Judge results for folder Bioluminescence(visible, animal, mutual elements, other, English) updated.
Folder: Symbiosis(invisible, animal, relation, other, English)
{
    "score_4o": "2",
    "score_reason": "The MLLM response correctly identifies the subject of the images as a clownfish and provides a detailed explanation focusing on the visual aspects of the clownfish in both images. However, it misses the specific relationship of 'Symbiosis' mentioned in the standard answer, which is related to the clownfish's interaction with sea anemones."
}

Judge results for folder Symbiosis(invisible, animal, relation, other, English) updated.
Folder: Metamorphosis(invisible, animal, relation, other, English)
{
    "score_4o": "3",
    "score_reason": "The MLLM's output summarizes the relationship accurately as 'Transformation' and provides a detailed explanation of the different stages in the monarch butterfly life cycle. Although the term 'transformation' is not identical to 'metamorphosis', it conveys a similar concept, making the explanation roughly correct and aligned with the standard answer."
}

Judge results for folder Metamorphosis(invisible, animal, relation, other, English) updated.
Folder: Nocturnal(invisible, animal, metaphor, other, English)
{
    "score_4o": "0",
    "score_reason": "The MLLM's output provides an explanation and relation that are incorrect regarding the standard answer. The standard answer relates the images to the concept of 'Nocturnal,' while the MLLM describes a theme of 'Seeds of Potential,' linking the owl and the hand with a seed in terms of growth and development. The factual connection referred to by the standard answer, specifically about the nocturnal symbolism, is completely missed by the MLLM, indicating a fabrication in the realized context."
}

Judge results for folder Nocturnal(invisible, animal, metaphor, other, English) updated.
Folder: Endangered species(invisible, animal, metaphor, other, English)
{
    "score_4o": "3",
    "score_reason": "The MLLM's output captures the concept of contrasting environments, which aligns with the idea of different habitats impacting biodiversity and the survival of species. While it does not directly mention endangered species, it does convey the broad theme of environmental contrast and its implications. The explanation of diverse habitats is consistent with the challenges faced by endangered species, providing a partial link to the standard answer."
}

Judge results for folder Endangered species(invisible, animal, metaphor, other, English) updated.
Folder: Prime number(invisible, STEM, mutual elements, other, English)
{
    "score_4o": "3",
    "score_reason": "The MLLM output aligns with the standard answer in terms of identifying the Sieve of Eratosthenes and its function for finding prime numbers. However, it describes the process as 'sequential elimination' rather than focusing on 'prime numbers' and doesn't address the symbolism of the unpaired sock that is tied to the idea of indivisibility, as noted in the standard answer."
}

Judge results for folder Prime number(invisible, STEM, mutual elements, other, English) updated.
Folder: Quantum computing(invisible, STEM, mutual elements, other, English)
{
    "score_4o": "0",
    "score_reason": "The MLLM's output diverges significantly from the standard answer, focusing on an interpretation involving simple gesture and perspective rather than the intended advanced concept of quantum computing. It contains factual inaccuracies, as it misrepresents the conceptual meaning behind the images, ignoring essential elements like superposition and entanglement. Thus, the MLLM's explanation includes major errors by misconstruing the visual elements in the context of quantum computing principles."
}

Judge results for folder Quantum computing(invisible, STEM, mutual elements, other, English) updated.
Folder: Palindromic Number(visible, STEM, relation, other, English)
{
    "score_4o": "2",
    "score_reason": "The MLLM's output relates the images through the concept of 'Motion and Location,' which is too broad and not aligned with the intended theme of 'Palindromic Number.' It fails to address the standard answer's focus on 'palindrome' as a key concept. However, it accurately describes the images without factual errors."
}

Judge results for folder Palindromic Number(visible, STEM, relation, other, English) updated.
Folder: Perfect Number(invisible, STEM, relation, other, English)
{
    "score_4o": "2",
    "score_reason": "The MLLM output describes a relation based on 'Detail,' emphasizing the close-up view of a bowling pin, which is correct concerning the observed images. However, it does not address the mathematical concept of 'Perfect Number' mentioned in the standard answer. Therefore, the explanation provided does not align with the standard reasoning regarding perfect numbers and their mathematical significance."
}

Judge results for folder Perfect Number(invisible, STEM, relation, other, English) updated.
Folder: Bayes' theorem(invisible, STEM, metaphor, other, English)
{
    "score_4o": "2",
    "score_reason": "The MLLM output generalizes the theme to 'value' or 'worth,' which is not aligned with the specific theme of 'Bayes' theorem' from the standard answer. While the balance scale can represent 'weighing evidence,' the explanation does not specifically relate to the concept of probability or how new information (like in a puzzle piece analogy) updates existing beliefs, which is central to understanding Bayes' theorem."
}

Judge results for folder Bayes' theorem(invisible, STEM, metaphor, other, English) updated.
Folder: π (pi)(invisible, STEM, metaphor, other, English)
{
    "score_4o": "2",
    "score_reason": "The MLLM output uses 'Mathematical Foundation' as the relation, which is a broader theme and doesn't directly correlate with the specific concept of 'π (pi).' While acknowledging a mathematical connection with the formula for pi, the explanation is somewhat generic and lacks focus on π. It does not mention concepts like the circle or circumference that relate the pie chart directly to the mathematical constant π, as in the standard answer."
}

Judge results for folder π (pi)(invisible, STEM, metaphor, other, English) updated.
Folder: Mise en place(invisible, food, mutual elements, other, English)
{
    "score_4o": "2",
    "score_reason": "The MLLM's output describes 'organization and preparation,' which aligns with the idea of 'mise en place' but lacks the specificity and unique aspects related to the culinary context and the analogy with a surgeon's precision. The explanation aptly characterizes organization and preparation but does not capture the culinary principle distinctively or make the analogy to a surgeon."
}

Judge results for folder Mise en place(invisible, food, mutual elements, other, English) updated.
Folder: Kosher(invisible, food, mutual elements, USAEnglish, English)
{
    "score_4o": "2",
    "score_reason": "The MLLM provides an explanation centered on 'microscopic examination,' which is related to the idea of close inspection, but diverges from the specific context of kosher practices as noted in the standard answer. The explanation does not address the aspects of kosher dietary laws or the representation of such laws through the images provided."
}

Judge results for folder Kosher(invisible, food, mutual elements, USAEnglish, English) updated.
Folder: Halal(invisible, food, relation, other, English)
{
    "score_4o": "2",
    "score_reason": "The MLLM's output recognizes an aspect of the imagery by indicating 'serenity' as a theme but fails to align with the standard answer's specific explanation about 'Halal.' There is no mention of any relation to Halal dietary laws, Islam, or symbolic significance involving prayer rugs, indicating a broad interpretation without connecting to relevant Islamic practices."
}

Judge results for folder Halal(invisible, food, relation, other, English) updated.
Folder: Sous-vide(visible, food, relation, other, English)
{
    "score_4o": "2",
    "score_reason": "The MLLM output identifies the common theme of 'temperature measurement,' which is relevant to the standard answer but more general and lacks specific connection to 'Sous-vide.' It correctly describes the process of measuring temperature in different contexts but fails to link these to Sous-vide cooking, a method defined by precise temperature control for cooking food."
}

Judge results for folder Sous-vide(visible, food, relation, other, English) updated.
Folder: Blanching(visible, food, metaphor, other, English)
{
    "score_4o": "2",
    "score_reason": "The MLLM's output focuses solely on 'Boiling Water,' capturing the process visually but does not mention relevant facts about 'Blanching,' which is the key concept in the standard answer. While the explanation captures the boiling process, it lacks the additional context of blanching, specifically the cooling step that involves ice water, as described in the standard answer."
}

Judge results for folder Blanching(visible, food, metaphor, other, English) updated.
Folder: Koji Fermentation(visible, food, metaphor, East Asia, English)
{
    "score_4o": "2",
    "score_reason": "The MLLM's output interprets the relation as 'Varieties and Nutritional Content,' focusing on the visual differences in grains, and their nutritional implications. However, it does not align with the standard reasoning elaborating on 'Koji Fermentation.' The standard explanation highlights the process of fermenting rice into miso paste, which is not addressed in the MLLM's response."
}

Judge results for folder Koji Fermentation(visible, food, metaphor, East Asia, English) updated.
Folder: Archipelago(visible, country, mutual elements, Non-English European, English)
{
    "score_4o": "2",
    "score_reason": "The MLLM's output captures the images of the Komodo dragon but does not align with the standard answer, which focuses on the geography of the Indonesian Archipelago, where Komodo dragons are found. The MLLM's explanation is more about describing the animal's characteristics rather than the concept of an archipelago."
}

Judge results for folder Archipelago(visible, country, mutual elements, Non-English European, English) updated.
Folder: Geopolitics(invisible, country, mutual elements, other, English)
{
    "score_4o": "3",
    "score_reason": "The MLLM's output presents the relationship as 'Geopolitical Partnership,' which is similar to the standard answer 'Geopolitics.' The MLLM correctly identifies elements of international relations in the first image, aligning with the theme of geopolitics. However, it misses the connection of the second image to aspects such as resources or political power dynamics that are emphasized in the standard answer. Therefore, while capturing a similar essence, the explanation lacks completeness and detail compared to the standard answer."
}

Judge results for folder Geopolitics(invisible, country, mutual elements, other, English) updated.
Folder: Secession(invisible, country, relation, USAEnglish, English)
{
    "score_4o": "2",
    "score_reason": "The MLLM output discusses the similarity in design between the Confederate Battle Flag and another flag, incorrectly described as the redesign of the U.S. flag. It focuses on geometric elements and historical influences, without addressing the core theme of 'Secession' as highlighted in the standard answer. The explanation lacks alignment with the intended reasoning about the Civil War and states' secession. However, it doesn't present factual hallucination about the image content."
}

Judge results for folder Secession(invisible, country, relation, USAEnglish, English) updated.
Folder: Sanctions(invisible, country, relation, other, English)
{
    "score_4o": "2",
    "score_reason": "The MLLM's output suggests a broad conceptual relationship under the theme of 'Winter Economy,' which is not aligned with the specific topic of 'Sanctions' in the standard answer. The explanation involves winter-related economic activities rather than the 'Asset Freeze' and 'Sanctions' context, particularly with North Korea. While the theme of the image reflects a financial system and winter, the intended standard reasoning is not addressed."
}

Judge results for folder Sanctions(invisible, country, relation, other, English) updated.
Folder: Inflation(invisible, country, metaphor, other, English)
{
    "score_4o": "2",
    "score_reason": "The MLLM's output describes the action of 'Balloon inflation,' which is accurate in a literal sense but does not capture the symbolic meaning of inflation as described in the standard answer. It misses the deeper economic context and the illustration of economic inflation represented by the rising prices and diminishing purchasing power."
}

Judge results for folder Inflation(invisible, country, metaphor, other, English) updated.
Folder: Exclave(invisible, country, metaphor, other, English)
{
    "score_4o": "2",
    "score_reason": "The MLLM's output describes the images in terms of 'Diversity in Representation' rather than the specific concept of 'Exclave.' The explanation provided by the MLLM is too broad and does not align with the specific reasoning related to geographical exclaves and connections as described in the standard answer. However, it avoids factual errors, which means it should not receive a lower score."
}

Judge results for folder Exclave(invisible, country, metaphor, other, English) updated.
Folder: Woodstock(invisible, city, mutual elements, USAEnglish, English)
{
    "score_4o": "3",
    "score_reason": "The MLLM correctly identifies the connection to be related to patriotism and music, elements present in the iconic Jimi Hendrix performance and festival gathering. However, it does not explicitly mention 'Woodstock,' which is the specific link in the standard answer. The reasoning about music uniting people is aligned, but the explanation misses critical facts about the Woodstock Festival like the VW bus and weather conditions."
}

Judge results for folder Woodstock(invisible, city, mutual elements, USAEnglish, English) updated.
Folder: Skyscraper(visible, city, mutual elements, other, English)
{
    "score_4o": "2",
    "score_reason": "The MLLM's output focuses on broader concepts of 'Isolation and Perspective,' which misses the specific connection to 'Skyscraper' highlighted in the standard answer. Although the explanation does not contain hallucinated information, it does not address the specific analogy involving skyscraper scale, which is crucial in the standard reasoning."
}

Judge results for folder Skyscraper(visible, city, mutual elements, other, English) updated.
Folder: Liberty Bell(invisible, city, relation, USAEnglish, English)
{
    "score_4o": "2",
    "score_reason": "The MLLM identifies a theme of 'Isolation,' which is unrelated to the standard answer 'Liberty Bell.' The explanation focuses on the visual impression of isolation and desolation rather than the relevant facts about the Liberty Bell's crack. It does not address or align with the intended reasoning about the Liberty Bell but does not include erroneous information either."
}

Judge results for folder Liberty Bell(invisible, city, relation, USAEnglish, English) updated.
Folder: Motor City(visible, city, relation, USAEnglish, English)
{
    "score_4o": "2",
    "score_reason": "The MLLM's output identifies 'Automation and High-Tech Manufacturing' as the relationship, which is closely related to the subject of modern manufacturing processes but misses the specific 'Motor City' connection outlined in the standard answer. While it accurately describes general themes related to car production, it does not link these explicitly to Detroit, the known 'Motor City,' nor does it address the broader cultural or historical context detailed in the standard reasoning."
}

Judge results for folder Motor City(visible, city, relation, USAEnglish, English) updated.
Folder: 鸟巢(invisible, city, metaphor, East Asia, Chinese)
{
    "score_4o": "2",
    "score_reason": "The MLLM's output suggests a theme of 'Nesting behavior,' focusing on the bird's interaction with its nest, which correctly identifies details related to nesting. However, the images are actually related to '鸟巢' (Bird's Nest Stadium), and the MLLM didn't mention any significant facts from the standard answer, such as the architectural aspect symbolizing the Bird's Nest Stadium and its connection to the Beijing 2008 Olympics."
}

Judge results for folder 鸟巢(invisible, city, metaphor, East Asia, Chinese) updated.
Folder: CRISPR gene editing(visible, STEM, mutual elements, other, English)
{
    "score_4o": "3",
    "score_reason": "The MLLM output identifies 'Genetic Manipulation' as the relationship, which is a broader category compared to 'CRISPR gene editing' mentioned in the standard answer. However, the explanation aligns well with the standard answer's concept of altering genetic material, including DNA cutting and precise editing. The response lacks specificity in mentioning CRISPR but correctly identifies the general theme of genetic modification."
}

Judge results for folder CRISPR gene editing(visible, STEM, mutual elements, other, English) updated.
Folder: Blockchain Technology(invisible, STEM, mutual elements, other, English)
{
    "score_4o": "2",
    "score_reason": "The MLLM output focuses on the theme of 'Diversity in Design' with linguistic and geometric elements, which is too broad compared to the standard answer's specific focus on 'Blockchain Technology.' It fails to mention key concepts like the interconnected nature of the links and their symbolic representation of blockchain, as mentioned in the standard answer. However, both interpretations involve design diversity, hence it partially aligns with the broad concept of a linked structure in blockchain."
}

Judge results for folder Blockchain Technology(invisible, STEM, mutual elements, other, English) updated.
Folder: Fibonacci sequence(invisible, STEM, relation, USAEnglish, English)
{
    "score_4o": "2",
    "score_reason": "The MLLM output correctly identifies the spiral structure theme in both images but does not explicitly connect it to the Fibonacci sequence, as found in the standard answer. The explanation does not align with the reasoning about the Fibonacci sequence and its relation to natural and geometric patterns."
}

Judge results for folder Fibonacci sequence(invisible, STEM, relation, USAEnglish, English) updated.
Folder: Bernoulli Principle(invisible, STEM, relation, USAEnglish, English)
{
    "score_4o": "2",
    "score_reason": "The MLLM's output describes a broad theme of 'Air travel infrastructure,' focusing on the technical and practical aspects of an airplane wing and cabin. However, it does not align with the specific concept of the 'Bernoulli Principle' found in the standard answer, which focuses on the scientific principle explaining lift related to the airplane wing. The MLLM has not mentioned any facts related to fluid dynamics or pressure differences, which are key in the standard explanation."
}

Judge results for folder Bernoulli Principle(invisible, STEM, relation, USAEnglish, English) updated.
Folder: Gravitational waves(invisible, STEM, metaphor, other, English)
{
    "score_4o": "2",
    "score_reason": "The MLLM's output captures the broad theme of 'tranquility and sensory experience,' which aligns with the imagery of water and touch. However, it fails to relate the specific concept of 'gravitational waves' or describe the scientific analogy represented by the standard answer."
}

Judge results for folder Gravitational waves(invisible, STEM, metaphor, other, English) updated.
Folder: Nanotech(invisible, STEM, metaphor, other, English)
{
    "score_4o": "2",
    "score_reason": "The MLLM's output describes a 'Contrast in Complexity' between a complex robot and a natural scene, which is a broad thematic interpretation of the images rather than the specific, technology-focused connection of 'Nanotech' provided in the standard answer. Although there is no factual hallucination, the MLLM's explanation lacks relevant facts from the standard answer such as nanotechnology and its precision."
}

Judge results for folder Nanotech(invisible, STEM, metaphor, other, English) updated.
Folder: Garfield(invisible, cartoon or game, mutual elements, USAEnglish, English)
{
    "score_4o": "2",
    "score_reason": "The MLLM's output summarizes the relation as 'Ready to Dig In,' focusing on the anticipation of eating lasagna, which is too broad compared to the specific relationship with 'Garfield' indicated in the standard answer. It lacks the connection to the character Garfield, who is known for his love of lasagna, which is the key fact in the standard explanation."
}

Judge results for folder Garfield(invisible, cartoon or game, mutual elements, USAEnglish, English) updated.
Folder: Homer Simpson(invisible, cartoon or game, mutual elements, USAEnglish, English)
{
    "score_4o": "2",
    "score_reason": "The MLLM's output highlights the concept of 'Thermal energy conversion' between nuclear and fossil fuel power plants, emphasizing how both plants convert thermal energy into electrical energy. While this reasoning is technically correct and relevant to the images, it does not align with the specific reasoning related to 'Homer Simpson' in the standard answer."
}

Judge results for folder Homer Simpson(invisible, cartoon or game, mutual elements, USAEnglish, English) updated.
Folder: Scooby-Doo(invisible, cartoon or game, mutual elements, USAEnglish, English)
{
    "score_4o": "2",
    "score_reason": "The MLLM's output describes a connection between the two images as an 'Abstract interpretation,' focusing on the art style and approach. This is valid yet quite broad when compared to the standard answer 'Scooby-Doo,' which references specific characters and catchphrases. It fails to capture the character-specific connection and media-related context."
}

Judge results for folder Scooby-Doo(invisible, cartoon or game, mutual elements, USAEnglish, English) updated.
Folder: Popeye(invisible, cartoon or game, mutual elements, USAEnglish, English)
{
    "score_4o": "2",
    "score_reason": "The MLLM's output identifies the common element of 'spinach' in both images but focuses on a broad interpretation related to healthy eating rather than highlighting the character Popeye specifically. While it mentions Popeye as part of the branding, it misses the more specific connection to Popeye's mythical strength through eating spinach, as well as the rivalry with Bluto, which are key aspects in the standard answer."
}

Judge results for folder Popeye(invisible, cartoon or game, mutual elements, USAEnglish, English) updated.
Folder: Ninja Turtles(invisible, cartoon or game, mutual elements, USAEnglish, English)
{
    "score_4o": "2",
    "score_reason": "The MLLM's output identifies both images as depicting cheese pizza but under different contexts, focusing on its versatility. However, it fails to mention the connection to 'Ninja Turtles,' which is a key aspect of the standard answer, thus missing relevant facts that align with the intended theme."
}

Judge results for folder Ninja Turtles(invisible, cartoon or game, mutual elements, USAEnglish, English) updated.
Folder: Powerpuff Girls(invisible, cartoon or game, mutual elements, USAEnglish, English)
{
    "score_4o": "2",
    "score_reason": "The MLLM output identifies the objects in the images as chemical flasks, which is a broad observation. However, it misses the specific connection to the 'Powerpuff Girls,' where 'Chemical X' plays a significant role. The MLLM explanation focuses on the similarity of the imagery rather than the culturally specific reference to the Powerpuff Girls."
}

Judge results for folder Powerpuff Girls(invisible, cartoon or game, mutual elements, USAEnglish, English) updated.
Folder: Dragon Ball(invisible, cartoon or game, mutual elements, East Asia, English)
{
    "score_4o": "2",
    "score_reason": "The MLLM's output summarizes the relationship as 'Contrast,' which is too broad and does not match the specific relation of 'Dragon Ball' mentioned in the standard answer. The explanation focuses on the artistic contrast between the two images, which does not align with the thematic elements specific to 'Dragon Ball' displayed in the images."
}

Judge results for folder Dragon Ball(invisible, cartoon or game, mutual elements, East Asia, English) updated.
Folder: Codename KND(invisible, cartoon or game, mutual elements, USAEnglish, English)
{
    "score_4o": "2",
    "score_reason": "The MLLM output relates the two images through the concept of 'Real-life Inspiration,' which connects the cartoon character and the real raccoon based on visual and thematic overlap. However, this is too broad and doesn't align with the specific connection to 'Codename KND' described in the standard answer. Despite the mismatch, the MLLM's explanation of inspiration from real raccoons is factually correct."
}

Judge results for folder Codename KND(invisible, cartoon or game, mutual elements, USAEnglish, English) updated.
Folder: Danny Phantom(invisible, cartoon or game, mutual elements, USAEnglish, English)
{
    "score_4o": "2",
    "score_reason": "The MLLM output observes that both images depict 'identical objects,' focusing on the visual aspects, which is accurate in terms of content but does not capture the thematic relation described in the standard answer, 'Danny Phantom.' It fails to mention relevant facts like the Fenton Thermos or Vlad Plasmius, which are essential in the standard reasoning."
}

Judge results for folder Danny Phantom(invisible, cartoon or game, mutual elements, USAEnglish, English) updated.
Folder: Rock, Paper, Scissors(invisible, cartoon or game, mutual elements, NA, English)
{
    "score_4o": "2",
    "score_reason": "The MLLM output identifies the images as 'Mirror Images,' which is not related to the 'Rock, Paper, Scissors' theme in the standard answer. The explanation focuses on the mirrored gesture, missing the connection between the gesture and the game ‘Rock, Paper, Scissors’ and its expanded version. However, it correctly identifies the hand gesture, lacking deeper reasoning."
}

Judge results for folder Rock, Paper, Scissors(invisible, cartoon or game, mutual elements, NA, English) updated.
Folder: Chess knight's move(invisible, cartoon or game, relation, USAEnglish, English)
{
    "score_4o": "2",
    "score_reason": "The MLLM output describes the images as conveying a theme of 'Elegance and grace,' which diverges from the standard answer related to the 'Chess knight's move.' The explanation focuses on aesthetic qualities rather than the chess-related context found in the standard answer, showing a broad understanding without relevant facts."
}

Judge results for folder Chess knight's move(invisible, cartoon or game, relation, USAEnglish, English) updated.
Folder: Pacman ghost patterns(invisible, cartoon or game, relation, East Asia, English)
{
    "score_4o": "2",
    "score_reason": "The MLLM's output focuses on 'Textural Similarity' between the two images, which aligns with the idea of patterns, but it is too broad and lacks the specific reference to 'Pacman ghost patterns' as mentioned in the standard answer. The explanation does not delve into the iconic game-related patterns or the associated colors and characters, which are central to the standard answer's reasoning."
}

Judge results for folder Pacman ghost patterns(invisible, cartoon or game, relation, East Asia, English) updated.
Folder: Snake and Ladder Karma(invisible, cartoon or game, relation, other, English)
{
    "score_4o": "2",
    "score_reason": "The MLLM's output interprets the images as 'Simplicity in Complexity,' focusing on the visual elements of the dice and dot. This interpretation is too broad and misses the thematic connection related to 'Snake and Ladder Karma,' specifically involving the symbolism of dice in games and karma represented by the ouroboros, as detailed in the standard answer."
}

Judge results for folder Snake and Ladder Karma(invisible, cartoon or game, relation, other, English) updated.
Folder: Hide and Seek Counting(invisible, cartoon or game, relation, NA, English)
{
    "score_4o": "2",
    "score_reason": "The MLLM's output relates the images to 'concealed emotions or privacy,' which captures the general action of covering one's face. However, it misses the specific connection to 'Hide and Seek Counting' as in the standard answer. The MLLM focuses on a broader interpretation of covering one's face rather than the specific context of the game 'Hide and Seek' and its counting process."
}

Judge results for folder Hide and Seek Counting(invisible, cartoon or game, relation, NA, English) updated.
Folder: Hopscotch pattern(visible, cartoon or game, relation, USAEnglish, English)
{
    "score_4o": "1",
    "score_reason": "The MLLM incorrectly identifies the images as representing scheduling or planning, rather than the intended concept of a hopscotch pattern according to the standard answer. It shows uncertainty in recognizing the relationship and explanation required for the hopscotch theme."
}

Judge results for folder Hopscotch pattern(visible, cartoon or game, relation, USAEnglish, English) updated.
Folder: Marbles Circle(invisible, cartoon or game, relation, NA, English)
{
    "score_4o": "2",
    "score_reason": "The MLLM's output summarizes the relation as a 'theme of circles,' which is too broad and not specifically aligned with the standard answer's 'Marbles Circle.' The explanation does discuss the concept of circles, but it does not address the specific context of marbles games as mentioned in the standard answer."
}

Judge results for folder Marbles Circle(invisible, cartoon or game, relation, NA, English) updated.
Folder: Blind Man's Buff(invisible, cartoon or game, relation, USAEnglish, English)
{
    "score_4o": "2",
    "score_reason": "The MLLM's output describes the images in terms of 'Transition,' which reflects a broad interpretation and fails to identify the specific theme of 'Blind Man's Buff.' The explanation lacks specific connections to the standard answer's factual elements related to the game and the use of a blindfold and hands."
}

Judge results for folder Blind Man's Buff(invisible, cartoon or game, relation, USAEnglish, English) updated.
Folder: Strategic Decision(invisible, cartoon or game, relation, NA, English)
{
    "score_4o": "2",
    "score_reason": "The MLLM's output focuses on 'Urban Geometry' and mentions the grid-like structure shared by both images. Although this does not match the standard answer 'Strategic Decision,' it touches on an underlying theme of organization and planning similar to strategic thinking. However, it lacks discussing any direct connection between strategic thinking and the images, resulting in a broad interpretation that isn't closely aligned with the standard answer."
}

Judge results for folder Strategic Decision(invisible, cartoon or game, relation, NA, English) updated.
Folder: Predicting the Future(invisible, cartoon or game, relation, NA, English)
{
    "score_4o": "2",
    "score_reason": "The MLLM output describes the relation as 'Unlocking Secrets,' which is a broad and symbolic interpretation, whereas the standard answer identifies a specific connection of 'Predicting the Future.' The explanation does reflect themes of discovery and insight relevant to tarot cards but lacks direct relevancy to predicting future events as described in the standard answer. Thus, it provides a roughly correct but overly broad interpretation without key facts from the standard answer."
}

Judge results for folder Predicting the Future(invisible, cartoon or game, relation, NA, English) updated.
Folder: Naruto's Ramen(invisible, cartoon or game, relation, East Asia, English)
{
    "score_4o": "2",
    "score_reason": "The MLLM identifies the theme 'Ramen Noodles', which is related but overly broad compared to the specific 'Naruto's Ramen.' The explanation notes the presence of ramen images but lacks connection to Naruto or Ichiraku Ramen, focusing instead on general ramen imagery without linking to the symbolism in the anime."
}

Judge results for folder Naruto's Ramen(invisible, cartoon or game, relation, East Asia, English) updated.
Folder: Pink Panther(invisible, cartoon or game, relation, USAEnglish, English)
{
    "score_4o": "2",
    "score_reason": "The MLLM's output summarizes the relation as 'Contrast in representation,' which is not directly aligned with the standard answer 'Pink Panther.' The explanation provided by the MLLM speaks to a broader comparison between a diamond and abstract art rather than connecting it to the theme of 'Pink Panther.' There are no relevant facts related to 'Pink Panther' mentioned, resulting in a misalignment with the intended relationship but not factual hallucination."
}

Judge results for folder Pink Panther(invisible, cartoon or game, relation, USAEnglish, English) updated.
Folder: Phineas & Ferb(invisible, cartoon or game, metaphor, USAEnglish, English)
{
    "score_4o": "2",
    "score_reason": "The MLLM output mentions 'Construction and Experience,' focusing on the physical aspects and thrill of the roller coaster, which is a broad interpretation. It fails to mention 'Phineas & Ferb,' which is the intended relation in the standard answer. There are no relevant facts related to 'Phineas & Ferb' in the explanation."
}

Judge results for folder Phineas & Ferb(invisible, cartoon or game, metaphor, USAEnglish, English) updated.
Folder: Ms.Frizzle(invisible, cartoon or game, metaphor, USAEnglish, English)
{
    "score_4o": "2",
    "score_reason": "The MLLM's output identifies a general theme of 'Continuity and Daily Life,' which appears to be too broad and not directly connected to the standard answer's reference to 'Ms. Frizzle.' However, both images depict the same person at different moments, which conveys a sense of continuity. The explanation misses specific details related to Ms. Frizzle's distinctive dress and its symbolism, as noted in the standard answer."
}

Judge results for folder Ms.Frizzle(invisible, cartoon or game, metaphor, USAEnglish, English) updated.
Folder: Scooby Snacks(invisible, cartoon or game, metaphor, USAEnglish, English)
{
    "score_4o": "2",
    "score_reason": "The MLLM's output identifies the images as dog treats and suggests a theme of 'Complementary context,' focusing on different stages of serving the treats. However, it does not reference the 'Scooby Snacks' or the connection to the Scooby-Doo series, which includes details such as the ghost costume unmasking. Thus, the output covers a different perspective unrelated to the standard answer's focus but without hallucination."
}

Judge results for folder Scooby Snacks(invisible, cartoon or game, metaphor, USAEnglish, English) updated.
Folder: What is up, Doc(invisible, cartoon or game, metaphor, USAEnglish, English)
{
    "score_4o": "2",
    "score_reason": "The MLLM's output connects the first and second images through the theme of 'carrot,' which captures a part of the literal content shared between the images. However, it does not address or align with the standard answer's subject, which is Bugs Bunny and his catchphrase 'What's up, Doc?' The MLLM's response centers on the carrot itself, a different focal point than the intended one."
}

Judge results for folder What is up, Doc(invisible, cartoon or game, metaphor, USAEnglish, English) updated.
Folder: Zoinks!(invisible, cartoon or game, metaphor, USAEnglish, English)
{
    "score_4o": "2",
    "score_reason": "The MLLM's output provides a general theme of 'Shared Surprise' based on expressions of shock or astonishment, which is too broad and misses the specific reference to the character Shaggy and the famous exclamation 'Zoinks!' associated with 'Scooby-Doo'. The MLLM's explanation captures the idea of surprise but doesn't connect it to the specific context described in the standard answer related to Shaggy's character."
}

Judge results for folder Zoinks!(invisible, cartoon or game, metaphor, USAEnglish, English) updated.
Folder: Steven Universe(invisible, cartoon or game, metaphor, USAEnglish, English)
{
    "score_4o": "2",
    "score_reason": "The MLLM's response describes the images as conveying 'Elegance and Strength,' which is too broad and does not align with the specific 'Steven Universe' theme identified in the standard answer. Additionally, the explanation lacks key facts related to the 'Steven Universe' narrative and does not address the role of the images in the series."
}

Judge results for folder Steven Universe(invisible, cartoon or game, metaphor, USAEnglish, English) updated.
Folder: Tower Defense(invisible, cartoon or game, metaphor, NA, English)
{
    "score_4o": "2",
    "score_reason": "The MLLM's output identifies the theme as 'Contrast,' which seems too broad without addressing more specific or relevant facts associated with 'Tower Defense.' However, there is no factually incorrect information, but the lack of connection to the game theme leaves out essential details found in the standard answer."
}

Judge results for folder Tower Defense(invisible, cartoon or game, metaphor, NA, English) updated.
Folder: Compass Rose D-pade(invisible, cartoon or game, metaphor, NA, English)
{
    "score_4o": "2",
    "score_reason": "The MLLM's output describes the images as 'Navigation and exploration,' which is too broad and does not align with the specific 'Compass Rose D-pad' focus of the standard answer. Although it correctly identifies themes of navigation and the compass rose, it omits the connection to video game elements, such as the D-pad, that are key to the standard answer's explanation and reasoning."
}

Judge results for folder Compass Rose D-pade(invisible, cartoon or game, metaphor, NA, English) updated.
Folder: Power-up Mushroom(invisible, cartoon or game, metaphor, East Asia, English)
{
    "score_4o": "2",
    "score_reason": "The MLLM's output suggests a relationship of 'Reality vs. Simulation,' which does not align with the precise gaming context provided in the standard answer. While it does mention mushrooms with red caps and white spots, it fails to identify the correct reference to the Power-up Mushroom from the Super Mario series, resulting in a broad interpretation that overlooks key aspects of the standard answer."
}

Judge results for folder Power-up Mushroom(invisible, cartoon or game, metaphor, East Asia, English) updated.
Folder: Morse Code MIDI(invisible, music, metaphor, NA, English)
{
    "score_4o": "2",
    "score_reason": "The MLLM's output provides a broad theme of 'Evolution of Communication,' which is a reasonable interpretation but lacks specific facts to align with the standard answer. It does not connect directly to the specific concept of 'Morse Code MIDI' and does not mention details like the encoding of Morse code as MIDI data, present in the standard answer."
}

Judge results for folder Morse Code MIDI(invisible, music, metaphor, NA, English) updated.
Folder: Treble Clef(invisible, music, metaphor, USAEnglish, English)
{
    "score_4o": "2",
    "score_reason": "The MLLM's output relates the images to 'Correspondence of note names,' focusing on the musical staff and notation aspects without mentioning the 'Treble Clef,' which is the specific commonality as per the standard answer. While it discusses the visual representation of notes on the staff, it misses the central theme of the 'Treble Clef' entirely."
}

Judge results for folder Treble Clef(invisible, music, metaphor, USAEnglish, English) updated.
Folder: Quarter Note(invisible, music, metaphor, USAEnglish, English)
{
    "score_4o": "2",
    "score_reason": "The MLLM's output identifies the first image as a quarter note but deviates by identifying the second image as a rest, which is not aligned with the standard answer focusing solely on the quarter note's representation. The explanation provides some relevant facts about musical notation, yet it does not effectively summarize the specific relationship as 'Quarter Note' as highlighted in the standard answer."
}

Judge results for folder Quarter Note(invisible, music, metaphor, USAEnglish, English) updated.
Folder: タイコ(invisible, music, metaphor, East Asia, Japanese)
{
    "score_4o": "2",
    "score_reason": "The MLLM's output frames the relationship as 'Mimicry,' focusing on the visual similarities between drumsticks and chopsticks. Although this connection is partially valid on a superficial level, it lacks references to key facts and concepts present in the standard answer, such as 'Taiko' and 'Bachi.' The output doesn't align with the intended reasoning and explanation related to the specific cultural context of taiko drums."
}

Judge results for folder タイコ(invisible, music, metaphor, East Asia, Japanese) updated.
No test results found for folder: Indian Tabla(invisible, music, metaphor, other, English)
Folder: The Beatles(invisible, music, metaphor, USAEnglish, English)
{
    "score_4o": "2",
    "score_reason": "The MLLM's output identifies the relationship as 'Contrast in Hair Length and Perspective,' which is too broad and not aligned with the standard answer's focus on 'The Beatles.' The explanation of hairstyle differences could be indirectly related to the Beatles' iconic haircuts, but it does not effectively connect to the specific context of the Beatles or the Abbey Road album cover."
}

Judge results for folder The Beatles(invisible, music, metaphor, USAEnglish, English) updated.
Folder: Bollywood Music(invisible, music, metaphor, other, English)
{
    "score_4o": "2",
    "score_reason": "The MLLM output provides a broad interpretation of 'Journey' based on the images, yet does not align with the 'Bollywood Music' connection given in the standard answer. The explanation is thoughtful but lacks the specific references needed to reflect the precise relationship identified in the standard answer."
}

Judge results for folder Bollywood Music(invisible, music, metaphor, other, English) updated.
Folder: Woodstock(invisible, music, metaphor, USAEnglish, English)
{
    "score_4o": "2",
    "score_reason": "The MLLM's output relates the images to the theme of 'Nature reclaims,' which is too broad and does not align with the standard answer's specific theme of 'Woodstock.' While the explanation includes ideas about nature's resilience, it lacks direct reference to key elements such as Woodstock or the cultural and historical context that ties them together."
}

Judge results for folder Woodstock(invisible, music, metaphor, USAEnglish, English) updated.
Folder: Grammy Awards(invisible, music, metaphor, USAEnglish, English)
{
    "score_4o": "2",
    "score_reason": "The MLLM's output relates the images to the 'Evolution of Music Playback Technology,' which is a correct observation regarding the two devices, but it does not align with the intended standard answer of the 'Grammy Awards.' The explanation provided offers relevant insights on how each device relates to music playback but does not connect to the concept of the Grammy Awards as detailed in the standard answer."
}

Judge results for folder Grammy Awards(invisible, music, metaphor, USAEnglish, English) updated.
Folder: Rock and Roll(invisible, music, metaphor, USAEnglish, English)
{
    "score_4o": "2",
    "score_reason": "The MLLM's response describes the relationship as 'Urban Life,' which is too broad and does not align with the specific association to 'Rock and Roll' as in the standard answer. While it touches on themes like music and personal style, it fails to connect to the key aspects of rock and roll, such as Chuck Berry's signature moves or the critical role of the electric guitar within the genre."
}

Judge results for folder Rock and Roll(invisible, music, metaphor, USAEnglish, English) updated.
Folder: Vinyl Record(invisible, music, relation, NA, English)
{
    "score_4o": "2",
    "score_reason": "The MLLM's output provides a broad concept of 'Faceted beauty,' referring to the visual characteristics shared by a diamond and an ice crystal. However, it does not address or relate to the specific concept of 'Vinyl Record,' as described in the standard answer. It fails to mention any relevant facts connecting the diamond to the usage in a stylus for playing vinyl records."
}

Judge results for folder Vinyl Record(invisible, music, relation, NA, English) updated.
Folder: Piano Keys(invisible, music, relation, USAEnglish, English)
{
    "score_4o": "2",
    "score_reason": "The MLLM's output summarizes the relation as 'Interface,' which is not related to the standard answer 'Piano Keys' at all. The explanation is primarily focused on digital interfaces, which is broader and unrelated to the concept of 'Piano Keys.' Therefore, the MLLM's output does not effectively align with the standard reasoning."
}

Judge results for folder Piano Keys(invisible, music, relation, USAEnglish, English) updated.
Folder: Microphone(invisible, music, relation, NA, English)
{
    "score_4o": "2",
    "score_reason": "The MLLM output correctly identifies a common theme of 'wavelength' in both images, which are related to waves. However, it misses the specific connection to 'microphone' and the context of sound waves and electromagnetic waves in a recording studio environment. The provided explanation remains broad, without the precise details noted in the standard answer, such as the role of microphones in capturing sound waves."
}

Judge results for folder Microphone(invisible, music, relation, NA, English) updated.
Folder: Saxophone(invisible, music, relation, NA, English)
{
    "score_4o": "2",
    "score_reason": "The MLLM's output does not align with the standard answer's specific relationship to 'Saxophone' and related concepts. Instead, it focuses broadly on the 'textural contrasts' of grass scenes without referencing any relevant modalities covered in the standard answer. There are no erroneous details, but it entirely misses the connection to 'Reed' and 'Saxophone.'"
}

Judge results for folder Saxophone(invisible, music, relation, NA, English) updated.
Folder: Orchestra(invisible, music, relation, USAEnglish, English)
{
    "score_4o": "2",
    "score_reason": "The MLLM's output focuses on a conceptual connection between the two images, describing them both as moments of creation and communication. Although this captures an abstract similarity, it fails to establish a direct relationship between the conductor's baton and orchestra, which is the core of the standard answer. The explanation rightly identifies the gestures but lacks relevant facts specific to the 'Orchestra' relationship needed for a higher score."
}

Judge results for folder Orchestra(invisible, music, relation, USAEnglish, English) updated.
Folder: Music Box(invisible, music, relation, USAEnglish, English)
{
    "score_4o": "2",
    "score_reason": "The MLLM output broadly captures the concept of 'interconnectivity,' which differs from the more specific theme of 'Music Box' found in the standard answer. The explanation correctly expands on how mechanical gears and neurons both rely on interconnections, but does not address the relationship specifically to the music box and lullabies, which is central to the standard answer."
}

Judge results for folder Music Box(invisible, music, relation, USAEnglish, English) updated.
Folder: Bach's Cello Suite(invisible, music, relation, USAEnglish, English)
{
    "score_4o": "2",
    "score_reason": "The MLLM output identifies the theme of 'musical instruments, specifically stringed instruments, and their construction,' which is not aligned with the specific relationship 'Bach's Cello Suite' in the standard answer. The explanation is about the craftsmanship and roles of the instruments rather than connecting the images to the renowned composition, Bach's Cello Suite. Thus, the response is too broad and does not address the intended reasoning."
}

Judge results for folder Bach's Cello Suite(invisible, music, relation, USAEnglish, English) updated.
Folder: Sitar(invisible, music, relation, South Asia and South-East Asia, English)
{
    "score_4o": "2",
    "score_reason": "The MLLM's output summarizes the relationship as 'Urban Evolution,' which is not related to the standard answer 'Sitar.' However, it correctly describes the separate elements of the images in terms of cityscapes and urban development, though it completely misses out on connecting these to the sitar or Indian cultural elements that are crucial to the standard answer."
}

Judge results for folder Sitar(invisible, music, relation, South Asia and South-East Asia, English) updated.
Folder: Opera Mask(invisible, music, relation, Non-English European, English)
{
    "score_4o": "2",
    "score_reason": "The MLLM's output summarizes the relationship as 'Evolution of Costume Design,' which is related to the standard answer in terms of costume design but does not specifically identify the 'Opera Mask' as a key concept. While the MLLM discusses the theme of costume design evolution, it does not address the specific connection to 'The Phantom of the Opera' and the significance of the opera mask within this context, as outlined in the standard answer."
}

Judge results for folder Opera Mask(invisible, music, relation, Non-English European, English) updated.
Folder: Headphones(invisible, music, relation, NA, English)
{
    "score_4o": "2",
    "score_reason": "The MLLM's output is roughly correct in the context of sound perception but is too broad compared to the standard answer. It relates the images to 'Human Perception of Sound,' which aligns with the general theme of auditory experience, but it does not connect with the specific concept of 'Headphones' or 'Noise-canceling technology' as specified in the standard answer. The standard answer also makes a connection to music festivals, which is not addressed in the MLLM's output."
}

Judge results for folder Headphones(invisible, music, relation, NA, English) updated.
Folder: Choral Group(invisible, music, relation, NA, English)
{
    "score_4o": "2",
    "score_reason": "The MLLM's output presents a broad concept 'Beauty and Creativity,' which is not related to the standard answer, 'Choral Group.' While it effectively describes the images as representing beauty and artistry, it misses relevant facts or connections that align with the standard explanation and reasoning. The MLLM's answer addresses a theme that diverges from the intended concept without specific reasoning or facts from the standard."
}

Judge results for folder Choral Group(invisible, music, relation, NA, English) updated.
Folder: Fedora Hat(visible, music, mutual elements, USAEnglish, English)
{
    "score_4o": "2",
    "score_reason": "The MLLM's output does not align with the specific connection 'Fedora Hat' as described in the standard answer. Instead, it provides a broad concept 'Unity in Texture and Form' that does not relate to the iconic style of the jazz era or the fedora's significance. However, it does acknowledge themes like 'human expression and crafted objects,' albeit without forming a coherent link to the intended reasoning provided in the standard answer."
}

Judge results for folder Fedora Hat(visible, music, mutual elements, USAEnglish, English) updated.
Folder: Hakka Folk Songs(invisible, music, mutual elements, East Asia, English)
{
    "score_4o": "2",
    "score_reason": "The MLLM's output provides an explanation focusing on 'Scale and Intricacy,' which covers the agricultural adaptation and manual labor observed in the images. However, it does not address the specific cultural connection to 'Hakka Folk Songs' mentioned in the standard answer. Thus, the response is too broad and lacks the relevant cultural context and elements present in the standard explanation."
}

Judge results for folder Hakka Folk Songs(invisible, music, mutual elements, East Asia, English) updated.
Folder: Beethoven's Fifth Symphony(invisible, music, mutual elements, USAEnglish, English)
{
    "score_4o": "2",
    "score_reason": "The MLLM's output identifies the theme as 'Contrast and Balance,' focusing on the contrasting moods and atmospheres of natural environments, which does not correspond with the standard answer's focus on Beethoven's Fifth Symphony. While related in terms of juxtaposition of emotions, it does not effectively mention the relevant facts or concepts related to Beethoven's work that are highlighted in the standard answer."
}

Judge results for folder Beethoven's Fifth Symphony(invisible, music, mutual elements, USAEnglish, English) updated.
Folder: Chopin’s Nocturnes(invisible, music, mutual elements, USAEnglish, English)
{
    "score_4o": "2",
    "score_reason": "The MLLM outlines the connection as 'Musical Interpretation,' focusing on the theme of music and the interaction between the instrument and the player. However, it does not acknowledge the specific connection to 'Chopin's Nocturnes,' as described in the standard answer. The explanation provided is more generalized and does not integrate the thematic elements of mood and atmosphere related to Chopin's Nocturnes, which are key to achieving a score more aligned with the standard answer."
}

Judge results for folder Chopin’s Nocturnes(invisible, music, mutual elements, USAEnglish, English) updated.
Folder: Queer Anthems(invisible, music, mutual elements, NA, English)
{
    "score_4o": "2",
    "score_reason": "The MLLM's output describes the images as capturing lively scenes and relates them conceptually as 'Theater of Life,' which is a broad interpretation not clearly linked to the standard answer's focus on 'Queer Anthems.' While the explanation touches on human interaction and performance, it doesn't mention or align with the key symbols and themes related to queer anthems found in the standard answer."
}

Judge results for folder Queer Anthems(invisible, music, mutual elements, NA, English) updated.
Folder: Didgeridoo(visible, music, mutual elements, other, English)
{
    "score_4o": "2",
    "score_reason": "The MLLM's output emphasizes the 'craftsmanship' aspect of the didgeridoo, which is not aligned with the standard answer focusing on cultural and geographical connections. Although it correctly identifies the didgeridoo and refers to its use in music and culture, it fails to acknowledge the deeper aspect of the Aboriginal culture and its connection to the Australian outback as highlighted in the standard answer."
}

Judge results for folder Didgeridoo(visible, music, mutual elements, other, English) updated.
Folder: American Bluegrass(visible, music, mutual elements, USAEnglish, English)
{
    "score_4o": "2",
    "score_reason": "The MLLM's output suggests the relation as 'Serenity through Music,' which broadly captures music-related themes but misses mentioning the specific cultural aspect of 'American Bluegrass' that is central to the standard answer. The explanation emphasizes the settings and atmosphere, which aligns with the idea of music and nature but doesn't focus on the genre of the music being depicted."
}

Judge results for folder American Bluegrass(visible, music, mutual elements, USAEnglish, English) updated.
Folder: Montreux Jazz Festival(invisible, music, mutual elements, USAEnglish, English)
{
    "score_4o": "2",
    "score_reason": "The MLLM's output focuses on 'Intellectual Pursuit' as a unifying theme, which is too broad and not specific to the 'Montreux Jazz Festival' mentioned in the standard answer. It does not include any facts or details related to the Montreux Jazz Festival or Lake Geneva, missing the key aspects of the standard explanation."
}

Judge results for folder Montreux Jazz Festival(invisible, music, mutual elements, USAEnglish, English) updated.
Folder: Orff Approach(invisible, music, mutual elements, Non-English European, English)
{
    "score_4o": "2",
    "score_reason": "The MLLM's output relates the images under the broad theme of 'Creative Expression,' which is too general compared to the specific relation of the 'Orff Approach' in the standard answer. While the MLLM describes scenes of musical engagement, it fails to mention the key concept of the 'Orff Approach' or identify Carl Orff in the second image. Thus, it does not align with the intended concept in the standard answer."
}

Judge results for folder Orff Approach(invisible, music, mutual elements, Non-English European, English) updated.
Folder: The Dinner Party(invisible, art, mutual elements, USAEnglish, English)
{
    "score_4o": "2",
    "score_reason": "The MLLM's output describes a common theme of 'Reflection of Elegance' for the images, which is quite broad and doesn't directly relate to the specific theme of 'The Dinner Party' as highlighted in the standard answer. It misses key facts linking the images to 'The Dinner Party' installation and the feminist art movement. However, the response does somewhat capture the overall sense of sophistication and elegance that could be indirectly related to the style and purpose of 'The Dinner Party.'"
}

Judge results for folder The Dinner Party(invisible, art, mutual elements, USAEnglish, English) updated.
Folder: Slavic Embroidery(invisible, art, mutual elements, Non-English European, English)
{
    "score_4o": "2",
    "score_reason": "The MLLM's output focuses on 'Floral motifs and color harmony,' which is related to the artistic aspects of the images. However, it does not convey the intended cultural significance of 'Slavic Embroidery.' The MLLM addresses the patterns and colors but misses the connection to cultural identity and traditional attire, which are key aspects of the standard answer."
}

Judge results for folder Slavic Embroidery(invisible, art, mutual elements, Non-English European, English) updated.
No test results found for folder: Elgin Marbles(invisible, art, relation, Non-English European, English)
Folder: Terracotta Army(invisible, art, relation, East Asia, English)
{
    "score_4o": "2",
    "score_reason": "The MLLM's output describes the relationship as 'Same Object, Different Contexts,' which is a broader interpretation than the 'Terracotta Army' specified in the standard answer. The explanation doesn't align with the historical and cultural context of the Terracotta Army, but there is a connection in terms of emphasizing different uses or presentations of a similar object—the clay amphora. The MLLM's explanation lacks the specific cultural and historical details connected to the Terracotta Army, as explained in the standard answer."
}

Judge results for folder Terracotta Army(invisible, art, relation, East Asia, English) updated.
Folder: The Bauhaus Movement(invisible, art, mutual elements, Non-English European, English)
{
    "score_4o": "2",
    "score_reason": "The MLLM's output identifies a broad theme of 'Organic materials and simplicity,' which does capture an aspect of the images but fails to pinpoint the specific and relevant connection to 'The Bauhaus Movement' as described in the standard answer. The MLLM explanation lacks any mention of the Bauhaus Movement and its design principles or artistic style, which are key to understanding the relationship between the images."
}

Judge results for folder The Bauhaus Movement(invisible, art, mutual elements, Non-English European, English) updated.
Folder: Statue of Liberty(invisible, art, mutual elements, USAEnglish, English)
{
    "score_4o": "2",
    "score_reason": "The MLLM's output identifies a 'contrast' relationship, which is partially relevant but does not align with the standard answer that centers on the 'Statue of Liberty' and its symbolic meanings. The explanation correctly identifies a thematic contrast between fragility and durability but fails to connect it to the deeper thematic context of liberation and enlightenment associated with the Statue of Liberty."
}

Judge results for folder Statue of Liberty(invisible, art, mutual elements, USAEnglish, English) updated.
Folder: The Louvre(visible, art, relation, Non-English European, English)
{
    "score_4o": "2",
    "score_reason": "The MLLM's output describes the concept as 'Detail and Perspective,' which does not align with the standard answer 'The Louvre.' The explanation focuses on aspects of art visual analysis rather than facts related to the Mona Lisa's connection to the Louvre, thus missing the relevant context."
}

Judge results for folder The Louvre(visible, art, relation, Non-English European, English) updated.
Folder: Warhol’s Campbell’s Soup Cans(invisible, art, relation, USAEnglish, English)
{
    "score_4o": "3",
    "score_reason": "The MLLM's output captures the theme of 'repetition in mass consumer culture,' which aligns with the standard answer's focus on consumer culture and mass production. However, it does not directly mention facts related to the 'intersection of art and consumer culture' or specify the depiction of Campbell's Soup Can by Warhol as clearly as in the standard answer. The explanation does acknowledge the critique and celebration of commercial practices by Warhol, consistent with the standard answer, but lacks some specific aspects of the reasoning provided."
}

Judge results for folder Warhol’s Campbell’s Soup Cans(invisible, art, relation, USAEnglish, English) updated.
Folder: Berlin Wall Art(invisible, art, relation, Non-English European, English)
{
    "score_4o": "2",
    "score_reason": "The MLLM identifies a relationship of 'Transformation' and explains the change in arrangement of spray paint cans. However, this is too broad and does not align with the specific theme of 'Berlin Wall Art' as per the standard answer. It misses the link between spray paint as a symbol of graffiti on the Berlin Wall and the cityscape representing the division of Berlin. The response lacks relevant facts provided in the standard answer."
}

Judge results for folder Berlin Wall Art(invisible, art, relation, Non-English European, English) updated.
Folder: St. Peter’s Basilica(invisible, art, relation, Non-English European, English)
{
    "score_4o": "2",
    "score_reason": "The MLLM output broadly connects the images under the theme 'Cosmic majesty,' focusing on grandeur and magnificence, which diverges from the specific connection to St. Peter’s Basilica and its religious and architectural significance in the standard answer. The explanation does not align with the detailed reasoning provided in the standard answer but does mention grandeur, which is a general aspect of both the cosmic imagery and the architecture."
}

Judge results for folder St. Peter’s Basilica(invisible, art, relation, Non-English European, English) updated.
Folder: Baroque Influence(invisible, art, relation, Non-English European, English)
{
    "score_4o": "2",
    "score_reason": "The MLLM's output focuses on the concept of 'Narrative Depth,' which is not aligned with the primary theme of 'Baroque Influence' given in the standard answer. While the MLLM addresses the artistic value and storytelling aspect of the violin and the gallery context, it does not reference the relevant Baroque style or its specific characteristics, such as chiaroscuro in paintings or Baroque craftsmanship, that the standard answer highlights."
}

Judge results for folder Baroque Influence(invisible, art, relation, Non-English European, English) updated.
Folder: 文化大革命(invisible, art, mutual elements, East Asia, Chinese)
{
    "score_4o": "2",
    "score_reason": "The MLLM's output summarizes the relation as 'Collective vs Individual,' which does not directly align with the standard answer '文化大革命' (Cultural Revolution). While both answers discuss aspects of activism and societal change, the MLLM's explanation emphasizes a dichotomy between group and individual action rather than focusing on the specific historical context of the Cultural Revolution, including its promotion of ideology and destruction of cultural relics. Therefore, the answer is too broad and does not fully capture the relevant historical facts specified in the standard answer."
}

Judge results for folder 文化大革命(invisible, art, mutual elements, East Asia, Chinese) updated.
Folder: 一寸光阴一寸金(invisible, art, metaphor, East Asia, Chinese)
{
    "score_4o": "2",
    "score_reason": "The MLLM's output summarizes the concept as 'Progression,' which is a general interpretation of the hourglass images but doesn't align with the specific proverb related to valuing time as outlined in the standard answer. The key aspects of the proverb, such as the comparison between time and wealth, are missing in the explanation."
}

Judge results for folder 一寸光阴一寸金(invisible, art, metaphor, East Asia, Chinese) updated.
Folder: 画蛇添足(invisible, art, relation, East Asia, Chinese)
{
    "score_4o": "2",
    "score_reason": "The MLLM output focuses on 'Texture and Pattern,' which is not directly related to the intended idiom '画蛇添足'. The explanation provided by the MLLM does not address the concept of unnecessary embellishments or the idiom's meaning of overcomplicating a simple concept. The answer is overly focused on the visual aspects of the snake's appearance, missing the idiomatic relevance and broader context."
}

Judge results for folder 画蛇添足(invisible, art, relation, East Asia, Chinese) updated.
Folder: Kachina Dolls(visible, art, relation, USAEnglish, English)
{
    "score_4o": "2",
    "score_reason": "The MLLM output identifies a broad theme of 'Urban Life vs. Natural Landscape,' which is unrelated to the specific cultural context of 'Kachina Dolls' and the Hopi culture. The explanation fails to address the cultural and geographical significance highlighted in the standard answer, focusing more on generic urban and natural elements instead."
}

Judge results for folder Kachina Dolls(visible, art, relation, USAEnglish, English) updated.
Folder: Arabic Calligraphy(invisible, art, mutual elements, other, English)
{
    "score_4o": "2",
    "score_reason": "The MLLM's output identifies the relationship as 'Symmetry and natural beauty,' which captures a broad thematic connection. However, it fails to mention the specific factual relationship involving 'Arabic Calligraphy' and its significance in the context of Islamic architecture and literature, as presented in the standard answer. The explanation revolves around symmetry and color harmony rather than focusing on the cultural and artistic significance of Arabic calligraphy as intended."
}

Judge results for folder Arabic Calligraphy(invisible, art, mutual elements, other, English) updated.
Folder: Shadow Puppetry(visible, art, mutual elements, East Asia, English)
{
    "score_4o": "2",
    "score_reason": "The MLLM's output captures a theme of 'Royalty' due to the depiction of a king and queen, which reflects the visual elements in the images. However, it does not align with the detailed reasoning related to 'Shadow Puppetry' presented in the standard answer. It fails to connect with the concept of shadow puppetry, missing the explanation of the use of wooden puppets and their association with the artistic elements of light and shadow."
}

Judge results for folder Shadow Puppetry(visible, art, mutual elements, East Asia, English) updated.
Folder: NFT Art(invisible, art, mutual elements, NA, English)
{
    "score_4o": "0",
    "score_reason": "The MLLM output discusses secure data transfer through SSL/TLS encryption and cloud computing, which has no relation to the standard answer 'NFT Art.' The output does not mention NFTs, digital certificates, or pixel art, deviating entirely from the theme and explanation provided in the standard answer. As a result, it demonstrates a lack of correlation with the intended topic, leading to significant factual misalignment."
}

Judge results for folder NFT Art(invisible, art, mutual elements, NA, English) updated.
Folder: Matryoshka Dolls(invisible, art, relation, other, English)
{
    "score_4o": "2",
    "score_reason": "The MLLM's output describes the relationship as 'Urban Winter,' which is too broad and unrelated to the specific connection of 'Matryoshka Dolls.' Although it identifies the winter theme in the images, it misses the connection to Russian cultural themes and nesting structure that are central to Matryoshka Dolls. "
}

Judge results for folder Matryoshka Dolls(invisible, art, relation, other, English) updated.
Folder: Maya Stelae(invisible, art, relation, other, English)
{
    "score_4o": "2",
    "score_reason": "The MLLM's output presents the connection as 'Calligraphic Font,' which is overly broad and not aligned with the specific context of 'Maya Stelae' addressed in the standard answer. While the idea of writing evolution is mentioned, it does not relate to the specific historical and cultural significance of Maya hieroglyphic inscriptions and is more generic in its interpretation."
}

Judge results for folder Maya Stelae(invisible, art, relation, other, English) updated.
Folder: ঠাকুর ঘরে কে আমি কলা খাই না(invisible, art, metaphor, other, Bengali)
{
    "score_4o": "2",
    "score_reason": "The MLLM output captures the general theme of offerings and religious rituals but does not address the specific cultural and contextual relationship suggested in the standard answer, which involves the phrase 'ঠাকুর ঘরে কে? আমি কলা খাই ন' and its implication about sacredness and rejecting mundanity. Its explanation focuses more on the general act of offering rather than the nuanced cultural reference provided in the standard answer."
}

Judge results for folder ঠাকুর ঘরে কে আমি কলা খাই না(invisible, art, metaphor, other, Bengali) updated.
No test results found for folder: চোর পালালে বুদ্ধি বাড়ে(invisible, art, metaphor, other, Bengali)
Folder: না থাকলে বাঘ, কুকুরেই রাজা(invisible, art, metaphor, other, Bengali)
{
    "score_4o": "2",
    "score_reason": "The MLLM's output provides a general relation of 'Wildlife and Habitat,' which is too broad and does not tap into the deeper metaphorical connection of dominance and authority that is part of the standard answer. The explanation completely overlooks the symbolic interpretation of the images and instead focuses on a factual description of the wildlife and their habitats, thus failing to address the intended reasoning."
}

Judge results for folder না থাকলে বাঘ, কুকুরেই রাজা(invisible, art, metaphor, other, Bengali) updated.
Folder: ঘোড়া ডুবলে খুরা বুঝা যায়(invisible, art, metaphor, South Asia and South-East Asia, Bengali)
{
    "score_4o": "2",
    "score_reason": "The MLLM's output identifies the theme as 'Tragedy/Sadness' and provides an explanation based on contrasting life and death, which is not directly related to the standard answer. However, the mention of the cycle of life and death could be loosely interpreted as a metaphorical approach similar to the proverb's context about revealing true qualities through adversity, although it does not effectively convey the intended metaphor or insights from the proverb. The response is broad and lacks specific elements from the standard answer."
}

Judge results for folder ঘোড়া ডুবলে খুরা বুঝা যায়(invisible, art, metaphor, South Asia and South-East Asia, Bengali) updated.
Folder: घर की मुर्गी दाल बराबर(invisible, art, metaphor, South Asia and South-East Asia, Hindi)
{
    "score_4o": "2",
    "score_reason": "The MLLM's output identifies 'nature and greenery' as the theme connecting the images, which is too broad and does not align with the specific proverb 'घर की मुर्गी दाल बराबर' described in the standard answer. The explanation provided also does not address the particular reasoning related to the proverb, which illustrates undervaluing familiar things. However, the depiction of a hen in a garden setting has some relationship with elements found 'in one's own backyard.'"
}

Judge results for folder घर की मुर्गी दाल बराबर(invisible, art, metaphor, South Asia and South-East Asia, Hindi) updated.
Folder: बूंद बूंद से सागर भरता है(invisible, art, metaphor, South Asia and South-East Asia, Hindi)
{
    "score_4o": "2",
    "score_reason": "The MLLM's output provides a summary of 'Reflection and Transparency,' which is not directly connected to the standard answer about the proverb 'बूंद बूंद से सागर भरता है.' While it emphasizes reflection and transparency, it lacks the specific connection to the theme of small actions leading to significant outcomes. The explanation provided is more focused on perception through different mediums rather than the metaphorical concept of accumulation that is central to the standard answer."
}

Judge results for folder बूंद बूंद से सागर भरता है(invisible, art, metaphor, South Asia and South-East Asia, Hindi) updated.
Folder: जितना लम्बा सोने का काला, उतना ही अधिक है गधे का भाला(invisible, art, metaphor, South Asia and South-East Asia, Hindi)
{
    "score_4o": "2",
    "score_reason": "The MLLM's output describes the relation as 'Elegance and Artisanship,' which broadly matches the visual content of the images described. However, it fails to connect with the metaphorical and thematic meaning outlined in the standard answer, related to deceptive appearances. The standard answer focuses on a proverb's deeper meaning, whereas the MLLM's answer remains at a surface-level description of the images based on elegance and craftsmanship."
}

Judge results for folder जितना लम्बा सोने का काला, उतना ही अधिक है गधे का भाला(invisible, art, metaphor, South Asia and South-East Asia, Hindi) updated.
Folder: सांप निकल जाने पर लकीर पीटना(invisible, art, metaphor, South Asia and South-East Asia, Hindi)
{
    "score_4o": "2",
    "score_reason": "The MLLM's output summarizes the relationship as 'Contrast,' which is too broad and does not capture the specific metaphor involved in the standard answer. The detailed explanation provided by the MLLM does not directly align with the intended theme of missed opportunities and pointless actions as described in the proverb, but it addresses a contrast between nature and human experience. The reasoning does not align with the metaphorical context of the standard answer."
}

Judge results for folder सांप निकल जाने पर लकीर पीटना(invisible, art, metaphor, South Asia and South-East Asia, Hindi) updated.
Folder: नौ सौ चूहे खाकर बिल्ली चली हज को(invisible, art, metaphor, South Asia and South-East Asia, Hindi)
{
    "score_4o": "2",
    "score_reason": "The MLLM's output describes the concept as 'Continuation,' which is too broad and unrelated to the metaphorical proverb mentioned in the standard answer, 'नौ सौ चूहे खाकर बिल्ली चली हज को.' The explanation provided by the MLLM does not capture the metaphorical meaning of hypocrisy and facade of virtue delineated in the proverb. However, it does present a logical connection between the two images themselves."
}

Judge results for folder नौ सौ चूहे खाकर बिल्ली चली हज को(invisible, art, metaphor, South Asia and South-East Asia, Hindi) updated.
Folder: भगवद गीता(invisible, art, relation, South Asia and South-East Asia, Hindi)
{
    "score_4o": "2",
    "score_reason": "The MLLM's output relates the images to 'Spiritual Texts,' which is too broad and not specifically aligned with the standard answer 'भगवद गीता.' The explanation mentions Vedic scriptures and Lord Krishna, which are relevant to Hindu spirituality, but it does not capture the specific connection between the Bhagavad Gita and the depicted context of philosophical teachings and moral struggles. It lacks the depth and specificity found in the standard answer's explanation."
}

Judge results for folder भगवद गीता(invisible, art, relation, South Asia and South-East Asia, Hindi) updated.
Folder: चाचा चौधरी(invisible, cartoon or game, relation, South Asia and South-East Asia, Hindi)
{
    "score_4o": "2",
    "score_reason": "The MLLM's output centers around the theme of 'Inquisitiveness,' which loosely aligns with the standard answer's focus on intelligence and problem-solving. However, it fails to directly reference the specific character of 'चाचा चौधरी.' The explanation uses different metaphors and doesn't mention any key facts related to 'चाचा चौधरी' that align with the standard answer."
}

Judge results for folder चाचा चौधरी(invisible, cartoon or game, relation, South Asia and South-East Asia, Hindi) updated.
Folder: पंचतंत्र(invisible, cartoon or game, mutual elements, South Asia and South-East Asia, Hindi)
{
    "score_4o": "2",
    "score_reason": "The MLLM's output focuses on the textural details of the tortoise, highlighting its 'Textural Journey,' which is too broad and unrelated to the standard answer. It fails to capture any elements of the पंचतंत्र or fable connection that forms the core of the standard answer's explanation."
}

Judge results for folder पंचतंत्र(invisible, cartoon or game, mutual elements, South Asia and South-East Asia, Hindi) updated.
Folder: शिवाजी का सामना(invisible, cartoon or game, mutual elements, South Asia and South-East Asia, Hindi)
{
    "score_4o": "2",
    "score_reason": "The MLLM's output describes the relation as 'Nature's grandeur,' which is a broad theme, capturing the beauty and majestic aspects of nature. While it does not mention the specific cultural and historical context of 'शिवाजी का सामना,' it relates to the aesthetic aspect of the images rather than the historical significance addressed in the standard answer. The explanation is not erroneous but doesn't align with the precise historical narrative intended."
}

Judge results for folder शिवाजी का सामना(invisible, cartoon or game, mutual elements, South Asia and South-East Asia, Hindi) updated.
Folder: गणेश चतुर्थी(invisible, art, mutual elements, South Asia and South-East Asia, Hindi)
{
    "score_4o": "2",
    "score_reason": "The MLLM output identifies the relation as 'Similar Arrangement,' which is too broad and unrelated to the specific context of 'गणेश चतुर्थी' mentioned in the standard answer. It focuses on the arrangement and presentation of pastries rather than connecting them to the festival of Ganesh Chaturthi, where modaks are traditionally offered."
}

Judge results for folder गणेश चतुर्थी(invisible, art, mutual elements, South Asia and South-East Asia, Hindi) updated.
Folder: ऊँट के मुँह में जीरा।(invisible, art, metaphor, South Asia and South-East Asia, Hindi)
{
    "score_4o": "2",
    "score_reason": "The MLLM's output identifies a relation of 'Cultural attire for animals,' which is a concept that focuses on the decorative aspect of the animals, unlike the actual standard answer which pertains to a specific Hindi idiom 'ऊँट के मुँह में जीरा.' While not directly addressing the idiom's meaning, the MLLM doesn't hallucinate incorrect facts; however, its interpretation is too broad and disconnected from the nuance of the provided idiom."
}

Judge results for folder ऊँट के मुँह में जीरा।(invisible, art, metaphor, South Asia and South-East Asia, Hindi) updated.
Folder: नाच ना जाने आँगन टेढ़ा।(invisible, art, metaphor, South Asia and South-East Asia, Hindi)
{
    "score_4o": "2",
    "score_reason": "The MLLM's output emphasizes 'Elegance and artistry,' providing a broad and general explanation focused on the aesthetic qualities shared by the images. However, it fails to relate to the specific cultural saying 'नाच ना जाने आँगन टेढ़ा' (Naach Na Jaane Aangan Tedha) as explained in the standard answer. The explanation does not capture the nuance of blaming external factors for one's own shortcomings, which is the core of the intended reasoning, nor does it highlight that aspect in relation to the images."
}

Judge results for folder नाच ना जाने आँगन टेढ़ा।(invisible, art, metaphor, South Asia and South-East Asia, Hindi) updated.
Folder: अधजल गगरी छलकत जाए।(invisible, art, metaphor, South Asia and South-East Asia, Hindi)
{
    "score_4o": "2",
    "score_reason": "The MLLM's output identifies a theme of 'transience; emptiness following fullness,' which is related to impermanence and change. While it captures the concept of a transition from fullness to emptiness, it does not directly connect to the specific cultural proverb 'अधजल गगरी छलकत जाए' (Adhajal Gagri Chhalakat Jaye). It lacks the cultural context and specific symbolic representation found in the standard answer, focusing instead on broader themes of impermanence rather than the proverb's implication of partial knowledge and boasting."
}

Judge results for folder अधजल गगरी छलकत जाए।(invisible, art, metaphor, South Asia and South-East Asia, Hindi) updated.
Folder: अंधे के हाथ बटेर लगना।(invisible, art, metaphor, South Asia and South-East Asia, Hindi)
{
    "score_4o": "2",
    "score_reason": "The MLLM's output summarizes the relation as 'Identity,' which is not directly related to the standard answer's theme of 'अंधे के हाथ बटेर लगना,' a Hindi proverb conveying unexpected fortune. The explanation delves into themes of perception and mystery, which does not connect with the notion of unexpected gains. However, the elements discussed (blindfolded person in differing angles) are seen in the images, showing some understanding, albeit misaligned."
}

Judge results for folder अंधे के हाथ बटेर लगना।(invisible, art, metaphor, South Asia and South-East Asia, Hindi) updated.
Folder: बोया पेड़ बबूल का, तो आम कहाँ से होय।(invisible, art, metaphor, South Asia and South-East Asia, Hindi)
{
    "score_4o": "2",
    "score_reason": "The MLLM's output identifies the contrasting beauty of natural landscapes—a garden with a tree and a desert. While it emphasizes contrasting elements similar to the standard answer, it misses the specific message of the proverb and the symbolic connection between planting choices (babul tree vs. mango tree) and their outcomes. Therefore, it doesn't fully align with the standard answer."
}

Judge results for folder बोया पेड़ बबूल का, तो आम कहाँ से होय।(invisible, art, metaphor, South Asia and South-East Asia, Hindi) updated.
Finish: Judge results all saved to ./glm-4v_judge.json
Finish: Combined results all saved to ./glm-4v_test_and_judge.json
