Folder: Golden fleece(invisible, myth, metaphor, Non-English European, English)
{
    "score_4o": "2",
    "score_reason": "The MLLM provides a response with a metaphorical relation 'Nautical Ram' and offers an explanation linking the ram statue to wealth, power, and divinity. However, it does not mention the specific mythological context of the Golden Fleece or the journey of Jason and the Argonauts, as captured in the standard answer. Therefore, the connection offered is too broad and lacks the specific references highlighted in the standard reasoning."
}

Judge results for folder Golden fleece(invisible, myth, metaphor, Non-English European, English) updated.
Folder: Pandora's box(invisible, myth, metaphor, Non-English European, English)
{
    "score_4o": "2",
    "score_reason": "The MLLM's response highlights a broad theme of contrast between human creations and natural beauty, which is relevant but misses the specific connection to 'Pandora's box.' While the explanation captures the symbolic representation of man-made objects and natural phenomena, it fails to identify the detailed mythological context of Pandora releasing chaos (symbolized by the butterflies). Therefore, the answer is broadly correct but lacks the specific details present in the standard answer."
}

Judge results for folder Pandora's box(invisible, myth, metaphor, Non-English European, English) updated.
Folder: Medusa's gaze(invisible, myth, metaphor, Non-English European, English)
{
    "score_4o": "2",
    "score_reason": "The MLLM's output identifies a contrast between modern and classical representations, which is too broad and does not capture the intended interpretation of Medusa's gaze as provided in the standard answer. The explanation lacks any reference to Medusa's mythological significance or the symbolism of transformation into stone, key elements in the standard explanation."
}

Judge results for folder Medusa's gaze(invisible, myth, metaphor, Non-English European, English) updated.
Folder: Trojan Horse(visible, myth, relation, Non-English European, English)
{
    "score_4o": "2",
    "score_reason": "The MLLM's output broadly addresses the theme of 'Online security' but fails to connect the images specifically to 'Trojan Horse,' a key concept in the standard answer. The explanation about the innocence of childhood contrasting with online dangers diverges from the actual reasoning involving symbolic deception associated with Trojan Horses in both historical and digital contexts."
}

Judge results for folder Trojan Horse(visible, myth, relation, Non-English European, English) updated.
Folder: Phoenix Rising(invisible, myth, relation, USAEnglish, English)
{
    "score_4o": "2",
    "score_reason": "The MLLM's answer, themed as 'Nature's Contrast,' does not connect closely with the standard answer's theme of 'Phoenix Rising,' which involves mythical symbolism of rebirth. However, the mention of contrast and elements of nature offers a broad, alternative interpretation of the images but does not capture relevant facts linked to the 'Phoenix Rising' theme."
}

Judge results for folder Phoenix Rising(invisible, myth, relation, USAEnglish, English) updated.
Folder: Banshee's Wail(invisible, myth, relation, USAEnglish, English)
{
    "score_4o": "2",
    "score_reason": "The MLLM's output focuses on the abstract theme of 'organic and synthetic elements,' which is too broad and unrelated to the specified theme of 'Banshee's Wail.' The explanation does not incorporate any relevant facts or reasoning from the standard answer, such as the spectral nature of a Banshee or the significance of a wail, although it accurately describes the elements presented in the images using different conceptual terms."
}

Judge results for folder Banshee's Wail(invisible, myth, relation, USAEnglish, English) updated.
Folder: Narcissus' reflection(invisible, myth, mutual elements, Non-English European, English)
{
    "score_4o": "2",
    "score_reason": "The MLLM's output describes the relation as 'Nature's Contrast' and focuses on the broad theme of nature, which is unrelated to the specific theme of 'Narcissus' reflection' as outlined in the standard answer. However, the explanation does capture some imagery of nature which is present in both images, despite not addressing the mythical narrative and its symbolism."
}

Judge results for folder Narcissus' reflection(invisible, myth, mutual elements, Non-English European, English) updated.
Folder: Loch Ness Monster(invisible, myth, mutual elements, Non-English European, English)
{
    "score_4o": "1",
    "score_reason": "The MLLM response lacks a specific connection between the two images and does not mention the Loch Ness Monster or related elements such as sonar technology or the Loch Ness itself. It seems to avoid making any direct connection, reflecting a cautious approach, similar to expressing uncertainty."
}

Judge results for folder Loch Ness Monster(invisible, myth, mutual elements, Non-English European, English) updated.
Folder: Hole in one(visible, sport, mutual elements, other, English)
{
    "score_4o": "3",
    "score_reason": "The MLLM's output suggests 'Golf Celebration' as the relationship, which is not as precise as the standard answer, 'Hole in one.' However, it captures the essence of the event by highlighting the golfer's triumph and the ball in the cup, indicating a successful golf game. While the core concept of a 'hole in one' is implied, the MLLM's explanation lacks direct mention of this specific feat."
}

Judge results for folder Hole in one(visible, sport, mutual elements, other, English) updated.
Folder: Slam dunk(visible, sport, mutual elements, other, English)
{
    "score_4o": "3",
    "score_reason": "The MLLM's response correctly identifies the theme as 'Basketball' and provides an explanation related to the dynamics and excitement of the sport. However, it does not specifically highlight the key connection through 'Slam dunk' and its impact, which is the focal point of the standard answer."
}

Judge results for folder Slam dunk(visible, sport, mutual elements, other, English) updated.
Folder: Grand Slam(invisible, sport, relation, other, English)
{
    "score_4o": "2",
    "score_reason": "The MLLM's output provides a broad relationship, 'Contrasting Themes of Sports and Games,' which doesn't accurately convey the standard answer's connection of 'Grand Slam.' While it describes individual characteristics of the images (tennis racket and playing cards), it misses the specific parallel drawn between tennis championships and a particular poker hand referred to as Grand Slam, thus lacking any relevant facts mentioned in the standard answer."
}

Judge results for folder Grand Slam(invisible, sport, relation, other, English) updated.
Folder: Alley-oop(visible, sport, relation, other, English)
{
    "score_4o": "2",
    "score_reason": "The MLLM's output identifies the relation as 'Victory or achievement,' which is too broad and not as specific as the standard answer, 'Alley-oop.' While the explanation mentions both basketball and a gesture involving hands, it fails to connect them precisely to the coordinated play and execution of an 'Alley-oop.' Concepts related to 'victory' and 'achievement' could apply to various sports and contexts, and therefore do not specifically address the alley-oop connection."
}

Judge results for folder Alley-oop(visible, sport, relation, other, English) updated.
Folder: Hattrick(invisible, sport, relation, USAEnglish, English)
{
    "score_4o": "2",
    "score_reason": "The MLLM's response highlights a contrast between a soccer ball and a wizard's hat, focusing on their different associations—sports versus fantasy. However, it misses the more specific connection indicated in the standard answer, which relates to the concept of 'Hattrick'. The MLLM does not mention any relevant information from the standard answer, such as the significance of 'hattrick' in sports or the playful word connection involving three hats."
}

Judge results for folder Hattrick(invisible, sport, relation, USAEnglish, English) updated.
Folder: Buzzer-beater(invisible, sport, metaphor, other, English)
{
    "score_4o": "2",
    "score_reason": "The MLLM's output identifies a theme of 'morning wake-up call,' which is disconnected from the concept of a 'buzzer-beater' in basketball. However, it attempts to link the basketball hoop to an early morning game or practice, which is tangentially related to sports. The explanation focuses on starting the day early, missing the urgency and tension of a last-second shot. There is no mention of key facts like the digital clock showing 00:01 that would link more directly to the standard answer's concept of a 'buzzer-beater.'"
}

Judge results for folder Buzzer-beater(invisible, sport, metaphor, other, English) updated.
Folder: Photo finish(invisible, sport, metaphor, other, English)
{
    "score_4o": "2",
    "score_reason": "The MLLM's output broadly captures the essence of competitive sports, highlighting themes of athletic achievement and victory. However, it fails to mention the specific concept of 'Photo finish,' which is the intended relation in the standard answer. This results in the explanation lacking specific relevant facts that align with the precise connection emphasized in the standard answer."
}

Judge results for folder Photo finish(invisible, sport, metaphor, other, English) updated.
Folder: Echolocation(invisible, animal, mutual elements, other, English)
{
    "score_4o": "2",
    "score_reason": "The MLLM's output describes the theme as a contrast between 'fantasy and technology,' which is too broad and does not directly address the concept of 'Echolocation.' The reasoning provided diverges from the standard answer by focusing on themes of nature versus technology, rather than the specific use of echolocation by both bats and submarines. While there is an overarching theme of contrast, the connection to echolocation is missing."
}

Judge results for folder Echolocation(invisible, animal, mutual elements, other, English) updated.
Folder: Hibernation(visible, animal, mutual elements, other, English)
{
    "score_4o": "2",
    "score_reason": "The MLLM's output describes the relation as 'Nature's Contrast,' focusing on the strength and delicacy aspects of nature, which is too broad compared to the specific concept of 'Hibernation' in the standard answer. The explanation does not contain relevant facts from the standard answer such as hibernation or dormancy, failing to address the intended reasoning."
}

Judge results for folder Hibernation(visible, animal, mutual elements, other, English) updated.
Folder: Bioluminescence(visible, animal, mutual elements, other, English)
{
    "score_4o": "2",
    "score_reason": "The MLLM output correctly identifies the theme of 'mystery' related to both images but fails to capture the specific connection of 'bioluminescence' present in the standard answer. While it describes the atmosphere and implications of each scene, it does not mention the key concept of bioluminescence, which is central to both the firefly and the anglerfish."
}

Judge results for folder Bioluminescence(visible, animal, mutual elements, other, English) updated.
Folder: Symbiosis(invisible, animal, relation, other, English)
{
    "score_4o": "4",
    "score_reason": "The MLLM accurately identifies the relationship as a 'symbiotic relationship,' consistent with the standard answer 'Symbiosis.' The explanation provided is in alignment with the standard answer, highlighting the mutual benefits and the nature of their interaction, such as protection and nutrient sourcing."
}

Judge results for folder Symbiosis(invisible, animal, relation, other, English) updated.
Folder: Metamorphosis(invisible, animal, relation, other, English)
{
    "score_4o": "4",
    "score_reason": "The MLLM's response accurately identifies the relationship as 'Transformation,' which is equivalent to 'Metamorphosis' as used in the standard answer. The explanation provided also captures the essence of the transformation process, matching the standard explanation about the caterpillar transforming into a butterfly through metamorphosis."
}

Judge results for folder Metamorphosis(invisible, animal, relation, other, English) updated.
Folder: Nocturnal(invisible, animal, metaphor, other, English)
{
    "score_4o": "4",
    "score_reason": "The MLLM's output accurately conveys the theme 'Nocturnal Observation,' which aligns with the standard answer's theme of 'Nocturnal.' The explanation provided effectively captures the essence of the images and the nocturnal theme, reflecting a thoughtful understanding similar to the standard answer."
}

Judge results for folder Nocturnal(invisible, animal, metaphor, other, English) updated.
Folder: Endangered species(invisible, animal, metaphor, other, English)
{
    "score_4o": "3",
    "score_reason": "The MLLM's output captures the relation as 'Environmental Awareness,' which is similar to the standard answer 'Endangered species' but slightly broader in scope. The MLLM's explanation aligns closely with the standard explanation by connecting the rhinoceros to environmental conservation issues such as habitat loss and the cracked globe to the earth's fragility, though it does not specifically emphasize the broader impact on biodiversity and the fragile state of ecosystems. Overall, it reasonably conveys the intended meaning."
}

Judge results for folder Endangered species(invisible, animal, metaphor, other, English) updated.
Folder: Prime number(invisible, STEM, mutual elements, other, English)
{
    "score_4o": "2",
    "score_reason": "The MLLM's output identifies 'Contrast' as the relation, which is divergent from the standard answer's 'Prime number,' showing a misunderstanding of the deeper symbolic connection regarding the indivisibility concept. The explanation, while touching on the abstract nature versus simplicity, fails to incorporate the standard answer's reasoning or symbolic interpretation."
}

Judge results for folder Prime number(invisible, STEM, mutual elements, other, English) updated.
Folder: Quantum computing(invisible, STEM, mutual elements, other, English)
{
    "score_4o": "2",
    "score_reason": "The MLLM's output presents the relationship as 'Optical Illusion,' which is broader and somewhat disconnected from the intended concept of 'Quantum computing.' Although both images are described in terms of engaging perception, the explanation does not incorporate the relevant principles of quantum mechanics like superposition and entanglement, which are central to the standard answer."
}

Judge results for folder Quantum computing(invisible, STEM, mutual elements, other, English) updated.
Folder: Palindromic Number(visible, STEM, relation, other, English)
{
    "score_4o": "2",
    "score_reason": "The MLLM's output summarizes the relationship as 'Racing number,' which differs greatly from the standard answer 'Palindromic Number.' Although it correctly associates the race car with the number '121,' it misses the key point about the palindrome qualities of both the racecar and the number '121.' Therefore, it covers relevant facts too broadly without aligning with the specific reasoning intended in the standard answer."
}

Judge results for folder Palindromic Number(visible, STEM, relation, other, English) updated.
Folder: Perfect Number(invisible, STEM, relation, other, English)
{
    "score_4o": "2",
    "score_reason": "The MLLM's output describes the relationship as the concept of 'summing up' or 'totaling,' which is broadly aligned with the idea of adding. However, it does not evoke the specific concept of 'Perfect Number' as described in the standard answer. Additionally, the explanation focuses on the physical and mathematical act of achieving a total, rather than tying these images specifically to the notion of a perfect number."
}

Judge results for folder Perfect Number(invisible, STEM, relation, other, English) updated.
Folder: Bayes' theorem(invisible, STEM, metaphor, other, English)
{
    "score_4o": "2",
    "score_reason": "The MLLM's output suggests a theme of 'Completeness,' which is not directly related to Bayes' Theorem. The explanation provides a metaphorical reasoning related to balance and harmony, diverging from the idea of weighing evidence or fitting new information into existing knowledge. However, it doesn't align with facts specific to Bayes' theorem, making the response too broad without capturing the intended standard reasoning."
}

Judge results for folder Bayes' theorem(invisible, STEM, metaphor, other, English) updated.
Folder: π (pi)(invisible, STEM, metaphor, other, English)
{
    "score_4o": "1",
    "score_reason": "The MLLM did not provide any information for evaluation and therefore demonstrates uncertainty or a lack of attempt to make a connection, similar to responding with 'Unknown connection.'"
}

Judge results for folder π (pi)(invisible, STEM, metaphor, other, English) updated.
Folder: Mise en place(invisible, food, mutual elements, other, English)
{
    "score_4o": "1",
    "score_reason": "The MLLM output lacks any information about the specific images or the theme provided in the standard answer. It does not attempt to address the theme of 'Mise en place' as required, nor does it provide any related explanation or reasoning. Without content, it defaults into an uncertain position, equivalent to a cautious expression of uncertainty."
}

Judge results for folder Mise en place(invisible, food, mutual elements, other, English) updated.
Folder: Kosher(invisible, food, mutual elements, USAEnglish, English)
{
    "score_4o": "2",
    "score_reason": "The MLLM's output characterizes the relationship as a 'Contrast between life and consumption,' which is a broader theme and does not align with the specific theme of 'Kosher' in the standard answer. It touches on themes of food processing and consumption but misses key aspects related to kosher practices, such as kosher slaughter and dietary laws separating meat and dairy."
}

Judge results for folder Kosher(invisible, food, mutual elements, USAEnglish, English) updated.
Folder: Halal(invisible, food, relation, other, English)
{
    "score_4o": "2",
    "score_reason": "The MLLM's response captures a broad theme of 'Contrast' between a natural and an indoor setting, which is too general and does not address the specific thematic connection related to 'Halal' mentioned in the standard answer. The explanation focuses on the rural versus urban lifestyle rather than religious or dietary practices, missing the connection to Halal dietary laws and Islamic principles."
}

Judge results for folder Halal(invisible, food, relation, other, English) updated.
Folder: Sous-vide(visible, food, relation, other, English)
{
    "score_4o": "4",
    "score_reason": "The MLLM correctly identifies the relationship as 'preparation of ingredients for sous-vide cooking,' which aligns well with the standard answer 'Sous-vide.' The explanation provided by the MLLM accurately describes the use of an immersion circulator and the importance of sealing food in bags, concepts consistent with the standard answer. The focus on precise temperature control and fresh ingredients enhances the explanation."
}

Judge results for folder Sous-vide(visible, food, relation, other, English) updated.
Folder: Blanching(visible, food, metaphor, other, English)
{
    "score_4o": "3",
    "score_reason": "The MLLM output identifies a 'cooling process' as the relation, which is partially correct but lacks specificity. The standard answer specifies 'blanching,' which is a more precise culinary technique that involves both cooking and cooling steps. However, the MLLM correctly describes the second image's function of rapid cooling with ice water, aligning with the blanching process, even if it misses the complete context. Therefore, the response deserves a score of 3 for its partial correctness and alignment with key aspects of the standard explanation."
}

Judge results for folder Blanching(visible, food, metaphor, other, English) updated.
Folder: Koji Fermentation(visible, food, metaphor, East Asia, English)
{
    "score_4o": "1",
    "score_reason": "The MLLM output is not provided in the actual content, as it only provides a general format request without any specific information or substantive response. Therefore, it must be assigned the lowest possible score according to the guidelines."
}

Judge results for folder Koji Fermentation(visible, food, metaphor, East Asia, English) updated.
Folder: Archipelago(visible, country, mutual elements, Non-English European, English)
{
    "score_4o": "2",
    "score_reason": "The MLLM output describes the relation as 'Nature's Contrast,' which is too broad and does not align with the more specific concept of 'Archipelago' from the standard answer. While it accurately describes the two images individually, it lacks the focus on Indonesian Archipelago's unique relationship to both Komodo dragons and volcanic islands as detailed in the standard answer."
}

Judge results for folder Archipelago(visible, country, mutual elements, Non-English European, English) updated.
Folder: Geopolitics(invisible, country, mutual elements, other, English)
{
    "score_4o": "3",
    "score_reason": "The MLLM's output summarizes the relationship as 'Global Trade/Agreement,' which is somewhat similar to 'Geopolitics' mentioned in the standard answer. However, it focuses more on the aspect of trade and energy infrastructure rather than the broader geopolitical dynamics. Nevertheless, it does capture the theme of international cooperation and acknowledges the role of energy resources, partially aligning with the standard answer."
}

Judge results for folder Geopolitics(invisible, country, mutual elements, other, English) updated.
Folder: Secession(invisible, country, relation, USAEnglish, English)
{
    "score_4o": "3",
    "score_reason": "The MLLM's output identifies 'Emancipation Proclamation' as the relation, which tangentially aligns with the historical context of the standard answer 'Secession' during the American Civil War. It correctly emphasizes Lincoln's role in ending slavery but does not focus on secession as the primary tie. The explanation correctly incorporates context about the Civil War and Lincoln’s leadership, capturing some essence of the opposition between the Union and the Confederacy."
}

Judge results for folder Secession(invisible, country, relation, USAEnglish, English) updated.
Folder: Sanctions(invisible, country, relation, other, English)
{
    "score_4o": "2",
    "score_reason": "The MLLM's output identifies the connection as 'Symbolism,' which is too broad and not aligned with the specific link of 'Sanctions' from the standard answer. It fails to mention the relevant facts related to sanctions and their connection to North Korea. However, it does correctly identify symbols in the images, though not in the context of sanctions."
}

Judge results for folder Sanctions(invisible, country, relation, other, English) updated.
Folder: Inflation(invisible, country, metaphor, other, English)
{
    "score_4o": "2",
    "score_reason": "The MLLM's output suggests the relation as 'financial responsibility' or 'saving money,' which seems related, but it doesn't accurately capture the specific connection of 'Inflation' as the standard answer does. Its explanation concerning savings doesn't align with the representation of 'rising prices' and 'diminished purchasing power' in the context of inflation, which is core to the standard explanation. There is some associated reasoning about financial conditions, but it doesn't correctly link the images to the inflation theme."
}

Judge results for folder Inflation(invisible, country, metaphor, other, English) updated.
Folder: Exclave(invisible, country, metaphor, other, English)
{
    "score_4o": "1",
    "score_reason": "The MLLM provides placeholders for the image concepts, relation, and explanation, without giving any specific information or analysis. This response is similar to 'I don't know,' as it lacks any concrete detail or attempt to address the intended relation and explanation according to the standard answer."
}

Judge results for folder Exclave(invisible, country, metaphor, other, English) updated.
Folder: Woodstock(invisible, city, mutual elements, USAEnglish, English)
{
    "score_4o": "3",
    "score_reason": "The MLLM's output captures the broader themes of Americana and counterculture, which are consistent with elements of the Woodstock festival. It connects the American spirit and freedom, which can be linked to Jimi Hendrix's iconic performance. However, it does not explicitly mention Woodstock. The explanation indirectly references the festival through counterculture imagery but lacks a direct mention of Hendrix or the specific Woodstock event."
}

Judge results for folder Woodstock(invisible, city, mutual elements, USAEnglish, English) updated.
Folder: Skyscraper(visible, city, mutual elements, other, English)
{
    "score_4o": "2",
    "score_reason": "The MLLM's output categorizes the relationship as 'Urban vs. rural life,' which does not precisely align with the standard answer of 'Skyscraper.' The explanation provided by the MLLM focuses on contrasting environments, whereas the intended reasoning involves an analogy of scale that relates both images to a skyscraper. Despite recognizing a theme of contrasting environments, the MLLM's response lacks specific references to the intended skyscraper analogy and is therefore too broad."
}

Judge results for folder Skyscraper(visible, city, mutual elements, other, English) updated.
Folder: Liberty Bell(invisible, city, relation, USAEnglish, English)
{
    "score_4o": "2",
    "score_reason": "The MLLM's output focuses on a broad theme of 'natural imperfection and human-made perfection,' but does not mention relevant details related to the 'Liberty Bell' as in the standard answer. However, it correctly identifies a crack as a key element in the first image, which is a part of the Liberty Bell's significance."
}

Judge results for folder Liberty Bell(invisible, city, relation, USAEnglish, English) updated.
Folder: Motor City(visible, city, relation, USAEnglish, English)
{
    "score_4o": "2",
    "score_reason": "The MLLM's response summarizes the images by discussing 'Modernization,' which is a much broader term. It captures some aspects of industrial and urban development but misses the specific historical and geographical connection to Detroit and the auto industry as highlighted in the standard answer."
}

Judge results for folder Motor City(visible, city, relation, USAEnglish, English) updated.
Folder: 鸟巢(invisible, city, metaphor, East Asia, Chinese)
{
    "score_4o": "2",
    "score_reason": "The MLLM's output captures the broad theme of 'achievement' which is related to the standard answer. However, it lacks the specific connection to the Bird's Nest Stadium and the Beijing 2008 Olympics, making the explanation too broad and not directly aligned with the standard reasoning."
}

Judge results for folder 鸟巢(invisible, city, metaphor, East Asia, Chinese) updated.
Folder: CRISPR gene editing(visible, STEM, mutual elements, other, English)
{
    "score_4o": "2",
    "score_reason": "The MLLM identifies a connection related to 'biotechnology and finance,' which is broadly related, but does not specifically identify the concept of 'CRISPR gene editing' as per the standard answer. While it hints at biotechnology and includes elements like genetic manipulation and financial aspects, it does not delve into the specifics of CRISPR-Cas9 as the molecular 'scissors' facilitating gene editing—a core aspect detailed in the standard explanation."
}

Judge results for folder CRISPR gene editing(visible, STEM, mutual elements, other, English) updated.
Folder: Blockchain Technology(invisible, STEM, mutual elements, other, English)
{
    "score_4o": "2",
    "score_reason": "The MLLM's output describes the relation as 'Coming Together,' focusing on unity and collaboration. This concept is loosely connected to the collaborative nature of blockchain technology, but it doesn't explicitly capture the specific relation to 'Blockchain Technology.' The explanation also misses the key aspects outlined in the standard answer, such as the specific symbolism of the linked chain and the decentralized nature of blockchain."
}

Judge results for folder Blockchain Technology(invisible, STEM, mutual elements, other, English) updated.
Folder: Fibonacci sequence(invisible, STEM, relation, USAEnglish, English)
{
    "score_4o": "2",
    "score_reason": "The MLLM's output identifies 'mathematical fractals' as the relation, focusing on the spiral pattern of the nautilus shell and the Mandelbrot set. However, it doesn't align with the standard answer's emphasis on the Fibonacci sequence and its connection to the golden ratio, which is not mentioned in the MLLM's response. The explanation remains in the realm of mathematical patterns but diverges from the specific Fibonacci sequence and golden ratio concepts of the standard answer."
}

Judge results for folder Fibonacci sequence(invisible, STEM, relation, USAEnglish, English) updated.
Folder: Bernoulli Principle(invisible, STEM, relation, USAEnglish, English)
{
    "score_4o": "3",
    "score_reason": "The MLLM's output identifies the relation as 'Aerospace Engineering,' which is a broader category. However, it correctly associates the images with concepts relevant to aerospace engineering such as aircraft design and fluid dynamics, which are parts of the explanation involving the Bernoulli Principle. Despite not directly mentioning the Bernoulli Principle, the overall context is captured reasonably well, hence the score of 3."
}

Judge results for folder Bernoulli Principle(invisible, STEM, relation, USAEnglish, English) updated.
Folder: Gravitational waves(invisible, STEM, metaphor, other, English)
{
    "score_4o": "1",
    "score_reason": "The MLLM output only provides image concepts without any connection or explanation, therefore scoring a 1 as it aligns with 'I don't know' in terms of not providing any relevant connection."
}

Judge results for folder Gravitational waves(invisible, STEM, metaphor, other, English) updated.
Folder: Nanotech(invisible, STEM, metaphor, other, English)
{
    "score_4o": "1",
    "score_reason": "The MLLM's output lacks any substantial information or explanation that connects the images to 'Nanotech.' It does not provide an evident relationship or explanation related to the concept of nanotechnology as described in the standard answer."
}

Judge results for folder Nanotech(invisible, STEM, metaphor, other, English) updated.
Folder: Garfield(invisible, cartoon or game, mutual elements, USAEnglish, English)
{
    "score_4o": "2",
    "score_reason": "The MLLM's answer provides a thematic interpretation of 'motivation,' connecting the images through feelings of comfort and optimism, which is not related to the specific concept of 'Garfield.' It does not mention relevant facts concerning Garfield, such as his love for lasagna and hatred for Mondays, which are critical in the standard answer."
}

Judge results for folder Garfield(invisible, cartoon or game, mutual elements, USAEnglish, English) updated.
Folder: Homer Simpson(invisible, cartoon or game, mutual elements, USAEnglish, English)
{
    "score_4o": "2",
    "score_reason": "The MLLM's response identifies a broad concept of 'Energy source,' which does not align with the specific connection in the standard answer, 'Homer Simpson.' While it comments on both the nuclear power plant and Duff beer cans in terms of energy, it misses the specific link between Homer Simpson and these elements."
}

Judge results for folder Homer Simpson(invisible, cartoon or game, mutual elements, USAEnglish, English) updated.
Folder: Scooby-Doo(invisible, cartoon or game, mutual elements, USAEnglish, English)
{
    "score_4o": "2",
    "score_reason": "The MLLM's output describes the relation as 'Speech' based on the presence of a speech bubble, and attempts to explain it in terms of general speech representation. However, it does not specifically identify the character or catchphrase as related to 'Scooby-Doo,' which would be necessary to align with the standard answer. The MLLM explanation lacks relevant facts about Scooby-Doo that are part of the standard answer."
}

Judge results for folder Scooby-Doo(invisible, cartoon or game, mutual elements, USAEnglish, English) updated.
Folder: Popeye(invisible, cartoon or game, mutual elements, USAEnglish, English)
{
    "score_4o": "4",
    "score_reason": "The MLLM output correctly identifies the relation as 'Popeye' and explains the connection between the images, emphasizing Popeye's association with spinach for strength. Although it doesn't mention Bluto, this does not detract from the overall correctness of the explanation and reasoning regarding the character and the spinach product."
}

Judge results for folder Popeye(invisible, cartoon or game, mutual elements, USAEnglish, English) updated.
Folder: Ninja Turtles(invisible, cartoon or game, mutual elements, USAEnglish, English)
{
    "score_4o": "2",
    "score_reason": "The MLLM's output describes the relationship as 'Contrast' and discusses the juxtaposition of a homemade pizza and a cartoon character in terms of reality and imagination. This is broad and misses the specific connection with 'Ninja Turtles.' The explanation doesn't mention the iconography associated with the Ninja Turtles, who are well-known for their love of pizza, which is critical to aligning with the standard answer."
}

Judge results for folder Ninja Turtles(invisible, cartoon or game, mutual elements, USAEnglish, English) updated.
Folder: Powerpuff Girls(invisible, cartoon or game, mutual elements, USAEnglish, English)
{
    "score_4o": "2",
    "score_reason": "The MLLM output describes the relationship as 'Contrast,' focusing on the general themes of science and fantasy. Although it captures the general idea of differing themes, it misses mentioning any key facts or connections to the standard answer 'Powerpuff Girls,' which centers around characters and specific elements in the show."
}

Judge results for folder Powerpuff Girls(invisible, cartoon or game, mutual elements, USAEnglish, English) updated.
Folder: Dragon Ball(invisible, cartoon or game, mutual elements, East Asia, English)
{
    "score_4o": "2",
    "score_reason": "The MLLM output identifies the theme 'Super Saiyan transformation' and describes aspects of the state from the 'Dragon Ball' series without mentioning key specific terms such as 'Super Saiyan hair or energy' and their direct connection with the show. While it correctly discusses the sense of transformation, it omits references like 'Dragon Ball' or 'Goku,' which are important in the standard answer, marking it as too broad."
}

Judge results for folder Dragon Ball(invisible, cartoon or game, mutual elements, East Asia, English) updated.
Folder: Codename KND(invisible, cartoon or game, mutual elements, USAEnglish, English)
{
    "score_4o": "2",
    "score_reason": "The MLLM's output identifies the theme of 'a group of characters who seem to be part of a team or family,' which aligns with the team dynamic seen in 'Codename KND.' However, the MLLM fails to identify specific elements related to 'Codename KND,' such as the '2x4 Technology' or 'The Delightful Children From Down The Lane,' which are key facts in the standard answer. Thus, it captures the general theme but does not provide the specific details needed to match the standard answer."
}

Judge results for folder Codename KND(invisible, cartoon or game, mutual elements, USAEnglish, English) updated.
Folder: Danny Phantom(invisible, cartoon or game, mutual elements, USAEnglish, English)
{
    "score_4o": "1",
    "score_reason": "The MLLM output is missing. As a result, it’s regarded as expressing uncertainty, caution, or not providing a response, which equates to a score of 1."
}

Judge results for folder Danny Phantom(invisible, cartoon or game, mutual elements, USAEnglish, English) updated.
Folder: Rock, Paper, Scissors(invisible, cartoon or game, mutual elements, NA, English)
{
    "score_4o": "2",
    "score_reason": "The MLLM's summary of 'connections between hand gestures' broadly aligns with the standard answer, which relates to 'Rock, Paper, Scissors,' but does not capture the specific context of the game or its variations. The MLLM output fails to mention 'Rock, Paper, Scissors' at all, making it too general without touching on the nuanced connection in the standard answer."
}

Judge results for folder Rock, Paper, Scissors(invisible, cartoon or game, mutual elements, NA, English) updated.
Folder: Chess knight's move(invisible, cartoon or game, relation, USAEnglish, English)
{
    "score_4o": "1",
    "score_reason": "The MLLM responds with a clear assertion that there is 'no discernible relation between the two images,' indicating its uncertainty about any potential connection, contrary to the standard answer that describes a conceptual relation related to chess."
}

Judge results for folder Chess knight's move(invisible, cartoon or game, relation, USAEnglish, English) updated.
Folder: Pacman ghost patterns(invisible, cartoon or game, relation, East Asia, English)
{
    "score_4o": "0",
    "score_reason": "The MLLM's response of 'Contrast' misunderstands the relation as one between 'randomness and order' rather than the specific 'Pacman ghost patterns,' which are based on structured game elements and character distinctions in Pacman. Additionally, the explanation fails to align with any relevant concepts related to Pacman, showing a fundamental misunderstanding of the visual elements in the images."
}

Judge results for folder Pacman ghost patterns(invisible, cartoon or game, relation, East Asia, English) updated.
Folder: Snake and Ladder Karma(invisible, cartoon or game, relation, other, English)
{
    "score_4o": "3",
    "score_reason": "The MLLM output emphasizes a theme of 'Transformation,' drawing attention to symbolic meanings of the images—the dice (chance) and ouroboros (infinity). Although it does not directly mention 'Snake and Ladder Karma,' it aligns to some extent with the standard answer by addressing the overarching concepts of randomness and infinity. The explanation hints at a transformation equivalent to the cyclical nature of karma and chance, which aligns partially with the standard answer, but it is incomplete, missing the connection to 'Snakes and Ladders' and the karmic interpretation."
}

Judge results for folder Snake and Ladder Karma(invisible, cartoon or game, relation, other, English) updated.
Folder: Hide and Seek Counting(invisible, cartoon or game, relation, NA, English)
{
    "score_4o": "2",
    "score_reason": "The MLLM's output summarizes the relationship as 'Contrast,' which is different from the standard answer, 'Hide and Seek Counting.' However, it does recognize the difference between human emotion (first image) and the abstraction of numbers (second image). The output fails to capture the specific association with 'Hide and Seek Counting' or similar reasoning in the standard answer."
}

Judge results for folder Hide and Seek Counting(invisible, cartoon or game, relation, NA, English) updated.
Folder: Hopscotch pattern(visible, cartoon or game, relation, USAEnglish, English)
{
    "score_4o": "1",
    "score_reason": "The MLLM output does not provide a specific response and appears to be a placeholder template requiring further input. It shows no direct attempt to answer the question or analyze the relation between the images provided in the context of 'Hopscotch pattern.' Such a response corresponds to the lowest level of engagement with the question, effectively just expressing uncertainty without specific information."
}

Judge results for folder Hopscotch pattern(visible, cartoon or game, relation, USAEnglish, English) updated.
Folder: Marbles Circle(invisible, cartoon or game, relation, NA, English)
{
    "score_4o": "1",
    "score_reason": "The MLLM's output lacks a meaningful explanation or reasoning that aligns with the standard answer, leading to an 'I don't know' type response without clarity or context. It has not provided any factual information about the images or any connection, ultimately leading to uncertainty."
}

Judge results for folder Marbles Circle(invisible, cartoon or game, relation, NA, English) updated.
Folder: Blind Man's Buff(invisible, cartoon or game, relation, USAEnglish, English)
{
    "score_4o": "2",
    "score_reason": "The MLLM's output summarizes the relationship as 'presentation and reception,' which is not directly related to the standard answer 'Blind Man's Buff'. It doesn't mention any facts related to the game itself, such as the blindfold or the use of hands to find others. The explanation provided is too broad and doesn't align with the specific relationship described in the standard answer."
}

Judge results for folder Blind Man's Buff(invisible, cartoon or game, relation, USAEnglish, English) updated.
Folder: Strategic Decision(invisible, cartoon or game, relation, NA, English)
{
    "score_4o": "4",
    "score_reason": "The MLLM's output conveys the same meaning as the standard answer. Both outputs identify the relationship as 'strategy' or 'strategic decision,' referencing the strategic elements both images embody. The MLLM's explanation highlights chess as a strategic game and flowcharts as a strategic decision-making tool, which aligns with the standard reasoning provided."
}

Judge results for folder Strategic Decision(invisible, cartoon or game, relation, NA, English) updated.
Folder: Predicting the Future(invisible, cartoon or game, relation, NA, English)
{
    "score_4o": "3",
    "score_reason": "The MLLM's output identifies the relation as 'Mystery and divination,' which is similar to the standard answer of 'Predicting the Future.' The explanation captures the essence of both images—tarot cards and crystal balls—as tools used for divination and insight. While it doesn't explicitly mention 'predicting the future,' it reflects the practices aimed at uncovering insights beyond normal perception, suggesting a common theme with the standard reasoning. The reasoning aspect is consistent but not as direct or aligned with the standard answer."
}

Judge results for folder Predicting the Future(invisible, cartoon or game, relation, NA, English) updated.
Folder: Naruto's Ramen(invisible, cartoon or game, relation, East Asia, English)
{
    "score_4o": "0",
    "score_reason": "The MLLM's output indulges in a factual hallucination. It incorrectly identifies and describes images that are unrelated to the standard answer, which involves tarot cards and a crystal ball linked by the concept of fortune-telling and future prediction. Instead, it invents details about 'Naruto Ramen' that are not present in the standard answer."
}

Judge results for folder Naruto's Ramen(invisible, cartoon or game, relation, East Asia, English) updated.
Folder: Pink Panther(invisible, cartoon or game, relation, USAEnglish, English)
{
    "score_4o": "2",
    "score_reason": "The MLLM's output does not align well with the standard answer, which relates the images to the 'Pink Panther' theme involving a diamond and Inspector Clouseau. Instead, it interprets the images broadly in terms of 'Contrast in Form and Functionality.' It fails to mention the specific connection related to the 'Pink Panther,' maintaining a general perspective on the differences between objects and living beings."
}

Judge results for folder Pink Panther(invisible, cartoon or game, relation, USAEnglish, English) updated.
Folder: Phineas & Ferb(invisible, cartoon or game, metaphor, USAEnglish, English)
{
    "score_4o": "2",
    "score_reason": "The MLLM's output suggests a theme of 'Contrast between amusement and survival,' which is a broad interpretation. However, it does not align with the specific standard answer 'Phineas & Ferb,' where the elements directly relate to the show's premise. Therefore, the connection and explanation presented lack the key context needed to link to 'Phineas & Ferb.'"
}

Judge results for folder Phineas & Ferb(invisible, cartoon or game, metaphor, USAEnglish, English) updated.
Folder: Ms.Frizzle(invisible, cartoon or game, metaphor, USAEnglish, English)
{
    "score_4o": "2",
    "score_reason": "The MLLM's output identifies the connection as 'Camouflage,' which is not aligned with the specific context of 'Ms. Frizzle.' However, it does touch on the concept of adaptation and transformation through camouflage, which is a tangential relation to the idea of transformative nature mentioned in the standard answer. Still, it misses the specific relationship to 'Ms. Frizzle' and the details of her attire."
}

Judge results for folder Ms.Frizzle(invisible, cartoon or game, metaphor, USAEnglish, English) updated.
Folder: Scooby Snacks(invisible, cartoon or game, metaphor, USAEnglish, English)
{
    "score_4o": "2",
    "score_reason": "The MLLM output identifies the theme as 'Halloween,' which is a broad and general theme and unrelated to the specific 'Scooby Snacks' association from the standard answer. While dressing up is associated with Halloween, it does not account for the Scooby-Doo narrative element that links dog biscuits and ghost costumes. Thus, the reasoning provided does not align with the specific connection given in the standard answer."
}

Judge results for folder Scooby Snacks(invisible, cartoon or game, metaphor, USAEnglish, English) updated.
Folder: What is up, Doc(invisible, cartoon or game, metaphor, USAEnglish, English)
{
    "score_4o": "2",
    "score_reason": "The MLLM's response identifies the relationship as 'Contrast,' which is too broad and fails to capture the specific connection to Bugs Bunny and the catchphrase 'What's up, Doc?' seen in the standard answer. While the explanation does touch on the thematic elements of reality versus fantasy, it lacks the relevant details about Bugs Bunny and his association with carrots and mischief, which are integral to the standard answer."
}

Judge results for folder What is up, Doc(invisible, cartoon or game, metaphor, USAEnglish, English) updated.
Folder: Zoinks!(invisible, cartoon or game, metaphor, USAEnglish, English)
{
    "score_4o": "2",
    "score_reason": "The MLLM's output interprets the images in terms of 'Isolation,' which doesn't align with the specific relationship 'Zoinks!' mentioned in the standard answer. While the explanation captures the theme of solitude seen in both images, it lacks connection to the detailed context of Shaggy from Scooby-Doo and the giant footprint representing a monster. This makes the interpretation too broad without addressing the intended reasoning of the standard answer."
}

Judge results for folder Zoinks!(invisible, cartoon or game, metaphor, USAEnglish, English) updated.
Folder: Steven Universe(invisible, cartoon or game, metaphor, USAEnglish, English)
{
    "score_4o": "2",
    "score_reason": "The MLLM's output identifies the relation as 'Body modification,' which is too broad and does not align with the standard answer of 'Steven Universe.' The explanation does not mention any details connected to 'Steven Universe,' such as the pink shield being a weapon of Steven Universe or the significance of the gemstone. However, the mention of symbolism of protection and personal expression provides a vague thematic connection without factual inaccuracies, thus fitting with a broader pattern but missing specific relevancy."
}

Judge results for folder Steven Universe(invisible, cartoon or game, metaphor, USAEnglish, English) updated.
Folder: Tower Defense(invisible, cartoon or game, metaphor, NA, English)
{
    "score_4o": "1",
    "score_reason": "The MLLM output is incomplete, providing placeholders for image concepts, relation, and explanation without any actual analysis or answer. It does not identify the relationship 'Tower Defense' nor offer an explanation, earning the minimum score for failing to engage with the task at hand."
}

Judge results for folder Tower Defense(invisible, cartoon or game, metaphor, NA, English) updated.
Folder: Compass Rose D-pade(invisible, cartoon or game, metaphor, NA, English)
{
    "score_4o": "2",
    "score_reason": "The MLLM Output's relationship interpretation of 'contrast between traditional navigation and modern technology' differs from the standard answer, which references 'Compass Rose D-pad.' While the explanation discusses navigation and technology, it doesn't specifically link the concept of a D-pad with a compass rose aesthetic. The focus on contrasting tradition with modernity lacks direct relevance to the specific term 'Compass Rose D-pad' and the deeper connection made in the standard answer."
}

Judge results for folder Compass Rose D-pade(invisible, cartoon or game, metaphor, NA, English) updated.
Folder: Power-up Mushroom(invisible, cartoon or game, metaphor, East Asia, English)
{
    "score_4o": "2",
    "score_reason": "The MLLM's output highlights a broad connection related to 'video game nostalgia,' representing iconic elements from 'Minecraft' and 'Super Mario.' However, it does not mention key details from the standard answer regarding 'Power-up Mushroom,' which is integral to the relation established by consuming the mushroom in the Super Mario game."
}

Judge results for folder Power-up Mushroom(invisible, cartoon or game, metaphor, East Asia, English) updated.
Folder: Morse Code MIDI(invisible, music, metaphor, NA, English)
{
    "score_4o": "2",
    "score_reason": "The MLLM's response about 'Analog to digital conversion' is broadly related to the theme of signal conversion but does not align with the precise connection found in the standard answer, which is 'Morse Code MIDI.' Additionally, the explanation does not mention any specific facts or themes from the standard answer such as Morse code or MIDI to make it more precise."
}

Judge results for folder Morse Code MIDI(invisible, music, metaphor, NA, English) updated.
Folder: Treble Clef(invisible, music, metaphor, USAEnglish, English)
{
    "score_4o": "1",
    "score_reason": "Since the MLLM Output is missing, the response is incomplete and doesn't provide any information regarding the images, the relation, or the explanation. Therefore, it fails to address the connection outlined in the standard answer."
}

Judge results for folder Treble Clef(invisible, music, metaphor, USAEnglish, English) updated.
Folder: Quarter Note(invisible, music, metaphor, USAEnglish, English)
{
    "score_4o": "3",
    "score_reason": "The MLLM's response describes the relationship as 'Musical Notation and Fractional Representation,' which is somewhat accurate but lacks specificity compared to the standard answer 'Quarter Note.' The explanation correctly identifies the educational purposes of both images but fails to explicitly connect the musical note components to the concept of a 'Quarter Note' and its representation by the '1/4' fraction, as outlined in the standard answer."
}

Judge results for folder Quarter Note(invisible, music, metaphor, USAEnglish, English) updated.
Folder: タイコ(invisible, music, metaphor, East Asia, Japanese)
{
    "score_4o": "2",
    "score_reason": "The MLLM output describes the relation as 'Traditional musical instruments' and provides a broad explanation about East Asian music and percussion instruments. However, it does not capture the specific connection of the Bachi and Drumhead to the 'Taiko,' as indicated in the standard answer. While it mentions percussion instruments and drums generally, it lacks the relevant facts, such as 'Bachi' and the specific type of drum, 'Taiko,' that align more closely with the standard answer."
}

Judge results for folder タイコ(invisible, music, metaphor, East Asia, Japanese) updated.
Folder: Indian Tabla(invisible, music, metaphor, other, English)
{
    "score_4o": "2",
    "score_reason": "The MLLM output provides a 'Cultural Contrast' relationship, which is not related to the specific connection of 'Indian Tabla' provided in the standard answer. However, it does accurately describe one of the images as traditional drums, which can be seen as vaguely related to the general theme of percussion instruments, though not specific to the tabla. There is no mention of key facts such as the tabla's components (bayan and dayan) or the syahi, which are crucial for the standard reasoning."
}

Judge results for folder Indian Tabla(invisible, music, metaphor, other, English) updated.
Folder: The Beatles(invisible, music, metaphor, USAEnglish, English)
{
    "score_4o": "2",
    "score_reason": "The MLLM output identifies a connection between music and fashion, citing The Beatles' influence on both. However, it fails to recognize the specific 'MopTopHaircuts' associated with The Beatles mentioned in the standard answer. The explanation remains too broad and doesn't align closely with the specific reasoning in the standard answer related to the hairstyles and the Abbey Road crossing's direct link to The Beatles, while also omitting the direct reference to 'The Beatles' by focusing on a generalized cultural impact."
}

Judge results for folder The Beatles(invisible, music, metaphor, USAEnglish, English) updated.
Folder: Bollywood Music(invisible, music, metaphor, other, English)
{
    "score_4o": "2",
    "score_reason": "The MLLM's output summarizes the relationship as 'cultural celebration,' which is too broad and does not specifically align with the 'Bollywood Music' theme indicated in the standard answer. Although it mentions music and dance, it fails to capture any relevant aspects of Bollywood Music that are central to the standard answer."
}

Judge results for folder Bollywood Music(invisible, music, metaphor, other, English) updated.
Folder: Woodstock(invisible, music, metaphor, USAEnglish, English)
{
    "score_4o": "2",
    "score_reason": "The MLLM's output focuses on the contrast between decay and harmony, which is too broad compared to the specific cultural connection to 'Woodstock' found in the standard answer. It does not mention key elements related to the Woodstock festival or the counter-culture movement, which are central to the reasoning of the standard answer."
}

Judge results for folder Woodstock(invisible, music, metaphor, USAEnglish, English) updated.
Folder: Grammy Awards(invisible, music, metaphor, USAEnglish, English)
{
    "score_4o": "2",
    "score_reason": "The MLLM's output describes the images as having a 'Contrast,' focusing on the differences between vintage technology and a simple geometric shape. While it identifies certain aspects related to history and achievement, it does not capture the thematic connection to the 'Grammy Awards,' missing key facts such as the gramophone symbolizing the award and the star representing excellence. Overall, the explanation lacks alignment with the standard reasoning about the Grammy Awards."
}

Judge results for folder Grammy Awards(invisible, music, metaphor, USAEnglish, English) updated.
Folder: Rock and Roll(invisible, music, metaphor, USAEnglish, English)
{
    "score_4o": "2",
    "score_reason": "The MLLM's response is too broad and focuses on a generic relationship between a musician and an instrument, without mentioning key concepts related to the standard answer, such as Chuck Berry, rock and roll, or the duck walk. It fails to align or convey the same level of thoughtfulness as the standard answer. The common theme of 'instrument' is correct but does not effectively capture the intended relation 'Rock and Roll' associated with Chuck Berry."
}

Judge results for folder Rock and Roll(invisible, music, metaphor, USAEnglish, English) updated.
Folder: Vinyl Record(invisible, music, relation, NA, English)
{
    "score_4o": "2",
    "score_reason": "The MLLM's output identifies a contrast between luxury and simplicity without mentioning a vinyl record, which is a key aspect of the standard answer. This output is too broad and lacks relevant details related to a vinyl record or a stylus. It fails to align with the reasoning provided in the standard answer."
}

Judge results for folder Vinyl Record(invisible, music, relation, NA, English) updated.
Folder: Piano Keys(invisible, music, relation, USAEnglish, English)
{
    "score_4o": "2",
    "score_reason": "The MLLM's output focuses on the theme of analysis and organization, which is related to data visualization and music sheets, but it does not address the specific connection to 'Piano Keys' and 'Octave,' as highlighted in the standard answer. The explanation lacks the relevant facts related to music theory and its representation in sheet music."
}

Judge results for folder Piano Keys(invisible, music, relation, USAEnglish, English) updated.
Folder: Microphone(invisible, music, relation, NA, English)
{
    "score_4o": "2",
    "score_reason": "The MLLM's output broadly relates the images through the theme of 'Acoustics,' focusing on the manipulation and representation of sound waves and the environment needed for these activities. This interpretation is aligned with general knowledge about sound and recording studios but does not specifically mention the pivotal role of a 'Microphone,' as the standard answer provides."
}

Judge results for folder Microphone(invisible, music, relation, NA, English) updated.
Folder: Saxophone(invisible, music, relation, NA, English)
{
    "score_4o": "2",
    "score_reason": "The MLLM's output defines the relation as 'Contrast,' which is incorrect as the standard answer shows the relation should be 'Saxophone'. The explanation provided by MLLM focuses on a broad contrast without any specific relevant facts or reasoning related to the saxophone. However, it does not contain any erroneous information or fabrications, so it's scored a 2."
}

Judge results for folder Saxophone(invisible, music, relation, NA, English) updated.
Folder: Orchestra(invisible, music, relation, USAEnglish, English)
{
    "score_4o": "4",
    "score_reason": "The MLLM's output identifies the theme as 'Music Direction,' which is consistent with the standard answer's 'Orchestra' theme. Both responses describe the relationship between a conductor using a baton to direct an orchestra and the sheet music used in orchestral performances, effectively conveying the same understanding of the process involved in bringing music to life through direction and performance."
}

Judge results for folder Orchestra(invisible, music, relation, USAEnglish, English) updated.
Folder: Music Box(invisible, music, relation, USAEnglish, English)
{
    "score_4o": "1",
    "score_reason": "The MLLM output likely responds with 'Unknown connection' or is overly cautious about making a connection due to the vagueness of '[image concept]' placeholders, which express uncertainty."
}

Judge results for folder Music Box(invisible, music, relation, USAEnglish, English) updated.
Folder: Bach's Cello Suite(invisible, music, relation, USAEnglish, English)
{
    "score_4o": "2",
    "score_reason": "The MLLM's output summarizes the concept as 'Performance,' which is quite broad compared to identifying 'Bach's Cello Suite.' The explanation lacks specific references to the standard answer's association with 'Bach's Cello Suite' and the Baroque context. It describes the general connection between a violin and an orchestra, missing the specific imagery and facts related to Bach's composition."
}

Judge results for folder Bach's Cello Suite(invisible, music, relation, USAEnglish, English) updated.
Folder: Sitar(invisible, music, relation, South Asia and South-East Asia, English)
{
    "score_4o": "3",
    "score_reason": "The MLLM output captures the broader connection of 'Indian culture and heritage' and the elements of 'historical aspects' and 'classical music,' which aligns somewhat with the standard answer relating to the sitar and Indian classical music. However, it does not directly specify the connection between cultural practices around the Ganges River and Indian classical music, as highlighted in the standard answer. Therefore, it is roughly correct but incomplete."
}

Judge results for folder Sitar(invisible, music, relation, South Asia and South-East Asia, English) updated.
Folder: Opera Mask(invisible, music, relation, Non-English European, English)
{
    "score_4o": "2",
    "score_reason": "The MLLM's output summarizes the relationship as 'Theater and Performance,' which is too broad compared to the standard answer 'Opera Mask.' While the explanation mentions costume design and 'The Phantom of the Opera,' it doesn’t specifically mention opera masks or their significance, missing key relevant facts from the standard answer."
}

Judge results for folder Opera Mask(invisible, music, relation, Non-English European, English) updated.
Folder: Headphones(invisible, music, relation, NA, English)
{
    "score_4o": "1",
    "score_reason": "The MLLM's output provides placeholders instead of specific image content and lacks any connection to the concept of 'Headphones' or related themes, leaving the core relation undefined and unexplained."
}

Judge results for folder Headphones(invisible, music, relation, NA, English) updated.
Folder: Choral Group(invisible, music, relation, NA, English)
{
    "score_4o": "3",
    "score_reason": "The MLLM's output associates the 'Swan Lake' sheet music with a classical music context and connects the vocal warm-up poster with vocal performance, aligning them under 'Music and Vocal Warm-Up.' While this is a reasonable connection, it misses the specific link to 'Choral Group' as mentioned in the standard answer. However, it correctly mentions the importance of these components in music practice and preparation, which is in line with the explanation provided in the standard answer."
}

Judge results for folder Choral Group(invisible, music, relation, NA, English) updated.
Folder: Fedora Hat(visible, music, mutual elements, USAEnglish, English)
{
    "score_4o": "2",
    "score_reason": "The MLLM's output summarizes the relationship as 'Performance,' which focuses on the general theme of artistic expression through music and dance. However, it does not mention the specific fashion element (fedora) tied to the jazz age as noted in the standard answer. The explanation lacks any details about the jazz era or the significance of fedoras, broadening the interpretation to a more generic performance context without aligning with the specific historical and fashion-related aspects in the standard answer."
}

Judge results for folder Fedora Hat(visible, music, mutual elements, USAEnglish, English) updated.
Folder: Hakka Folk Songs(invisible, music, mutual elements, East Asia, English)
{
    "score_4o": "1",
    "score_reason": "The MLLM output is missing; hence, it receives a score of 1, akin to responding with 'Unknown connection' or expressing uncertainty."
}

Judge results for folder Hakka Folk Songs(invisible, music, mutual elements, East Asia, English) updated.
Folder: Beethoven's Fifth Symphony(invisible, music, mutual elements, USAEnglish, English)
{
    "score_4o": "2",
    "score_reason": "The MLLM's output identifies the relationship as 'Contrast,' which is too broad and not related to Beethoven's Fifth Symphony as specified in the standard answer. There are no relevant facts that align with the reasoning or explanation involving the symphony, thunderstorm, or metronome from the standard answer."
}

Judge results for folder Beethoven's Fifth Symphony(invisible, music, mutual elements, USAEnglish, English) updated.
Folder: Chopin’s Nocturnes(invisible, music, mutual elements, USAEnglish, English)
{
    "score_4o": "2",
    "score_reason": "The MLLM's output refers to a general theme of 'Tranquility,' which is too broad and does not align with the more specific concept of 'Chopin’s Nocturnes.' It fails to incorporate the relevant facts from the standard answer that link the grand piano and moonlit night to Chopin's Nocturnes, themes tied closely to Chopin's musical pieces."
}

Judge results for folder Chopin’s Nocturnes(invisible, music, mutual elements, USAEnglish, English) updated.
Folder: Queer Anthems(invisible, music, mutual elements, NA, English)
{
    "score_4o": "3",
    "score_reason": "The MLLM's output relates the images by 'Celebration of diversity,' which is a broader interpretation compared to 'Queer Anthems.' However, the explanation involves mentioning inclusivity and the pride flag's association with the LGBTQ+ community, aligning partially with the standard answer by recognizing common themes of diversity, acceptance, and celebration within the queer community. It lacks the precise connection to 'Queer Anthems,' hence it doesn't earn a full score."
}

Judge results for folder Queer Anthems(invisible, music, mutual elements, NA, English) updated.
Folder: Didgeridoo(visible, music, mutual elements, other, English)
{
    "score_4o": "2",
    "score_reason": "The MLLM output suggests 'Isolation' as the relation, which is too broad and does not align with the specific connection to the Didgeridoo and Aboriginal culture in the standard answer. While it correctly identifies a didgeridoo and a desert, it fails to explain the cultural significance between the two images related to Aboriginal culture and the Australian outback."
}

Judge results for folder Didgeridoo(visible, music, mutual elements, other, English) updated.
Folder: American Bluegrass(visible, music, mutual elements, USAEnglish, English)
{
    "score_4o": "2",
    "score_reason": "The MLLM's output connects the images through the overarching theme of 'nature,' which is too broad and does not directly relate to the standard answer's more precise focus on 'American Bluegrass.' Although the mention of natural elements aligns with the standard reasoning to some extent, the MLLM fails to identify the key cultural association with American Bluegrass music."
}

Judge results for folder American Bluegrass(visible, music, mutual elements, USAEnglish, English) updated.
Folder: Montreux Jazz Festival(invisible, music, mutual elements, USAEnglish, English)
{
    "score_4o": "2",
    "score_reason": "The MLLM's output describes the relationship as 'Contrast,' which lacks the specific connection to the 'Montreux Jazz Festival' as mentioned in the standard answer. It focuses on general themes of human creativity versus nature's tranquility, without aligning to the real context of the Montreux Jazz Festival and its location near Lake Geneva."
}

Judge results for folder Montreux Jazz Festival(invisible, music, mutual elements, USAEnglish, English) updated.
Folder: Orff Approach(invisible, music, mutual elements, Non-English European, English)
{
    "score_4o": "2",
    "score_reason": "The MLLM's output describes the relationship between the images as 'Contrast' instead of specifically identifying 'Orff Approach', thus not aligning with the standard answer. However, it's broadly correct as it recognizes general observational contrast between youthful energy and reflective aging, but lacks the relevant facts for a detailed relation specific to the 'Orff Approach' and Carl Orff."
}

Judge results for folder Orff Approach(invisible, music, mutual elements, Non-English European, English) updated.
Folder: The Dinner Party(invisible, art, mutual elements, USAEnglish, English)
{
    "score_4o": "2",
    "score_reason": "The MLLM's output identifies a 'contrast' between the two images, which is too broad and diverges from the specific theme 'The Dinner Party' and feminist art installations. The explanation captures the idea of contrasting themes in the visuals but does not align with 'The Dinner Party' or its representation of women's history and empowerment."
}

Judge results for folder The Dinner Party(invisible, art, mutual elements, USAEnglish, English) updated.
Folder: Slavic Embroidery(invisible, art, mutual elements, Non-English European, English)
{
    "score_4o": "3",
    "score_reason": "The MLLM's output successfully identifies a common theme of 'traditional attire' based on the vibrant floral fabric and the traditionally dressed woman in the images. It captures elements of cultural or historical connection, which aligns partially with the standard answer. However, it does not specifically mention 'Slavic Embroidery,' so it misses some of the depth provided in the standard explanation."
}

Judge results for folder Slavic Embroidery(invisible, art, mutual elements, Non-English European, English) updated.
Folder: Elgin Marbles(invisible, art, relation, Non-English European, English)
{
    "score_4o": "2",
    "score_reason": "The MLLM's description of the images touches on the theme of art, which is consistent with the standard answer. However, it interprets the images as representing a 'Contrast of Modern and Ancient Art,' which is too broad and not specific to the 'Elgin Marbles.' The explanation provided does not include the specific relevant facts regarding ancient Greek architecture or cultural connections to the Elgin Marbles as outlined in the standard answer."
}

Judge results for folder Elgin Marbles(invisible, art, relation, Non-English European, English) updated.
Folder: Terracotta Army(invisible, art, relation, East Asia, English)
{
    "score_4o": "0",
    "score_reason": "The MLLM's response contains a factual inaccuracy. It described the image as 'maritime pottery' and 'medieval knight,' which it contrasts, while the standard answer interprets the relationship as tied to the 'Terracotta Army.' The explanation fails to mention any facts related to the Terracotta Army and instead introduces an unrelated concept of 'maritime trade' versus 'knights,' thereby indicating a misunderstanding of the images."
}

Judge results for folder Terracotta Army(invisible, art, relation, East Asia, English) updated.
Folder: The Bauhaus Movement(invisible, art, mutual elements, Non-English European, English)
{
    "score_4o": "2",
    "score_reason": "The MLLM output identifies a thematic connection between 'simplicity' and 'complexity' rather than directly linking the images to 'The Bauhaus Movement.' It mentions relevant ideas such as minimalism and creativity, but does not address the specific relationship established in the standard answer related to the Bauhaus Movement. Therefore, it only captures a broad, generalized understanding, misaligning with the standard reasoning."
}

Judge results for folder The Bauhaus Movement(invisible, art, mutual elements, Non-English European, English) updated.
Folder: Statue of Liberty(invisible, art, mutual elements, USAEnglish, English)
{
    "score_4o": "1",
    "score_reason": "The MLLM's response lacks any specific relation or explanation that ties the image concepts to the Statue of Liberty, indicating uncertainty and absence of alignment with the standard answer."
}

Judge results for folder Statue of Liberty(invisible, art, mutual elements, USAEnglish, English) updated.
Folder: The Louvre(visible, art, relation, Non-English European, English)
{
    "score_4o": "3",
    "score_reason": "The MLLM's output notes 'Art and Architecture' as the relationship, which diverges from the more specific 'The Louvre' given in the standard answer. However, the explanation accurately highlights the connection between the Mona Lisa and The Louvre Museum, aligning with the essential details in the standard answer regarding their symbolic and historical significance."
}

Judge results for folder The Louvre(visible, art, relation, Non-English European, English) updated.
Folder: Warhol’s Campbell’s Soup Cans(invisible, art, relation, USAEnglish, English)
{
    "score_4o": "2",
    "score_reason": "The MLLM's output focuses on the theme of 'Production,' which is partially related but too broad compared to the specific art connection in the standard answer. The explanation does not address Warhol's artistic critique of consumer culture, which is key to understanding the relationship depicted in the images."
}

Judge results for folder Warhol’s Campbell’s Soup Cans(invisible, art, relation, USAEnglish, English) updated.
Folder: Berlin Wall Art(invisible, art, relation, Non-English European, English)
{
    "score_4o": "0",
    "score_reason": "The MLLM's output incorrectly attributes the relationship between the images to 'Environmental impact,' while the standard answer identifies it as 'Berlin Wall Art.' The explanation provided by the MLLM relates to pollution and industrialization, which is a factual hallucination as it does not align with the historical and cultural context of Berlin Wall Art or the specific imagery associated with it, i.e., spray paint cans representing graffiti art and the urban landscape representing the divided Berlin."
}

Judge results for folder Berlin Wall Art(invisible, art, relation, Non-English European, English) updated.
Folder: St. Peter’s Basilica(invisible, art, relation, Non-English European, English)
{
    "score_4o": "1",
    "score_reason": "The MLLM did not provide a complete answer with concepts, relation, and explanation. Since it lacks any relevant information related to the standard answer, it cannot be scored beyond 1."
}

Judge results for folder St. Peter’s Basilica(invisible, art, relation, Non-English European, English) updated.
Folder: Baroque Influence(invisible, art, relation, Non-English European, English)
{
    "score_4o": "2",
    "score_reason": "The MLLM output correctly identifies the theme of historical or cultural significance in both images. However, it does not directly relate them specifically to 'Baroque Influence,' which is the focus of the standard answer. The MLLM's explanation is too broad and lacks the relevant facts pertaining to the Baroque era's influence on both musical instruments and art, thus not fully aligning with the intended reasoning of the standard answer."
}

Judge results for folder Baroque Influence(invisible, art, relation, Non-English European, English) updated.
Folder: 文化大革命(invisible, art, mutual elements, East Asia, Chinese)
{
    "score_4o": "2",
    "score_reason": "The MLLM's output does capture the theme of historical progression of knowledge and communication, but it doesn't address the specific historical and cultural context related to the Cultural Revolution, which is a key element in the standard answer. The focus on 'dissemination of knowledge' and 'preservation and study of ancient knowledge' misses the critical context of ideological promotion and cultural destruction during the Cultural Revolution."
}

Judge results for folder 文化大革命(invisible, art, mutual elements, East Asia, Chinese) updated.
Folder: 一寸光阴一寸金(invisible, art, metaphor, East Asia, Chinese)
{
    "score_4o": "3",
    "score_reason": "The MLLM output is generally aligned with the standard answer, recognizing the hourglass as a symbol of time and the gold coins as a symbol of wealth. However, while it captures the essence of time and wealth, it misses the mention of the specific proverb '一寸光阴一寸金' from the standard answer, which would relate the two concepts more directly."
}

Judge results for folder 一寸光阴一寸金(invisible, art, metaphor, East Asia, Chinese) updated.
Folder: 画蛇添足(invisible, art, relation, East Asia, Chinese)
{
    "score_4o": "2",
    "score_reason": "The MLLM's output describes the relationship as 'Nature vs. Man-Made,' which doesn't align with the standard answer '画蛇添足.' Although both involve concepts of the natural and the artificial, the MLLM does not specifically address the idea of unnecessary embellishment present in the phrase '画蛇添足.' The explanation lacks the relevant facts and interpretation that connect the two images to the idiom '画蛇添足,' demonstrating the notion of overcomplicating something simple."
}

Judge results for folder 画蛇添足(invisible, art, relation, East Asia, Chinese) updated.
Folder: Kachina Dolls(visible, art, relation, USAEnglish, English)
{
    "score_4o": "2",
    "score_reason": "The MLLM's output focuses on the contrast between the desert landscape and the space-suited figure, which is a broad theme that doesn't relate to the specific cultural element of 'Kachina Dolls' present in the standard answer. The explanation does not address the cultural or geographical connection relating specifically to the Hopi and Kachina Dolls."
}

Judge results for folder Kachina Dolls(visible, art, relation, USAEnglish, English) updated.
Folder: Arabic Calligraphy(invisible, art, mutual elements, other, English)
{
    "score_4o": "2",
    "score_reason": "The MLLM's output presents the relation as 'Craftsmanship,' which is too broad and not aligned with the specific theme of 'Arabic Calligraphy' in the standard answer. While craftsmanship is a common element between the images, the explanation lacks relevant details about the specific role of Arabic calligraphy in both Islamic architecture (decorated mosque) and literature (quill pen). The standard explanation contains key cultural and historical elements absent in the MLLM's response."
}

Judge results for folder Arabic Calligraphy(invisible, art, mutual elements, other, English) updated.
Folder: Shadow Puppetry(visible, art, mutual elements, East Asia, English)
{
    "score_4o": "2",
    "score_reason": "The MLLM output focuses on the 'contrast' between a historical figurine and a modern light fixture, highlighting the difference in art and design across eras. However, it does not mention any relevant facts related to 'Shadow Puppetry,' which is the intended connection in the standard answer. The output is partially similar to the standard answer in exploring themes but lacks the specific factual link to shadow puppetry."
}

Judge results for folder Shadow Puppetry(visible, art, mutual elements, East Asia, English) updated.
Folder: NFT Art(invisible, art, mutual elements, NA, English)
{
    "score_4o": "1",
    "score_reason": "The MLLM does not provide any specific response or explanation for this particular input, hence it does not align with the expected standard answer."
}

Judge results for folder NFT Art(invisible, art, mutual elements, NA, English) updated.
Folder: Matryoshka Dolls(invisible, art, relation, other, English)
{
    "score_4o": "2",
    "score_reason": "The MLLM's output 'Contrast' as a relation is broad and doesn't align with the specific theme of 'Matryoshka Dolls'. While the explanation mentions elements such as serenity and craftsmanship, it fails to connect these two images explicitly to 'Matryoshka Dolls', which is the key aspect of the standard answer. There is no mention of Russian cultural themes or the nesting concept related to Matryoshka Dolls."
}

Judge results for folder Matryoshka Dolls(invisible, art, relation, other, English) updated.
Folder: Maya Stelae(invisible, art, relation, other, English)
{
    "score_4o": "2",
    "score_reason": "The MLLM output identifies the relation as 'Historical documentation,' which is not specific enough and does not align with the primary connection 'Maya Stelae.' Additionally, it does not mention any details specific to the Maya Stelae or the astronomical charts associated with it, which are central to the standard explanation."
}

Judge results for folder Maya Stelae(invisible, art, relation, other, English) updated.
Folder: ঠাকুর ঘরে কে আমি কলা খাই না(invisible, art, metaphor, other, Bengali)
{
    "score_4o": "3",
    "score_reason": "The MLLM's output provides a reasonable interpretation of the relationship between the images as 'Contrast' and explains it as a juxtaposition of the spiritual and the mundane. However, it doesn't capture the specific cultural reference 'ঠাকুর ঘরে কে আমি কলা খাই না,' which explicitly links the divine with the rejection of worldly pleasures. The explanation partially aligns with the standard answer by highlighting the symbolic nature of both images."
}

Judge results for folder ঠাকুর ঘরে কে আমি কলা খাই না(invisible, art, metaphor, other, Bengali) updated.
Folder: চোর পালালে বুদ্ধি বাড়ে(invisible, art, metaphor, other, Bengali)
{
    "score_4o": "2",
    "score_reason": "The MLLM's output describes the relationship between the two images as 'Innovation or problem-solving,' which is broadly related to the concept of learning or gaining wisdom from challenges. However, it does not capture the specific context of the standard answer with 'চোর পালালে বুদ্ধি বাড়ে,' which refers to gaining cleverness or insight after a thief escapes. The explanation provides a more general interpretation of idea generation and application, lacking direct alignment with the standard answer's reasoning."
}

Judge results for folder চোর পালালে বুদ্ধি বাড়ে(invisible, art, metaphor, other, Bengali) updated.
Folder: না থাকলে বাঘ, কুকুরেই রাজা(invisible, art, metaphor, other, Bengali)
{
    "score_4o": "3",
    "score_reason": "The MLLM's output captures the idea of 'Majesty' and highlights the symbolic importance of the tiger and the dog. However, it doesn't fully express the cultural idiom 'The absence of the tiger allows the dog to reign as king,' which is more precisely conveyed in the standard answer. The MLLM's explanation does align with the theme of kingliness and authority, which are part of the reasoning in the standard answer, even if some nuances are missing."
}

Judge results for folder না থাকলে বাঘ, কুকুরেই রাজা(invisible, art, metaphor, other, Bengali) updated.
Folder: ঘোড়া ডুবলে খুরা বুঝা যায়(invisible, art, metaphor, South Asia and South-East Asia, Bengali)
{
    "score_4o": "1",
    "score_reason": "The MLLM output provides placeholders ('image concept') for analysis but does not deliver any specific content or comparison that can be evaluated against the standard answer. Therefore, this missing content results in an inability to relate or explain any significant ideas, leading to a similar situation as saying 'I don't know.'"
}

Judge results for folder ঘোড়া ডুবলে খুরা বুঝা যায়(invisible, art, metaphor, South Asia and South-East Asia, Bengali) updated.
Folder: घर की मुर्गी दाल बराबर(invisible, art, metaphor, South Asia and South-East Asia, Hindi)
{
    "score_4o": "2",
    "score_reason": "The MLLM's output identifies the relationship as 'Agriculture,' which is broadly correct in terms of the images' visual content (a rooster and wheat). However, it does not align with the standard answer's thematic connection to the proverb 'घर की मुर्गी दाल बराबर,' which conveys a deeper metaphorical meaning. The explanation provided by the MLLM is too broad and lacks the insight into the specific cultural or proverbial context given in the standard answer."
}

Judge results for folder घर की मुर्गी दाल बराबर(invisible, art, metaphor, South Asia and South-East Asia, Hindi) updated.
Folder: बूंद बूंद से सागर भरता है(invisible, art, metaphor, South Asia and South-East Asia, Hindi)
{
    "score_4o": "2",
    "score_reason": "The MLLM's output describes the relationship as 'Nature's Contrast,' which focuses on the differences in scale between the images of the leaf and the ocean, portraying them as representations of nature's diversity. While this captures a broad and contrasting view of nature, it doesn't address the specific notion of 'बूंद बूंद से सागर भरता है' found in the standard answer, which emphasizes accumulation and gradual contributions leading to significant outcomes."
}

Judge results for folder बूंद बूंद से सागर भरता है(invisible, art, metaphor, South Asia and South-East Asia, Hindi) updated.
Folder: जितना लम्बा सोने का काला, उतना ही अधिक है गधे का भाला(invisible, art, metaphor, South Asia and South-East Asia, Hindi)
{
    "score_4o": "1",
    "score_reason": "The MLLM has not provided an answer to evaluate against the standard answer."
}

Judge results for folder जितना लम्बा सोने का काला, उतना ही अधिक है गधे का भाला(invisible, art, metaphor, South Asia and South-East Asia, Hindi) updated.
Folder: सांप निकल जाने पर लकीर पीटना(invisible, art, metaphor, South Asia and South-East Asia, Hindi)
{
    "score_4o": "2",
    "score_reason": "The MLLM's output misses the intended metaphorical interpretation of the images related to the proverb 'सांप निकल जाने पर लकीर पीटना.' Instead, it broadly interprets the images as a contrast between nature and human activity. Although it does not align with the specific proverb, the response does not hallucinate incorrect facts, hence it earns a score of 2 for the broad interpretation."
}

Judge results for folder सांप निकल जाने पर लकीर पीटना(invisible, art, metaphor, South Asia and South-East Asia, Hindi) updated.
Folder: नौ सौ चूहे खाकर बिल्ली चली हज को(invisible, art, metaphor, South Asia and South-East Asia, Hindi)
{
    "score_4o": "2",
    "score_reason": "The MLLM's response focuses on the contrast between the mundane and fantastical elements, which is a broad theme that does not align with the specific cultural interpretation related to the proverb 'नौ सौ चूहे खाकर बिल्ली चली हज को.' However, the idea of contrast is present in both the MLLM's output and the standard answer, though in different contexts."
}

Judge results for folder नौ सौ चूहे खाकर बिल्ली चली हज को(invisible, art, metaphor, South Asia and South-East Asia, Hindi) updated.
Folder: भगवद गीता(invisible, art, relation, South Asia and South-East Asia, Hindi)
{
    "score_4o": "2",
    "score_reason": "The MLLM's output labels the images under the theme of 'Epic Literature,' which appears too broad and does not align specifically with the relation 'भगवद गीता' as noted in the standard answer. The explanation describes epic literature's influence on cultural and historical aspects, which is not a part of the standard reasoning focused on Bhagavad Gita's spiritual teachings and inner conflicts. Nevertheless, both answers discuss elements within literary and spiritual contexts."
}

Judge results for folder भगवद गीता(invisible, art, relation, South Asia and South-East Asia, Hindi) updated.
Folder: चाचा चौधरी(invisible, cartoon or game, relation, South Asia and South-East Asia, Hindi)
{
    "score_4o": "2",
    "score_reason": "The MLLM's output highlights a 'contrast between the old and the new,' which captures the general theme but fails to connect directly to 'चाचा चौधरी.' It does not identify the caricature as Chacha Chaudhary or relate his intelligence to being faster than a computer, missing the more specific context provided in the standard answer. Therefore, it is too broad and not aligned with the intended reasoning."
}

Judge results for folder चाचा चौधरी(invisible, cartoon or game, relation, South Asia and South-East Asia, Hindi) updated.
Folder: पंचतंत्र(invisible, cartoon or game, mutual elements, South Asia and South-East Asia, Hindi)
{
    "score_4o": "2",
    "score_reason": "The MLLM output identifies the images as wildlife, focusing on the general characteristics and diversity of the animals shown, which appears to be too broad. It does not relate the images to the specific fable from पंचतंत्र, 'The Tortoise and the Geese,' nor does it address the themes or reasoning associated with that story as presented in the standard answer."
}

Judge results for folder पंचतंत्र(invisible, cartoon or game, mutual elements, South Asia and South-East Asia, Hindi) updated.
Folder: शिवाजी का सामना(invisible, cartoon or game, mutual elements, South Asia and South-East Asia, Hindi)
{
    "score_4o": "2",
    "score_reason": "The MLLM's response of 'Nature's Majesty' as the relation does not align with the standard answer 'शिवाजी का सामना.' The explanation provided focuses on the grandeur of nature, highlighting human achievement intertwined with natural landscapes and the majesty of a lion, which are not relevant to the historical and cultural context of 'Shivaji ka Samna.' Consequently, it doesn't address the intended thematic parallel between the images as outlined in the standard answer."
}

Judge results for folder शिवाजी का सामना(invisible, cartoon or game, mutual elements, South Asia and South-East Asia, Hindi) updated.
Folder: गणेश चतुर्थी(invisible, art, mutual elements, South Asia and South-East Asia, Hindi)
{
    "score_4o": "2",
    "score_reason": "The MLLM identifies the concept as 'Cultural Offerings,' which is too broad and doesn't specifically relate to the precise connection 'गणेश चतुर्थी' and the idea of modaks. While it appropriately describes the role of food in cultural celebrations, it misses the specific association with Ganesh Chaturthi and the particular offering of modaks to Lord Ganesha. The output lacks alignment with the standard reasoning, which focuses on a specific religious context."
}

Judge results for folder गणेश चतुर्थी(invisible, art, mutual elements, South Asia and South-East Asia, Hindi) updated.
Folder: ऊँट के मुँह में जीरा।(invisible, art, metaphor, South Asia and South-East Asia, Hindi)
{
    "score_4o": "2",
    "score_reason": "The MLLM output identifies the theme of 'contrast' between the two images, which aligns in a very broad sense with the idiom's meaning of contrasting large and small. However, it does not capture the specific idiomatic expression 'ऊँट के मुँह में जीरा' or the metaphorical significance of inadequacy conveyed in the standard answer. The MLLM relates more generally to the concept of human interaction with nature, without addressing the idiom's specific context and meaning."
}

Judge results for folder ऊँट के मुँह में जीरा।(invisible, art, metaphor, South Asia and South-East Asia, Hindi) updated.
Folder: नाच ना जाने आँगन टेढ़ा।(invisible, art, metaphor, South Asia and South-East Asia, Hindi)
{
    "score_4o": "2",
    "score_reason": "The MLLM's output identifies a 'contrast' between the ballet performance and the mountain road, focusing on the difference between human-created art and natural beauty. While it captures an aspect of the standard answer's theme, it doesn't align directly with the phrase 'नाच ना जाने आँगन टेढ़ा' and the deeper cultural meaning. There is no recognition of the theme of blaming external factors for one's own shortcomings."
}

Judge results for folder नाच ना जाने आँगन टेढ़ा।(invisible, art, metaphor, South Asia and South-East Asia, Hindi) updated.
Folder: अधजल गगरी छलकत जाए।(invisible, art, metaphor, South Asia and South-East Asia, Hindi)
{
    "score_4o": "2",
    "score_reason": "The MLLM's output identifies the theme of 'pouring' as the connection between the two images, which is roughly related to the idea of liquids being contained and potentially spilled. However, it does not capture the specific nuance of the standard answer 'अधजल गगरी छलकत जाए।', which relates more to the symbolism of incomplete knowledge and showing off, rather than the physical act of pouring."
}

Judge results for folder अधजल गगरी छलकत जाए।(invisible, art, metaphor, South Asia and South-East Asia, Hindi) updated.
Folder: अंधे के हाथ बटेर लगना।(invisible, art, metaphor, South Asia and South-East Asia, Hindi)
{
    "score_4o": "2",
    "score_reason": "The MLLM's explanation connects 'observation' with 'a man with a blindfold' and 'a bird,' suggesting heightened senses and environmental awareness, but it doesn't align with the specific meaning of the proverb 'अंधे के हाथ बटेर लगना.' It misses the proverbial significance related to unexpected fortune. Still, there is an indirect correlation as both interpretations involve perception and awareness, hence a score of 2 due to broad relevance without factual errors."
}

Judge results for folder अंधे के हाथ बटेर लगना।(invisible, art, metaphor, South Asia and South-East Asia, Hindi) updated.
Folder: बोया पेड़ बबूल का, तो आम कहाँ से होय।(invisible, art, metaphor, South Asia and South-East Asia, Hindi)
{
    "score_4o": "2",
    "score_reason": "The MLLM's output identifies a broader theme of 'Connection to Nature,' which is somewhat related to the images depicting trees and fruit but does not capture the specific cultural or philosophical significance embedded in the standard answer. Additionally, the explanation lacks reference to the contrasting expectations embodied in the proverb 'बोया पेड़ बबूल का, तो आम कहाँ से होय.'"
}

Judge results for folder बोया पेड़ बबूल का, तो आम कहाँ से होय।(invisible, art, metaphor, South Asia and South-East Asia, Hindi) updated.
Finish: Judge results all saved to ./internlm-xcomposer2d5-7b_judge.json
Finish: Combined results all saved to ./internlm-xcomposer2d5-7b_test_and_judge.json
