Folder: number 0 and 1(invisible, number, metaphor, NA, English)
{
    "score_4o": "0",
    "score_reason": "The MLLM's explanation introduces erroneous facts by stating that the sequence of binary numbers is simply reversed, failing to relate to the context of binary states in computing as represented by the number '0' and '1'. It also mentions a flipping of digits, which does not match the standard answer's interpretation of binary code as linked to the concept of 'on' and 'off' states. Thus, the explanation lacks the basis provided in the standard answer and contains incorrect information."
}

Judge results for folder number 0 and 1(invisible, number, metaphor, NA, English) updated.
Folder: 8(invisible, number, relation, NA, English)
{
    "score_4o": "2",
    "score_reason": "The MLLM's output describes the relationship as 'Continuity and Limit,' which is conceptually related to the infinity symbol, but it does not mention the visual resemblance to the number 8, cited in the standard answer. The explanation is not consistent with the standard reasoning, which focuses on the visual and symbolic resemblance to the number 8."
}

Judge results for folder 8(invisible, number, relation, NA, English) updated.
Folder: number of keys on a standard piano(visible, number, mutual elements, NA, English)
{
    "score_4o": "2",
    "score_reason": "The MLLM output suggests a broad connection 'Calculation and Abstraction' related to numerical and symbolic representation, which does not directly align with the intended relationship about the 'number of keys on a standard piano.' While the explanation provides some insight, it fails to directly relate to the precise theme of '88 keys on a piano' as highlighted in the standard answer."
}

Judge results for folder number of keys on a standard piano(visible, number, mutual elements, NA, English) updated.
Folder: 6 and 9(visible, number, relation, NA, English)
{
    "score_4o": "2",
    "score_reason": "The MLLM output identifies a relationship of 'Sixness,' focusing on the count of elements in both images. While this is a plausible interpretation, it lacks the critical insight included in the standard answer regarding the symmetry and rotational transformation between the numbers 6 and 9. The MLLM's 'Sixness' concept is somewhat related but does not align with the standard connection."
}

Judge results for folder 6 and 9(visible, number, relation, NA, English) updated.
Folder: Golden Ratio(invisible, number, mutual elements, NA, English)
{
    "score_4o": "2",
    "score_reason": "The MLLM's response does not directly address the concept of the 'Golden Ratio,' which is critical to the standard answer. Instead, it presents a theme of 'Transformation,' focusing on the artistic representation of the nautilus shell. While the explanation discusses the abstraction process, it doesn't align with the reasoning related to the 'Golden Ratio' as mentioned in the standard answer."
}

Judge results for folder Golden Ratio(invisible, number, mutual elements, NA, English) updated.
Folder: Cryptography(invisible, number, metaphor, NA, English)
{
    "score_4o": "2",
    "score_reason": "The MLLM's output focuses on superficial similarities in the arrangement and addition of the blue border, which is not related to the deeper thematic connection identified in the standard answer, 'Cryptography.' However, the MLLM correctly recognizes some form of similarity; yet it does not capture the thematic importance of prime numbers in cryptography."
}

Judge results for folder Cryptography(invisible, number, metaphor, NA, English) updated.
Folder: Superstition(visible, number, mutual elements, USAEnglish, English)
{
    "score_4o": "3",
    "score_reason": "The MLLM's summarization of the relationship as 'related to superstitions, particularly focusing on the fear associated with Friday the 13th' aligns with the overall theme of superstition mentioned in the standard answer. However, the explanation could be expanded to include specific examples, such as the mention of black cats, which would complete the reasoning provided in the standard answer."
}

Judge results for folder Superstition(visible, number, mutual elements, USAEnglish, English) updated.
Folder: H2O(invisible, number, relation, NA, English)
{
    "score_4o": "2",
    "score_reason": "The MLLM's output refers to the theme of 'Simplicity and Minimalism' and emphasizes the aesthetic elements seen in the images, which diverge from the scientific connection found in the standard answer, 'H2O.' The explanation lacks the critical scientific insights but does mention the uniformity and minimalism of the images, which is indirectly related but too broad. The MLLM's response does not include the key facts or reasoning that connect the balloons and snowflakes to the idea of 'H2O' as described in the standard answer."
}

Judge results for folder H2O(invisible, number, relation, NA, English) updated.
Folder: Basketball Team Composition(visible, number, metaphor, NA, English)
{
    "score_4o": "0",
    "score_reason": "The MLLM provides an explanation that is factually incorrect and unrelated to the standard answer. It describes chess and checkers boards as having 'identical beginnings,' which is incorrect. Moreover, there is no connection to the 'Basketball Team Composition,' leading to a failure in aligning with the key theme and reasoning described in the standard answer."
}

Judge results for folder Basketball Team Composition(visible, number, metaphor, NA, English) updated.
Folder: Infinity(visible, number, metaphor, NA, English)
{
    "score_4o": "2",
    "score_reason": "The MLLM's output connects the images based on the color purple, which is too broad and does not align with the more nuanced standard answer focusing on the theme of 'Infinity.' The explanation about branding also diverges from the intended theme of mathematical concepts, as outlined in the standard answer."
}

Judge results for folder Infinity(visible, number, metaphor, NA, English) updated.
Folder: Solar System(visible, number, relation, NA, English)
{
    "score_4o": "2",
    "score_reason": "The MLLM's output focuses on the theme of 'Flow and Movement,' relating the mechanical clock's gears to structured movement and the painting to organic flow. While these interpretations are valid observations of the images, they do not directly align with the theme of 'Solar System' as presented in the standard answer. The MLLM misses the analogy between the clock’s gears and the solar system’s celestial bodies, which is the central explanation in the standard answer."
}

Judge results for folder Solar System(visible, number, relation, NA, English) updated.
Folder: Five Hundred Miles(invisible, number, relation, NA, English)
{
    "score_4o": "2",
    "score_reason": "The MLLM's output summarizes the relationship as 'Themes of Travel and Journey,' which aligns with the surface theme in a broad sense, but it misses the specific connection to the song 'Five Hundred Miles' that is elaborated in the standard answer. Additionally, it fails to mention any relevant contextual facts about the song or its themes of travel and longing, which are central to the standard explanation."
}

Judge results for folder Five Hundred Miles(invisible, number, relation, NA, English) updated.
Folder: 12-Bar Blues(invisible, number, relation, NA, English)
{
    "score_4o": "2",
    "score_reason": "The MLLM's response focuses on the theme of 'Disruption/Change,' which is too broad and not aligned with the more specific concept of '12-Bar Blues' in the standard answer. However, it does correctly identify the eggs and discusses the arrangement, but it misses the key thematic link of the number twelve and its connection to the 12-bar blues musical structure."
}

Judge results for folder 12-Bar Blues(invisible, number, relation, NA, English) updated.
Folder: Chance(invisible, number, metaphor, NA, English)
{
    "score_4o": "2",
    "score_reason": "The MLLM's response correctly recognizes the symmetry in the imagery, interpreting it as 'Equality,' which is roughly in line with the idea of 'equal odds' from the standard answer. However, it fails to attribute the sense of 'chance' and 'uncertainty' in the explanation of the images, which are central to the standard answer's explanation."
}

Judge results for folder Chance(invisible, number, metaphor, NA, English) updated.
Folder: One Thousand and One Nights(invisible, number, metaphor, East Asia, English)
{
    "score_4o": "2",
    "score_reason": "The MLLM's output focuses on 'Texture' as the connecting theme between the two images, which is too broad and lacks any references to the key concept of 'One Thousand and One Nights.' The explanation and reasoning do not relate to the standard answer and miss the literary connection entirely."
}

Judge results for folder One Thousand and One Nights(invisible, number, metaphor, East Asia, English) updated.
Folder: Cold War(invisible, history, relation, NA, English)
{
    "score_4o": "2",
    "score_reason": "The MLLM describes the relation as 'Continuity of History,' which is broadly relevant but does not align with the specific Cold War theme identified in the standard answer. The explanation focuses on historical attire and symbols, missing the direct connection to Cold War events like Checkpoint Charlie and the Bay of Pigs invasion. No erroneous facts are provided, but the specific thematic link identified in the standard answer is not acknowledged."
}

Judge results for folder Cold War(invisible, history, relation, NA, English) updated.
Folder: Ancient Rome(invisible, history, relation, other, English)
{
    "score_4o": "2",
    "score_reason": "The MLLM's response focuses on 'Urban Nature Integration,' which is a theme disconnected from 'Ancient Rome.' However, it does reasonably interpret the images' depiction of water, urban areas, and gardens, which implies a broader but unrelated theme of harmonious coexistence between nature and urbanism. It does not directly hallucinate any facts but misses the connection related to 'Ancient Rome.'"
}

Judge results for folder Ancient Rome(invisible, history, relation, other, English) updated.
Folder: World War II(invisible, history, metaphor, NA, English)
{
    "score_4o": "2",
    "score_reason": "The MLLM's response, focusing on 'Confidence and Introspection,' doesn't align with the standard answer, which connects the bulldog imagery with Winston Churchill and World War II. However, the MLLM's explanation highlights two different emotional aspects of the bulldog, offering a perspective on versatility and demeanor, which is related to the concept of resoluteness associated with Churchill, though it doesn't directly connect to World War II."
}

Judge results for folder World War II(invisible, history, metaphor, NA, English) updated.
Folder: The Renaissance(invisible, history, metaphor, Non-English European, English)
{
    "score_4o": "2",
    "score_reason": "The MLLM's output characterizes the relation as 'Urban Evolution' by discussing the architectural development depicted in the images. However, it diverges from the standard answer's focus on 'The Renaissance' and the connection to the Mona Lisa and the Louvre. The MLLM's explanation lacks relevant facts and reasoning related to the overall theme associated with the Mona Lisa and Renaissance art."
}

Judge results for folder The Renaissance(invisible, history, metaphor, Non-English European, English) updated.
Folder: The Information Age(invisible, history, mutual elements, NA, English)
{
    "score_4o": "3",
    "score_reason": "The MLLM's output identifies the relation as 'History of Technology and Digital Communication,' which is broadly consistent with the standard answer 'The Information Age.' The explanation acknowledges the role of the AOL disc in internet access during the late 20th century, aligning with the concept of AOL's contribution to the 'widespread adoption of the internet.' However, it does not mention the second key fact of the '@ symbol' as part of early email communication, a point directly related to the early internet as highlighted in the standard answer. Hence, the score is 3 due to partial alignment and an incomplete explanation."
}

Judge results for folder The Information Age(invisible, history, mutual elements, NA, English) updated.
Folder: The Age of Enlightenment(invisible, history, relation, NA, English)
{
    "score_4o": "2",
    "score_reason": "The MLLM's output summarizes the relationship as 'Reflection and precision,' which is a broad conceptual theme and does not align with the standard answer of 'The Age of Enlightenment,' specifically relating to scientific understanding. The explanation delves into the mechanics of satellites and telescopes but does not connect to the broader themes of scientific discovery and philosophical exploration highlighted in the standard answer."
}

Judge results for folder The Age of Enlightenment(invisible, history, relation, NA, English) updated.
Folder: The Victorian Era(invisible, history, relation, Non-English European, English)
{
    "score_4o": "3",
    "score_reason": "The MLLM's output identifies the relationship as 'Accessories of Elegance,' which is related but not identical to the standard answer 'The Victorian Era.' It effectively captures themes of 'sophistication' and 'refinement,' which align with the historical context mentioned in the standard answer. However, it misses the specific historical context and connection to steam trains that the standard answer emphasizes."
}

Judge results for folder The Victorian Era(invisible, history, relation, Non-English European, English) updated.
Folder: The Roaring Twenties(invisible, history, relation, USAEnglish, English)
{
    "score_4o": "2",
    "score_reason": "The MLLM's output describes the relationship as 'Elegance and Timelessness,' which is too broad and does not directly relate to the standard answer's focus on 'The Roaring Twenties.' While the MLLM does mention elements of the 1920s with regards to the attire, it fails to connect these themes explicitly to the historical context of the Roaring Twenties as outlined in the standard answer."
}

Judge results for folder The Roaring Twenties(invisible, history, relation, USAEnglish, English) updated.
Folder: Neil Armstrong's Footprint on the Moon(invisible, history, relation, USAEnglish, English)
{
    "score_4o": "2",
    "score_reason": "The MLLM output connects the two images through a broad theme of 'Veins and Impressions,' capturing the general idea of natural structures and impressions. However, it does not align with the specific context provided by the standard answer, which relates to Neil Armstrong's footprint on the moon."
}

Judge results for folder Neil Armstrong's Footprint on the Moon(invisible, history, relation, USAEnglish, English) updated.
Folder: The Silk Road(invisible, history, metaphor, East Asia, English)
{
    "score_4o": "3",
    "score_reason": "The MLLM's response captures the general theme of historical trade routes, similar to the standard answer's focus on 'The Silk Road.' However, it misses specific details such as the mention of 'Camel caravans' and 'Silk fabric' as key components of the Silk Road, leading to an incomplete explanation."
}

Judge results for folder The Silk Road(invisible, history, metaphor, East Asia, English) updated.
Folder: The Reformation(invisible, history, metaphor, Non-English European, English)
{
    "score_4o": "3",
    "score_reason": "The MLLM's output describes the images as 'Action and Consequence,' which is a broader interpretation compared to the standard answer 'The Reformation.' The explanation provides a somewhat correct sequential narrative of the action depicted but lacks specificity related to the historical impact of Martin Luther's actions and the role of the printing press in the Protestant Reformation. While it captures the sequence, it does not address the specific event of the Reformation."
}

Judge results for folder The Reformation(invisible, history, metaphor, Non-English European, English) updated.
Folder: Hollywood Golden Age(visible, movie, relation, USAEnglish, English)
{
    "score_4o": "2",
    "score_reason": "The MLLM's output identifies the images as depicting a blank film strip and mentions a theme of nostalgia associated with analog photography and cinema. However, it does not align with the specific historical context of the 'Hollywood Golden Age' or mention figures related to the silent film era, such as Charlie Chaplin, as highlighted in the standard answer. The MLLM's response is too broad and lacks relevant facts pertaining to the specific theme described in the standard answer."
}

Judge results for folder Hollywood Golden Age(visible, movie, relation, USAEnglish, English) updated.
Folder: Titanic(visible, movie, metaphor, USAEnglish, English)
{
    "score_4o": "2",
    "score_reason": "The MLLM's output provides a broad connection with the theme of 'Seafaring,' which is not directly related to the standard answer's specific focus on 'Titanic.' The explanation misses key elements like the significant historical connection of the iceberg to the Titanic disaster and the human aspect represented by the boarding pass. Instead, it focuses on a general maritime theme without referring to relevant facts regarding the Titanic."
}

Judge results for folder Titanic(visible, movie, metaphor, USAEnglish, English) updated.
Folder: Horror(visible, movie, mutual elements, NA, English)
{
    "score_4o": "2",
    "score_reason": "The MLLM output summarizes the relation as 'Contrast,' focusing on the emotional differences between horror and serenity. While this highlights a thematic dichotomy, it doesn't align with the standard answer 'Horror,' which connects the images specifically to the 'Slasher film genre' and 'Texas Chainsaw Massacre' movie. The MLLM provides a broad interpretation missing the specific details related to the slasher film genre that are central to the standard explanation."
}

Judge results for folder Horror(visible, movie, mutual elements, NA, English) updated.
Folder: Bollywood(visible, movie, metaphor, USAEnglish, English)
{
    "score_4o": "2",
    "score_reason": "The MLLM's response identifies the theme as 'Artisanal craftsmanship,' which seems to be broadly relevant to both images, focusing on the craftsmanship of the drums. However, it misses the specific cultural connection to 'Bollywood' described by the standard answer, hence lacking key details. The provided explanation revolves around artisanal elements and does not address the carnival or Bollywood context fully."
}

Judge results for folder Bollywood(visible, movie, metaphor, USAEnglish, English) updated.
Folder: cinema(invisible, movie, mutual elements, NA, English)
{
    "score_4o": "2",
    "score_reason": "The MLLM's output provides a connection based on 'Corn Production and Harvest,' focusing on the agricultural aspects of corn cultivation. However, this is too broad and unrelated to the standard answer, which links to 'cinema' through popcorn and anaglyph 3D glasses. The MLLM's explanation does not align with the reasoning of cinema-related experiences, as stated in the standard answer."
}

Judge results for folder cinema(invisible, movie, mutual elements, NA, English) updated.
Folder: Frozen(visible, movie, relation, USAEnglish, English)
{
    "score_4o": "2",
    "score_reason": "The MLLM's response captures a broad theme of 'Winter Wonderment,' which relates to winter settings as depicted in the images. However, it does not mention or connect to the specific elements from Disney's 'Frozen'—namely, Olaf the snowman and Elsa's ice castle, which are detailed in the standard explanation. Therefore, it only partially aligns with the standard answer in terms of general winter imagery."
}

Judge results for folder Frozen(visible, movie, relation, USAEnglish, English) updated.
Folder: Making movie(invisible, movie, mutual elements, NA, English)
{
    "score_4o": "2",
    "score_reason": "The MLLM's output attributes the relation as 'Melodrama,' which is not closely related to the standard answer's 'Making movie.' However, it identifies the film-related theme ('cinematic feel' and 'story being told through visuals') and music connection, which are broadly relevant to the concept of making movies and film soundtracks mentioned in the standard answer. Despite this, it lacks any specific alignment with the concept of movie production or director's role and instead provides a more abstract interpretation of the images."
}

Judge results for folder Making movie(invisible, movie, mutual elements, NA, English) updated.
Folder: Jurassic Park(invisible, movie, relation, USAEnglish, English)
{
    "score_4o": "2",
    "score_reason": "The MLLM's output summarizes the relationship as 'Contrasting Eras of Human Expression,' which is a broad interpretation. The explanation doesn't align with the thematic connection between the images as 'Jurassic Park' presented in the standard answer. The MLLM fails to mention key facts related to the iconic presence of the T-Rex in 'Jurassic Park,' thereby not directly connecting to the standard explanation's reasoning."
}

Judge results for folder Jurassic Park(invisible, movie, relation, USAEnglish, English) updated.
Folder: Studio Ghibli and anime(invisible, movie, metaphor, East Asia, English)
{
    "score_4o": "2",
    "score_reason": "The MLLM's output focuses on the 35th anniversary of 'My Neighbor Totoro,' which is an accurate connection between the images provided. However, it doesn't align with the standard answer, which identifies the relationship as 'Studio Ghibli and anime,' emphasizing the broader context of Japanese animation. The MLLM misses the connection to Japanese animation and Studio Ghibli as a significant aspect of the explanation."
}

Judge results for folder Studio Ghibli and anime(invisible, movie, metaphor, East Asia, English) updated.
Folder: Cannes Film Festival and Cinéma vérité(invisible, movie, metaphor, Non-English European, English)
{
    "score_4o": "2",
    "score_reason": "The MLLM's output explains the relationship as 'Contrasting Extremes,' focusing on the juxtaposition of man-made opulence and natural serenity, which is quite broad and doesn't address the specific themes of 'Cannes Film Festival and Cinéma vérité' found in the standard answer. The MLLM's explanation lacks relevant facts to align with the aspect of filmmaking mentioned in the standard answer. However, it doesn't include any erroneous information or fabricated content."
}

Judge results for folder Cannes Film Festival and Cinéma vérité(invisible, movie, metaphor, Non-English European, English) updated.
Folder: Film Post-Production(visible, movie, mutual elements, NA, English)
{
    "score_4o": "2",
    "score_reason": "The MLLM correctly identifies that both images are related to Dolby's audio technologies, but it misses the broader context provided in the standard answer, which focuses on 'Film Post-Production'. The MLLM's explanation is too narrowly focused on Dolby's branding without connecting it to the filmmaking context, as outlined in the standard answer."
}

Judge results for folder Film Post-Production(visible, movie, mutual elements, NA, English) updated.
Folder: Japanese cartoon(invisible, cartoon or game, mutual elements, East Asia, English)
{
    "score_4o": "2",
    "score_reason": "The MLLM's output connects the images through the theme of 'Electricity/Energy,' but this is too broad and not specifically related to the standard answer's theme of 'Japanese cartoon.' Furthermore, the explanation regarding the Poké Ball and the concept of energy lacks the specific cultural context mentioned in the standard answer, which relates both items to their origins in Japanese anime."
}

Judge results for folder Japanese cartoon(invisible, cartoon or game, mutual elements, East Asia, English) updated.
Folder: Mickey Mouse(invisible, cartoon or game, metaphor, USAEnglish, English)
{
    "score_4o": "2",
    "score_reason": "The MLLM's output describes the images focusing on 'Textural details and tactile qualities,' which is a broad interpretation, not directly related to the specific connection of 'Mickey Mouse.' However, the description of white gloves could be a partial alignment with the standard answer, although it fails to identify the specific association between the gloves and Mickey Mouse."
}

Judge results for folder Mickey Mouse(invisible, cartoon or game, metaphor, USAEnglish, English) updated.
Folder: Video Games(invisible, cartoon or game, mutual elements, NA, English)
{
    "score_4o": "2",
    "score_reason": "The MLLM's output identifies the general theme of 'video game controllers' but does not directly address the specific concept of the Konami Code or the idea of invincibility through cheat codes in video games. The explanation focuses on the physical design and nostalgia related to game controllers, which is only tangentially related to the more precise theme of game mechanics and cheat codes highlighted in the standard answer."
}

Judge results for folder Video Games(invisible, cartoon or game, mutual elements, NA, English) updated.
Folder: Minecraft(invisible, cartoon or game, relation, NA, English)
{
    "score_4o": "2",
    "score_reason": "The MLLM output identifies a broad theme related to 'Tools of the Trade,' contrasting a digital tool from Minecraft with a real-life hammer. However, it does not align with the more specific relationship to 'Minecraft' and key entities such as 'Creepers' mentioned in the standard answer. Additionally, there are no specific references to the second image's content related to the standard explanation."
}

Judge results for folder Minecraft(invisible, cartoon or game, relation, NA, English) updated.
Folder: Batman(visible, cartoon or game, relation, USAEnglish, English)
{
    "score_4o": "2",
    "score_reason": "The MLLM output relates both images under 'Bat Symbolism,' which is not directly aligned with 'Batman,' but captures a related theme. The explanation focuses on the versatility and design variations of the bat symbol rather than any direct connections to Batman, Gotham City, or the concept of the Bat-Signal, which are key elements in the standard answer. While there is some thematic overlap, the explanation does not fully capture the specifics of the standard answer."
}

Judge results for folder Batman(visible, cartoon or game, relation, USAEnglish, English) updated.
Folder: Mario(invisible, cartoon or game, relation, East Asia, English)
{
    "score_4o": "2",
    "score_reason": "The MLLM's answer identifies a relationship based on 'Mimicry,' which is too broad. It fails to address or align with the intended standard reasoning specifically related to 'Mario.' However, it accurately describes the first image as reminiscent of a character from the Mario franchise, which tangentially relates to the correct theme."
}

Judge results for folder Mario(invisible, cartoon or game, relation, East Asia, English) updated.
Folder: anime(invisible, cartoon or game, metaphor, East Asia, English)
{
    "score_4o": "2",
    "score_reason": "The MLLM output interprets the images as a contrast between human expression and abstract landscape, which diverges from the standard answer centered on anime's visual characteristics. While it mentions detail and perspective, it misses the connection to common anime elements like large expressive eyes and katanas. The explanation is broad and lacks the specific thematic context present in the standard answer."
}

Judge results for folder anime(invisible, cartoon or game, metaphor, East Asia, English) updated.
Folder: Controller(invisible, cartoon or game, metaphor, NA, English)
{
    "score_4o": "2",
    "score_reason": "The MLLM's output addresses the general concept of 'evolution' based on the images of the controllers, which is correct in terms of illustrating advancements. However, it does not align closely with the standard answer, which focuses on the types of input methods, i.e., D-pad and joystick, as key features of game controllers. The MLLM's response is focused on the aesthetic and design changes rather than the input mechanisms specified in the standard answer."
}

Judge results for folder Controller(invisible, cartoon or game, metaphor, NA, English) updated.
Folder: Multiplayer(invisible, cartoon or game, mutual elements, NA, English)
{
    "score_4o": "2",
    "score_reason": "The MLLM output describes the relationship as 'Contrast and Balance,' which is too broad and doesn't align with the standard answer's precise connection to 'Multiplayer.' While the explanation given by the MLLM talks about the contrasting elements in the images, it doesn't provide the relevant facts linking both images to aspects of multiplayer gaming, such as the use of multiple controllers and the concept of a split-screen."
}

Judge results for folder Multiplayer(invisible, cartoon or game, mutual elements, NA, English) updated.
Folder: Role-Play Game(RPG)(invisible, cartoon or game, metaphor, NA, English)
{
    "score_4o": "2",
    "score_reason": "The MLLM's output identifies a connection through 'Geometric symmetry and numerical sequence,' which is too broad compared to the specific relationship described in the standard answer, 'Role-Play Game (RPG).' Although it does hint at the possible connection to tabletop gaming culture in the explanation, it does not clearly align with the core elements of RPGs mentioned in the standard answer."
}

Judge results for folder Role-Play Game(RPG)(invisible, cartoon or game, metaphor, NA, English) updated.
Folder: Stardew Valley(invisible, cartoon or game, relation, NA, English)
{
    "score_4o": "2",
    "score_reason": "The MLLM output describes the relation as 'Adventure and Survival,' which is too broad and does not specifically mention 'Stardew Valley.' Although the explanation provides a context of gameplay mechanics like combat and fishing, it doesn't align with the standard answer's identification of specific gameplay activities within 'Stardew Valley.' Instead, it broadly refers to general adventure game features, missing the specific connection to Stardew Valley."
}

Judge results for folder Stardew Valley(invisible, cartoon or game, relation, NA, English) updated.
Folder: World-building game(invisible, cartoon or game, mutual elements, NA, English)
{
    "score_4o": "2",
    "score_reason": "The MLLM's output summarizes the relationship as 'Stratification,' focusing on the visual aspect of layering in both images. This approach emphasizes the aesthetic or thematic connection, which is relevant to the imagery but misses the specific context of 'World-building game' described in the standard answer. Thus, while the interpretation of the imagery is broad and somewhat creative, it does not align with the intended reasoning or specific connection provided in the standard answer."
}

Judge results for folder World-building game(invisible, cartoon or game, mutual elements, NA, English) updated.
Folder: Beethoven(invisible, music, relation, Non-English European, English)
{
    "score_4o": "2",
    "score_reason": "The MLLM's output suggests a theme of 'Listening to Nature,' which is too broad and does not directly align with the specific connection to Beethoven indicated in the standard answer. However, there is a loose conceptual similarity in the 'listening' theme, as the first image's 'figure holding a horn instrument to their ear' can be associated with Beethoven's use of a hearing aid due to his hearing loss."
}

Judge results for folder Beethoven(invisible, music, relation, Non-English European, English) updated.
Folder: Rock Music(invisible, music, mutual elements, NA, English)
{
    "score_4o": "2",
    "score_reason": "The MLLM's output identifies a connection as 'Sound and Structure,' which is too broad and does not encompass the specific theme of 'Rock Music.' While it explains the relationship between the tangible guitar and the abstract sound waves, it misses key aspects from the standard answer regarding the quintessential role of the distorted electric guitar in rock music and the energetic atmosphere of rock concerts."
}

Judge results for folder Rock Music(invisible, music, mutual elements, NA, English) updated.
Folder: Hip hop music(invisible, music, metaphor, NA, English)
{
    "score_4o": "2",
    "score_reason": "The MLLM describes the relationship between the images as 'Retro vs. Modern,' focusing on the contrast between the ages of the audio devices depicted. While this reasoning is contextually valid, it is too broad and not related to the standard answer, which specifically identifies the connection to 'Hip hop music.' The explanation suggests an understanding of the technological evolution between the devices but fails to acknowledge the impactful role of turntables in hip hop music, as mentioned in the standard answer's explanation."
}

Judge results for folder Hip hop music(invisible, music, metaphor, NA, English) updated.
Folder: Grand Piano(invisible, music, relation, NA, English)
{
    "score_4o": "2",
    "score_reason": "The MLLM's output identifies the relationship as 'Reflection,' which is not directly related to the standard answer 'Grand Piano.' However, both images are indeed related to musical performance spaces, which aligns with the MLLM's explanation about architectural intention and design connection. Although the reasoning is different, it does acknowledge the shared context of concert halls. The response lacks any mention of a grand piano or the key fact of 88 keys, which would make it more aligned with the standard answer."
}

Judge results for folder Grand Piano(invisible, music, relation, NA, English) updated.
Folder: String and Spectrum(invisible, music, relation, NA, English)
{
    "score_4o": "2",
    "score_reason": "The MLLM's output identifies a relationship of 'Patterns and Harmony,' which captures some common themes seen in the images but diverges from the standard answer's focus on 'String and Spectrum.' While the explanation does highlight certain visual and structural similarities, it does not align with or mention the standard reasoning that discusses connections between sound and light phenomena."
}

Judge results for folder String and Spectrum(invisible, music, relation, NA, English) updated.
Folder: Trumpet(invisible, music, meatphor, NA, English)
{
    "score_4o": "2",
    "score_reason": "The MLLM output discusses the concept of automation by comparing manual and pneumatic valves, which is roughly correct in describing a transition in industrial technology. However, it does not identify the specific relationship or explanation provided by the standard answer related to a trumpet, leaving the connection unaddressed."
}

Judge results for folder Trumpet(invisible, music, meatphor, NA, English) updated.
Folder: Rock Music and Electric Instruments(invisible, music, relation, NA, English)
{
    "score_4o": "0",
    "score_reason": "The MLLM explanation contains erroneous information, as it mistakenly identifies the relationship as 'Natural Monoliths' and provides a detailed explanation related to geographical features, rather than the actual theme concerning 'Rock Music and Electric Instruments.' This constitutes a factuality hallucination, as the MLLM's response does not align with the intended connection of the standard answer."
}

Judge results for folder Rock Music and Electric Instruments(invisible, music, relation, NA, English) updated.
Folder: K-pop(invisible, music, mutual elements, East Asia, English)
{
    "score_4o": "2",
    "score_reason": "The MLLM's response presents a 'Transformation' theme based on the physical arrangement of glow sticks, which is different from the standard answer focused on the K-pop theme involving fan culture and choreography practice. The response does not mention the specific K-pop theme, but at least it provides a plausible explanation of transformation based on the given visual elements."
}

Judge results for folder K-pop(invisible, music, mutual elements, East Asia, English) updated.
Folder: Tango(invisible, music, metaphor, USAEnglish, English)
{
    "score_4o": "2",
    "score_reason": "The MLLM's output identifies the relationship as 'Symphony in Red,' focusing on the symbolic meaning of the color red as passion and intensity, which is conceptually related to the 'Tango.' However, it does not capture the specific relationship associated with the dance form itself, such as the embrace, and instead provides a broad explanation about the color's versatility."
}

Judge results for folder Tango(invisible, music, metaphor, USAEnglish, English) updated.
Folder: El Niño(invisible, phenomenon, relation, NA, English)
{
    "score_4o": "2",
    "score_reason": "The MLLM's output summarizes the relation as 'Transformation,' which is not directly related to the standard answer 'El Niño'. However, it correctly identifies that both images depict surfboards and describes their different settings, showing a partial understanding. There is no mention of facts related to the effects of El Niño on surf conditions, which is central to the standard answer."
}

Judge results for folder El Niño(invisible, phenomenon, relation, NA, English) updated.
Folder: Nuclear Fission(invisible, phenomenon, mutual elements, NA, English)
{
    "score_4o": "2",
    "score_reason": "The MLLM's output focuses on 'Nature's Power,' highlighting the beauty and force of natural phenomena, which is a broad but related concept to the imagery of a volcanic eruption. However, it does not align with the specific theme of 'Nuclear Fission,' as mentioned in the standard answer. The MLLM's explanation lacks the connection to the key concepts and reasoning around nuclear fission, mushroom cloud, and chain reaction, which should be the focus according to the standard answer."
}

Judge results for folder Nuclear Fission(invisible, phenomenon, mutual elements, NA, English) updated.
Folder: Ocean Tides(invisible, phenomenon, relation, NA, English)
{
    "score_4o": "2",
    "score_reason": "The MLLM's output describes the relationship as 'Temporal correlation,' focusing on the representation of temperature variations over a specific time period. However, it does not mention any facts related to 'Ocean Tides' or the cyclical nature of ocean tides and time measurement that align with the standard answer."
}

Judge results for folder Ocean Tides(invisible, phenomenon, relation, NA, English) updated.
Folder: Glacier Melting(invisible, phenomenon, relation, NA, English)
{
    "score_4o": "2",
    "score_reason": "The MLLM's output identifies the relation as 'Scale and Detail,' which is not related to 'Glacier Melting' as in the standard answer. The explanation provided focuses on the visual aspects rather than environmental implications. It fails to address the main theme of 'Glacier Melting,' although it correctly identifies features visible in the images."
}

Judge results for folder Glacier Melting(invisible, phenomenon, relation, NA, English) updated.
Folder: Superconductivity(invisible, phenomenon, mutual elements, NA, English)
{
    "score_4o": "2",
    "score_reason": "The MLLM's response correctly identifies the change in perspective and position between the two images, which corresponds to the change in the relative position of the objects. However, it completely misses the concept of 'Superconductivity,' which is a critical part of the standard answer. The explanation stays too general and misses key facts associated with superconductivity, such as magnetic levitation and the requirement of near absolute zero temperatures."
}

Judge results for folder Superconductivity(invisible, phenomenon, mutual elements, NA, English) updated.
Folder: Hurricane(invisible, phenomenon, metaphor, NA, English)
{
    "score_4o": "2",
    "score_reason": "The MLLM's output provides a broad perspective by describing the concept as 'juxtaposition,' indicating a contrast between natural forces and human presence. However, it misses the specific key points from the standard answer related to the concept of emergency readiness and the relationship with a hurricane, which connects the images in terms of preparedness and response to natural disasters."
}

Judge results for folder Hurricane(invisible, phenomenon, metaphor, NA, English) updated.
Folder: Halo Effect(invisible, phenomenon, relation, NA, English)
{
    "score_4o": "2",
    "score_reason": "The MLLM's output suggests a relationship of 'Transformation,' which is too broad and does not align with the more specific concept of the 'Halo Effect' mentioned in the standard answer. However, the notion of changing perception or context is somewhat related to the theme of perception alteration inherent in the 'Halo Effect,' although it lacks the same depth and accuracy."
}

Judge results for folder Halo Effect(invisible, phenomenon, relation, NA, English) updated.
Folder: Reality TV(invisible, phenomenon, mutual elements, NA, English)
{
    "score_4o": "2",
    "score_reason": "The MLLM's output describes the relationship as 'Elegance and simplicity,' which is broad and does not align with the specific 'Reality TV' relationship described in the standard answer. However, the description of the portraits does include relevant details about attire and presentation, which relates faintly to capturing moods in reality TV, though not as directly part of the purpose or characteristics mentioned in the standard answer."
}

Judge results for folder Reality TV(invisible, phenomenon, mutual elements, NA, English) updated.
Folder: Podcast Boom(invisible, phenomenon, metaphor, NA, English)
{
    "score_4o": "2",
    "score_reason": "The MLLM response identifies that the two images consistently relate to audio devices used in communication, describing them as a 'Companion Device.' However, the explanation focuses on the functionality and integration of the devices rather than addressing the theme of 'Podcast Boom.' There is no reference to the podcast aspect or the significance of the booming trend mentioned in the standard answer."
}

Judge results for folder Podcast Boom(invisible, phenomenon, metaphor, NA, English) updated.
Folder: The Space Race(invisible, phenomenon, relation, NA, English)
{
    "score_4o": "2",
    "score_reason": "The MLLM's output focuses on the emblem 'hammer and sickle' of the Soviet Union, providing a correct analysis of its symbolism but does not mention any facts related to 'The Space Race,' consequentially deviating from the standard answer."
}

Judge results for folder The Space Race(invisible, phenomenon, relation, NA, English) updated.
Folder: Cognitive Dissonance(invisible, phenomenon, metaphor, NA, English)
{
    "score_4o": "2",
    "score_reason": "The MLLM output identifies a general theme of 'dichotomy within the human brain,' focusing on the difference between the analytical and creative hemispheres, which is a concept acknowledged in cognitive science. However, it does not relate this directly to the standard answer's concept of 'Cognitive Dissonance,' which involves conflicting thoughts or beliefs. The response is too broad and misses the specific connection to 'Cognitive Dissonance,' as outlined in the standard answer."
}

Judge results for folder Cognitive Dissonance(invisible, phenomenon, metaphor, NA, English) updated.
Folder: The Gold Rush(invisible, phenomenon, metaphor, USAEnglish, English)
{
    "score_4o": "2",
    "score_reason": "The MLLM output identifies 'Mineral Extraction Process' as the relation, which is a theme that fits the description but lacks the specific historical context of 'The Gold Rush,' which is noted in the standard answer. While the explanation discusses the process of mineral extraction, it doesn't address the context of the Gold Rush and its historical significance. Therefore, the response is related yet too broad and does not capture the specific subset of the standard reasoning."
}

Judge results for folder The Gold Rush(invisible, phenomenon, metaphor, USAEnglish, English) updated.
Folder: Le Petit Prince(invisible, art, relation, Latin American, French)
{
    "score_4o": "2",
    "score_reason": "The MLLM's response describes the images as representing 'Tranquility and natural beauty,' which is unrelated to the standard answer 'Le Petit Prince.' The explanation focuses on the peacefulness and majesty of nature rather than the symbolic meanings related to 'Le Petit Prince.' As such, the response does not align with the intended reasoning."
}

Judge results for folder Le Petit Prince(invisible, art, relation, Latin American, French) updated.
Folder: Victor Hugo(invisible, art, relation, Latin American, French)
{
    "score_4o": "2",
    "score_reason": "The MLLM's output provides a broad theme of 'Urban life vs. natural tranquility,' which does not directly relate to the specific theme of Victor Hugo as mentioned in the standard answer. The explanation provided by the MLLM attempts to connect these contrasting settings through the concept of guidance but does not capture the symbolic significance of Victor Hugo's contribution to literature and social commentary. This theme is unrelated to the detailed reasoning connecting a lighthouse and a quill pen to Victor Hugo. It fails to reference any critical facts from the standard explanation but lacks factual inaccuracies."
}

Judge results for folder Victor Hugo(invisible, art, relation, Latin American, French) updated.
Folder: Les Misérables(invisible, art, relation, Latin American, French)
{
    "score_4o": "0",
    "score_reason": "The MLLM output provides an analysis unrelated to the standard answer. It describes financial candlestick charts, showing a misunderstanding of the image's content and failing to address the themes of 'Les Misérables.' The standard answer connects elements like 'candlestick' and 'street uprising' to themes in 'Les Misérables,' which are not recognized or mentioned in the MLLM output, indicating a significant factual error and misinterpretation."
}

Judge results for folder Les Misérables(invisible, art, relation, Latin American, French) updated.
Folder: Madame Bovary(invisible, art, relation, Latin American, French)
{
    "score_4o": "2",
    "score_reason": "The MLLM's response identifies a common theme of 'Creation,' focusing on the natural creation represented by the apple and human creativity depicted by the hand and pen. However, it does not relate these themes to 'Madame Bovary,' missing key facts from the standard answer. It doesn't address the specific literary symbolism of the 'green apple' and 'pharmacy' in the context of 'Madame Bovary,' which is crucial to the standard answer's reasoning."
}

Judge results for folder Madame Bovary(invisible, art, relation, Latin American, French) updated.
Folder: Les Fleurs du mal(invisible, art, relation, Latin American, French)
{
    "score_4o": "2",
    "score_reason": "The MLLM's output relates the images through 'Memory,' focusing on nostalgia and the passage of time. While these themes are vaguely related conceptually, the explanation does not align closely with the 'Les Fleurs du mal' connection in the standard answer, which specifically involves beauty, time, and decadence in Baudelaire's poetry. The response lacks specific mention of any such elements or direct relations outlined in the standard reasoning."
}

Judge results for folder Les Fleurs du mal(invisible, art, relation, Latin American, French) updated.
Folder: Germinal(invisible, art, relation, Latin American, French)
{
    "score_4o": "2",
    "score_reason": "The MLLM's output only captures the broad theme of 'Mining Process' from the images and does not mention specific facts related to the standard answer such as the connection to the novel 'Germinal.' The explanation aligns loosely with the mining aspect but completely omits any reference to germination and the dual meaning involving the novel and a plant seedling."
}

Judge results for folder Germinal(invisible, art, relation, Latin American, French) updated.
Folder: La Peste(invisible, art, relation, Latin American, French)
{
    "score_4o": "2",
    "score_reason": "The MLLM's output titled 'Nature meets festivity' presents a broad interpretation that doesn't align with the standard answer, which focuses on the theme of existentialism and the societal impact of disease as represented in Albert Camus's works. While the MLLM connects the images through the common theme of crows in nature and Halloween, it fails to incorporate any specific facts or key elements related to 'La Peste' or Camus's philosophical ideas, as mentioned in the standard answer."
}

Judge results for folder La Peste(invisible, art, relation, Latin American, French) updated.
Folder: Chercher la petite bête(invisible, art, relation, Latin American, French)
{
    "score_4o": "2",
    "score_reason": "The MLLM's output describes the images as conveying 'Investigation and Discovery,' which is a broad interpretation compared to the precise meaning in the standard answer. The explanation correctly captures the concept of examining closely, but it lacks the connection to the French phrase 'Chercher la petite bête' and its implied meaning of nitpicking found in the standard explanation."
}

Judge results for folder Chercher la petite bête(invisible, art, relation, Latin American, French) updated.
Folder: Raconter des salades(invisible, art, relation, Latin American, French)
{
    "score_4o": "2",
    "score_reason": "The MLLM output describes the images using a different thematic approach 'Ingredient,' focusing on the visual content and logical connection between the salad and its component, which aligns broadly with ingredient relationship, but it does not cover thematic interpretation specific to 'Raconter des salades' or the metaphorical connection standard answer explores. There is no erroneous information, but it doesn't align with the deeper metaphorical theme as described in the standard answer."
}

Judge results for folder Raconter des salades(invisible, art, relation, Latin American, French) updated.
Folder: Avoir un coup de foudre(invisible, art, relation, Latin American, French)
{
    "score_4o": "2",
    "score_reason": "The MLLM's output identifies a common element of electricity or power between the two images but does not relate it to the concept of love at first sight ('Avoir un coup de foudre'), which is the central theme of the standard answer. The explanation associating the letter 'Z' with zapping or quick action is also not aligned with the standard reasoning, though it captures a thematic similarity."
}

Judge results for folder Avoir un coup de foudre(invisible, art, relation, Latin American, French) updated.
Folder: Don Quijote de la Mancha(invisible, art, relation, Latin American, Spanish)
{
    "score_4o": "2",
    "score_reason": "The MLLM's explanation focuses on the theme of 'Scale and detail,' which is too broad and not directly aligned with the specific literary reference to 'Don Quijote de la Mancha' found in the standard answer. However, the wind turbines in the images carry a loose connection to the windmills in Don Quijote's story, which may suggest a thematic link, albeit the explanation lacks the necessary context to align with the standard answer."
}

Judge results for folder Don Quijote de la Mancha(invisible, art, relation, Latin American, Spanish) updated.
Folder: Cien años de soledad(invisible, art, relation, Latin American, Spanish)
{
    "score_4o": "2",
    "score_reason": "The MLLM's output focuses on 'textural harmony' and emphasizes the use of natural materials in architecture and nature, aligning with the images' appearance. However, it does not relate to the thematic elements of 'Cien años de soledad' and fails to mention any specific themes such as magic realism or the Buendía family, which are relevant in the standard answer. Despite the divergence in subject matter, the MLLM maintains a consistent focus on natural textures, a topic that could parallel the nuanced details within 'Cien años de soledad'. Nevertheless, the key facts linking the images to the standard answer remain absent."
}

Judge results for folder Cien años de soledad(invisible, art, relation, Latin American, Spanish) updated.
Folder: La Casa de los Espíritus(invisible, art, relation, Latin American, Spanish)
{
    "score_4o": "2",
    "score_reason": "The MLLM's output captures the general theme of contrast between eerie and welcoming atmospheres, but it fails to connect these themes to the standard answer 'La Casa de los Espíritus.' It lacks specific references to the novel or themes like family history and magical realism. The reasoning deviates from the novel's context, focusing instead on atmospheric contrast in architecture."
}

Judge results for folder La Casa de los Espíritus(invisible, art, relation, Latin American, Spanish) updated.
Folder: El amor en los tiempos del cólera(invisible, art, relation, Latin American, Spanish)
{
    "score_4o": "2",
    "score_reason": "The MLLM's output correctly identifies the thematic connection between the images as a transition from analog to digital communication. However, the explanation does not relate to the specific themes found in 'El amor en los tiempos del cólera'. It broadly identifies a general historical transition rather than connecting it to the novel's exploration of enduring love through time and hardship."
}

Judge results for folder El amor en los tiempos del cólera(invisible, art, relation, Latin American, Spanish) updated.
Folder: La sombra del viento(invisible, art, relation, Latin American, Spanish)
{
    "score_4o": "2",
    "score_reason": "The MLLM output provides a broad theme of 'Rebirth or Renewal,' which does not align with the specific theme of 'La sombra del viento' from the standard answer. However, the explanation touches on preservation and rediscovery, which could loosely relate to the themes present in 'The Shadow of the Wind,' such as the rediscovery of forgotten books. However, it lacks the specific details and direct relevance to 'The Shadow of the Wind' that are present in the standard answer."
}

Judge results for folder La sombra del viento(invisible, art, relation, Latin American, Spanish) updated.
Folder: Pedro Páramo(invisible, art, relation, Latin American, Spanish)
{
    "score_4o": "2",
    "score_reason": "The MLLM's response focuses on a 'contrast' between the supernatural and the sublime, which is a broad theme and does not convey the specific connection to 'Pedro Páramo' found in the standard answer. The standard answer ties the imagery directly to the novel's themes and contexts. However, the MLLM output describes some of the mood evoked by the images, albeit without the specific literary context or reference."
}

Judge results for folder Pedro Páramo(invisible, art, relation, Latin American, Spanish) updated.
Folder: ¡Es un pez gordo(invisible, art, relation, Latin American, Spanish)
{
    "score_4o": "2",
    "score_reason": "The MLLM's output identifies a 'Size and menacing appearance' relationship, which is not entirely aligned with the standard answer of '¡Es un pez gordo.' While the MLLM relates the images to a theme of power through intimidating features, it does not include the metaphorical interpretation that aligns with the standard explanation involving 'big fish' in a corporate context."
}

Judge results for folder ¡Es un pez gordo(invisible, art, relation, Latin American, Spanish) updated.
Folder: Dar en el clavo(invisible, art, relation, Latin American, Spanish)
{
    "score_4o": "2",
    "score_reason": "The MLLM's output identifies the images as related to 'Preparation and Sequence,' which does not align with the standard answer 'Dar en el clavo.' Although it correctly describes the sequential actions of hammering nails, it fails to capture the idiomatic expression and its meaning. The standard answer connects the hammer action with achieving precision and hitting a target, which is not reflected in the MLLM's explanation."
}

Judge results for folder Dar en el clavo(invisible, art, relation, Latin American, Spanish) updated.
Folder: Echar leña al fuego(invisible, art, relation, Latin American, Spanish)
{
    "score_4o": "2",
    "score_reason": "The MLLM output provides an analysis focused on the transformation process of wood from logs to firewood, which is not related to the standard answer's idiomatic interpretation. However, it correctly identifies both images related to wood items that imply an aspect of change, though it lacks reference to the metaphorical meaning 'Echar leña al fuego' or the concept of exacerbating a conflict."
}

Judge results for folder Echar leña al fuego(invisible, art, relation, Latin American, Spanish) updated.
Folder: Pedir peras al olmo(invisible, art, relation, Latin American, Spanish)
{
    "score_4o": "2",
    "score_reason": "The MLLM's response focuses on the theme of 'Unity and Diversity,' capturing a general natural and visual connection that is not aligned with the intended context provided by the standard answer. However, it does not involve any factual hallucination. The concept of 'Unity and Diversity' is broadly applicable to trees and forests but does not address the specific idiomatic or symbolic relationship of 'Pedir peras al olmo' as explained in the standard answer."
}

Judge results for folder Pedir peras al olmo(invisible, art, relation, Latin American, Spanish) updated.
Folder: Faust(invisible, art, relation, Latin American, German)
{
    "score_4o": "2",
    "score_reason": "The MLLM's output establishes a connection based on 'Potential,' focusing on themes of creation and nourishment, which is a broad interpretation. It diverges from the specific standard answer relating to 'Faust' and the symbolic meanings of temptation and time, but it does not involve any factual errors related to the images presented."
}

Judge results for folder Faust(invisible, art, relation, Latin American, German) updated.
Folder: Der Prozess(invisible, art, relation, Latin American, German)
{
    "score_4o": "2",
    "score_reason": "The MLLM output describes 'Urban Planning' as the theme of the images, which is roughly correct but too broad and does not capture the precise relationship articulated in the standard answer. It fails to mention any facts directly related to 'Der Prozess' or Kafka, which are essential elements of the standard answer. However, it does correctly identify the imagery of labyrinthine structures, similar to the complexity of a maze, which is a key concept in the standard answer related to the labyrinth."
}

Judge results for folder Der Prozess(invisible, art, relation, Latin American, German) updated.
Folder: Die Verwandlung(invisible, art, relation, Latin American, German)
{
    "score_4o": "2",
    "score_reason": "The MLLM's output connects the images with the theme of 'Nature's Beauty,' which is correct in the context of the image descriptions but does not align with the intended standard reasoning related to Kafka's 'Die Verwandlung.' The connection to the literary theme of transformation and disruption is completely missed, leading to a score reflecting a broad yet unrelated interpretation."
}

Judge results for folder Die Verwandlung(invisible, art, relation, Latin American, German) updated.
Folder: Die Räuber(invisible, art, relation, Latin American, German)
{
    "score_4o": "0",
    "score_reason": "The MLLM's output contains incorrect information by focusing on the continuity of design and historical symbolism, which does not align with the intended theme of 'Die Räuber.' The standard answer relates to rebellion and identity through specific symbols, while MLLM's response misses this interpretation entirely."
}

Judge results for folder Die Räuber(invisible, art, relation, Latin American, German) updated.
Folder: Der Steppenwolf(invisible, art, relation, Latin American, German)
{
    "score_4o": "2",
    "score_reason": "The MLLM output summarizes the relationship as 'Canine focus and adaptability,' which does not align with the standard answer 'Der Steppenwolf.' The explanation also focuses on the qualities of canines rather than the symbolic context of the novel 'Der Steppenwolf.' While it mentions wolves and dogs, it misses the deeper implications related to Hesse's work, such as the duality of identity and untamed human nature."
}

Judge results for folder Der Steppenwolf(invisible, art, relation, Latin American, German) updated.
Folder: Nibelungenlied(invisible, art, relation, Latin American, German)
{
    "score_4o": "2",
    "score_reason": "The MLLM's output identifies 'Contrast' as the relation, which is too broad and does not specifically align with the 'Nibelungenlied.' However, it does note elements of nature and the dual themes of peace and ferocity, but it fails to mention relevant facts connected to the Nibelungenlied, such as the dragon being linked to heroic quests and treasure."
}

Judge results for folder Nibelungenlied(invisible, art, relation, Latin American, German) updated.
Folder: Ich verstehe nur Bahnhof(invisible, art, relation, Latin American, German)
{
    "score_4o": "0",
    "score_reason": "The MLLM's response misinterprets the relationship between the images. The standard answer highlights that the images convey a sense of confusion and bewilderment, symbolized by the idiom 'Ich verstehe nur Bahnhof,' and links a foreign language book to incomprehensibility and a jigsaw puzzle piece to complexity. The MLLM instead focuses on the theme of language study and education without addressing the connotations of confusion and incomprehension, which is key to the standard explanation. Additionally, the MLLM's explanation contains hallucination, mentioning organized text and language references unrelated to the imagery described in the standard answer."
}

Judge results for folder Ich verstehe nur Bahnhof(invisible, art, relation, Latin American, German) updated.
Folder: Die Katze im Sack kaufen(invisible, art, relation, Latin American, German)
{
    "score_4o": "2",
    "score_reason": "The MLLM output does not align with the standard answer, as it interprets the images with a broad concept of 'product labeling,' which doesn't relate to the specific idiom 'Die Katze im Sack kaufen.' However, there are no factual hallucinations in its explanation, so it deserves a score of 2 for being broadly correct but unrelated to the standard answer."
}

Judge results for folder Die Katze im Sack kaufen(invisible, art, relation, Latin American, German) updated.
Folder: Hals- und Beinbruch(invisible, art, relation, Latin American, German)
{
    "score_4o": "2",
    "score_reason": "The MLLM's output accurately describes the images with an emphasis on 'Aerial Acrobatics,' highlighting the shared acrobatic theme. However, it does not capture the idiomatic significance of 'Hals- und Beinbruch' (wishing good luck in risky situations) as expressed in the standard answer. The explanation lacks elements related to 'Risks and Challenges' and 'Good Fortune,' which are central to the intended reasoning."
}

Judge results for folder Hals- und Beinbruch(invisible, art, relation, Latin American, German) updated.
Folder: Kopf in den Sand stecken(invisible, art, relation, Latin American, German)
{
    "score_4o": "2",
    "score_reason": "The MLLM's output primarily discusses 'texture and detail' in relation to an ostrich and its feather, which is too broad and lacks connection to the specific theme in the standard answer. It fails to capture the metaphorical relationship of avoidance or denial ('Kopf in den Sand stecken') associated with the ostrich. However, it mentions different aspects of the ostrich and its feather, which could be seen as marginally related, justifying a score of 2."
}

Judge results for folder Kopf in den Sand stecken(invisible, art, relation, Latin American, German) updated.
Finish: Judge results all saved to ./glm-4v_judge.json
Finish: Combined results all saved to ./glm-4v_test_and_judge.json
