Folder: number 0 and 1(invisible, number, metaphor, NA, English)
{
    "score_4o": "2",
    "score_reason": "The MLLM's response describes visual concepts without connecting them to the standard answer of 'number 0 and 1.' While it might provide some relevant visual details equivalent to image concepts, it doesn't mention key notions of binary code and light switch, which align with the standard explanation."
}

Judge results for folder number 0 and 1(invisible, number, metaphor, NA, English) updated.
Folder: 8(invisible, number, relation, NA, English)
{
    "score_4o": "2",
    "score_reason": "The MLLM output interprets the relationship between the infinity symbol and the number 8 as a 'Contrast,' focusing on their conceptual differences, whereas the standard answer highlights their visual resemblance. Although exploring a valid conceptual angle, the MLLM output misses the direct visual connection that is emphasized in the standard answer."
}

Judge results for folder 8(invisible, number, relation, NA, English) updated.
Folder: number of keys on a standard piano(visible, number, mutual elements, NA, English)
{
    "score_4o": "2",
    "score_reason": "The MLLM's output provides a broad relationship 'Mathematics and Music,' which is related but not directly aligned with the more precise standard answer. The standard answer specifically highlights the shared numerical characteristic of the number 88, representing the number of keys on a standard piano. The MLLM's focus on the broader themes neglects this key fact, but it does acknowledge an abstract connection between the disciplines."
}

Judge results for folder number of keys on a standard piano(visible, number, mutual elements, NA, English) updated.
Folder: 6 and 9(visible, number, relation, NA, English)
{
    "score_4o": "2",
    "score_reason": "The MLLM's output identifies 'contrast' as the relation between the images, focusing on visual elements rather than the core concept of symmetry as per the standard answer. Although it recognizes differences in the presentation (i.e., the presence of a border), it doesn't mention the key fact about the numbers' symmetric nature when flipped or rotated."
}

Judge results for folder 6 and 9(visible, number, relation, NA, English) updated.
Folder: Golden Ratio(invisible, number, mutual elements, NA, English)
{
    "score_4o": "3",
    "score_reason": "The MLLM's output references the spiral pattern shared between the snail shell and the Parthenon, which relates to the concept of the golden ratio in the standard answer. However, it doesn't explicitly mention the golden ratio itself, making the connection somewhat indirect compared to the standard answer. The points made about spirals in nature and architecture align with key ideas around the golden ratio, but there is a lack of direct mention of this mathematical concept."
}

Judge results for folder Golden Ratio(invisible, number, mutual elements, NA, English) updated.
Folder: Cryptography(invisible, number, metaphor, NA, English)
{
    "score_4o": "1",
    "score_reason": "The MLLM responded with placeholders instead of a substantive explanation or relation, essentially expressing uncertainty by not providing any meaningful information. The standard answer outlines a connection via cryptography involving prime numbers and a security lock, none of which are addressed by the MLLM output."
}

Judge results for folder Cryptography(invisible, number, metaphor, NA, English) updated.
Folder: Superstition(visible, number, mutual elements, USAEnglish, English)
{
    "score_4o": "4",
    "score_reason": "The MLLM output accurately identifies the relationship as 'Superstition' and explains it by associating 'Friday the 13th' and black cats with superstitions of bad luck, aligning well with the standard answer."
}

Judge results for folder Superstition(visible, number, mutual elements, USAEnglish, English) updated.
Folder: H2O(invisible, number, relation, NA, English)
{
    "score_4o": "2",
    "score_reason": "The MLLM output provides a 'Winter celebration' theme as the connection through balloons and snowflakes. While both can indeed represent festivities during the holiday season, it lacks the relevant chemical association detailed in the standard answer. The reasoning around H2O, its composition involving hydrogen, and its manifestation as snowflakes is not addressed, indicating the MLLM's interpretation is too broad and not aligned with the intended scientific theme."
}

Judge results for folder H2O(invisible, number, relation, NA, English) updated.
Folder: Basketball Team Composition(visible, number, metaphor, NA, English)
{
    "score_4o": "2",
    "score_reason": "The MLLM's output broadly relates the two images to strategy and planning in different contexts, which is accurate in a general sense. However, it does not align with the specific theme of 'Basketball Team Composition' that is detailed in the standard answer. The MLLM addresses strategic aspects of sports and games but misses the specific analogy of team composition between chess pieces and basketball players."
}

Judge results for folder Basketball Team Composition(visible, number, metaphor, NA, English) updated.
Folder: Infinity(visible, number, metaphor, NA, English)
{
    "score_4o": "4",
    "score_reason": "The MLLM output correctly identifies 'Infinity' as the relation and explains the connection between the infinity symbol and a ribbon-like structure as a visual representation of infinity, similar to the Möbius strip in the standard answer. Both convey the concept of endlessness, demonstrating the same level of thoughtfulness and insight."
}

Judge results for folder Infinity(visible, number, metaphor, NA, English) updated.
Folder: Solar System(visible, number, relation, NA, English)
{
    "score_4o": "2",
    "score_reason": "The MLLM output correctly identifies general concepts related to the images, such as 'Time and Space,' but does not align precisely with the standard answer's focus on the structural similarity between the 8 gears and the 8 planets. The explanation lacks specific reference to the number '8' and the interconnected system concept emphasized in the standard answer."
}

Judge results for folder Solar System(visible, number, relation, NA, English) updated.
Folder: Five Hundred Miles(invisible, number, relation, NA, English)
{
    "score_4o": "2",
    "score_reason": "The MLLM's output correctly identifies the theme of travel and adventure presented by the train ticket. However, it does not mention 'Five Hundred Miles' or connect the image explicitly to the song and its associated themes of distance and longing. Despite capturing the travel aspect, it fails to align with the specific reasoning and explanation of the standard answer."
}

Judge results for folder Five Hundred Miles(invisible, number, relation, NA, English) updated.
Folder: 12-Bar Blues(invisible, number, relation, NA, English)
{
    "score_4o": "0",
    "score_reason": "The MLLM's output suggests a relation of 'Performance' and offers an explanation involving metaphorical hatching, which does not align with the intended standard answer relating to '12-Bar Blues.' The explanation includes factually incorrect reasoning, as there's no clear connection between the colored eggs and musical performance in terms of hatching ideas."
}

Judge results for folder 12-Bar Blues(invisible, number, relation, NA, English) updated.
Folder: Chance(invisible, number, metaphor, NA, English)
{
    "score_4o": "3",
    "score_reason": "The MLLM's response of 'Balance' captures a similar theme as the visual representation of balance in the images, but it misses the precise key concept of 'Chance' highlighted in the standard answer. However, the explanation does mention 'a 50/50 split,' which is related to the idea of equal odds, thus aligning partially with the standard answer."
}

Judge results for folder Chance(invisible, number, metaphor, NA, English) updated.
Folder: One Thousand and One Nights(invisible, number, metaphor, East Asia, English)
{
    "score_4o": "2",
    "score_reason": "The MLLM's response mentions a 'contrast' relation between the images, which suggests a difference in style and content, but does not capture the theme related to 'One Thousand and One Nights.' The explanation includes some observations about the images but doesn't connect them to the story which is the key theme in the standard answer."
}

Judge results for folder One Thousand and One Nights(invisible, number, metaphor, East Asia, English) updated.
Folder: Cold War(invisible, history, relation, NA, English)
{
    "score_4o": "2",
    "score_reason": "The MLLM output captures a broad theme of military service, but it does not address the specific connection related to 'Cold War' as described in the standard answer. While it discusses concepts of honor and duty, it lacks the pertinent historical connection and facts related to Checkpoint Charlie, Bay of Pigs, and Cold War tension."
}

Judge results for folder Cold War(invisible, history, relation, NA, English) updated.
Folder: Ancient Rome(invisible, history, relation, other, English)
{
    "score_4o": "2",
    "score_reason": "The MLLM output describes the images as depicting the Roman Forum and a zodiac chart, with a broad theme of historical and astrological elements. However, it fails to recognize the specific relationship between the images linked to 'Ancient Rome' and the 'Ides of March,' as highlighted in the standard answer."
}

Judge results for folder Ancient Rome(invisible, history, relation, other, English) updated.
Folder: World War II(invisible, history, metaphor, NA, English)
{
    "score_4o": "2",
    "score_reason": "The MLLM's output describes the relationship as 'Contrast,' which is broad and unrelated to the actual connection of 'World War II' provided in the standard answer. While the explanation offers a general observation of tranquility versus complexity, it does not mention any relevant facts about Winston Churchill, the bulldog analogy, or the historical context of the Blitz. Thus, it lacks alignment with the intended reasoning."
}

Judge results for folder World War II(invisible, history, metaphor, NA, English) updated.
Folder: The Renaissance(invisible, history, metaphor, Non-English European, English)
{
    "score_4o": "3",
    "score_reason": "The MLLM output correctly identifies the Louvre as the place where the Mona Lisa is housed and draws a connection between art and architecture, which aligns with the standard explanation of the Louvre's role in the display of the Mona Lisa. However, it does not specifically label the connection as 'The Renaissance,' missing a key thematic element of the standard answer, which focuses on the Mona Lisa's significance within the context of the Renaissance."
}

Judge results for folder The Renaissance(invisible, history, metaphor, Non-English European, English) updated.
Folder: The Information Age(invisible, history, mutual elements, NA, English)
{
    "score_4o": "3",
    "score_reason": "The MLLM output identifies 'Email communication' as the relation, which is in line with the standard answer's emphasis on communication aspects, albeit more focused on email. The explanation captures the evolution of communication technology from floppy disks to email, similar to the transition described in the standard answer. However, it misses the specific reference to 'The Information Age' and the role of AOL in popularizing early internet access, which is a more nuanced point in the standard answer."
}

Judge results for folder The Information Age(invisible, history, mutual elements, NA, English) updated.
Folder: The Age of Enlightenment(invisible, history, relation, NA, English)
{
    "score_4o": "3",
    "score_reason": "The MLLM's output captures the overarching theme of 'Science and Literature,' which is roughly correct, emphasizing the connection between scientific exploration and literary expression about the universe. However, it does not explicitly mention the 'Age of Enlightenment' as the standard answer does. The explanation correctly identifies the symbolic significance of the space telescope and the book 'Cosmos,' aligning with the standard answer in its focus on exploration and understanding of the universe."
}

Judge results for folder The Age of Enlightenment(invisible, history, relation, NA, English) updated.
Folder: The Victorian Era(invisible, history, relation, Non-English European, English)
{
    "score_4o": "1",
    "score_reason": "The MLLM output is missing, and therefore, based on the assumption of an 'Unknown connection' response, the MLLM appears uncertain about the connection between the two images, which aligns with a score of 1."
}

Judge results for folder The Victorian Era(invisible, history, relation, Non-English European, English) updated.
Folder: The Roaring Twenties(invisible, history, relation, USAEnglish, English)
{
    "score_4o": "4",
    "score_reason": "The MLLM's output accurately captures the relationship as 'Roaring Twenties,' consistent with the standard answer's 'The Roaring Twenties.' The explanation provided highlights both the flapper's attire and the car's design as reflecting the era's cultural and technological innovations, which aligns well with the standard answer's focus on iconic symbols and the period's social and technological changes."
}

Judge results for folder The Roaring Twenties(invisible, history, relation, USAEnglish, English) updated.
Folder: Neil Armstrong's Footprint on the Moon(invisible, history, relation, USAEnglish, English)
{
    "score_4o": "2",
    "score_reason": "The MLLM's output describes the images as depicting a 'contrast' between human presence and the untouched lunar surface. While it captures the theme of contrasting elements and makes thoughtful commentary on humanity's impact, it fails to relate this specifically to Neil Armstrong's footprint on the moon as in the standard answer, lacking focus on the iconic nature of the footprint itself."
}

Judge results for folder Neil Armstrong's Footprint on the Moon(invisible, history, relation, USAEnglish, English) updated.
Folder: The Silk Road(invisible, history, metaphor, East Asia, English)
{
    "score_4o": "1",
    "score_reason": "The MLLM output does not provide sufficient information about the specific image concepts, relation, or explanation. Since the response is missing these essential details, it is impossible to determine the accuracy or relevance of its content without further context. As a result, the score is limited to 1 due to the lack of information."
}

Judge results for folder The Silk Road(invisible, history, metaphor, East Asia, English) updated.
Folder: The Reformation(invisible, history, metaphor, Non-English European, English)
{
    "score_4o": "2",
    "score_reason": "The MLLM's output is roughly accurate but too broad. It does not directly align with the standard answer's focus on 'The Reformation,' nor does it recognize Martin Luther's Ninety-Five Theses or the role of the printing press in the Protestant Reformation. Instead, it addresses a broader concept of the dissemination of information through the printing press, which, while related, lacks the specific historical context emphasized in the standard answer."
}

Judge results for folder The Reformation(invisible, history, metaphor, Non-English European, English) updated.
Folder: Hollywood Golden Age(visible, movie, relation, USAEnglish, English)
{
    "score_4o": "2",
    "score_reason": "The MLLM makes a broad statement about contrast, touching on the potential of a film negative versus a completed artistic expression, which is unrelated to the specific historical and cultural context of the 'Hollywood Golden Age' provided by the standard answer. While some elements like the film reference are present, they lack the specific contextual connection to Charlie Chaplin and the silent film era."
}

Judge results for folder Hollywood Golden Age(visible, movie, relation, USAEnglish, English) updated.
Folder: Titanic(visible, movie, metaphor, USAEnglish, English)
{
    "score_4o": "1",
    "score_reason": "The MLLM has not provided its output, so it's unclear how it relates to the standard answer, which describes the Titanic disaster connection between an iceberg and a boarding pass. The lack of details in the MLLM's output makes it impossible to assess its alignment or reasoning."
}

Judge results for folder Titanic(visible, movie, metaphor, USAEnglish, English) updated.
Folder: Horror(visible, movie, mutual elements, NA, English)
{
    "score_4o": "3",
    "score_reason": "The MLLM's output correctly identifies the relationship as 'Horror/Thriller Genre,' aligning closely with the standard 'Horror' and captures the essence of fear and suspense. However, it does not specifically identify the key facts about 'Leatherface' or the 'slasher film genre,' resulting in a slightly incomplete connection compared to the standard answer."
}

Judge results for folder Horror(visible, movie, mutual elements, NA, English) updated.
Folder: Bollywood(visible, movie, metaphor, USAEnglish, English)
{
    "score_4o": "2",
    "score_reason": "The MLLM's output describes a general concept of a 'Parade,' which is somewhat associated with the standard answer's 'Carnival' theme. However, it does not address specific components like 'Bollywood' or mention the cultural context that relates to Carnival's vibrant and colorful celebrations tied with Bollywood themes. The explanation lacks the relevant details required to link it directly to the Carnival concept, making it too broad and incomplete."
}

Judge results for folder Bollywood(visible, movie, metaphor, USAEnglish, English) updated.
Folder: cinema(invisible, movie, mutual elements, NA, English)
{
    "score_4o": "0",
    "score_reason": "The MLLM output contains factual errors by suggesting that corn kernels are directly related to the concept of stereoscopic vision through anaglyph 3D glasses, which is incorrect. The standard answer correctly associates popcorn and 3D glasses with the cinema experience, while the MLLM's explanation introduces a false connection between corn kernels and stereoscopic vision, resulting in a hallucination."
}

Judge results for folder cinema(invisible, movie, mutual elements, NA, English) updated.
Folder: Frozen(visible, movie, relation, USAEnglish, English)
{
    "score_4o": "2",
    "score_reason": "The MLLM's output identifies the relationship as 'Winter wonderland,' which is too broad and does not directly relate to the more specific reference to 'Frozen,' as mentioned in the standard answer. Additionally, while the MLLM's explanation accurately represents the general charm of winter, it fails to mention any key facts or characters related to Disney's 'Frozen' that would align with the standard answer."
}

Judge results for folder Frozen(visible, movie, relation, USAEnglish, English) updated.
Folder: Making movie(invisible, movie, mutual elements, NA, English)
{
    "score_4o": "4",
    "score_reason": "The MLLM's response provides a consistent and correct interpretation of the images with the relationship being 'Film production' which aligns with 'Making movie' in the standard answer. The explanation accurately discusses the connection between the film reel, clapperboard, and director's chair as elements involved in the filmmaking process, similar to the standard answer's focus on the movie production context."
}

Judge results for folder Making movie(invisible, movie, mutual elements, NA, English) updated.
Folder: Jurassic Park(invisible, movie, relation, USAEnglish, English)
{
    "score_4o": "2",
    "score_reason": "The MLLM's output provides the relation 'Prehistoric to Present,' which is a broad theme without specifically mentioning any direct connection to 'Jurassic Park,' the fictional amusement park where dinosaurs are brought back to life. The explanation lacks specific facts related to 'Jurassic Park' and does not effectively capture the intended standard reasoning, which focuses on the iconic and thematic elements of the movie."
}

Judge results for folder Jurassic Park(invisible, movie, relation, USAEnglish, English) updated.
Folder: Studio Ghibli and anime(invisible, movie, metaphor, East Asia, English)
{
    "score_4o": "2",
    "score_reason": "The MLLM's response identifies a 'Contrast' in the themes and atmospheres of the images, focusing on the serene versus dramatic, which is related to the standard answer but too broad. It lacks specific references to 'Studio Ghibli and anime' or the distinctive animation styles of Japan. While it mentions diversity in storytelling, it doesn't directly connect to the core ideas of Japanese animation facets or Studio Ghibli as outlined in the standard answer."
}

Judge results for folder Studio Ghibli and anime(invisible, movie, metaphor, East Asia, English) updated.
Folder: Cannes Film Festival and Cinéma vérité(invisible, movie, metaphor, Non-English European, English)
{
    "score_4o": "2",
    "score_reason": "The MLLM's output describes the relation as 'Event coverage,' which is a broad interpretation and lacks specificity when compared to 'Cannes Film Festival and Cinéma vérité' in the standard answer. Although it mentions red carpet events and camcorders, it misses the key connection to aspects of filmmaking and the specific context of Cannes Film Festival and Cinéma vérité mentioned in the standard answer."
}

Judge results for folder Cannes Film Festival and Cinéma vérité(invisible, movie, metaphor, Non-English European, English) updated.
Folder: Film Post-Production(visible, movie, mutual elements, NA, English)
{
    "score_4o": "2",
    "score_reason": "The MLLM's output summarizes the relationship as 'Audio technology,' which is too broad compared to the specific 'Film Post-Production' detailed in the standard answer. The explanation correctly identifies the focus on audio, but it fails to connect Dolby Surround Sound and the digital audio workstation with the film post-production process, as mentioned in the standard answer."
}

Judge results for folder Film Post-Production(visible, movie, mutual elements, NA, English) updated.
Folder: Japanese cartoon(invisible, cartoon or game, mutual elements, East Asia, English)
{
    "score_4o": "2",
    "score_reason": "The MLLM's output suggests a relation of 'Symbolic Representation,' which does not directly address the connection to 'Japanese cartoon' or anime as highlighted in the standard answer. Furthermore, the explanation overemphasizes their association within a single franchise, Pokémon, instead of recognizing them as parts of different iconic Japanese anime series (Pokémon and Sailor Moon). The explanation lacks the relevant facts about their origins from separate anime franchises."
}

Judge results for folder Japanese cartoon(invisible, cartoon or game, mutual elements, East Asia, English) updated.
Folder: Mickey Mouse(invisible, cartoon or game, metaphor, USAEnglish, English)
{
    "score_4o": "2",
    "score_reason": "The MLLM's output mentions 'Contrast' which is unrelated to the standard answer's 'Mickey Mouse'. However, the notion of gloves could indirectly connect to the concept of Mickey Mouse, although this is not explicitly stated. Moreover, it doesn't reference any of the specific features related to Mickey Mouse that would match the standard answer. Therefore, it does not directly align with the intended standard reasoning."
}

Judge results for folder Mickey Mouse(invisible, cartoon or game, metaphor, USAEnglish, English) updated.
Folder: Video Games(invisible, cartoon or game, mutual elements, NA, English)
{
    "score_4o": "2",
    "score_reason": "The MLLM's output identifies the common theme of 'Gaming', which is somewhat related but too broad and does not accurately reflect the specific connection of cheat codes highlighted in the standard answer. The explanation also focuses on the evolution of gaming rather than the concept of cheat codes, which was central to the standard answer. Therefore, key points from the standard reasoning are missing."
}

Judge results for folder Video Games(invisible, cartoon or game, mutual elements, NA, English) updated.
Folder: Minecraft(invisible, cartoon or game, relation, NA, English)
{
    "score_4o": "3",
    "score_reason": "The MLLM output correctly identifies the relationship as 'Minecraft elements' and explains the connection to Minecraft gameplay involving combat with a pixel sword and the presence of pixel creepers. However, it does not mention the standard answer's detailed example of the diamond pickaxe, which slightly affects completeness."
}

Judge results for folder Minecraft(invisible, cartoon or game, relation, NA, English) updated.
Folder: Batman(visible, cartoon or game, relation, USAEnglish, English)
{
    "score_4o": "3",
    "score_reason": "The MLLM's output captures the essence of Batman as the 'Nocturnal Guardian of Gotham City,' which aligns with the iconic representation and Batman's protection of Gotham City, similar to the standard answer's 'Batman.' However, it does not mention the Bat-Signal used to summon Batman, a key fact in the explanation. The reasoning aligns with Batman's role but lacks specific detail about the Bat-Signal."
}

Judge results for folder Batman(visible, cartoon or game, relation, USAEnglish, English) updated.
Folder: Mario(invisible, cartoon or game, relation, East Asia, English)
{
    "score_4o": "2",
    "score_reason": "While the MLLM correctly identifies the thematic relationship of 'Antagonist vs. Protagonist,' which is generally applicable to narratives within the Mario franchise, it doesn't specifically reference Mario as per the standard answer. The explanation also inaccurately describes the red mushroom as a character and fails to mention Mario, which misaligns with the correct explanation involving Mario as the protagonist powered by the red mushroom."
}

Judge results for folder Mario(invisible, cartoon or game, relation, East Asia, English) updated.
Folder: anime(invisible, cartoon or game, metaphor, East Asia, English)
{
    "score_4o": "2",
    "score_reason": "The MLLM's output identifies a 'Contrast' between the cartoon eyes and swords, which is too broad and not related to the specific context of 'anime' as explained in the standard answer. The explanation does not mention relevant facts about anime aesthetics or the common inclusion of swords or katanas in anime, failing to connect the images to anime themes."
}

Judge results for folder anime(invisible, cartoon or game, metaphor, East Asia, English) updated.
Folder: Controller(invisible, cartoon or game, metaphor, NA, English)
{
    "score_4o": "3",
    "score_reason": "The MLLM's output identifies the relationship as 'Gaming Accessories,' which is somewhat similar to the standard answer 'Controller,' but lacks specific reference to the input methods. The MLLM's explanation captures the essence of retro gaming peripherals but does not focus on the specific input methods like the D-pad and joystick as described in the standard answer. Thus, it aligns with the general theme but is incomplete compared to the detailed standard reasoning."
}

Judge results for folder Controller(invisible, cartoon or game, metaphor, NA, English) updated.
Folder: Multiplayer(invisible, cartoon or game, mutual elements, NA, English)
{
    "score_4o": "2",
    "score_reason": "The MLLM's output summarizes the relationship as 'Gaming Equipment and Racing Gameplay,' which is generally correct but too broad and lacks the specific focus on 'Multiplayer' gaming evident in the standard answer. The explanation describes how controllers are used to play video games, including racing games, but does not address the aspect of multiple players or split-screen gameplay, key components in the standard answer, that would specifically relate to multiplayer experiences."
}

Judge results for folder Multiplayer(invisible, cartoon or game, mutual elements, NA, English) updated.
Folder: Role-Play Game(RPG)(invisible, cartoon or game, metaphor, NA, English)
{
    "score_4o": "4",
    "score_reason": "The MLLM's output accurately identifies the connection as related to role-playing games, mentioning the use of the d20 in tabletop RPGs and the character interface from a video game RPG. It explains how these elements are integral to RPGs, consistent with the standard answer."
}

Judge results for folder Role-Play Game(RPG)(invisible, cartoon or game, metaphor, NA, English) updated.
Folder: Stardew Valley(invisible, cartoon or game, relation, NA, English)
{
    "score_4o": "3",
    "score_reason": "The MLLM's output correctly places the Fiberglass Rod and crops within the context of an in-game economy, aligning with the essential concept of Stardew Valley's gameplay. However, it does not specifically mention Stardew Valley in its explanation, thereby lacking the direct connection to the game mentioned in the standard answer."
}

Judge results for folder Stardew Valley(invisible, cartoon or game, relation, NA, English) updated.
Folder: World-building game(invisible, cartoon or game, mutual elements, NA, English)
{
    "score_4o": "2",
    "score_reason": "The MLLM's output focuses on the general concept of 'Terrain representation,' highlighting the depiction of terrain in both images as physical and digital models. While this captures a broad aspect of the images, it does not delve into the specific theme of 'World-building game' as outlined in the standard answer. This summary lacks the detail and depth related to resource management and construction mechanics that characterize world-building games."
}

Judge results for folder World-building game(invisible, cartoon or game, mutual elements, NA, English) updated.
Folder: Beethoven(invisible, music, relation, Non-English European, English)
{
    "score_4o": "2",
    "score_reason": "The MLLM output identifies a broad 'Connection' through the theme of music but misses the specific relation to 'Beethoven,' as depicted in the standard answer. While the mention of 'a man playing a trumpet' and 'sheet music' relates to music, it lacks the specific contextual elements of Beethoven and his compositions, such as the hearing aid or the Fifth Symphony, which are pivotal to the standard answer."
}

Judge results for folder Beethoven(invisible, music, relation, Non-English European, English) updated.
Folder: Rock Music(invisible, music, mutual elements, NA, English)
{
    "score_4o": "3",
    "score_reason": "The MLLM's output cites 'Music' as the relation, which is a broader theme compared to the standard answer 'Rock Music.' However, it correctly identifies the electric guitar and the concert crowd as elements indicative of musical performance. The explanation connects the electric guitar to music creation and the concert scene to audience engagement, but it doesn't specify the rock genre, aligning partially with the standard answer."
}

Judge results for folder Rock Music(invisible, music, mutual elements, NA, English) updated.
Folder: Hip hop music(invisible, music, metaphor, NA, English)
{
    "score_4o": "2",
    "score_reason": "The MLLM's response focuses on the theme of 'Analog sound recording and reproduction', which is a broader interpretation than the standard answer's specific context of 'Hip hop music.' While it provides a technically accurate explanation of how each device works, it does not align with the elements of hip hop music creation mentioned in the standard answer."
}

Judge results for folder Hip hop music(invisible, music, metaphor, NA, English) updated.
Folder: Grand Piano(invisible, music, relation, NA, English)
{
    "score_4o": "2",
    "score_reason": "The MLLM's output relates the amphitheater and electronic keyboard through 'acoustics,' which is too broad compared to the specific relationship of 'Grand Piano' described in the standard answer. The explanation does not incorporate any relevant facts from the standard answer, such as the connection to grand pianos, their location in concert halls, or the significance of 88 keys."
}

Judge results for folder Grand Piano(invisible, music, relation, NA, English) updated.
Folder: String and Spectrum(invisible, music, relation, NA, English)
{
    "score_4o": "3",
    "score_reason": "The MLLM's output identifies the relation as 'harmony,' which captures the theme of balance and cohesion presented in the first (violin) and second (spectrum) images. Although it reflects a relevant connection, it doesn't directly align with the more precise interpretation involving 'String and Spectrum,' as outlined in the standard answer. The explanation successfully addresses the connection in terms of balance but does not explicitly delve into sound and light phenomena or their analysis, which leaves it incomplete."
}

Judge results for folder String and Spectrum(invisible, music, relation, NA, English) updated.
Folder: Trumpet(invisible, music, meatphor, NA, English)
{
    "score_4o": "2",
    "score_reason": "The MLLM's output relates both images to 'Components of plumbing systems,' which is too broad and not aligned with the standard answer's specific connection to 'Trumpet.' However, the explanation accurately describes the functionality of the depicted items, albeit in the context of plumbing rather than musical instruments, which shows partial correctness."
}

Judge results for folder Trumpet(invisible, music, meatphor, NA, English) updated.
Folder: Rock Music and Electric Instruments(invisible, music, relation, NA, English)
{
    "score_4o": "1",
    "score_reason": "The MLLM merely provides placeholders for the image concepts, relation, and explanation without any detailed content or reasoning. Therefore, it doesn't address or align with the intended standard reasoning at all, demonstrating a lack of comprehension or analysis of the given relationship and explanation."
}

Judge results for folder Rock Music and Electric Instruments(invisible, music, relation, NA, English) updated.
Folder: K-pop(invisible, music, mutual elements, East Asia, English)
{
    "score_4o": "2",
    "score_reason": "The MLLM output identifies the relationship as 'Illumination' and emphasizes the lighting aspect, which is a broad concept and does not directly address the specific theme of K-pop described in the standard answer. Although it provides an explanation involving lighting, it misses the more precise connections of lightsticks and choreography with K-pop culture."
}

Judge results for folder K-pop(invisible, music, mutual elements, East Asia, English) updated.
Folder: Tango(invisible, music, metaphor, USAEnglish, English)
{
    "score_4o": "3",
    "score_reason": "The MLLM output captures the broader theme of 'love and affection,' which is tied to the symbolism of a red rose and an embracing couple. However, it does not specifically mention 'Tango,' which is the key connection in the standard answer. The explanation about the emotional connection aligns roughly with the standard answer, but lacks the specificity of Tango dance context."
}

Judge results for folder Tango(invisible, music, metaphor, USAEnglish, English) updated.
Folder: El Niño(invisible, phenomenon, relation, NA, English)
{
    "score_4o": "2",
    "score_reason": "The MLLM's output focuses on the theme of 'leisure and science,' which is too broad and does not recognize the specific connection to 'El Niño.' The explanation given by the MLLM does not address the impact of El Niño on surfing conditions and ocean temperatures, which is central to the standard answer. However, it correctly identifies general themes of human interaction with leisure and study, indicating some level of interpretation."
}

Judge results for folder El Niño(invisible, phenomenon, relation, NA, English) updated.
Folder: Nuclear Fission(invisible, phenomenon, mutual elements, NA, English)
{
    "score_4o": "2",
    "score_reason": "The MLLM's output focuses on the broader theme of 'Scientific Phenomena,' while the standard answer specifically identifies 'Nuclear Fission' as the shared concept. Though both responses mention scientific processes, the MLLM's output lacks the specific details about nuclear fission and its connection to both images as described in the standard answer."
}

Judge results for folder Nuclear Fission(invisible, phenomenon, mutual elements, NA, English) updated.
Folder: Ocean Tides(invisible, phenomenon, relation, NA, English)
{
    "score_4o": "2",
    "score_reason": "The MLLM's response, which describes the relation as 'Time representation,' is related but too broad and does not incorporate the more specific context of 'Ocean Tides' mentioned in the standard answer. It aligns partially with the idea of time and periodicity but fails to accurately capture the intended relationship between ocean tides, gravitational forces, and the mechanical clock in its explanation."
}

Judge results for folder Ocean Tides(invisible, phenomenon, relation, NA, English) updated.
Folder: Glacier Melting(invisible, phenomenon, relation, NA, English)
{
    "score_4o": "1",
    "score_reason": "The MLLM output is missing from the information provided, resulting in an incomplete response. Without any specific content to evaluate, it is impossible to determine the alignment to the standard answer or the quality of reasoning. Thus, defaulting to a minimal score due to lack of content."
}

Judge results for folder Glacier Melting(invisible, phenomenon, relation, NA, English) updated.
Folder: Superconductivity(invisible, phenomenon, mutual elements, NA, English)
{
    "score_4o": "2",
    "score_reason": "The MLLM output states that the relation is 'Temperature measurement,' which is too broad and does not accurately reflect the more specific concept of 'Superconductivity' found in the standard answer. The explanation mentions the concept of temperature measurement but fails to incorporate the key facts about superconductivity and the relationship between magnetic levitation and extremely low temperatures required for it, which are central in the standard answer."
}

Judge results for folder Superconductivity(invisible, phenomenon, mutual elements, NA, English) updated.
Folder: Hurricane(invisible, phenomenon, metaphor, NA, English)
{
    "score_4o": "4",
    "score_reason": "The MLLM's output describes the relation as 'Preparedness,' which aligns closely with the standard answer's theme of being prepared for a hurricane. The explanation provided by the MLLM accurately connects the hurricane and the emergency supplies as part of a preparedness strategy for natural disasters, consistent with the reasoning in the standard answer."
}

Judge results for folder Hurricane(invisible, phenomenon, metaphor, NA, English) updated.
Folder: Halo Effect(invisible, phenomenon, relation, NA, English)
{
    "score_4o": "2",
    "score_reason": "The MLLM's output describes a connection through the theme of 'Commitment,' which is unrelated to the standard answer's theme of the 'Halo Effect.' Moreover, the explanation provided by the MLLM does not address or align with the reasoning related to an angel's halo and job interview scenarios as outlined in the standard answer."
}

Judge results for folder Halo Effect(invisible, phenomenon, relation, NA, English) updated.
Folder: Reality TV(invisible, phenomenon, mutual elements, NA, English)
{
    "score_4o": "2",
    "score_reason": "The MLLM's output highlights the 'contrast' between the calm portrait and the intense altercation, which is accurate in terms of visual differences but doesn't tie into the thematic context of 'Reality TV' as explained in the standard answer. It fails to mention specific elements of reality TV such as confessional cams or manufactured drama, thus lacking the more specific connection to the intended theme."
}

Judge results for folder Reality TV(invisible, phenomenon, mutual elements, NA, English) updated.
Folder: Podcast Boom(invisible, phenomenon, metaphor, NA, English)
{
    "score_4o": "2",
    "score_reason": "The MLLM's response identifies a relation of 'Growth or improvement' which is a broad but related concept to the 'Podcast Boom'. However, it misses the specific connection to podcasts and their rise in popularity, as captured in the standard answer. The explanation provided does not mention key specifics that align with the 'Podcast' theme, focusing instead on communication efficiency broadly."
}

Judge results for folder Podcast Boom(invisible, phenomenon, metaphor, NA, English) updated.
Folder: The Space Race(invisible, phenomenon, relation, NA, English)
{
    "score_4o": "1",
    "score_reason": "The MLLM output does not provide a specific explanation or a keyword/phrase that indicates an understanding of the connection to 'The Space Race.' Without any analysis or a proposed relationship, it is akin to expressing uncertainty about the connection."
}

Judge results for folder The Space Race(invisible, phenomenon, relation, NA, English) updated.
Folder: Cognitive Dissonance(invisible, phenomenon, metaphor, NA, English)
{
    "score_4o": "2",
    "score_reason": "The MLLM's output relates the images through the theme of 'Addiction,' which is somewhat aligned with the concept of 'Cognitive Dissonance' mentioned in the standard answer, as addiction may involve conflicting thoughts and behaviors. However, it does not mention 'Cognitive Dissonance' or delve into details around conflicting beliefs or behaviors, which is the central theme of the standard answer. The reasoning does not align with the intended standard reasoning."
}

Judge results for folder Cognitive Dissonance(invisible, phenomenon, metaphor, NA, English) updated.
Folder: The Gold Rush(invisible, phenomenon, metaphor, USAEnglish, English)
{
    "score_4o": "1",
    "score_reason": "The MLLM output only lists '[image concept]' for each image description without providing any relationship or explanation, which effectively equates to 'I don't know' or 'Unknown connection.' Therefore, it receives a score of 1 for lacking any meaningful engagement with the image content."
}

Judge results for folder The Gold Rush(invisible, phenomenon, metaphor, USAEnglish, English) updated.
Folder: Le Petit Prince(invisible, art, relation, Latin American, French)
{
    "score_4o": "1",
    "score_reason": "The MLLM output does not provide any information, description, or explanation to establish the required connection to 'Le Petit Prince.' Without any details provided in any part of the response, it cannot be linked to the standard answer."
}

Judge results for folder Le Petit Prince(invisible, art, relation, Latin American, French) updated.
Folder: Victor Hugo(invisible, art, relation, Latin American, French)
{
    "score_4o": "2",
    "score_reason": "The MLLM's output focuses on the metaphorical connection between 'Writing and Guidance,' which loosely relates to Victor Hugo's work. However, it does not directly mention Victor Hugo or the specific explanation provided in the standard answer. The connection it draws is broader, focusing on the general symbolism of lighthouses and quills rather than their association with Victor Hugo."
}

Judge results for folder Victor Hugo(invisible, art, relation, Latin American, French) updated.
Folder: Les Misérables(invisible, art, relation, Latin American, French)
{
    "score_4o": "1",
    "score_reason": "The MLLM output lacks specific information or keywords, making it challenging to assign a precise score or determine its accuracy. Thus, without any relevant details, the information is too generic to assess."
}

Judge results for folder Les Misérables(invisible, art, relation, Latin American, French) updated.
Folder: Madame Bovary(invisible, art, relation, Latin American, French)
{
    "score_4o": "1",
    "score_reason": "The MLLM output only provides a template for summarizing a relation between two images but does not actually present any specific relation, explanation, or concepts relevant to the images in question. Therefore, it cannot be scored higher than a 1 since it expresses uncertainty and doesn't address the context of Madame Bovary, failing to provide any concrete connection or reasoning."
}

Judge results for folder Madame Bovary(invisible, art, relation, Latin American, French) updated.
Folder: Les Fleurs du mal(invisible, art, relation, Latin American, French)
{
    "score_4o": "2",
    "score_reason": "The MLLM's response suggests a broad concept of 'Time' that is valid but lacks the specific connection to 'Les Fleurs du mal' seen in the standard answer. It correctly describes the symbolism of the objects (wilted rose and clock) in terms of time, but it does not make the specific association with Charles Baudelaire's themes of decadence, beauty, and time in 'Les Fleurs du mal.'"
}

Judge results for folder Les Fleurs du mal(invisible, art, relation, Latin American, French) updated.
Folder: Germinal(invisible, art, relation, Latin American, French)
{
    "score_4o": "2",
    "score_reason": "The MLLM's response centers on the theme of 'regeneration,' focusing on the contrast between a barren landscape and a seedling, which is a broad yet somewhat relevant interpretation. However, it does not mention key facts related to 'Germinal' or connect the images effectively to the novel by Émile Zola, which is the focus of the standard answer. The explanation lacks the specific historical and literary context present in the standard answer."
}

Judge results for folder Germinal(invisible, art, relation, Latin American, French) updated.
Folder: La Peste(invisible, art, relation, Latin American, French)
{
    "score_4o": "2",
    "score_reason": "The MLLM's response focuses on a broad theme of 'Contrast in Atmosphere,' which is not directly related to the standard answer involving 'La Peste' by Albert Camus. While the MLLM identifies the plague doctor costume accurately, it misses the specific connection to Albert Camus’s works and the existential themes addressed in his literature, as outlined in the standard answer. Therefore, the response lacks the necessary specificity and alignment with the standard explanation and reasoning."
}

Judge results for folder La Peste(invisible, art, relation, Latin American, French) updated.
Folder: Chercher la petite bête(invisible, art, relation, Latin American, French)
{
    "score_4o": "2",
    "score_reason": "The MLLM's output identifies a relationship of 'Detailed observation vs. organized management,' which is too broad and not aligned with the standard answer 'Chercher la petite bête.' Although it mentions the act of closely examining details with the magnifying glass, it does not capture the concept of nitpicking or finding minor flaws as in the standard answer."
}

Judge results for folder Chercher la petite bête(invisible, art, relation, Latin American, French) updated.
Folder: Raconter des salades(invisible, art, relation, Latin American, French)
{
    "score_4o": "2",
    "score_reason": "The MLLM's output proposes a theme of 'Healthy eating promotion,' which is not aligned with the correct cultural reference of 'Raconter des salades.' The explanation provided diverges widely from the standard reasoning related to the interplay of exaggeration and storytelling. It mentions healthy lifestyle choices instead, which does not relate directly to 'telling stories' in the idiomatic sense as intended in the standard answer."
}

Judge results for folder Raconter des salades(invisible, art, relation, Latin American, French) updated.
Folder: Avoir un coup de foudre(invisible, art, relation, Latin American, French)
{
    "score_4o": "3",
    "score_reason": "The MLLM's output describes the relationship as 'contrast,' focusing on the energetic and calm symbolism of the images. This is related but not exactly aligned with 'Avoir un coup de foudre,' which directly connects the lightning bolt and heart to the concept of sudden love. The MLLM captures the imagery but misses the specific cultural idiom."
}

Judge results for folder Avoir un coup de foudre(invisible, art, relation, Latin American, French) updated.
Folder: Don Quijote de la Mancha(invisible, art, relation, Latin American, Spanish)
{
    "score_4o": "2",
    "score_reason": "The MLLM's output identifies 'Contrast' as the relation, which is not directly related to the standard answer of 'Don Quijote de la Mancha.' Although the explanation of technological evolution from medieval times to modern times is insightful, it does not address the standard reasoning or explanation about Don Quijote's adventures involving windmills and his knightly role."
}

Judge results for folder Don Quijote de la Mancha(invisible, art, relation, Latin American, Spanish) updated.
Folder: Cien años de soledad(invisible, art, relation, Latin American, Spanish)
{
    "score_4o": "2",
    "score_reason": "The MLLM's output focuses on the general theme of 'Genealogy,' which is related to lineage and heritage, while the standard answer is specifically about 'Cien años de soledad' and the Buendía family narrative. The explanation provided by the MLLM lacks the detailed connection to the Buendía family and the specific literary themes of solitude and magical realism that are key elements in 'Cien años de soledad.' The response is too broad and doesn't capture the specific connection intended in the standard answer."
}

Judge results for folder Cien años de soledad(invisible, art, relation, Latin American, Spanish) updated.
Folder: La Casa de los Espíritus(invisible, art, relation, Latin American, Spanish)
{
    "score_4o": "3",
    "score_reason": "The MLLM output identifies the thematic connection between a 'haunted mansion' and an 'ornate book cover,' noting supernatural and mysterious themes. While it doesn't explicitly mention 'La Casa de los Espíritus,' the connections drawn align with themes of the supernatural and unknown found in the standard answer. The explanation captures the essence of such themes but lacks specificity regarding the actual novel mentioned in the standard answer."
}

Judge results for folder La Casa de los Espíritus(invisible, art, relation, Latin American, Spanish) updated.
Folder: El amor en los tiempos del cólera(invisible, art, relation, Latin American, Spanish)
{
    "score_4o": "0",
    "score_reason": "The MLLM output lacks any mention of thematic elements related to 'El amor en los tiempos del cólera,' such as love letters or cholera, and does not connect to concepts like love enduring through time or the impact of a cholera epidemic. Without any shared themes or connections to the standard answer's 'Yellowed letter' and 'cholera bacterium,' the response is factually disconnected."
}

Judge results for folder El amor en los tiempos del cólera(invisible, art, relation, Latin American, Spanish) updated.
Folder: La sombra del viento(invisible, art, relation, Latin American, Spanish)
{
    "score_4o": "2",
    "score_reason": "The MLLM's output presents a relationship based on the concepts of 'knowledge' and 'life's complexities,' which are abstract ideas loosely related to the theme of 'La sombra del viento' as discussed in the standard answer, but does not specifically mention the novel 'The Shadow of the Wind' or link the maze/labyrinth to the narrative. The MLLM's response is an interpretation that lacks relevant facts directly tied to the match between the old book and labyrinth to the novel's content and themes."
}

Judge results for folder La sombra del viento(invisible, art, relation, Latin American, Spanish) updated.
Folder: Pedro Páramo(invisible, art, relation, Latin American, Spanish)
{
    "score_4o": "2",
    "score_reason": "The MLLM's output identifies a contrast between the ghostly figure and the deserted street, which aligns broadly with the theme of 'Pedro Páramo' in terms of ethereal versus tangible aspects. However, it fails to specifically connect the images to 'Pedro Páramo' and the elements of the ghostly figure representing spirits and the deserted street symbolizing Comala. Thus, the explanation lacks the specific references needed to fully align with the standard answer."
}

Judge results for folder Pedro Páramo(invisible, art, relation, Latin American, Spanish) updated.
Folder: ¡Es un pez gordo(invisible, art, relation, Latin American, Spanish)
{
    "score_4o": "2",
    "score_reason": "The MLLM's output provides a broad interpretation, identifying 'nature vs. urban development' as the relation, which does not align with the standard answer '¡Es un pez gordo'.' The explanation focuses on juxtaposition and human activities rather than on influence or power dynamics, missing the metaphorical context of 'big fish' in relation to corporate environments."
}

Judge results for folder ¡Es un pez gordo(invisible, art, relation, Latin American, Spanish) updated.
Folder: Dar en el clavo(invisible, art, relation, Latin American, Spanish)
{
    "score_4o": "3",
    "score_reason": "The MLLM's output describes the relation as 'Achievement or goal attainment,' which is similar to the concept of 'Dar en el clavo.' The explanation touches on the effort and achievement symbolized by the images, aligning with the standard answer's context of achieving precision with phrases like 'hitting the nail on the head.' However, it does not specifically mention the phrase 'Dar en el clavo,' resulting in a slightly less precise connection."
}

Judge results for folder Dar en el clavo(invisible, art, relation, Latin American, Spanish) updated.
Folder: Echar leña al fuego(invisible, art, relation, Latin American, Spanish)
{
    "score_4o": "2",
    "score_reason": "The MLLM describes the relationship as 'contrast' between the woodpile and business meeting, which broadly captures the difference in meaning but doesn't align with the standard answer's idiomatic connection of 'Echar leña al fuego.' While both interpretations involve contrasting activities, the MLLM does not include the specific idea of escalating conflict or tension present in the standard answer."
}

Judge results for folder Echar leña al fuego(invisible, art, relation, Latin American, Spanish) updated.
Folder: Pedir peras al olmo(invisible, art, relation, Latin American, Spanish)
{
    "score_4o": "2",
    "score_reason": "The MLLM's output suggests a relationship of 'Isolation' based on the contents of the images, which is somewhat related to the themes of solitude or independence mentioned in the standard answer, indicating an indirect connection to unattained outcomes. However, it doesn't capture the idiom 'Pedir peras al olmo' nor the deeper notion of unrealistic expectations and unattainable desires, making it too broad. It does not mention any key facts from the standard answer."
}

Judge results for folder Pedir peras al olmo(invisible, art, relation, Latin American, Spanish) updated.
Folder: Faust(invisible, art, relation, Latin American, German)
{
    "score_4o": "2",
    "score_reason": "The MLLM's output relates to the concept of 'Time is of the essence,' which is a broad interpretation and not aligned with the specific 'Faust' theme from the standard answer. The explanation fails to mention the key facts related to 'Faust,' such as the apple symbolizing temptation and the clock symbolizing the passage of time within that context. However, it does touch upon themes of time and action, which aligns generally with the images provided but lacks connection to the specific literary context of 'Faust.'"
}

Judge results for folder Faust(invisible, art, relation, Latin American, German) updated.
Folder: Der Prozess(invisible, art, relation, Latin American, German)
{
    "score_4o": "1",
    "score_reason": "The MLLM output does not match any specific relation or provide an explanation similar to the standard answer. Without any provided explanation, the output cannot be compared directly to 'Der Prozess,' which is essential for the intended reasoning. Therefore, it aligns with a level of uncertainty as expressed by 'I don't know' or lack of connection."
}

Judge results for folder Der Prozess(invisible, art, relation, Latin American, German) updated.
Folder: Die Verwandlung(invisible, art, relation, Latin American, German)
{
    "score_4o": "2",
    "score_reason": "The MLLM's output identifies a generalized conceptual contrast between nature and human constructs, which is unrelated to the specific standard explanation that ties the imagery to literary themes from Franz Kafka's 'Die Verwandlung.' While the contrast is observed, it lacks relevant details related to transformation and alienation in the literary context, thus earning a score of 2 for being broadly correct but missing key aspects."
}

Judge results for folder Die Verwandlung(invisible, art, relation, Latin American, German) updated.
Folder: Die Räuber(invisible, art, relation, Latin American, German)
{
    "score_4o": "2",
    "score_reason": "The MLLM's output articulates a theme of 'Impact,' focusing on the general concept of disruption and conflict represented by the images. However, it does not connect to the specific context of Schiller's 'Die Räuber,' which involves themes of rebellion and fractured identities as highlighted in the standard answer. The MLLM's response is too broad and lacks the relevant cultural and literary references that align with the standard answer."
}

Judge results for folder Die Räuber(invisible, art, relation, Latin American, German) updated.
Folder: Der Steppenwolf(invisible, art, relation, Latin American, German)
{
    "score_4o": "2",
    "score_reason": "The MLLM output relates the images to 'Transformation.' While this theme somewhat touches upon the notion of change, it does not specifically align with the core theme of 'Der Steppenwolf,' which focuses on the duality of identity and the conflict within the human psyche. The explanation does not accurately reflect the symbolic significance of the wolf and the masquerade mask as depicted in the novel, missing key elements of the narrative's deeper exploration of human nature and societal roles."
}

Judge results for folder Der Steppenwolf(invisible, art, relation, Latin American, German) updated.
Folder: Nibelungenlied(invisible, art, relation, Latin American, German)
{
    "score_4o": "2",
    "score_reason": "The MLLM output focuses on the cultural symbolism of dragons and deities on coins, which is a general concept connecting the images. However, it does not mention any relevant facts or details related to the 'Nibelungenlied.' It fails to align with the specific explanations and reasoning given in the standard answer, such as the association with the heroic quest and conflict from the 'Nibelungenlied.' Therefore, the response is too broad and generic without addressing the intended connection."
}

Judge results for folder Nibelungenlied(invisible, art, relation, Latin American, German) updated.
Folder: Ich verstehe nur Bahnhof(invisible, art, relation, Latin American, German)
{
    "score_4o": "2",
    "score_reason": "The MLLM's output describes the relation as 'Puzzle completion,' which is too broad and fails to capture the specific idiom 'Ich verstehe nur Bahnhof' as per the standard answer. However, it correctly identifies learning a language as a process similar to solving a puzzle, which partially aligns with the idea of complexity mentioned in the standard answer. Nevertheless, it misses the key theme of confusion associated with the idiom."
}

Judge results for folder Ich verstehe nur Bahnhof(invisible, art, relation, Latin American, German) updated.
Folder: Die Katze im Sack kaufen(invisible, art, relation, Latin American, German)
{
    "score_4o": "2",
    "score_reason": "The MLLM's output broadly interprets the connection as 'Contrast,' focusing on the differences between the coffee packet and a cat. However, it does not address or align with the intended idiom 'Die Katze im Sack kaufen' or the notion of hidden risks and unexpected consequences. Therefore, the response is too broad and fails to capture relevant facts linked to the standard answer."
}

Judge results for folder Die Katze im Sack kaufen(invisible, art, relation, Latin American, German) updated.
Folder: Hals- und Beinbruch(invisible, art, relation, Latin American, German)
{
    "score_4o": "3",
    "score_reason": "The MLLM's output identifies the relation as 'Encouragement,' which captures a similar sentiment to the idiom 'Hals- und Beinbruch' used for wishing someone good luck, especially in risky situations. However, it misses the specific reference to 'Hals- und Beinbruch'. The explanation closely parallels the standard answer by suggesting that both the aerial performer and horseshoe relate to positive wishes and support, but it lacks the precise connection to the idiom."
}

Judge results for folder Hals- und Beinbruch(invisible, art, relation, Latin American, German) updated.
Folder: Kopf in den Sand stecken(invisible, art, relation, Latin American, German)
{
    "score_4o": "2",
    "score_reason": "The MLLM's output suggests the theme 'Desert Oasis,' connecting the idea of life in harsh environments, which appears to be too broad and not directly related to the intended idiom 'Kopf in den Sand stecken.' It fails to mention any facts related to avoidance of reality or overwhelming issues, key components of the standard answer."
}

Judge results for folder Kopf in den Sand stecken(invisible, art, relation, Latin American, German) updated.
Finish: Judge results all saved to ./internlm-xcomposer2d5-7b_judge.json
Finish: Combined results all saved to ./internlm-xcomposer2d5-7b_test_and_judge.json
Judge results already found for folder: number 0 and 1(invisible, number, metaphor, NA, English)
Judge results already found for folder: 8(invisible, number, relation, NA, English)
Judge results already found for folder: number of keys on a standard piano(visible, number, mutual elements, NA, English)
Judge results already found for folder: 6 and 9(visible, number, relation, NA, English)
Judge results already found for folder: Golden Ratio(invisible, number, mutual elements, NA, English)
Judge results already found for folder: Cryptography(invisible, number, metaphor, NA, English)
Judge results already found for folder: Superstition(visible, number, mutual elements, USAEnglish, English)
Judge results already found for folder: H2O(invisible, number, relation, NA, English)
Judge results already found for folder: Basketball Team Composition(visible, number, metaphor, NA, English)
Judge results already found for folder: Infinity(visible, number, metaphor, NA, English)
Judge results already found for folder: Solar System(visible, number, relation, NA, English)
Judge results already found for folder: Five Hundred Miles(invisible, number, relation, NA, English)
Judge results already found for folder: 12-Bar Blues(invisible, number, relation, NA, English)
Judge results already found for folder: Chance(invisible, number, metaphor, NA, English)
Judge results already found for folder: One Thousand and One Nights(invisible, number, metaphor, East Asia, English)
Judge results already found for folder: Cold War(invisible, history, relation, NA, English)
Judge results already found for folder: Ancient Rome(invisible, history, relation, other, English)
Judge results already found for folder: World War II(invisible, history, metaphor, NA, English)
Judge results already found for folder: The Renaissance(invisible, history, metaphor, Non-English European, English)
Judge results already found for folder: The Information Age(invisible, history, mutual elements, NA, English)
Judge results already found for folder: The Age of Enlightenment(invisible, history, relation, NA, English)
Judge results already found for folder: The Victorian Era(invisible, history, relation, Non-English European, English)
Judge results already found for folder: The Roaring Twenties(invisible, history, relation, USAEnglish, English)
Judge results already found for folder: Neil Armstrong's Footprint on the Moon(invisible, history, relation, USAEnglish, English)
Judge results already found for folder: The Silk Road(invisible, history, metaphor, East Asia, English)
Judge results already found for folder: The Reformation(invisible, history, metaphor, Non-English European, English)
Judge results already found for folder: Hollywood Golden Age(visible, movie, relation, USAEnglish, English)
Judge results already found for folder: Titanic(visible, movie, metaphor, USAEnglish, English)
Judge results already found for folder: Horror(visible, movie, mutual elements, NA, English)
Judge results already found for folder: Bollywood(visible, movie, metaphor, USAEnglish, English)
Judge results already found for folder: cinema(invisible, movie, mutual elements, NA, English)
Judge results already found for folder: Frozen(visible, movie, relation, USAEnglish, English)
Judge results already found for folder: Making movie(invisible, movie, mutual elements, NA, English)
Judge results already found for folder: Jurassic Park(invisible, movie, relation, USAEnglish, English)
Judge results already found for folder: Studio Ghibli and anime(invisible, movie, metaphor, East Asia, English)
Judge results already found for folder: Cannes Film Festival and Cinéma vérité(invisible, movie, metaphor, Non-English European, English)
Judge results already found for folder: Film Post-Production(visible, movie, mutual elements, NA, English)
Judge results already found for folder: Japanese cartoon(invisible, cartoon or game, mutual elements, East Asia, English)
Judge results already found for folder: Mickey Mouse(invisible, cartoon or game, metaphor, USAEnglish, English)
Judge results already found for folder: Video Games(invisible, cartoon or game, mutual elements, NA, English)
Judge results already found for folder: Minecraft(invisible, cartoon or game, relation, NA, English)
Judge results already found for folder: Batman(visible, cartoon or game, relation, USAEnglish, English)
Judge results already found for folder: Mario(invisible, cartoon or game, relation, East Asia, English)
Judge results already found for folder: anime(invisible, cartoon or game, metaphor, East Asia, English)
Judge results already found for folder: Controller(invisible, cartoon or game, metaphor, NA, English)
Judge results already found for folder: Multiplayer(invisible, cartoon or game, mutual elements, NA, English)
Judge results already found for folder: Role-Play Game(RPG)(invisible, cartoon or game, metaphor, NA, English)
Judge results already found for folder: Stardew Valley(invisible, cartoon or game, relation, NA, English)
Judge results already found for folder: World-building game(invisible, cartoon or game, mutual elements, NA, English)
Judge results already found for folder: Beethoven(invisible, music, relation, Non-English European, English)
Judge results already found for folder: Rock Music(invisible, music, mutual elements, NA, English)
Judge results already found for folder: Hip hop music(invisible, music, metaphor, NA, English)
Judge results already found for folder: Grand Piano(invisible, music, relation, NA, English)
Judge results already found for folder: String and Spectrum(invisible, music, relation, NA, English)
Judge results already found for folder: Trumpet(invisible, music, meatphor, NA, English)
Judge results already found for folder: Rock Music and Electric Instruments(invisible, music, relation, NA, English)
Judge results already found for folder: K-pop(invisible, music, mutual elements, East Asia, English)
Judge results already found for folder: Tango(invisible, music, metaphor, USAEnglish, English)
Judge results already found for folder: El Niño(invisible, phenomenon, relation, NA, English)
Judge results already found for folder: Nuclear Fission(invisible, phenomenon, mutual elements, NA, English)
Judge results already found for folder: Ocean Tides(invisible, phenomenon, relation, NA, English)
Judge results already found for folder: Glacier Melting(invisible, phenomenon, relation, NA, English)
Judge results already found for folder: Superconductivity(invisible, phenomenon, mutual elements, NA, English)
Judge results already found for folder: Hurricane(invisible, phenomenon, metaphor, NA, English)
Judge results already found for folder: Halo Effect(invisible, phenomenon, relation, NA, English)
Judge results already found for folder: Reality TV(invisible, phenomenon, mutual elements, NA, English)
Judge results already found for folder: Podcast Boom(invisible, phenomenon, metaphor, NA, English)
Judge results already found for folder: The Space Race(invisible, phenomenon, relation, NA, English)
Judge results already found for folder: Cognitive Dissonance(invisible, phenomenon, metaphor, NA, English)
Judge results already found for folder: The Gold Rush(invisible, phenomenon, metaphor, USAEnglish, English)
Judge results already found for folder: Le Petit Prince(invisible, art, relation, Latin American, French)
Judge results already found for folder: Victor Hugo(invisible, art, relation, Latin American, French)
Judge results already found for folder: Les Misérables(invisible, art, relation, Latin American, French)
Judge results already found for folder: Madame Bovary(invisible, art, relation, Latin American, French)
Judge results already found for folder: Les Fleurs du mal(invisible, art, relation, Latin American, French)
Judge results already found for folder: Germinal(invisible, art, relation, Latin American, French)
Judge results already found for folder: La Peste(invisible, art, relation, Latin American, French)
Judge results already found for folder: Chercher la petite bête(invisible, art, relation, Latin American, French)
Judge results already found for folder: Raconter des salades(invisible, art, relation, Latin American, French)
Judge results already found for folder: Avoir un coup de foudre(invisible, art, relation, Latin American, French)
Judge results already found for folder: Don Quijote de la Mancha(invisible, art, relation, Latin American, Spanish)
Judge results already found for folder: Cien años de soledad(invisible, art, relation, Latin American, Spanish)
Judge results already found for folder: La Casa de los Espíritus(invisible, art, relation, Latin American, Spanish)
Judge results already found for folder: El amor en los tiempos del cólera(invisible, art, relation, Latin American, Spanish)
Judge results already found for folder: La sombra del viento(invisible, art, relation, Latin American, Spanish)
Judge results already found for folder: Pedro Páramo(invisible, art, relation, Latin American, Spanish)
Judge results already found for folder: ¡Es un pez gordo(invisible, art, relation, Latin American, Spanish)
Judge results already found for folder: Dar en el clavo(invisible, art, relation, Latin American, Spanish)
Judge results already found for folder: Echar leña al fuego(invisible, art, relation, Latin American, Spanish)
Judge results already found for folder: Pedir peras al olmo(invisible, art, relation, Latin American, Spanish)
Judge results already found for folder: Faust(invisible, art, relation, Latin American, German)
Judge results already found for folder: Der Prozess(invisible, art, relation, Latin American, German)
Judge results already found for folder: Die Verwandlung(invisible, art, relation, Latin American, German)
Judge results already found for folder: Die Räuber(invisible, art, relation, Latin American, German)
Judge results already found for folder: Der Steppenwolf(invisible, art, relation, Latin American, German)
Judge results already found for folder: Nibelungenlied(invisible, art, relation, Latin American, German)
Judge results already found for folder: Ich verstehe nur Bahnhof(invisible, art, relation, Latin American, German)
Judge results already found for folder: Die Katze im Sack kaufen(invisible, art, relation, Latin American, German)
Judge results already found for folder: Hals- und Beinbruch(invisible, art, relation, Latin American, German)
Judge results already found for folder: Kopf in den Sand stecken(invisible, art, relation, Latin American, German)
Finish: Judge results all saved to ./internlm-xcomposer2d5-7b_judge.json
Finish: Combined results all saved to ./internlm-xcomposer2d5-7b_test_and_judge.json
