Folder: number 0 and 1(invisible, number, metaphor, NA, English)
{
    "score_4o": "2",
    "score_reason": "The MLLM output broadly relates to technology, focusing on binary code and digital computing, which are part of the broader technological domain. However, it does not specifically align with the standard answer that highlights the binary states ('0 and 1') and the connection to a light switch within the context of binary states in computing. Therefore, it lacks the specific depth found in the standard explanation."
}

Judge results for folder number 0 and 1(invisible, number, metaphor, NA, English) updated.
Folder: 8(invisible, number, relation, NA, English)
{
    "score_4o": "2",
    "score_reason": "The MLLM's output suggests the relation as 'Symbols,' which is a broad explanation of the visual content, but it does not link the images to '8,' as indicated in the standard answer. It also lacks the deeper mathematical or visual insight connecting the infinity symbol to the number 8."
}

Judge results for folder 8(invisible, number, relation, NA, English) updated.
Folder: number of keys on a standard piano(visible, number, mutual elements, NA, English)
{
    "score_4o": "0",
    "score_reason": "The MLLM incorrectly identifies the images as identical, missing the connection to 'number of keys on a standard piano.' The focus on the similarity of the images (both showing the number 88) misses the thematic link to pianos, leading to a factual misunderstanding."
}

Judge results for folder number of keys on a standard piano(visible, number, mutual elements, NA, English) updated.
Folder: 6 and 9(visible, number, relation, NA, English)
{
    "score_4o": "0",
    "score_reason": "The MLLM mischaracterizes the images as depicting the same object, specifically a black number 6, which is not consistent with the standard answer indicating a relationship between 6 and 9 based on symmetry and rotation. The output demonstrates a misunderstanding of the images' relationship."
}

Judge results for folder 6 and 9(visible, number, relation, NA, English) updated.
Folder: Golden Ratio(invisible, number, mutual elements, NA, English)
{
    "score_4o": "2",
    "score_reason": "The MLLM's output correctly identifies both images as featuring a 'nautilus shell,' but it does not connect this to the 'Golden Ratio,' as outlined in the standard answer. Therefore, the explanation is too broad and lacks the depth and precision of the standard answer."
}

Judge results for folder Golden Ratio(invisible, number, mutual elements, NA, English) updated.
Folder: Cryptography(invisible, number, metaphor, NA, English)
{
    "score_4o": "0",
    "score_reason": "The MLLM's output has a factuality hallucination. It does not recognize the cryptographic context conveyed by the images, such as prime numbers and security elements. Instead, it repeats very basic and factual observations about the presence of numbers in circles without any deeper analysis of their significance."
}

Judge results for folder Cryptography(invisible, number, metaphor, NA, English) updated.
Folder: Superstition(visible, number, mutual elements, USAEnglish, English)
{
    "score_4o": "0",
    "score_reason": "The MLLM's output includes incorrect and irrelevant information. It mistakenly asserts that the logo for 'Friday the 13th' is centered around the concept of communication, which is factually inaccurate. The standard answer relates 'Friday the 13th' to superstition, a theme not addressed by the MLLM's communication explanation."
}

Judge results for folder Superstition(visible, number, mutual elements, USAEnglish, English) updated.
Folder: H2O(invisible, number, relation, NA, English)
{
    "score_4o": "0",
    "score_reason": "The MLLM's response assumes the images are identical and describes them both as a blue balloon with a white string, noting a solid blue background. This is factually incorrect as it does not identify the second image as a snowflake, nor does it connect both images to the concept of water (H2O), which is the correct explanation according to the standard answer. Therefore, the response contains factual hallucination about the content of the images."
}

Judge results for folder H2O(invisible, number, relation, NA, English) updated.
Folder: Basketball Team Composition(visible, number, metaphor, NA, English)
{
    "score_4o": "2",
    "score_reason": "The MLLM output describes both images as 'chess boards with pieces on it' and identifies the relationship as 'Chess,' which is roughly correct but too broad. It does not address the more specific conceptual connection about 'Basketball Team Composition' highlighted in the standard answer. The reasoning lacks the relevant facts needed to align with the standard answer's interpretation."
}

Judge results for folder Basketball Team Composition(visible, number, metaphor, NA, English) updated.
Folder: Infinity(visible, number, metaphor, NA, English)
{
    "score_4o": "2",
    "score_reason": "The MLLM identifies the relation as 'The same,' which pertains to the visible similarity of the images, yet fails to delve into the concept of 'Infinity' as outlined in the standard answer. While the basic observation is correct, it doesn't connect to the broader symbolic meaning of infinity, which is the focus of the standard explanation."
}

Judge results for folder Infinity(visible, number, metaphor, NA, English) updated.
Folder: Solar System(visible, number, relation, NA, English)
{
    "score_4o": "2",
    "score_reason": "The MLLM describes the visual similarity between the two clock images but does not identify the more abstract connection related to the concept of the solar system as inferred by the standard answer. While it accurately refers to the contents of the images, it misses the deeper analogy between the system of gears in a clock and the planets in the solar system."
}

Judge results for folder Solar System(visible, number, relation, NA, English) updated.
Folder: Five Hundred Miles(invisible, number, relation, NA, English)
{
    "score_4o": "2",
    "score_reason": "The MLLM correctly identifies the images as train tickets and summarizes this as the central theme, 'Train ticket.' However, it misses the underlying connection to the song 'Five Hundred Miles' and its thematic elements of travel and longing, which are key points in the standard answer. Therefore, the response is too narrow and lacks the depth needed to fully address the standard reasoning."
}

Judge results for folder Five Hundred Miles(invisible, number, relation, NA, English) updated.
Folder: 12-Bar Blues(invisible, number, relation, NA, English)
{
    "score_4o": "2",
    "score_reason": "The MLLM's response provides a connection of 'Cartoon,' which is too broad and unrelated to the standard answer '12-Bar Blues.' It describes both images as cartoons but does not capture any relevant facts or the underlying thematic connection to the '12-Bar Blues.' However, it does not contain factual errors, so it does not receive a lower score."
}

Judge results for folder 12-Bar Blues(invisible, number, relation, NA, English) updated.
Folder: Chance(invisible, number, metaphor, NA, English)
{
    "score_4o": "2",
    "score_reason": "The MLLM's output describes a literal interpretation of the images as the 'same image' and provides a factual explanation of a 50-50 division. However, it lacks the thematic conceptualization of 'Chance' and 'uncertainty in decision-making' as described in the standard answer. The response focuses on the visual aspect rather than the intended theme."
}

Judge results for folder Chance(invisible, number, metaphor, NA, English) updated.
Folder: One Thousand and One Nights(invisible, number, metaphor, East Asia, English)
{
    "score_4o": "2",
    "score_reason": "The MLLM's output summarizing the relationship as 'The same number' is partially correct in that it identifies both images as displaying the same number, '1001.' However, it does not align with the standard answer, which talks about the cultural reference 'One Thousand and One Nights.' Therefore, it lacks relevant facts related to the intended cultural and literary connection mentioned in the standard answer."
}

Judge results for folder One Thousand and One Nights(invisible, number, metaphor, East Asia, English) updated.
Folder: Cold War(invisible, history, relation, NA, English)
{
    "score_4o": "2",
    "score_reason": "The MLLM output suggests a 'Military' theme, which is relevant but too broad compared to the more specific 'Cold War' connection described in the standard answer. It correctly identifies military elements, but fails to include key details about the historical significance and specific events related to the Cold War that the standard answer highlights."
}

Judge results for folder Cold War(invisible, history, relation, NA, English) updated.
Folder: Ancient Rome(invisible, history, relation, other, English)
{
    "score_4o": "2",
    "score_reason": "The MLLM's output identifies the relation as 'Similar architecture,' which is a valid observation based on the imagery of domed buildings with tall towers. However, it doesn't align with the specific connection to 'Ancient Rome' and 'Ides of March' as per the standard answer. The explanation correctly discusses architectural features but does not touch on the historical significance associated with Ancient Rome and the assassination of Caesar, as indicated in the standard answer."
}

Judge results for folder Ancient Rome(invisible, history, relation, other, English) updated.
Folder: World War II(invisible, history, metaphor, NA, English)
{
    "score_4o": "0",
    "score_reason": "The MLLM output does not address the actual relationship defined in the standard answer, which is related to 'World War II.' Instead, it inaccurately claims the images are the same with repeated descriptions of dogs on grass, which has no connection to the historical content provided in the standard answer."
}

Judge results for folder World War II(invisible, history, metaphor, NA, English) updated.
Folder: The Renaissance(invisible, history, metaphor, Non-English European, English)
{
    "score_4o": "1",
    "score_reason": "The MLLM categorizes the relationship as 'Identical' and explains the images as identical depictions of a building with a pyramid, potentially a museum or palace. This contrasts with the standard answer, which identifies the relationship as 'The Renaissance' and focuses on the Mona Lisa at the Louvre. The MLLM conveys uncertainty without explicitly addressing the standard answer's themes."
}

Judge results for folder The Renaissance(invisible, history, metaphor, Non-English European, English) updated.
Folder: The Information Age(invisible, history, mutual elements, NA, English)
{
    "score_4o": "0",
    "score_reason": "The MLLM provides an explanation that contains erroneous information. It describes both images as depicting a person holding a floppy disk, without referencing any connection to the Information Age or early internet themes present in the standard answer. This explanation is incorrect as it misses important contextual details about AOL discs and email symbols, which are crucial for understanding the relationship described in the standard answer."
}

Judge results for folder The Information Age(invisible, history, mutual elements, NA, English) updated.
Folder: The Age of Enlightenment(invisible, history, relation, NA, English)
{
    "score_4o": "2",
    "score_reason": "The MLLM output focuses on the broad theme of being in space and observing the universe, which is not directly related to 'The Age of Enlightenment' or the specific concepts from the standard answer, such as 'Hubble Space Telescope' and 'Carl Sagan's Cosmos'. However, it correctly mentions the general use of satellites and telescopes in space, aligning somewhat with themes of observation and study."
}

Judge results for folder The Age of Enlightenment(invisible, history, relation, NA, English) updated.
Folder: The Victorian Era(invisible, history, relation, Non-English European, English)
{
    "score_4o": "2",
    "score_reason": "The MLLM output focuses on stating that the images both feature a top hat and cane, which is factually correct but lacks depth and relationship to the historical context provided in the standard answer. The explanation is limited to their representation as objects and does not address the broader theme of 'The Victorian Era' or its cultural significance as provided in the standard answer. Thus, it is too broad and does not align with the intended reasoning."
}

Judge results for folder The Victorian Era(invisible, history, relation, Non-English European, English) updated.
Folder: The Roaring Twenties(invisible, history, relation, USAEnglish, English)
{
    "score_4o": "2",
    "score_reason": "The MLLM provided a relation of 'Flapper dress,' focusing on the commonality of flapper dresses in the images. However, it missed linking another key element, 'Model T Ford,' which is part of the broader theme of 'The Roaring Twenties.' The explanation was accurate in terms of the flapper dress's attributes and historical context but did not align with the standard reasoning that combines both the flapper dress and the Model T Ford as symbols of the Roaring Twenties."
}

Judge results for folder The Roaring Twenties(invisible, history, relation, USAEnglish, English) updated.
Folder: Neil Armstrong's Footprint on the Moon(invisible, history, relation, USAEnglish, English)
{
    "score_4o": "2",
    "score_reason": "The MLLM's output makes a connection in terms of 'Footprints,' which is related to the image theme but too broad and not linked to the specific standard answer 'Neil Armstrong's Footprint on the Moon.' The explanation doesn't align with the unique context and facts of the moon landing, missing the key aspect of Neil Armstrong's iconic footprint."
}

Judge results for folder Neil Armstrong's Footprint on the Moon(invisible, history, relation, USAEnglish, English) updated.
Folder: The Silk Road(invisible, history, metaphor, East Asia, English)
{
    "score_4o": "2",
    "score_reason": "The MLLM's output lacks the focus on 'The Silk Road' as emphasized in the standard answer. While it correctly identifies the first image as a map of the Silk Road, it doesn't delve into any details about the significance of the Silk Road in terms of trade or transportation, particularly camel caravans and silk as a traded good. Instead, it broadly labels the relationship as 'Geography,' which is too general compared to the specific theme of the Silk Road."
}

Judge results for folder The Silk Road(invisible, history, metaphor, East Asia, English) updated.
Folder: The Reformation(invisible, history, metaphor, Non-English European, English)
{
    "score_4o": "2",
    "score_reason": "The MLLM output focuses only on the superficial act of 'using a hammer,' which is an overly broad interpretation and misses the historical context of Martin Luther's Ninety-Five Theses that led to the Protestant Reformation. While it accurately describes the immediate action in the images, it doesn't address the deeper historical significance and connection to the Reformation found in the standard answer."
}

Judge results for folder The Reformation(invisible, history, metaphor, Non-English European, English) updated.
Folder: Hollywood Golden Age(visible, movie, relation, USAEnglish, English)
{
    "score_4o": "2",
    "score_reason": "The MLLM correctly identifies the content of the images as film strips and explains their use, but the relation it draws is 'Film strip,' which is too broad and doesn't capture the more nuanced context of 'Hollywood Golden Age' that the standard answer provides. It lacks the linkage to the era of silent films and the iconic symbolism of figures like Charlie Chaplin associated with that era."
}

Judge results for folder Hollywood Golden Age(visible, movie, relation, USAEnglish, English) updated.
Folder: Titanic(visible, movie, metaphor, USAEnglish, English)
{
    "score_4o": "0",
    "score_reason": "The MLLM output describes both images as depicting an iceberg, suggesting they are the same. However, it completely misses the thematic link to the Titanic as in the standard answer. There is a factual error in stating the repetition of the same scene without linking to the historical or thematic context of the Titanic disaster."
}

Judge results for folder Titanic(visible, movie, metaphor, USAEnglish, English) updated.
Folder: Horror(visible, movie, mutual elements, NA, English)
{
    "score_4o": "1",
    "score_reason": "The MLLM's output describes the images as depicting the same man with a bloody face and a tie, not relating it to the 'Texas Chainsaw Massacre' or the slasher film genre as in the standard answer. It expresses uncertainty and doesn't provide an accurate explanation about the imagery's connection to the genre, resulting in a minimal score."
}

Judge results for folder Horror(visible, movie, mutual elements, NA, English) updated.
Folder: Bollywood(visible, movie, metaphor, USAEnglish, English)
{
    "score_4o": "2",
    "score_reason": "The MLLM output identifies 'drums' as the relation, which captures a broad aspect of the images—focusing on the musical element. However, it does not identify the specific context of 'Carnival' or 'Bollywood,' as mentioned in the standard answer. The explanation provided by the MLLM doesn't align with the parade or vibrant cultural aspects highlighted in the standard response."
}

Judge results for folder Bollywood(visible, movie, metaphor, USAEnglish, English) updated.
Folder: cinema(invisible, movie, mutual elements, NA, English)
{
    "score_4o": "0",
    "score_reason": "The MLLM provides incorrect and inconsistent information in its explanation. It describes both images as a 'pile of corn kernels,' without recognizing the connection to cinema or distinguishing between popcorn and any associated cinema elements, such as 3D glasses. The standard answer connects these elements to the cinema experience, which the MLLM's response completely misses, reflecting a factuality hallucination."
}

Judge results for folder cinema(invisible, movie, mutual elements, NA, English) updated.
Folder: Frozen(visible, movie, relation, USAEnglish, English)
{
    "score_4o": "0",
    "score_reason": "The MLLM output describes the relationship between two smiling snowmen as 'similar' and explains only the physical depiction without any reference to key elements of 'Frozen', such as Olaf or Elsa's ice castle, which are central to the standard answer's reasoning. Additionally, it incorrectly describes two snowmen while the standard answer suggests one snowman and an ice castle, demonstrating a different imagery interpretation."
}

Judge results for folder Frozen(visible, movie, relation, USAEnglish, English) updated.
Folder: Making movie(invisible, movie, mutual elements, NA, English)
{
    "score_4o": "2",
    "score_reason": "The MLLM's interpretation of the images focuses on their identical appearance rather than their thematic significance. While the explanation provides detailed observation of the image content, it misses the broader thematic connection present in the standard answer, which relates to movie making. The score of 2 is justified as the response is too narrow and does not engage with the filmmaking theme at all."
}

Judge results for folder Making movie(invisible, movie, mutual elements, NA, English) updated.
Folder: Jurassic Park(invisible, movie, relation, USAEnglish, English)
{
    "score_4o": "2",
    "score_reason": "The MLLM output identifies the images' subject as a 'dinosaur skeleton,' which is relevant but too broad compared to the more specific 'Jurassic Park' provided in the standard answer. The explanation describes the museum setting and the skeleton's features accurately but lacks any reference to the significant theme of 'Jurassic Park,' missing deeper thematic connections related to this specific context."
}

Judge results for folder Jurassic Park(invisible, movie, relation, USAEnglish, English) updated.
Folder: Studio Ghibli and anime(invisible, movie, metaphor, East Asia, English)
{
    "score_4o": "2",
    "score_reason": "The MLLM's output suggests the relationship 'Rain,' which is a thematic connection based on the visual elements of the images (a girl with an umbrella), but it does not align with the intended context of 'Studio Ghibli and anime.' The explanation does not mention any aspects relevant to the concept of Japanese animation or the significance of Studio Ghibli, thereby failing to connect to the standard answer effectively."
}

Judge results for folder Studio Ghibli and anime(invisible, movie, metaphor, East Asia, English) updated.
Folder: Cannes Film Festival and Cinéma vérité(invisible, movie, metaphor, Non-English European, English)
{
    "score_4o": "2",
    "score_reason": "The MLLM output provides a broad and literal connection, focusing solely on the 'red carpet' aspect of both images and emphasizing its general significance without aligning with the specific context of 'Cannes Film Festival and Cinéma vérité' as indicated in the standard answer. The lack of reference to a handheld camera or the broader theme of filmmaking suggests a partial understanding of the intended connection."
}

Judge results for folder Cannes Film Festival and Cinéma vérité(invisible, movie, metaphor, Non-English European, English) updated.
Folder: Film Post-Production(visible, movie, mutual elements, NA, English)
{
    "score_4o": "2",
    "score_reason": "The MLLM output mentions 'Dolby Surround' as the relation and describes it in terms of providing high-quality audio, a fact consistent with its application in certain technologies. However, it doesn't address or align with the standard answer by failing to connect the images to the broader context of 'Film Post-Production' and the process involved therein, such as video editing. It focuses too narrowly and speculatively on conversational applications rather than the cinematic domain mentioned in the standard explanation."
}

Judge results for folder Film Post-Production(visible, movie, mutual elements, NA, English) updated.
Folder: Japanese cartoon(invisible, cartoon or game, mutual elements, East Asia, English)
{
    "score_4o": "2",
    "score_reason": "The MLLM correctly identifies that both images feature Pokéballs and provides an accurate description of the Pokéball's use in the Pokémon franchise. However, it does not connect the images to the broader theme of 'Japanese cartoon' or 'anime' as noted in the standard answer. The explanation focuses on the details of the Pokéballs themselves rather than the underlying connection to Japanese anime, making it too narrow compared to the provided standard answer."
}

Judge results for folder Japanese cartoon(invisible, cartoon or game, mutual elements, East Asia, English) updated.
Folder: Mickey Mouse(invisible, cartoon or game, metaphor, USAEnglish, English)
{
    "score_4o": "2",
    "score_reason": "The MLLM output identifies the broad theme of 'Hands' relating the images, which is technically correct but significantly lacks the specificity of the standard answer, 'Mickey Mouse.' It fails to address the distinctive elements that connect them to Mickey Mouse, such as white gloves being a hallmark of Mickey's appearance. The explanation is thus too broad and lacks key relevant details provided in the standard answer."
}

Judge results for folder Mickey Mouse(invisible, cartoon or game, metaphor, USAEnglish, English) updated.
Folder: Video Games(invisible, cartoon or game, mutual elements, NA, English)
{
    "score_4o": "2",
    "score_reason": "The MLLM output accurately identifies the objects in the images as Nintendo controllers, but fails to connect them to the theme of 'Video Games' or the concept of cheat codes like the Konami Code, as mentioned in the standard answer. The provided explanation focuses on the identical nature of the images, missing the deeper reasoning related to video game cheat codes."
}

Judge results for folder Video Games(invisible, cartoon or game, mutual elements, NA, English) updated.
Folder: Minecraft(invisible, cartoon or game, relation, NA, English)
{
    "score_4o": "2",
    "score_reason": "The MLLM's response correctly identifies the first image as a pickaxe and the second as an axe, both being tools in Minecraft. However, it does not align with the key elements of the standard answer, which revolves around the importance of the diamond pickaxe for mining and the iconic presence of Creepers. The provided relation and explanation are broad and lack the specific details present in the standard response, hence it scores a 2."
}

Judge results for folder Minecraft(invisible, cartoon or game, relation, NA, English) updated.
Folder: Batman(visible, cartoon or game, relation, USAEnglish, English)
{
    "score_4o": "0",
    "score_reason": "The MLLM output provides a factual hallucination as it repeats the description of identical images, emphasizing no differences, without acknowledging the thematic relationship to Batman as indicated in the standard answer."
}

Judge results for folder Batman(visible, cartoon or game, relation, USAEnglish, English) updated.
Folder: Mario(invisible, cartoon or game, relation, East Asia, English)
{
    "score_4o": "0",
    "score_reason": "The MLLM output incorrectly identifies the images as depicting the 'same image' without providing any relevant explanation or relationship to the standard answer 'Mario.' The response lacks any facts related to the iconic elements from the Super Mario franchise, such as the red mushroom being a power-up for Mario, resulting in a representation unrelated to the factual elements of the standard answer."
}

Judge results for folder Mario(invisible, cartoon or game, relation, East Asia, English) updated.
Folder: anime(invisible, cartoon or game, metaphor, East Asia, English)
{
    "score_4o": "2",
    "score_reason": "The MLLM output identifies the relation as 'Similar,' which is somewhat correct as both images depict anime eyes, a common feature in anime. However, it fails to recognize the broader 'anime' theme that encompasses not just the eyes but other elements such as katanas. The explanation is too narrow, simply focusing on the similarity of the eyes without acknowledging the broader anime context."
}

Judge results for folder anime(invisible, cartoon or game, metaphor, East Asia, English) updated.
Folder: Controller(invisible, cartoon or game, metaphor, NA, English)
{
    "score_4o": "0",
    "score_reason": "The MLLM output incorrectly states that the images are identical and describes them only as a 'red and black Nintendo controller.' It fails to acknowledge the relation of input methods like D-pad and joystick to a game controller, as indicated in the standard answer. This represents a factuality hallucination regarding the details of the images."
}

Judge results for folder Controller(invisible, cartoon or game, metaphor, NA, English) updated.
Folder: Multiplayer(invisible, cartoon or game, mutual elements, NA, English)
{
    "score_4o": "2",
    "score_reason": "The MLLM identifies a broad theme of 'Gaming' but misses the more specific concept of 'Multiplayer,' which is essential to the standard answer. While the explanation mentions controllers, it does not discuss multiplayer aspects such as multiple players or split-screen views, which are key elements in the standard reasoning."
}

Judge results for folder Multiplayer(invisible, cartoon or game, mutual elements, NA, English) updated.
Folder: Role-Play Game(RPG)(invisible, cartoon or game, metaphor, NA, English)
{
    "score_4o": "2",
    "score_reason": "The MLLM's output correctly identifies that both images are of dice, which aligns with a surface-level observation. However, it fails to relate the images to the context of 'Role-Play Game (RPG)' and misses the connection to the twenty-sided die and character sheet need in RPGs. The explanation lacks the depth and relevant facts present in the standard answer."
}

Judge results for folder Role-Play Game(RPG)(invisible, cartoon or game, metaphor, NA, English) updated.
Folder: Stardew Valley(invisible, cartoon or game, relation, NA, English)
{
    "score_4o": "2",
    "score_reason": "The MLLM's output correctly identifies both images as screenshots of a video game featuring a character with a fishing rod, which relates to the standard answer's mention of fishing as an activity in Stardew Valley. However, it doesn't specify the particular connection to 'Stardew Valley' or include any mention of the 'Ancient Fruit,' thus lacking the relevant facts in the standard answer."
}

Judge results for folder Stardew Valley(invisible, cartoon or game, relation, NA, English) updated.
Folder: World-building game(invisible, cartoon or game, mutual elements, NA, English)
{
    "score_4o": "1",
    "score_reason": "The MLLM's response states that the relation is 'Both images are maps of countries' without any specific connection that relates to the standard answer. The explanation simply lists geographical features without touching on the concept of a world-building game. The response is vague and expresses uncertainty, similar to saying 'I don't know.'"
}

Judge results for folder World-building game(invisible, cartoon or game, mutual elements, NA, English) updated.
Folder: Beethoven(invisible, music, relation, Non-English European, English)
{
    "score_4o": "2",
    "score_reason": "The MLLM's output identifies both images as depicting a man holding a trumpet and labels their relation as 'Similar', which seems accurate on a superficial level. However, it doesn't capture the deeper connection to 'Beethoven' as described in the standard answer, so it fails to provide the key concept or reasoning mentioned in the standard answer. Given that there is no mention of any reasoning related to Beethoven or his iconic elements, the response can't be fully aligned with the expected answer."
}

Judge results for folder Beethoven(invisible, music, relation, Non-English European, English) updated.
Folder: Rock Music(invisible, music, mutual elements, NA, English)
{
    "score_4o": "0",
    "score_reason": "The MLLM's output inaccurately describes the images as identical featuring the same elements, which goes against the standard answer. According to the standard answer, they represent different aspects of rock music, which the MLLM completely misses, leading to misinformation in its output."
}

Judge results for folder Rock Music(invisible, music, mutual elements, NA, English) updated.
Folder: Hip hop music(invisible, music, metaphor, NA, English)
{
    "score_4o": "0",
    "score_reason": "The MLLM's response focuses solely on describing the record players and does not connect them to the broader context of hip hop music as described in the standard answer. It fails to address the key elements of hip hop music creation, such as scratching or using microphones for rapping. Thus, the explanation is completely misaligned with the standard reasoning, possibly misleading the reader."
}

Judge results for folder Hip hop music(invisible, music, metaphor, NA, English) updated.
Folder: Grand Piano(invisible, music, relation, NA, English)
{
    "score_4o": "2",
    "score_reason": "The MLLM's output describes both images as depicting an 'auditorium,' which is somewhat related to the standard answer's concept of 'concert halls,' but lacks the specific reference to 'Grand Piano' and the reasoning involving '88 keys.' The explanation does not incorporate key aspects of the standard answer about concert hall usage in relation to grand pianos."
}

Judge results for folder Grand Piano(invisible, music, relation, NA, English) updated.
Folder: String and Spectrum(invisible, music, relation, NA, English)
{
    "score_4o": "2",
    "score_reason": "The MLLM's output identifies both images as close-up shots of a violin. However, it does not address the connection to 'String and Spectrum' as described in the standard answer. The provided relation 'The same' is too broad and doesn't capture the intended link between the physics of sound and light through the violin and the spectrum."
}

Judge results for folder String and Spectrum(invisible, music, relation, NA, English) updated.
Folder: Trumpet(invisible, music, meatphor, NA, English)
{
    "score_4o": "0",
    "score_reason": "The MLLM's response incorrectly identifies the relationship between the images as 'The same,' when the standard answer indicates 'Trumpet.' The explanation it provides does not address the trumpet components, which are the focus of the standard answer. Instead, it merely states that both images show 'the same valve with a blue handle,' demonstrating a factual hallucination by misinterpreting the content and meaning of the images related to trumpet components."
}

Judge results for folder Trumpet(invisible, music, meatphor, NA, English) updated.
Folder: Rock Music and Electric Instruments(invisible, music, relation, NA, English)
{
    "score_4o": "0",
    "score_reason": "The MLLM's output incorrectly describes the images, noting them both as 'A cliff with a waterfall,' which is erroneous compared to the standard answer. The factuality hallucination regarding the image contents leads to a score of zero."
}

Judge results for folder Rock Music and Electric Instruments(invisible, music, relation, NA, English) updated.
Folder: K-pop(invisible, music, mutual elements, East Asia, English)
{
    "score_4o": "2",
    "score_reason": "The MLLM's output identifies 'colorful objects' as the relation, which is too broad and not aligned with the standard answer 'K-pop.' While it describes the glow sticks and candles accurately in terms of their general use, it does not mention any relevant facts related to 'K-pop' featured in the standard answer, resulting in a lack of specific connection to the intended theme."
}

Judge results for folder K-pop(invisible, music, mutual elements, East Asia, English) updated.
Folder: Tango(invisible, music, metaphor, USAEnglish, English)
{
    "score_4o": "1",
    "score_reason": "The MLLM output describes both images as depicting red roses and claims that they share this depiction as their relation, demonstrating uncertainty about the connection beyond what is visually apparent, akin to responding with 'I don't know.' The explanation repeats the details from the first explanation and does not align with the standard answer that relates the images to 'Tango.'"
}

Judge results for folder Tango(invisible, music, metaphor, USAEnglish, English) updated.
Folder: El Niño(invisible, phenomenon, relation, NA, English)
{
    "score_4o": "2",
    "score_reason": "The MLLM's output summarizes the concept as 'Beach,' which is too broad and does not reveal the more specific relationship related to 'El Niño' as described in the standard answer. The explanation fails to capture the impact of 'El Niño' on surfing conditions. Therefore, even though the MLLM's response acknowledges a relation between the surfboards and beach, it misses the crucial climatic theme."
}

Judge results for folder El Niño(invisible, phenomenon, relation, NA, English) updated.
Folder: Nuclear Fission(invisible, phenomenon, mutual elements, NA, English)
{
    "score_4o": "0",
    "score_reason": "The MLLM incorrectly identifies the images as depicting 'a large cloud of smoke above a mountain,' which suggests possible natural events like volcanic eruptions. This interpretation is not consistent with the standard answer, which identifies the images as depicting elements related to 'Nuclear Fission,' specifically associated with a mushroom cloud and a chain reaction. The MLLM's explanation misinterprets the content and theme of the images, resulting in a factual hallucination."
}

Judge results for folder Nuclear Fission(invisible, phenomenon, mutual elements, NA, English) updated.
Folder: Ocean Tides(invisible, phenomenon, relation, NA, English)
{
    "score_4o": "0",
    "score_reason": "The MLLM's explanation is erroneous, as it incorrectly associates the images with 'Graphs' and a human-AI interaction. It fails to mention any connection to 'Ocean Tides' or reflect any explanation regarding periodic and cyclical rhythms, which are key elements in the standard answer. The response conflicts entirely with the standard context of ocean tides and mechanical time measurement, leading it to be a factual hallucination."
}

Judge results for folder Ocean Tides(invisible, phenomenon, relation, NA, English) updated.
Folder: Glacier Melting(invisible, phenomenon, relation, NA, English)
{
    "score_4o": "3",
    "score_reason": "The MLLM output correctly identifies the images as depicting a blue ice wall with waterfalls, which is consistent with the concept of glaciers melting. It recognizes the presence of a melting glacier through its mention of waterfalls likely caused by melting ice, and its explanation aligns with the idea of glaciers being dense and compacted. However, it does not specifically connect this to the effects of glacier melting, such as rising sea levels and increased freshwater availability, as noted in the standard answer."
}

Judge results for folder Glacier Melting(invisible, phenomenon, relation, NA, English) updated.
Folder: Superconductivity(invisible, phenomenon, mutual elements, NA, English)
{
    "score_4o": "2",
    "score_reason": "The MLLM's output summarizes the relationship as 'Same object,' which does not align with the standard answer 'Superconductivity.' The explanation provided is unrelated to the intended context of superconductivity and its effects. However, the response does not contain any hallucinated information, just a broad and incorrect interpretation. Therefore, it receives a score of 2."
}

Judge results for folder Superconductivity(invisible, phenomenon, mutual elements, NA, English) updated.
Folder: Hurricane(invisible, phenomenon, metaphor, NA, English)
{
    "score_4o": "2",
    "score_reason": "The MLLM output correctly identifies the images as depicting 'a satellite view of a hurricane over the ocean,' which aligns with part of the standard answer. However, the explanation provided is overly broad and misses key components of the standard answer, such as the connection to emergency preparedness. As such, it does not fully address the intended reasoning."
}

Judge results for folder Hurricane(invisible, phenomenon, metaphor, NA, English) updated.
Folder: Halo Effect(invisible, phenomenon, relation, NA, English)
{
    "score_4o": "2",
    "score_reason": "The MLLM's output identifies the relation between the two images as 'Rings,' which can be considered a correct identification of the literal objects depicted. However, it does not capture the thematic connections of the 'Halo Effect' outlined in the standard answer, and therefore lacks the deeper reasoning and thematic understanding required."
}

Judge results for folder Halo Effect(invisible, phenomenon, relation, NA, English) updated.
Folder: Reality TV(invisible, phenomenon, mutual elements, NA, English)
{
    "score_4o": "0",
    "score_reason": "The MLLM's output mistakenly identifies the images as depicting the 'same woman' with identical features, failing to recognize or align with the theme of 'Reality TV' explained in the standard answer. The description provided is factually wrong and doesn't relate to the standard answer's explanation."
}

Judge results for folder Reality TV(invisible, phenomenon, mutual elements, NA, English) updated.
Folder: Podcast Boom(invisible, phenomenon, metaphor, NA, English)
{
    "score_4o": "0",
    "score_reason": "The MLLM's output identified both images as showing similar headsets with microphones, thus missing the connection to the concept of 'Podcast Boom.' Additionally, it provides an unrelated explanation focusing on the similarity of the images rather than their symbolic meaning related to podcast creation and growth. Consequently, factual errors are present since the images' intended context was misunderstood."
}

Judge results for folder Podcast Boom(invisible, phenomenon, metaphor, NA, English) updated.
Folder: The Space Race(invisible, phenomenon, relation, NA, English)
{
    "score_4o": "2",
    "score_reason": "The MLLM output describes the images as similar due to the presence of a hammer and sickle on both flags. However, it does not align with the standard answer, which relates the images to 'The Space Race' involving the Soviet Union. The reasoning is distanced from the intended explanation, lacking historical context or relevance to the Space Race."
}

Judge results for folder The Space Race(invisible, phenomenon, relation, NA, English) updated.
Folder: Cognitive Dissonance(invisible, phenomenon, metaphor, NA, English)
{
    "score_4o": "2",
    "score_reason": "The MLLM output discusses 'Brain and intelligence,' which partially aligns with the concept of cognitive functions related to the brain. However, it doesn't capture the specific idea of 'Cognitive Dissonance,' nor does it mention relevant facts related to the standard answer, such as the imagery of conflicting thoughts or behaviors that represent cognitive dissonance. The explanation provided fails to address the deeper theme related to the contradiction within cognitive processes or decisions that 'Cognitive Dissonance' entails."
}

Judge results for folder Cognitive Dissonance(invisible, phenomenon, metaphor, NA, English) updated.
Folder: The Gold Rush(invisible, phenomenon, metaphor, USAEnglish, English)
{
    "score_4o": "2",
    "score_reason": "The MLLM's output identifies the images as depicting 'a metal pan filled with water and gold,' but it considers them as 'The same image.' It describes the scene with some accuracy but does not relate it to the 'The Gold Rush,' a key part of the standard answer."
}

Judge results for folder The Gold Rush(invisible, phenomenon, metaphor, USAEnglish, English) updated.
Folder: Le Petit Prince(invisible, art, relation, Latin American, French)
{
    "score_4o": "2",
    "score_reason": "The MLLM's output summarizes the relationship simply as 'Trees,' which is too broad and does not capture the specific connection to 'Le Petit Prince' present in the standard answer. It correctly identifies the presence of trees but misses the symbolic roles of the baobab tree and the fox in 'Le Petit Prince.' Therefore, it lacks the thematic depth and relevance indicated in the standard answer."
}

Judge results for folder Le Petit Prince(invisible, art, relation, Latin American, French) updated.
Folder: Victor Hugo(invisible, art, relation, Latin American, French)
{
    "score_4o": "1",
    "score_reason": "The MLLM responds by only mentioning the presence of 'a lighthouse on a rocky shore' without making any connection to Victor Hugo. Although it correctly identifies the lighthouse, it misses the deeper relationship and symbolizes elements in Victor Hugo’s work, showing no awareness of the intended standard reasoning."
}

Judge results for folder Victor Hugo(invisible, art, relation, Latin American, French) updated.
Folder: Les Misérables(invisible, art, relation, Latin American, French)
{
    "score_4o": "0",
    "score_reason": "The MLLM's response involves a clear factual hallucination, misinterpreting the images of candlestick charts as financial charts rather than identifying them as symbols connected to 'Les Misérables.' The standard answer refers to symbolic representations related to themes in the novel, which the MLLM completely overlooks."
}

Judge results for folder Les Misérables(invisible, art, relation, Latin American, French) updated.
Folder: Madame Bovary(invisible, art, relation, Latin American, French)
{
    "score_4o": "2",
    "score_reason": "The MLLM output identifies the green apple as the central element in both images, recognizing them as depicting the same object. However, it does not relate this to 'Madame Bovary' or reflect the symbolic connections found in the standard answer, missing the deeper literary symbolism involved in the intended context."
}

Judge results for folder Madame Bovary(invisible, art, relation, Latin American, French) updated.
Folder: Les Fleurs du mal(invisible, art, relation, Latin American, French)
{
    "score_4o": "0",
    "score_reason": "The MLLM's output includes erroneous information. It describes the images as identical depictions of a brown rose with leaves, failing to recognize the connection to 'Les Fleurs du mal' and overlooking the symbolic elements of a wilted rose and clock that are vital to understanding the themes of decadence in the standard answer."
}

Judge results for folder Les Fleurs du mal(invisible, art, relation, Latin American, French) updated.
Folder: Germinal(invisible, art, relation, Latin American, French)
{
    "score_4o": "0",
    "score_reason": "The MLLM output incorrectly identifies both images as piles of coal, failing to recognize any connection to the novel 'Germinal' or the theme of germination. It repeatedly emphasizes the use of coal as a fossil fuel, showing a misunderstanding of the intended thematic connection between the images related to 'Germinal' and 'germination,' thus containing erroneous information."
}

Judge results for folder Germinal(invisible, art, relation, Latin American, French) updated.
Folder: La Peste(invisible, art, relation, Latin American, French)
{
    "score_4o": "2",
    "score_reason": "The MLLM accurately describes the visual elements in both images, focusing on the cloaks worn by the people in each. However, it relates them broadly to wearing cloaks without addressing the specific thematic or symbolic connection to 'La Peste' or Albert Camus’s existential themes mentioned in the standard answer. Therefore, it lacks the deeper conceptual insight found in the reference answer."
}

Judge results for folder La Peste(invisible, art, relation, Latin American, French) updated.
Folder: Chercher la petite bête(invisible, art, relation, Latin American, French)
{
    "score_4o": "2",
    "score_reason": "The MLLM's output focuses on the literal content of the images, identifying the magnifying glass as the connecting theme. However, it fails to capture the metaphorical aspect of 'Chercher la petite bête' as stated in the standard answer, which links the use of a magnifying glass to the concept of nitpicking and frustration. Therefore, the response is considered too broad and lacks depth in relation to the standard reasoning."
}

Judge results for folder Chercher la petite bête(invisible, art, relation, Latin American, French) updated.
Folder: Raconter des salades(invisible, art, relation, Latin American, French)
{
    "score_4o": "0",
    "score_reason": "The MLLM's output describes the images as showing bowls of salad, which seems irrelevant to the given Standard Answer that mentions 'Raconter des salades' and associates it with symbolic elements from 'Le Rouge et le Noir' by Stendhal. This discrepancy indicates a factual hallucination, as the MLLM's explanation does not align with the thematic interpretation provided by the Standard Answer."
}

Judge results for folder Raconter des salades(invisible, art, relation, Latin American, French) updated.
Folder: Avoir un coup de foudre(invisible, art, relation, Latin American, French)
{
    "score_4o": "2",
    "score_reason": "The MLLM's output focuses solely on the visual similarity (lightning bolt) without addressing the metaphorical connection to 'Avoir un coup de foudre' (love at first sight) as indicated by the standard answer. It mentions specific facts about the images but does not provide the symbolic interpretation required, aligning only loosely with the reasoning in the standard answer."
}

Judge results for folder Avoir un coup de foudre(invisible, art, relation, Latin American, French) updated.
Folder: Don Quijote de la Mancha(invisible, art, relation, Latin American, Spanish)
{
    "score_4o": "2",
    "score_reason": "The MLLM's output identifies the relation as 'Wind energy,' which does not match the standard answer of 'Don Quijote de la Mancha.' However, the explanation provided by the MLLM correctly identifies the presence of wind turbines, although it misses the literary connection to 'Don Quijote.' Despite correctly identifying the content of the images, the MLLM does not address the intended literary theme."
}

Judge results for folder Don Quijote de la Mancha(invisible, art, relation, Latin American, Spanish) updated.
Folder: Cien años de soledad(invisible, art, relation, Latin American, Spanish)
{
    "score_4o": "2",
    "score_reason": "The MLLM's output provides a general description of both images being 'houses in the woods,' which is too broad and not aligned with the standard answer that focuses on 'Cien años de soledad' and its connections to the Buendía family and the fictional town of Macondo. The MLLM fails to recognize the specific literary context and themes highlighted in the standard answer."
}

Judge results for folder Cien años de soledad(invisible, art, relation, Latin American, Spanish) updated.
Folder: La Casa de los Espíritus(invisible, art, relation, Latin American, Spanish)
{
    "score_4o": "1",
    "score_reason": "The MLLM interprets the images as being identical movie posters for The Haunted Mansion and describes the connection as 'The same.' It does not align with the standard answer, which connects the images to 'La Casa de los Espíritus' and involves deeper themes related to the novel. The repetition in the explanation further indicates uncertainty or lack of relevant information."
}

Judge results for folder La Casa de los Espíritus(invisible, art, relation, Latin American, Spanish) updated.
Folder: El amor en los tiempos del cólera(invisible, art, relation, Latin American, Spanish)
{
    "score_4o": "0",
    "score_reason": "The MLLM output provides a repetitive and simplistic explanation, stating only that both images contain a letter on a table. It does not relate to the novel 'El amor en los tiempos del cólera' or its themes at all, and fails to recognize the symbolic significance of the yellowed letter and the cholera bacterium presented in the standard answer. The output reflects a factual misunderstanding by not addressing the crucial information tied to the novel's storyline."
}

Judge results for folder El amor en los tiempos del cólera(invisible, art, relation, Latin American, Spanish) updated.
Folder: La sombra del viento(invisible, art, relation, Latin American, Spanish)
{
    "score_4o": "2",
    "score_reason": "The MLLM output correctly identifies books as the common theme in both images but fails to capture the deeper and more specific connection to 'La sombra del viento' as indicated in the standard answer. It does not mention any details related to the novel or its symbolism, thus missing the specific elements of mystery and narrative complexity that are central to the standard reasoning."
}

Judge results for folder La sombra del viento(invisible, art, relation, Latin American, Spanish) updated.
Folder: Pedro Páramo(invisible, art, relation, Latin American, Spanish)
{
    "score_4o": "2",
    "score_reason": "The MLLM's output identifies a superficial connection between the two images, focusing on their color similarity, 'Both are white.' It does not align with the more specific and profound connection described in the standard answer related to 'Pedro Páramo.' However, it does not contradict the correct understanding of the images, hence deserving a score of 2 for being broadly correct but missing relevant facts in the standard answer."
}

Judge results for folder Pedro Páramo(invisible, art, relation, Latin American, Spanish) updated.
Folder: ¡Es un pez gordo(invisible, art, relation, Latin American, Spanish)
{
    "score_4o": "2",
    "score_reason": "The MLLM output focuses on the literal presence of 'large fish' in the images and summarizes the relationship as 'Fish,' which is too broad compared to the standard answer's metaphorical context ('¡Es un pez gordo'). The MLLM's explanation lacks the insights into symbolism and metaphorical meaning presented in the standard answer."
}

Judge results for folder ¡Es un pez gordo(invisible, art, relation, Latin American, Spanish) updated.
Folder: Dar en el clavo(invisible, art, relation, Latin American, Spanish)
{
    "score_4o": "2",
    "score_reason": "The MLLM output accurately describes the action of 'hammering a nail' evident in the images, but it does not delve into the deeper symbolic meaning related to 'Dar en el clavo.' While the basic action is captured, the more nuanced relationship of precision and goal-setting, as highlighted in the standard answer, is missing from the MLLM's explanation."
}

Judge results for folder Dar en el clavo(invisible, art, relation, Latin American, Spanish) updated.
Folder: Echar leña al fuego(invisible, art, relation, Latin American, Spanish)
{
    "score_4o": "2",
    "score_reason": "The MLLM's output rightly identifies the connection as 'wood,' but it does not mention the deeper metaphorical connection with the Spanish expression 'Echar leña al fuego.' The explanation remains at a literal level, focusing on the use of wood, whereas the standard answer highlights a figurative concept connecting the images to escalating conflicts. Therefore, the response is too broad and lacks the specific facts in the standard answer."
}

Judge results for folder Echar leña al fuego(invisible, art, relation, Latin American, Spanish) updated.
Folder: Pedir peras al olmo(invisible, art, relation, Latin American, Spanish)
{
    "score_4o": "1",
    "score_reason": "The MLLM's output failed to identify any relationship that involves the idiom 'Pedir peras al olmo.' Instead, it focused on the visual similarity between the two images without addressing the symbolic or thematic elements presented in the standard answer. The response does not align with the intended reasoning or explanation, but it accurately describes the contents of the images without any hallucinations."
}

Judge results for folder Pedir peras al olmo(invisible, art, relation, Latin American, Spanish) updated.
Folder: Faust(invisible, art, relation, Latin American, German)
{
    "score_4o": "2",
    "score_reason": "The MLLM's output identifies the two images as depicting the 'same image' of a red apple with a green leaf on top, which does not align with the thematic connection to 'Faust' provided in the standard answer. The explanation completely misses the symbolic meanings related to 'Faust.' However, it accurately describes the content of the images as being the same, which is partially correct but too broad and not aligned with the intended reasoning."
}

Judge results for folder Faust(invisible, art, relation, Latin American, German) updated.
Folder: Der Prozess(invisible, art, relation, Latin American, German)
{
    "score_4o": "0",
    "score_reason": "The MLLM includes incorrect facts in its response by asserting that both images are the same and focusing on a physical description of the maze rather than a conceptual one. The standard answer, however, connects the labyrinth to Kafka's 'Der Prozess,' representing the convoluted legal system, and relates the images to deeper themes within the literary work, which the MLLM fails to do."
}

Judge results for folder Der Prozess(invisible, art, relation, Latin American, German) updated.
Folder: Die Verwandlung(invisible, art, relation, Latin American, German)
{
    "score_4o": "0",
    "score_reason": "The MLLM output attributes the theme to 'Ladybug' based on the images of ladybugs on leaves, which is not consistent with the standard answer. Additionally, the MLLM's explanation does not address the elements of transformation, alienation, and disruption of time that are central to 'Die Verwandlung.' The MLLM erroneously identifies the meaning of the images, as both images are symbolic representations relevant to Kafka's narrative."
}

Judge results for folder Die Verwandlung(invisible, art, relation, Latin American, German) updated.
Folder: Die Räuber(invisible, art, relation, Latin American, German)
{
    "score_4o": "0",
    "score_reason": "The MLLM mistakenly identifies the flags as identical and provides an incorrect explanation of the relationship between the images. It fails to recognize the symbolic significance of the flag and the shattered mirror in the context of 'Die Räuber.' The standard answer highlights the themes of rebellion and fractured identities within the play, which the MLLM does not address, resulting in a complete factual misinterpretation."
}

Judge results for folder Die Räuber(invisible, art, relation, Latin American, German) updated.
Folder: Der Steppenwolf(invisible, art, relation, Latin American, German)
{
    "score_4o": "2",
    "score_reason": "The MLLM accurately identifies that both images depict wolves standing in the snow, but it fails to recognize the deeper symbolic connection related to 'Der Steppenwolf.' Although it describes the images correctly, it does not address or align with the intended reasoning about the symbolic meanings of the wolf and the masquerade mask in Hesse's novel."
}

Judge results for folder Der Steppenwolf(invisible, art, relation, Latin American, German) updated.
Folder: Nibelungenlied(invisible, art, relation, Latin American, German)
{
    "score_4o": "0",
    "score_reason": "The MLLM's output is a factual hallucination. It repeats the content of the image multiple times without establishing any meaningful connection to the 'Nibelungenlied', which is the correct relation according to the standard answer. The MLLM incorrectly assumed both images were identical and emphasized their visual aspects, neglecting their symbolic significance within the context of 'Nibelungenlied'."
}

Judge results for folder Nibelungenlied(invisible, art, relation, Latin American, German) updated.
Folder: Ich verstehe nur Bahnhof(invisible, art, relation, Latin American, German)
{
    "score_4o": "2",
    "score_reason": "The MLLM's output focuses on the theme of 'Language' and connects the images to language translation or understanding. However, it fails to capture the deeper connection related to the idiom 'Ich verstehe nur Bahnhof,' which implies confusion or incomprehensibility. The explanation does not align well with the standard answer's emphasis on the idiom's meaning and its symbolic representation through complexity and missing parts."
}

Judge results for folder Ich verstehe nur Bahnhof(invisible, art, relation, Latin American, German) updated.
Folder: Die Katze im Sack kaufen(invisible, art, relation, Latin American, German)
{
    "score_4o": "0",
    "score_reason": "The MLLM output is incorrect as it describes the images as both being of a bag of coffee, which does not match the standard answer's focus on idioms. Furthermore, these descriptions contain erroneous information as they incorrectly summarize the relationship and intention demonstrated in the images, confusing the idiom 'Die Katze im Sack kaufen' with unrelated content."
}

Judge results for folder Die Katze im Sack kaufen(invisible, art, relation, Latin American, German) updated.
Folder: Hals- und Beinbruch(invisible, art, relation, Latin American, German)
{
    "score_4o": "2",
    "score_reason": "The MLLM's output identifies a common theme of performing aerial tricks using blue fabric and white outfits; however, it does not align with the deeper symbolic relationship highlighted in the standard answer, related to 'Hals- und Beinbruch,' an idiom for wishing good luck in risky situations."
}

Judge results for folder Hals- und Beinbruch(invisible, art, relation, Latin American, German) updated.
Folder: Kopf in den Sand stecken(invisible, art, relation, Latin American, German)
{
    "score_4o": "2",
    "score_reason": "The MLLM's output identifies the literal similarity that both the person and the ostrich are 'standing in a field,' which is too broad and does not align with the metaphorical connection in the standard answer related to the idiom 'Kopf in den Sand stecken.' The explanation does not consider the metaphor and misses the key facts about avoidance of reality and overwhelming issues associated with the idiom, as highlighted in the standard answer."
}

Judge results for folder Kopf in den Sand stecken(invisible, art, relation, Latin American, German) updated.
Finish: Judge results all saved to ./VILA1.5-40b_judge.json
Finish: Combined results all saved to ./VILA1.5-40b_test_and_judge.json
