Judge results for folder Tea Ceremony(culture, relation, East Asia, English) updated
Judge results for folder Wedding Traditions(culture, mutual elements, Non-English European, English) updated
Judge results for folder Funeral Rites(culture, mutual elements, Non-English European, English) updated
Judge results for folder Coming-of-Age Rituals(culture, relation, Non-English European, English) updated
Judge results for folder Harvest Festivals(culture, mutual elements, Non-English European, English) updated
Judge results for folder Traditional Music(culture, mutual elements, Non-English European, English) updated
Judge results for folder Folk Dance(culture, relation, Non-English European, English) updated
Judge results for folder National Dress(culture, relation, Non-English European, English) updated
Judge results for folder Cultural Etiquette(culture, relation, Non-English European, English) updated
Judge results for folder Taboo Subjects(culture, relation, Non-English European, English) updated
Judge results for folder Body Language(culture, relation, NA, English) updated
Judge results for folder Oktoberfest(culture, mutual elements, Non-English European, English) updated
Judge results for folder Hollywood  Walk of Fame star(culture, relation, NA, English) updated
Judge results for folder Fourth of July  Fireworks(culture, relation, USAEnglish, English) updated
Judge results for folder TLDR  A very long article(culture, relation, NA, English) updated
Judge results for folder Baseball  Hotdog(culture, relation, USAEnglish, English) updated
Judge results for folder Mona Lisa  Sfumato technique description(art, relation, NA, English) updated
Judge results for folder A melting clock  A dream sequence in a film(culture, relation, NA, English) updated
Judge results for folder A Picasso portrait  Geometric shapes(art, relation, NA, English) updated
Judge results for folder Ink brush  A character in kanji or hanja(art, relation, East Asia, English) updated
Finish: Judge results all saved to ./moonshotai/Kimi-VL-A3B-Instruct_judge_new.json
Finish: Combined results all saved to ./moonshotai/Kimi-VL-A3B-Instruct_test_and_judge_new.json
Judge results already found for folder: Tea Ceremony(culture, relation, East Asia, English)
Judge results already found for folder: Wedding Traditions(culture, mutual elements, Non-English European, English)
Judge results already found for folder: Funeral Rites(culture, mutual elements, Non-English European, English)
Judge results already found for folder: Coming-of-Age Rituals(culture, relation, Non-English European, English)
Judge results already found for folder: Harvest Festivals(culture, mutual elements, Non-English European, English)
Judge results already found for folder: Traditional Music(culture, mutual elements, Non-English European, English)
Judge results already found for folder: Folk Dance(culture, relation, Non-English European, English)
Judge results already found for folder: National Dress(culture, relation, Non-English European, English)
Judge results already found for folder: Cultural Etiquette(culture, relation, Non-English European, English)
Judge results already found for folder: Taboo Subjects(culture, relation, Non-English European, English)
Judge results already found for folder: Body Language(culture, relation, NA, English)
Judge results already found for folder: Oktoberfest(culture, mutual elements, Non-English European, English)
Judge results already found for folder: Hollywood  Walk of Fame star(culture, relation, NA, English)
Judge results already found for folder: Fourth of July  Fireworks(culture, relation, USAEnglish, English)
Judge results already found for folder: TLDR  A very long article(culture, relation, NA, English)
Judge results already found for folder: Baseball  Hotdog(culture, relation, USAEnglish, English)
Judge results already found for folder: Mona Lisa  Sfumato technique description(art, relation, NA, English)
Judge results already found for folder: A melting clock  A dream sequence in a film(culture, relation, NA, English)
Judge results already found for folder: A Picasso portrait  Geometric shapes(art, relation, NA, English)
Judge results already found for folder: Ink brush  A character in kanji or hanja(art, relation, East Asia, English)
Finish: Judge results all saved to ./moonshotai/Kimi-VL-A3B-Instruct_judge_new.json
Finish: Combined results all saved to ./moonshotai/Kimi-VL-A3B-Instruct_test_and_judge_new.json
