Judge results for folder Kuala Lumpur(invisible, city, mutual elements, NA, English), judgeid 1 updated.
Judge results for folder Kuala Lumpur(invisible, city, mutual elements, NA, English), judgeid 2 updated.
Judge results for folder Kuala Lumpur(invisible, city, mutual elements, NA, English), judgeid 3 updated.
Judge results for folder Kuala Lumpur(invisible, city, mutual elements, NA, English), judgeid 4 updated.
Judge results for folder Kuala Lumpur(invisible, city, mutual elements, NA, English), judgeid 5 updated.
Judge results for folder Kuala Lumpur(invisible, city, mutual elements, NA, English), judgeid 6 updated.
Judge results for folder Kuala Lumpur(invisible, city, mutual elements, NA, English), judgeid 7 updated.
Judge results for folder Santorini(visible, city, mutual elements, NA, English), judgeid 1 updated.
Judge results for folder Newton's Laws of Motion(invisible, STEM, mutual elements, NA, English), judgeid 1 updated.
Judge results for folder Newton's Laws of Motion(invisible, STEM, mutual elements, NA, English), judgeid 2 updated.
Judge results for folder Newton's Laws of Motion(invisible, STEM, mutual elements, NA, English), judgeid 3 updated.
Judge results for folder Newton's Laws of Motion(invisible, STEM, mutual elements, NA, English), judgeid 4 updated.
Judge results for folder Newton's Laws of Motion(invisible, STEM, mutual elements, NA, English), judgeid 5 updated.
Judge results for folder Newton's Laws of Motion(invisible, STEM, mutual elements, NA, English), judgeid 6 updated.
Judge results for folder Newton's Laws of Motion(invisible, STEM, mutual elements, NA, English), judgeid 7 updated.
Judge results for folder Newton's Laws of Motion(invisible, STEM, mutual elements, NA, English), judgeid 8 updated.
Judge results for folder Electronics(invisible, STEM, relation, NA, English), judgeid 1 updated.
Judge results for folder Electronics(invisible, STEM, relation, NA, English), judgeid 2 updated.
Judge results for folder Electronics(invisible, STEM, relation, NA, English), judgeid 3 updated.
Judge results for folder Electronics(invisible, STEM, relation, NA, English), judgeid 4 updated.
Judge results for folder Electronics(invisible, STEM, relation, NA, English), judgeid 5 updated.
Judge results for folder Electronics(invisible, STEM, relation, NA, English), judgeid 6 updated.
Judge results for folder Electronics(invisible, STEM, relation, NA, English), judgeid 7 updated.
Judge results for folder Electronics(invisible, STEM, relation, NA, English), judgeid 8 updated.
Judge results for folder Geology(invisible, STEM, relation, NA, English), judgeid 1 updated.
Judge results for folder Geology(invisible, STEM, relation, NA, English), judgeid 2 updated.
Judge results for folder Geology(invisible, STEM, relation, NA, English), judgeid 3 updated.
Judge results for folder Geology(invisible, STEM, relation, NA, English), judgeid 4 updated.
Judge results for folder Geology(invisible, STEM, relation, NA, English), judgeid 5 updated.
Judge results for folder Geology(invisible, STEM, relation, NA, English), judgeid 6 updated.
Judge results for folder Geology(invisible, STEM, relation, NA, English), judgeid 7 updated.
Judge results for folder Geology(invisible, STEM, relation, NA, English), judgeid 8 updated.
Judge results for folder Geology(invisible, STEM, relation, NA, English), judgeid 9 updated.
Judge results for folder Geology(invisible, STEM, relation, NA, English), judgeid 10 updated.
Judge results for folder Geology(invisible, STEM, relation, NA, English), judgeid 11 updated.
Judge results for folder Montreal(invisible, city, mutual elements, NA, English), judgeid 1 updated.
Judge results for folder Montreal(invisible, city, mutual elements, NA, English), judgeid 2 updated.
Judge results for folder Montreal(invisible, city, mutual elements, NA, English), judgeid 3 updated.
Judge results for folder Proprioception(invisible, sense, mutual elements, NA, English), judgeid 1 updated.
Judge results for folder Proprioception(invisible, sense, mutual elements, NA, English), judgeid 2 updated.
Judge results for folder Proprioception(invisible, sense, mutual elements, NA, English), judgeid 3 updated.
Judge results for folder Proprioception(invisible, sense, mutual elements, NA, English), judgeid 4 updated.
Judge results for folder Proprioception(invisible, sense, mutual elements, NA, English), judgeid 5 updated.
Judge results for folder AmericanCulture(visible, country, mutual elements, USAEnglish, English), judgeid 1 updated.
Judge results for folder AmericanCulture(visible, country, mutual elements, USAEnglish, English), judgeid 2 updated.
Judge results for folder AmericanCulture(visible, country, mutual elements, USAEnglish, English), judgeid 3 updated.
Judge results for folder AmericanCulture(visible, country, mutual elements, USAEnglish, English), judgeid 4 updated.
Judge results for folder AmericanCulture(visible, country, mutual elements, USAEnglish, English), judgeid 5 updated.
Judge results for folder AmericanCulture(visible, country, mutual elements, USAEnglish, English), judgeid 6 updated.
Judge results for folder AmericanCulture(visible, country, mutual elements, USAEnglish, English), judgeid 7 updated.
Judge results for folder AmericanCulture(visible, country, mutual elements, USAEnglish, English), judgeid 8 updated.
Judge results for folder AmericanCulture(visible, country, mutual elements, USAEnglish, English), judgeid 9 updated.
Judge results for folder AmericanCulture(visible, country, mutual elements, USAEnglish, English), judgeid 10 updated.
Judge results for folder AmericanCulture(visible, country, mutual elements, USAEnglish, English), judgeid 11 updated.
Judge results for folder AmericanCulture(visible, country, mutual elements, USAEnglish, English), judgeid 12 updated.
Judge results for folder AmericanCulture(visible, country, mutual elements, USAEnglish, English), judgeid 13 updated.
Judge results for folder AmericanCulture(visible, country, mutual elements, USAEnglish, English), judgeid 14 updated.
Judge results for folder AmericanCulture(visible, country, mutual elements, USAEnglish, English), judgeid 15 updated.
Judge results for folder AmericanIdentity(visible, country, relation, USAEnglish, English), judgeid 1 updated.
Judge results for folder AmericanIdentity(visible, country, relation, USAEnglish, English), judgeid 2 updated.
Judge results for folder AmericanIdentity(visible, country, relation, USAEnglish, English), judgeid 3 updated.
Judge results for folder AmericanIdentity(visible, country, relation, USAEnglish, English), judgeid 4 updated.
Judge results for folder AmericanIdentity(visible, country, relation, USAEnglish, English), judgeid 5 updated.
Judge results for folder AmericanIdentity(visible, country, relation, USAEnglish, English), judgeid 6 updated.
Judge results for folder AmericanIdentity(visible, country, relation, USAEnglish, English), judgeid 7 updated.
Judge results for folder AmericanIdentity(visible, country, relation, USAEnglish, English), judgeid 8 updated.
Judge results for folder AmericanIdentity(visible, country, relation, USAEnglish, English), judgeid 9 updated.
Judge results for folder AmericanIdentity(visible, country, relation, USAEnglish, English), judgeid 10 updated.
Judge results for folder AmericanIdentity(visible, country, relation, USAEnglish, English), judgeid 11 updated.
Judge results for folder AmericanIdentity(visible, country, relation, USAEnglish, English), judgeid 12 updated.
Judge results for folder AmericanIdentity(visible, country, relation, USAEnglish, English), judgeid 13 updated.
Judge results for folder AmericanIdentity(visible, country, relation, USAEnglish, English), judgeid 14 updated.
Judge results for folder AmericanIdentity(visible, country, relation, USAEnglish, English), judgeid 15 updated.
Judge results for folder Hanoi(invisible, country, mutual elements, NA, English), judgeid 1 updated.
Judge results for folder Hanoi(invisible, country, mutual elements, NA, English), judgeid 2 updated.
Judge results for folder Hanoi(invisible, country, mutual elements, NA, English), judgeid 3 updated.
Judge results for folder Hanoi(invisible, country, mutual elements, NA, English), judgeid 4 updated.
Judge results for folder Hanoi(invisible, country, mutual elements, NA, English), judgeid 5 updated.
Judge results for folder Hanoi(invisible, country, mutual elements, NA, English), judgeid 6 updated.
Judge results for folder Hanoi(invisible, country, mutual elements, NA, English), judgeid 7 updated.
Judge results for folder Hanoi(invisible, country, mutual elements, NA, English), judgeid 8 updated.
Judge results for folder Hanoi(invisible, country, mutual elements, NA, English), judgeid 9 updated.
Judge results for folder Hanoi(invisible, country, mutual elements, NA, English), judgeid 10 updated.
Judge results for folder Hanoi(invisible, country, mutual elements, NA, English), judgeid 11 updated.
Judge results for folder Hanoi(invisible, country, mutual elements, NA, English), judgeid 12 updated.
Judge results for folder Hanoi(invisible, country, mutual elements, NA, English), judgeid 13 updated.
Judge results for folder Hanoi(invisible, country, mutual elements, NA, English), judgeid 14 updated.
Judge results for folder Hanoi(invisible, country, mutual elements, NA, English), judgeid 15 updated.
Judge results for folder Leverage(invisible, business, mutual elements, NA, English), judgeid 1 updated.
Judge results for folder Leverage(invisible, business, mutual elements, NA, English), judgeid 2 updated.
Judge results for folder Leverage(invisible, business, mutual elements, NA, English), judgeid 3 updated.
Judge results for folder Leverage(invisible, business, mutual elements, NA, English), judgeid 4 updated.
Judge results for folder Leverage(invisible, business, mutual elements, NA, English), judgeid 5 updated.
Judge results for folder Leverage(invisible, business, mutual elements, NA, English), judgeid 6 updated.
Judge results for folder Leverage(invisible, business, mutual elements, NA, English), judgeid 7 updated.
Judge results for folder Leverage(invisible, business, mutual elements, NA, English), judgeid 8 updated.
Judge results for folder Leverage(invisible, business, mutual elements, NA, English), judgeid 9 updated.
Judge results for folder Leverage(invisible, business, mutual elements, NA, English), judgeid 10 updated.
Judge results for folder Leverage(invisible, business, mutual elements, NA, English), judgeid 11 updated.
Judge results for folder Umami(invisible, sense, mutual elements, East Asia, Japanese), judgeid 1 updated.
Judge results for folder Umami(invisible, sense, mutual elements, East Asia, Japanese), judgeid 2 updated.
Judge results for folder Umami(invisible, sense, mutual elements, East Asia, Japanese), judgeid 3 updated.
Judge results for folder Umami(invisible, sense, mutual elements, East Asia, Japanese), judgeid 4 updated.
Judge results for folder Umami(invisible, sense, mutual elements, East Asia, Japanese), judgeid 5 updated.
Judge results for folder Umami(invisible, sense, mutual elements, East Asia, Japanese), judgeid 6 updated.
Judge results for folder Umami(invisible, sense, mutual elements, East Asia, Japanese), judgeid 7 updated.
Judge results for folder Umami(invisible, sense, mutual elements, East Asia, Japanese), judgeid 8 updated.
Judge results for folder Umami(invisible, sense, mutual elements, East Asia, Japanese), judgeid 9 updated.
Judge results for folder Umami(invisible, sense, mutual elements, East Asia, Japanese), judgeid 10 updated.
Judge results for folder Umami(invisible, sense, mutual elements, East Asia, Japanese), judgeid 11 updated.
Judge results for folder Iki(invisible, sense, mutual elements, East Asia, Japanese), judgeid 1 updated.
Judge results for folder Iki(invisible, sense, mutual elements, East Asia, Japanese), judgeid 2 updated.
Judge results for folder Iki(invisible, sense, mutual elements, East Asia, Japanese), judgeid 3 updated.
Judge results for folder Iki(invisible, sense, mutual elements, East Asia, Japanese), judgeid 4 updated.
Judge results for folder Iki(invisible, sense, mutual elements, East Asia, Japanese), judgeid 5 updated.
Judge results for folder Iki(invisible, sense, mutual elements, East Asia, Japanese), judgeid 6 updated.
Judge results for folder Iki(invisible, sense, mutual elements, East Asia, Japanese), judgeid 7 updated.
Judge results for folder Agrodolce(invisible, sense, mutual elements, Non-English European, Italian), judgeid 1 updated.
Judge results for folder Agrodolce(invisible, sense, mutual elements, Non-English European, Italian), judgeid 2 updated.
Judge results for folder Agrodolce(invisible, sense, mutual elements, Non-English European, Italian), judgeid 3 updated.
Judge results for folder Agrodolce(invisible, sense, mutual elements, Non-English European, Italian), judgeid 4 updated.
Judge results for folder Agrodolce(invisible, sense, mutual elements, Non-English European, Italian), judgeid 5 updated.
Judge results for folder Agrodolce(invisible, sense, mutual elements, Non-English European, Italian), judgeid 6 updated.
Judge results for folder Agrodolce(invisible, sense, mutual elements, Non-English European, Italian), judgeid 7 updated.
Judge results for folder Agrodolce(invisible, sense, mutual elements, Non-English European, Italian), judgeid 8 updated.
Judge results for folder Sapido(invisible, sense, mutual elements, Non-English European, Italian), judgeid 1 updated.
Judge results for folder Sapido(invisible, sense, mutual elements, Non-English European, Italian), judgeid 2 updated.
Missing score for key 3 in response.
Missing score for key 4 in response.
Missing score for key 5 in response.
Missing score for key 6 in response.
Missing score for key 7 in response.
Missing score for key 8 in response.
Missing score for key 9 in response.
Missing score for key 10 in response.
Missing score for key 11 in response.
Missing score for key 12 in response.
Missing score for key 13 in response.
Missing score for key 14 in response.
Missing score for key 15 in response.
Missing score for key 16 in response.
Missing score for key 17 in response.
Missing score for key 18 in response.
Missing score for key 19 in response.
Missing score for key 20 in response.
Missing score for key 21 in response.
Missing score for key 22 in response.
Missing score for key 23 in response.
Missing score for key 24 in response.
Missing score for key 25 in response.
Missing score for key 26 in response.
Missing score for key 27 in response.
Missing score for key 28 in response.
Missing score for key 29 in response.
Missing score for key 30 in response.
Missing score for key 31 in response.
Missing score for key 32 in response.
Missing score for key 33 in response.
Missing score for key 34 in response.
Missing score for key 35 in response.
Missing score for key 36 in response.
Missing score for key 37 in response.
Missing score for key 38 in response.
Missing score for key 39 in response.
Missing score for key 40 in response.
Missing score for key 41 in response.
Missing score for key 42 in response.
Missing score for key 43 in response.
Missing score for key 44 in response.
Missing score for key 45 in response.
Missing score for key 46 in response.
Missing score for key 47 in response.
Missing score for key 48 in response.
Judge results for folder Sole(invisible, country, relation, Non-English European, Italian), judgeid 1 updated.
Judge results for folder Sole(invisible, country, relation, Non-English European, Italian), judgeid 2 updated.
Judge results for folder Sole(invisible, country, relation, Non-English European, Italian), judgeid 3 updated.
Judge results for folder Sole(invisible, country, relation, Non-English European, Italian), judgeid 4 updated.
Judge results for folder Sole(invisible, country, relation, Non-English European, Italian), judgeid 5 updated.
Finish: Judge results all saved to ./internvl_multi_judge.json
Finish: Combined results all saved to ./internvl_multi_test_and_judge.json
