Folder: sleigh(invisible, stuff, mutual elements, NA, English)
{
    "score_4o": "0",
    "score_reason": "The MLLM output provides a factual error in its explanation by stating that the two images depict the same object, i.e. a 'wooden cart with green handles and black wheels,' which contradicts the standard answer about the trolley's resemblance to a sleigh and the associated theme with ice crystals. The MLLM failed to identify the intended visual resemblance and wintery relation portrayed by the images."
}

Judge results for folder sleigh(invisible, stuff, mutual elements, NA, English) updated.
Folder: lock(invisible, stuff, mutual elements, NA, English)
{
    "score_4o": "0",
    "score_reason": "The MLLM response does not align with the standard answer, which identifies the relationship as 'lock' and explains a conceptual comparison. Instead, the MLLM describes the visual appearance of the images, incorrectly stating that they are identical and failing to provide the relevant connection or reasoning. It mistakenly assumes the images are the same and does not relate to the concept of a 'lock' as per the standard explanation."
}

Judge results for folder lock(invisible, stuff, mutual elements, NA, English) updated.
Folder: vampire(invisible, myth, mutual elements, NA, English)
{
    "score_4o": "2",
    "score_reason": "The MLLM's output focuses on the literal content of the images—bats flying—and misses the deeper symbolic connection associated with vampires and garlic. While it accurately describes the images themselves, it fails to align with the thematic explanation and reasoning provided in the standard answer."
}

Judge results for folder vampire(invisible, myth, mutual elements, NA, English) updated.
Folder: trophy(invisible, sports, mutual elements, NA, English)
{
    "score_4o": "2",
    "score_reason": "The MLLM output identifies the images as depicting a glass of beer, which is correct, but it does not relate to the intended concept of 'trophy' as described in the standard answer. The explanation lacks the connection to the shared shape or analogy with a trophy, thus failing to fully align with the standard reasoning."
}

Judge results for folder trophy(invisible, sports, mutual elements, NA, English) updated.
Folder: popcorn(invisible, food, mutual elements, NA, English)
{
    "score_4o": "0",
    "score_reason": "The MLLM's output incorrectly identifies both images as piles of cauliflower without any reference to the metaphorical resemblance to popcorn or the movie-going context associated with cinecameras. This response misses the thematic link completely, thus containing factual errors."
}

Judge results for folder popcorn(invisible, food, mutual elements, NA, English) updated.
Folder: christmasbauble(invisible, culture, mutual elements, NA, English)
{
    "score_4o": "2",
    "score_reason": "The MLLM output focuses on 'bomb with a lit fuse' and explains them as related to the theme of explosives and danger. This is a broad interpretation not related to the standard answer, which emphasizes a visual similarity to Christmas baubles and a fir tree. Although the explanation does not contain factual errors, it does not align with the standard answer about the nuanced resemblance to Christmas baubles."
}

Judge results for folder christmasbauble(invisible, culture, mutual elements, NA, English) updated.
Folder: banana(invisible, cartoon or game, mutual elements, NA, English)
{
    "score_4o": "2",
    "score_reason": "The MLLM's output focuses on the identical nature of the images, stating that they depict 'the same image,' which is an observation directly gained from the image pair itself. It doesn't mention the key reasoning standard answer provided regarding 'banana', its shape resemblance with the boomerang, or its pairing with strawberries."
}

Judge results for folder banana(invisible, cartoon or game, mutual elements, NA, English) updated.
Folder: coconut(invisible, stuff, mutual elements, NA, English)
{
    "score_4o": "2",
    "score_reason": "The MLLM's output captures a general similarity between the two objects by identifying them as 'balls,' focusing on their physical appearance. However, it does not align with the more specific relationship described in the standard answer, which connects the bowling ball to a coconut based on shape resemblance and linkage to a palm tree. The MLLM's explanation lacks the intended reasoning connecting the two images."
}

Judge results for folder coconut(invisible, stuff, mutual elements, NA, English) updated.
Folder: bottle(invisible, stuff, mutual elements, NA, English)
{
    "score_4o": "2",
    "score_reason": "The MLLM's output identifies 'colorful' as the relation based on the visibility of the images, which is very broad and doesn't match the specific connection of 'bottle' in the standard answer. While there is a thematic similarity of 'color' in both images as described, it does not address the shape-related reasoning in the standard answer."
}

Judge results for folder bottle(invisible, stuff, mutual elements, NA, English) updated.
Folder: butterfly(invisible, animal, mutual elements, NA, English)
{
    "score_4o": "2",
    "score_reason": "The MLLM's output focuses on the pattern similarity in both images, 'Pattern,' which is not aligned with the standard answer focusing on the relation to 'butterfly.' The explanation does not match the standard reasoning and lacks the metaphoric connection mentioned in the standard answer. Still, it correctly identifies the visual pattern present in both images, which does not contain any factual hallucinations."
}

Judge results for folder butterfly(invisible, animal, mutual elements, NA, English) updated.
Folder: lobster(invisible, food, mutual elements, NA, English)
{
    "score_4o": "1",
    "score_reason": "The MLLM output describes both images as showing 'the same pair of red boxing gloves' and concludes that the relation is 'The same image'. It does not align with the standard answer, which is 'lobster.' The explanation provided by MLLM does not refer to any information that supports the comparison to a lobster or mention sushi, showing a clear lack of alignment with the intended reasoning."
}

Judge results for folder lobster(invisible, food, mutual elements, NA, English) updated.
Folder: antlers(invisible, animal, mutual elements, NA, English)
{
    "score_4o": "2",
    "score_reason": "The MLLM's output focuses on the material similarity ('Both are wood'), while the standard answer emphasizes a visual resemblance ('antlers'). Although both responses correctly describe the images as involving wood, the MLLM fails to capture the visual metaphor intended in the standard answer."
}

Judge results for folder antlers(invisible, animal, mutual elements, NA, English) updated.
Folder: rainbow(invisible, phenomenon, mutual elements, NA, English)
{
    "score_4o": "2",
    "score_reason": "The MLLM's output correctly identifies that both images depict a similar bridge, but it lacks the deeper symbolic connection represented by the 'rainbow' concept in the standard answer. While the explanation focuses on the physical appearance of the bridge, it does not address the thematic relation to rainbows."
}

Judge results for folder rainbow(invisible, phenomenon, mutual elements, NA, English) updated.
Folder: atomicbomb(invisible, history, mutual elements, NA, English)
{
    "score_4o": "1",
    "score_reason": "The MLLM's output is unable to establish a connection between the images and an atomic bomb. The response identifies the two images as the same object, 'a broccoli,' and provides a simple explanation, which doesn't address the intended metaphorical or visual link to an atomic bomb."
}

Judge results for folder atomicbomb(invisible, history, mutual elements, NA, English) updated.
Folder: surfboard(invisible, stuff, mutual elements, NA, English)
{
    "score_4o": "2",
    "score_reason": "The MLLM correctly identifies the objects as ironing boards and explains their function, but it fails to make the broader conceptual connection to 'surfboard' as outlined in the standard answer. The answer is too literal and lacks the analogy related to the shape and use of a surfboard found in the standard answer."
}

Judge results for folder surfboard(invisible, stuff, mutual elements, NA, English) updated.
Folder: mascara(invisible, stuff, mutual elements, NA, English)
{
    "score_4o": "0",
    "score_reason": "The MLLM describes the images as depicting the 'same object,' specifically a 'metal brush with a long handle and a round brush head,' which suggests a factuality hallucination since the standard answer relates the images to 'mascara' and makeup applications rather than cleaning tools. The MLLM's explanation is not consistent with the standard reasoning of makeup products' similarity."
}

Judge results for folder mascara(invisible, stuff, mutual elements, NA, English) updated.
Folder: ship(invisible, stuff, mutual elements, NA, English)
{
    "score_4o": "0",
    "score_reason": "The MLLM's explanation is a factual hallucination as it incorrectly describes the content of the images and their relation. The standard answer highlights the visual similarity to a ship, which the MLLM fails to address, offering instead a superficial description focused on their functional similarity as ironing tools."
}

Judge results for folder ship(invisible, stuff, mutual elements, NA, English) updated.
Folder: rocket(invisible, STEM, mutual elements, NA, English)
{
    "score_4o": "2",
    "score_reason": "The MLLM correctly identifies that both images feature bullets, but fails to recognize the broader thematic connection to 'rocket' as presented in the standard answer. Its explanation is limited to the basic description of bullets without connecting them to rockets or their shared design purpose in propulsion."
}

Judge results for folder rocket(invisible, STEM, mutual elements, NA, English) updated.
Folder: toilet(invisible, stuff, mutual elements, NA, English)
{
    "score_4o": "2",
    "score_reason": "The MLLM output identifies the images as being the same, which is technically accurate, but it fails to establish the intended thematic relationship specified in the standard answer. The explanation focuses on the visual elements of the can, lacking connection to the broader context related to 'toilet' as discussed in the standard answer."
}

Judge results for folder toilet(invisible, stuff, mutual elements, NA, English) updated.
Folder: sphinx(invisible, myth, mutual elements, NA, English)
{
    "score_4o": "0",
    "score_reason": "The MLLM output provides an incorrect explanation by focusing on the superficial similarity of the images ('The same') and the scene, without addressing the deeper cultural or symbolic connection to the 'sphinx' as outlined in the standard answer. The MLLM fails to acknowledge any link to the 'Egyptian Sphinx' or to the cultural significance related to cats and the Sphinx, demonstrating factuality hallucination in understanding the intended relationship."
}

Judge results for folder sphinx(invisible, myth, mutual elements, NA, English) updated.
Folder: starfish(invisible, animal, mutual elements, NA, English)
{
    "score_4o": "0",
    "score_reason": "The MLLM output incorrectly identifies the images as depicting 'ceiling fans with five wooden blades' and claims they are the same object, failing to recognize the symbolism of the starfish pattern in both images. This is a factual error as the standard answer associates the ceiling fan and a conch with the star-like patterns of a starfish, which is not acknowledged in the MLLM response."
}

Judge results for folder starfish(invisible, animal, mutual elements, NA, English) updated.
Folder: slide(invisible, stuff, mutual elements, NA, English)
{
    "score_4o": "0",
    "score_reason": "The MLLM includes factual errors in its explanation by misidentifying the correct relationship between the images. It inaccurately claims that both images depict celery sticks, missing the intended connection to the concept of a 'slide.' The standard answer explains this with reference to a playground context, which the MLLM fails to identify."
}

Judge results for folder slide(invisible, stuff, mutual elements, NA, English) updated.
Folder: chalk(invisible, stuff, mutual elements, NA, English)
{
    "score_4o": "2",
    "score_reason": "The MLLM output identifies the cigarette images as being the same, which is not directly related to the standard answer's interpretation, 'chalk.' The response lacks the conceptual connection to 'chalk,' mentioning only the physical appearance without deeper thematic reasoning. The given explanation does not align with the standard answer's intended theme."
}

Judge results for folder chalk(invisible, stuff, mutual elements, NA, English) updated.
Folder: hourglass(invisible, time, mutual elements, NA, English)
{
    "score_4o": "0",
    "score_reason": "The MLLM's response that the two images are identical is factually incorrect, as the standard answer references a corset and a stopwatch. Additionally, it fails to address the thematic connection regarding the 'hourglass' as intended in the standard answer."
}

Judge results for folder hourglass(invisible, time, mutual elements, NA, English) updated.
Folder: cow(invisible, animal, mutual elements, NA, English)
{
    "score_4o": "0",
    "score_reason": "The MLLM's response indicates that the two images are identical, showing the same Dalmatian dog. However, the standard answer explains a conceptual link between the visual similarity of a Dalmatian's spots and a cow, and associates milk with cows. The MLLM's answer does not address this conceptual theme and instead focuses on the literal appearance of the images without considering the intended relationship."
}

Judge results for folder cow(invisible, animal, mutual elements, NA, English) updated.
Folder: triangle(invisible, music, mutual elements, NA, English)
{
    "score_4o": "2",
    "score_reason": "The MLLM's output accurately identifies both images as triangles with a black outline, which aligns with the literal depiction of the images. However, it does not delve into the more abstract connection presented in the standard answer, which involves the triangle musical instrument and musical notes. Therefore, the explanation remains too broad and lacks the relevant facts present in the standard answer."
}

Judge results for folder triangle(invisible, music, mutual elements, NA, English) updated.
Folder: watermill(invisible, stuff, mutual elements, NA, English)
{
    "score_4o": "1",
    "score_reason": "The MLLM responds with 'Same image,' stating that both images depict the same Ferris wheel, which is inaccurate according to the standard answer. The explanation lacks the connection between the Ferris wheel and the watermill, and it also misses the agricultural context involving wheat and watermills. This response displays a fundamental misunderstanding of the intended relationship."
}

Judge results for folder watermill(invisible, stuff, mutual elements, NA, English) updated.
Folder: phonograph(invisible, music, mutual elements, NA, English)
{
    "score_4o": "1",
    "score_reason": "The MLLM responds by stating that the two images are identical and depict the same pink flower with a green stem, which suggests an oversight or lack of recognition of the different images. This response aligns with the outcome 'Unknown connection' or uncertainty since it does not address the standard answer or reasoning related to 'phonograph.'"
}

Judge results for folder phonograph(invisible, music, mutual elements, NA, English) updated.
Folder: scar(invisible, sports, mutual elements, NA, English)
{
    "score_4o": "1",
    "score_reason": "The MLLM responds with 'Same image,' indicating that both images depict the same football, and provides an explanation that highlights a lack of difference between them. However, it does not identify the standard answer's intended conceptual relationship between football and scar."
}

Judge results for folder scar(invisible, sports, mutual elements, NA, English) updated.
Folder: battery(invisible, STEM, mutual elements, NA, English)
{
    "score_4o": "0",
    "score_reason": "The MLLM output suggests an explanation based on the depiction of rolls of film, while the standard answer discusses the visual similarity of the film can to a battery and includes the concept of a circuit board related to batteries. The reasoning provided by MLLM does not align with the standard answer as it fails to address the intended connection to 'battery' and includes incorrect assumptions regarding the images."
}

Judge results for folder battery(invisible, STEM, mutual elements, NA, English) updated.
Folder: CD(invisible, music, mutual elements, NA, English)
{
    "score_4o": "2",
    "score_reason": "The MLLM's explanation that both images are 'identical' due to the similar depiction of fried eggs is not sufficient to fully capture the deeper conceptual relationship highlighted in the standard answer about symbolism and visual correlation to 'CD'. The MLLM's answer lacks contextual insight beyond the direct visual; however, the description of images as identical is valid in a superficial observation sense, without introducing factual errors."
}

Judge results for folder CD(invisible, music, mutual elements, NA, English) updated.
Folder: fireextinguisher(invisible, STEM, mutual elements, NA, English)
{
    "score_4o": "2",
    "score_reason": "The MLLM's output identifies both images as identical blue gas canisters, missing the connection to the broader theme of fire extinguishers in the standard answer. It accurately describes the objects visually, but doesn't align with the reasoning or explanation of how these are related to fire control as portrayed in the standard answer."
}

Judge results for folder fireextinguisher(invisible, STEM, mutual elements, NA, English) updated.
Folder: elephant(invisible, animal, mutual elements, NA, English)
{
    "score_4o": "0",
    "score_reason": "The MLLM's output incorrectly identifies both images as depicting metal watering cans with no further contextual connection or metaphorical reasoning. It fails to recognize the conceptual link to 'elephant' described in the standard answer, which involves metaphorical representation rather than literal depiction. Therefore, the explanation contains erroneous information in relation to the intended theme."
}

Judge results for folder elephant(invisible, animal, mutual elements, NA, English) updated.
Folder: hat(invisible, stuff, mutual elements, NA, English)
{
    "score_4o": "0",
    "score_reason": "The MLLM's explanation focuses on the identical nature of two images depicting shiny gold bells, stating they are identical without differences. It fails to establish a connection with the 'hat' concept in the standard answer and includes an erroneous assessment, as the standard answer does not reference the bells being identical. Therefore, the response does not align with the standard answer and hallucinates the content by focusing on the identicality of the bells instead of the conceptual relation to a hat."
}

Judge results for folder hat(invisible, stuff, mutual elements, NA, English) updated.
Folder: moon(invisible, sports, mutual elements, NA, English)
{
    "score_4o": "0",
    "score_reason": "The MLLM output incorrectly identifies the images' relation as 'Golf ball,' focusing solely on the literal objects depicted (a white golf ball on a tee) and missing the thematic connection to the 'moon' provided in the standard answer. Additionally, the explanation fails to address the standard reasoning related to the moon's round shape and the astronaut's association with space exploration, which are key elements in deriving the intended relation."
}

Judge results for folder moon(invisible, sports, mutual elements, NA, English) updated.
Folder: balloons(invisible, food, mutual elements, NA, English)
{
    "score_4o": "0",
    "score_reason": "The MLLM's response inaccurately identifies both images as depicting the same object, green grapes, and does not address the relationship with balloons as described in the standard answer. It also incorrectly describes the content and reasoning, leading to a misunderstanding of the intended theme."
}

Judge results for folder balloons(invisible, food, mutual elements, NA, English) updated.
Folder: hairdryer(invisible, stuff, mutual elements, NA, English)
{
    "score_4o": "1",
    "score_reason": "The MLLM's response shows a misunderstanding of the images by repeatedly describing both items as a black handgun, and stating that the relation between them is 'the same,' without addressing the intended creative or thematic connection ('hairdryer'). This response expresses a form of uncertainty, but since it consistently repeats the wrong perception without diverging into factual errors, the score reflects a lack of identification rather than hallucination."
}

Judge results for folder hairdryer(invisible, stuff, mutual elements, NA, English) updated.
Folder: glasses(invisible, stuff, mutual elements, NA, English)
{
    "score_4o": "2",
    "score_reason": "The MLLM's output focuses on the identical nature of the two images, both depicting a pair of silver handcuffs, which is correct in the literal interpretation of the images. However, it misses the thematic connection to 'glasses' as outlined in the standard answer. The explanation remains too specific to the identical aspect without relating to the analogy or reasoning given in the standard answer."
}

Judge results for folder glasses(invisible, stuff, mutual elements, NA, English) updated.
Folder: calculator(invisible, STEM, mutual elements, NA, English)
{
    "score_4o": "2",
    "score_reason": "The MLLM output identifies the objects in both images as 'black cell phones with a keypad,' and describes them as 'the same object.' However, the standard answer relates them to a 'calculator,' highlighting a resemblance in shape and function. The MLLM's interpretation lacks connection to the deeper relationship as a calculator."
}

Judge results for folder calculator(invisible, STEM, mutual elements, NA, English) updated.
Folder: brush(invisible, stuff, mutual elements, NA, English)
{
    "score_4o": "0",
    "score_reason": "The MLLM's explanation contains an erroneous oversight in identifying the images as the same or depicting the exact same elements, leading to the conclusion of the relation being 'Same image.' This is incorrect because it fails to identify the intended thematic relationship related to 'brush' explained in the standard answer. The MLLM's response overlooks the thematic reasoning connecting the images based on visual or conceptual similarities as provided in the standard answer (hedgehog's spines and a hairbrush), thus resulting in a factuality hallucination about the content of the images."
}

Judge results for folder brush(invisible, stuff, mutual elements, NA, English) updated.
Folder: microphone(invisible, stuff, mutual elements, NA, English)
{
    "score_4o": "0",
    "score_reason": "The MLLM output incorrectly insists that the images are identical and both depict ice cream cones, without uncovering the metaphorical or thematic connection to 'microphone.' The standard answer identifies a resemblance between the ice cone shape and a microphone, as well as the association of headphones with audio equipment. The MLLM's factual error lies in failing to establish the intended relation, leading to a hallucinated interpretation."
}

Judge results for folder microphone(invisible, stuff, mutual elements, NA, English) updated.
Folder: baseballcap(invisible, stuff, mutual elements, NA, English)
{
    "score_4o": "2",
    "score_reason": "The MLLM's output simply describes the images of two igloos and identifies their relation as 'Igloo.' While this is factual and not erroneous, it does not address the specific conceptual connection to the 'baseball cap' as described in the standard answer. Thus, it lacks relevant reasoning and explanation as per the standard reference but provides general, correct descriptions of what an igloo is."
}

Judge results for folder baseballcap(invisible, stuff, mutual elements, NA, English) updated.
Folder: helicopter(invisible, STEM, mutual elements, NA, English)
{
    "score_4o": "2",
    "score_reason": "The MLLM's output identifies both images as depicting the same subject, a yellow and black dragonfly. While this is technically correct based on the visual representation, it doesn't address the conceptual relationship present in the standard answer, which connects the images to a helicopter based on design resemblances. Therefore, the reasoning diverges significantly from the standard answer."
}

Judge results for folder helicopter(invisible, STEM, mutual elements, NA, English) updated.
Folder: filmreel(invisible, stuff, mutual elements, NA, English)
{
    "score_4o": "0",
    "score_reason": "The MLLM's output inaccurately identifies the images as identical and fails to establish the correct connection between the images. The standard answer relates the cable reel to a film reel based on its shape and function, which MLLM overlooks. The MLLM instead describes the images without addressing the relevant thematic link present in the standard answer."
}

Judge results for folder filmreel(invisible, stuff, mutual elements, NA, English) updated.
Folder: collar(invisible, stuff, mutual elements, NA, English)
{
    "score_4o": "2",
    "score_reason": "The MLLM's output mentions 'Necklace' as the relation, which is technically accurate about the images content but does not align with the intended connection of 'collar.' The explanation accurately describes the necklaces but lacks the broader thematic connection to collars discussed in the standard answer."
}

Judge results for folder collar(invisible, stuff, mutual elements, NA, English) updated.
Folder: gully(invisible, stuff, mutual elements, NA, English)
{
    "score_4o": "1",
    "score_reason": "The MLLM output describes the images as 'the same red button with four holes' and claims they have 'no differences,' portraying uncertainty. It does not address the more nuanced relationship with the concept of a 'gully' presented in the standard answer."
}

Judge results for folder gully(invisible, stuff, mutual elements, NA, English) updated.
Folder: crib(invisible, stuff, mutual elements, NA, English)
{
    "score_4o": "2",
    "score_reason": "The MLLM's output focuses on the visible features of the images, describing the lid status of the tins. However, it does not address the conceptual link based on shape similarity to a crib, as provided in the standard answer. Its interpretation, while logical from a visual standpoint, is too narrow to encapsulate the reasoning described in the standard answer."
}

Judge results for folder crib(invisible, stuff, mutual elements, NA, English) updated.
Folder: pliers(invisible, stuff, mutual elements, NA, English)
{
    "score_4o": "1",
    "score_reason": "The MLLM output fails to identify the relationship of 'pliers' between the two images and, instead, misinterprets them as identical images of a crab. There is no attempt to find a deeper connection beyond the apparent similarity of the images, which leads to a score of 1 as it does not even venture a guess related to the standard answer."
}

Judge results for folder pliers(invisible, stuff, mutual elements, NA, English) updated.
Folder: railtrack(invisible, stuff, mutual elements, NA, English)
{
    "score_4o": "1",
    "score_reason": "The MLLM's output focuses on stating that the two images are identical ladders, concluding with 'The same image' as the relation. This response lacks any attempt to draw a more meaningful connection in line with the standard answer, which connects the concept to a 'railtrack.' It indicates a surface-level understanding without extending the reasoning to consider possible symbolic relations, hence deserving a score of 1 for correctly identifying them as ladders but falling short of the conceptual link."
}

Judge results for folder railtrack(invisible, stuff, mutual elements, NA, English) updated.
Folder: fairy(invisible, myth, mutual elements, NA, English)
{
    "score_4o": "2",
    "score_reason": "The MLLM output indicates that both images are of a dragonfly, which might be correct given only the appearance of the output, but misses the connection to 'fairy' that the standard answer elucidates. It focuses on describing the similarity between the two images as presenting the same subject, whereas the standard answer identifies a thematic connection, linking the concepts of both dragonfly and fairy, which the MLLM does not address."
}

Judge results for folder fairy(invisible, myth, mutual elements, NA, English) updated.
Folder: spade(invisible, culture, mutual elements, NA, English)
{
    "score_4o": "2",
    "score_reason": "The MLLM's output identifies the relationship as 'Similar,' focusing on the physical characteristics of the leaves—which are similar to what can be directly observed in the images. However, it does not address the symbolic relationship of the linden leaf to the spade as described in the standard answer. Thus, it does not align with the in-depth reasoning around the shape-similarity connection provided in the standard answer."
}

Judge results for folder spade(invisible, culture, mutual elements, NA, English) updated.
Folder: divingboard(invisible, sports, mutual elements, NA, English)
{
    "score_4o": "2",
    "score_reason": "The MLLM's response focuses on the literal objects depicted in the images (both rulers) and does not capture the metaphorical or thematic connection described in the standard answer. While its explanation about the rulers serving the same purpose is factually correct, it doesn’t align with the 'divingboard' theme of the standard answer."
}

Judge results for folder divingboard(invisible, sports, mutual elements, NA, English) updated.
Folder: pan(invisible, stuff, mutual elements, NA, English)
{
    "score_4o": "0",
    "score_reason": "The MLLM output incorrectly identifies the images as identical magnifying glasses, while completely missing the intended conceptual relation to 'pan' through their shape. This indicates a significant factual misunderstanding of the content relationship between the objects presented."
}

Judge results for folder pan(invisible, stuff, mutual elements, NA, English) updated.
Folder: horseshoe(invisible, stuff, mutual elements, NA, English)
{
    "score_4o": "2",
    "score_reason": "The MLLM's output focuses solely on the identical appearance of the two magnets, stating that both images depict the same object with no differences. It lacks any relevant analysis or thematic exploration related to the standard answer's focus on the symbolic or design-related connections involving horseshoes. The explanation doesn't align with the reasoning involving the horseshoe shape and its significance. Therefore, the output is considered too broad and lacking the intellectual rigor expected in the standard answer."
}

Judge results for folder horseshoe(invisible, stuff, mutual elements, NA, English) updated.
Folder: blowfish(invisible, animal, mutual elements, NA, English)
{
    "score_4o": "0",
    "score_reason": "The MLLM output incorrectly describes the images as 'the same,' while the standard answer establishes a thematic relationship between the spiky ball and a blowfish. The MLLM's response lacks the meaningful connection identified in the standard answer and presents factual inaccuracies regarding the intended interpretation of the images."
}

Judge results for folder blowfish(invisible, animal, mutual elements, NA, English) updated.
Folder: snail(invisible, animal, mutual elements, NA, English)
{
    "score_4o": "2",
    "score_reason": "The MLLM's response identifies the two images as identical tape measures and labels them accordingly, which is not aligned with the standard answer that identifies the 'snail' as the underlying connection. However, the notion of identical structure ('Identical') somewhat relates to the idea of similar form or shape referenced in the standard explanation. Still, it does not make the intended connection."
}

Judge results for folder snail(invisible, animal, mutual elements, NA, English) updated.
Folder: TV(invisible, stuff, mutual elements, NA, English)
{
    "score_4o": "0",
    "score_reason": "The MLLM's response contains a factual error regarding the images, as it incorrectly identifies both as depicting the same microwave scene. The standard answer ties the images to the theme of 'TV' using reasoning involving shape and context, but the MLLM fails to identify or explain any connection to TV or related themes."
}

Judge results for folder TV(invisible, stuff, mutual elements, NA, English) updated.
Folder: puzzle(invisible, art, mutual elements, NA, English)
{
    "score_4o": "2",
    "score_reason": "The MLLM's output relates both images to 'Mosaic tiles' based purely on visual content and their characteristics. While 'mosaic tiles' is a correct observation from the images, it does not align with the deeper conceptual connection 'puzzle' that the standard answer highlights. The response lacks the reasoning linked to a 'puzzle,' a pivotal point in the standard answer's explanation."
}

Judge results for folder puzzle(invisible, art, mutual elements, NA, English) updated.
Folder: rubberball(invisible, sports, mutual elements, NA, English)
{
    "score_4o": "2",
    "score_reason": "The MLLM output correctly identifies the similarity between the images as 'Same image,' containing glass marbles with swirls. However, it misses the more abstract connection suggested in the standard answer, which relates marbles' shape and properties to a 'rubberball.' It does not align with the specific standard reasoning provided."
}

Judge results for folder rubberball(invisible, sports, mutual elements, NA, English) updated.
Folder: honeycomb(invisible, animal, mutual elements, NA, English)
{
    "score_4o": "2",
    "score_reason": "The MLLM's explanation identifies both images as hexagonal, focusing on the functional relationship between a nut and a bolt. However, it misses the deeper thematic connection intended by the standard answer, which relates to the visual similarity of the hexagonal shape between a screwnut and a honeycomb, and the association of bees with honeycomb. Therefore, it lacks alignment with the standard explanation."
}

Judge results for folder honeycomb(invisible, animal, mutual elements, NA, English) updated.
Folder: croissant(invisible, food, mutual elements, NA, English)
{
    "score_4o": "0",
    "score_reason": "The MLLM's output describes the two images as identical brown slugs on a white background, which includes an erroneous explanation that does not align with the standard answer. The expected explanation relates slugs to the shape of a croissant, indicating a thematic connection rather than literal image repetition. Therefore, the MLLM's response is inaccurate regarding the intended theme and explanation."
}

Judge results for folder croissant(invisible, food, mutual elements, NA, English) updated.
Folder: octopus(invisible, animal, mutual elements, NA, English)
{
    "score_4o": "2",
    "score_reason": "The MLLM's output focuses solely on describing the two images as identical hooks, missing the intended conceptual connection to 'octopus' mentioned in the standard answer. The score reflects the broad interpretation without addressing the specific reasoning necessary for linking the hook's shape to an octopus's tentacles and suction cups."
}

Judge results for folder octopus(invisible, animal, mutual elements, NA, English) updated.
Folder: accordion(invisible, music, mutual elements, NA, English)
{
    "score_4o": "0",
    "score_reason": "The MLLM output incorrectly describes the images as featuring only a black and white fan, without addressing the key concept of 'accordion' provided in the standard answer. Additionally, it fails to draw any connection between the images and the concept of an accordion, thus demonstrating an incorrect understanding of the images and their relation."
}

Judge results for folder accordion(invisible, music, mutual elements, NA, English) updated.
Folder: banknote(invisible, business, mutual elements, NA, English)
{
    "score_4o": "2",
    "score_reason": "The MLLM's output relates the images to 'News,' which is not addressed in the standard answer. However, it correctly identifies the first image as a 'stack of newspapers' and describes the second image as a 'chat between a human and an AI assistant.' These descriptions are by themselves factual, but the reasoning related to 'banknote' in the standard answer is not evident in the MLLM's output."
}

Judge results for folder banknote(invisible, business, mutual elements, NA, English) updated.
Folder: lightbulb(invisible, stuff, mutual elements, NA, English)
{
    "score_4o": "2",
    "score_reason": "The MLLM output identifies the images as depictions of the same object, noting a yellow pear with a brown stem in each. While factually accurate in terms of what's visibly in the image, it doesn't connect to the conceptual reasoning found in the standard answer relating to 'lightbulb.' This response suggests a broad, unsupported observation without the relevant deeper link to the theme of light sources."
}

Judge results for folder lightbulb(invisible, stuff, mutual elements, NA, English) updated.
Folder: drumsticks(invisible, music, mutual elements, NA, English)
{
    "score_4o": "2",
    "score_reason": "The MLLM's output correctly describes the appearance of the pen images and identifies the relation as 'the same.' However, it does not address the broader thematic connection identified in the standard answer, which relates the shape of pens to drumsticks. The MLLM's explanation lacks the relevant facts from the standard answer, making it too narrow compared to the standard reasoning."
}

Judge results for folder drumsticks(invisible, music, mutual elements, NA, English) updated.
Folder: nun(invisible, cartoon or game, mutual elements, NA, English)
{
    "score_4o": "0",
    "score_reason": "The MLLM's output indicates that the relation is 'Identical,' which is factually incorrect as per the standard answer, which mentions 'nun.' It fails to establish any relation to nuns or the associated religious symbolism, providing an erroneous explanation that does not align with the standard reasoning. Moreover, the MLLM focuses only on the penguin without recognizing the thematic connection to nuns, which forms the correct relationship."
}

Judge results for folder nun(invisible, cartoon or game, mutual elements, NA, English) updated.
Folder: fan(invisible, stuff, mutual elements, NA, English)
{
    "score_4o": "2",
    "score_reason": "The MLLM output interprets the images as showing the 'same' subject without providing further relation, which can be considered roughly correct but is too broad compared to the standard answer's specific comparison between a peacock's tail and a fan. Additionally, it doesn't make any connection related to a fan or ventilator, as mentioned in the standard answer."
}

Judge results for folder fan(invisible, stuff, mutual elements, NA, English) updated.
Folder: umbrella(invisible, stuff, mutual elements, NA, English)
{
    "score_4o": "2",
    "score_reason": "The MLLM's output is roughly correct with respect to describing the images of mushrooms as having a 'brown cap and stem.' However, the relation 'Same' and explanation about the mushrooms being the same species are too broad and not in line with the standard answer, which relates the mushrooms' shape to umbrellas. The MLLM fails to capture the intended thematic connection to umbrellas and does not address the connection to rainy weather or the use of the cagoule."
}

Judge results for folder umbrella(invisible, stuff, mutual elements, NA, English) updated.
Folder: clam(invisible, animal, mutual elements, NA, English)
{
    "score_4o": "2",
    "score_reason": "The MLLM's output identifies the two images as 'identical pistachio nuts,' which provides a surface-level observation but misses the deeper symbolism related to 'clam' and 'pearls' outlined in the standard answer. The response suggests a simple visual resemblance without delving into the metaphorical connection to clams."
}

Judge results for folder clam(invisible, animal, mutual elements, NA, English) updated.
Folder: compass(invisible, stuff, mutual elements, NA, English)
{
    "score_4o": "2",
    "score_reason": "The MLLM's response describes the two images as identical, focusing on the pocket watch's appearance, but it does not address the underlying connection with a compass as illustrated in the standard answer. The answer is too broad and lacks relevant facts related to the concept of a compass, even though it accurately describes the images' contents."
}

Judge results for folder compass(invisible, stuff, mutual elements, NA, English) updated.
Folder: stamp(invisible, stuff, mutual elements, NA, English)
{
    "score_4o": "0",
    "score_reason": "The MLLM's output contains incorrect facts. It describes the relationship as 'Both images are blurry,' which is unrelated to the standard answer 'stamp.' The explanation given about blurriness does not align with the reasoning about the Polaroid's and mailbox's connection to stamps."
}

Judge results for folder stamp(invisible, stuff, mutual elements, NA, English) updated.
Folder: broom(invisible, stuff, mutual elements, NA, English)
{
    "score_4o": "2",
    "score_reason": "The MLLM's output summarizes the relationship as 'Animals,' which is not aligned with the standard answer 'broom.' While it correctly identifies the porcupine as an animal, it fails to capture the visual similarity to a broom and does not mention any relevant facts related to the standard answer."
}

Judge results for folder broom(invisible, stuff, mutual elements, NA, English) updated.
Folder: basketball(invisible, sports, mutual elements, NA, English)
{
    "score_4o": "0",
    "score_reason": "The MLLM includes incorrect assumptions in its response. It assumes that both images depict identical pumpkins without acknowledging the actual intended relationship, which is 'basketball.' The explanation does not connect to the concept of basketball, but rather describes the appearances of the images repetitively."
}

Judge results for folder basketball(invisible, sports, mutual elements, NA, English) updated.
Folder: ring(invisible, stuff, mutual elements, NA, English)
{
    "score_4o": "2",
    "score_reason": "The MLLM's output indicates that the two images are the same, focusing on the visual similarity between the two tires. However, it fails to capture the thematic relationship as suggested in the standard answer, which relates to the shape of a 'ring.' Therefore, it is broadly correct in highlighting similarity in visuals, but it lacks the specific connection provided in the standard reasoning."
}

Judge results for folder ring(invisible, stuff, mutual elements, NA, English) updated.
Folder: swan(invisible, animal, mutual elements, NA, English)
{
    "score_4o": "0",
    "score_reason": "The MLLM's explanation is erroneous. It focuses on the identical appearance of two bottles, which is not related to the conceptual comparison with a 'swan.' The standard answer draws a symbolic connection between the cleanser's form and a bird, particularly a swan, which the MLLM completely misses. Additionally, treating the images as identical products suggests factual hallucinations since they should conceptually relate to 'swan.'"
}

Judge results for folder swan(invisible, animal, mutual elements, NA, English) updated.
Folder: doughnut(invisible, food, mutual elements, NA, English)
{
    "score_4o": "0",
    "score_reason": "The MLLM output incorrectly states that both images depict the same life preserver and fails to recognize the actual relationship involving the shape resemblance to a doughnut. Instead, the images should have been related to a doughnut, focusing on the circular shape resemblance shared by lifesavers and muffins. This indicates a factual hallucination in the explanation."
}

Judge results for folder doughnut(invisible, food, mutual elements, NA, English) updated.
Folder: maze(invisible, stuff, mutual elements, NA, English)
{
    "score_4o": "1",
    "score_reason": "The MLLM's output incorrectly identifies 'Pipe' as the relation between the images, using a metaphorical connection that does not align with the intended theme of 'maze.' The explanation provided is not consistent with the standard answer, and the reasoning does not connect the images to the metaphorical concept of a maze. It expresses an understanding but veers significantly from the intended explanation."
}

Judge results for folder maze(invisible, stuff, mutual elements, NA, English) updated.
Folder: veins(invisible, STEM, mutual elements, NA, English)
{
    "score_4o": "2",
    "score_reason": "The MLLM's response focuses on the literal similarity between the two images—all about tree roots—without connecting to the metaphorical relation to veins, which is highlighted in the standard answer. It mentions relevant facts concerning tree roots but does not address the conceptual analogy to veins or nutrient transport."
}

Judge results for folder veins(invisible, STEM, mutual elements, NA, English) updated.
Folder: shuttlecock(invisible, sports, mutual elements, NA, English)
{
    "score_4o": "0",
    "score_reason": "The MLLM fails to identify the indirect visual metaphor between the salt shaker and a shuttlecock. Its explanation is incorrect as it states the images are identical salt shakers without recognizing the intended thematic relation to a shuttlecock. This misidentification demonstrates a lack of understanding of context, resulting in a factuality hallucination."
}

Judge results for folder shuttlecock(invisible, sports, mutual elements, NA, English) updated.
Folder: laptop(invisible, STEM, mutual elements, NA, English)
{
    "score_4o": "2",
    "score_reason": "The MLLM correctly identifies the images as cardboard boxes but fails to relate them to the concept of a laptop, which is the key relationship in the standard answer. The provided explanation is limited to obvious features of cardboard boxes, missing the deeper, intended connection to a laptop as described in the standard answer."
}

Judge results for folder laptop(invisible, STEM, mutual elements, NA, English) updated.
Folder: snake(invisible, animal, mutual elements, NA, English)
{
    "score_4o": "1",
    "score_reason": "The MLLM provides an explanation that states 'The same,' referring to the observable appearance of a hose in both images. It did not recognize or mention the suggested analogy to a snake and did not align with the intended reasoning of resembling the snake or its association with poison. The explanation lacks insight and does not demonstrate any reasoning aligned with the standard answer."
}

Judge results for folder snake(invisible, animal, mutual elements, NA, English) updated.
Folder: cheese(invisible, food, mutual elements, NA, English)
{
    "score_4o": "2",
    "score_reason": "The MLLM's output correctly identifies the objects in the images as sponges but fails to identify the intended metaphorical relationship to cheese mentioned in the standard answer. The explanation provided also focuses only on the superficial identification of sponges, without connecting to the cheese theme."
}

Judge results for folder cheese(invisible, food, mutual elements, NA, English) updated.
Folder: eraser(invisible, stuff, mutual elements, NA, English)
{
    "score_4o": "1",
    "score_reason": "The MLLM's response identifies the two images as depicting the same yellow and green sponge and characterizes them as identical. However, it does not address or relate to the intended reasoning in the standard answer regarding the sponge's texture being similar to an eraser and its association with a sharpener."
}

Judge results for folder eraser(invisible, stuff, mutual elements, NA, English) updated.
Folder: computermouse(invisible, stuff, mutual elements, NA, English)
{
    "score_4o": "2",
    "score_reason": "The MLLM output recognizes the bar of soap in both images but fails to identify the deeper connection suggested by the standard answer, which is the morphological analogy between a soap bar and a computer mouse. The response misses the conceptual link with the use of a computer mouse and a monitor, hence offering a description too broad and not aligned with the intended reasoning."
}

Judge results for folder computermouse(invisible, stuff, mutual elements, NA, English) updated.
Folder: chopsticks(invisible, stuff, mutual elements, NA, English)
{
    "score_4o": "0",
    "score_reason": "The MLLM output incorrectly identifies the relation as both images showing skis, which is factually incorrect as per the standard answer. The explanation erroneously focuses on the skis being the same object in both images, missing the intended metaphorical relationship to chopsticks and noodles."
}

Judge results for folder chopsticks(invisible, stuff, mutual elements, NA, English) updated.
Folder: mummy(invisible, history, mutual elements, NA, English)
{
    "score_4o": "0",
    "score_reason": "The MLLM output does not align with the standard answer at all. It incorrectly repeats the same phrase multiple times, suggesting that the two images are of the same green sleeping bag, which is not related to the intended reasoning about the shape of the sleeping bag resembling a mummy, nor about the connection to Egypt's ancient mummies. Additionally, the repetition of information does not contribute additional insight."
}

Judge results for folder mummy(invisible, history, mutual elements, NA, English) updated.
Folder: belt(invisible, stuff, mutual elements, NA, English)
{
    "score_4o": "2",
    "score_reason": "The MLLM output only mentions the visual similarity in terms of color and the fact that both images contain a red and white snake. However, it doesn't connect the images to the concept of a 'belt.' The explanation is focused on visually identical descriptions, not addressing the idea of resemblance to a belt shape, which is central to the standard answer's reasoning."
}

Judge results for folder belt(invisible, stuff, mutual elements, NA, English) updated.
Folder: cakeserver(invisible, stuff, mutual elements, NA, English)
{
    "score_4o": "0",
    "score_reason": "The MLLM's output is a factual hallucination as it incorrectly identifies both images as depicting the same shovel with a wooden handle and a red handle, entirely missing the actual thematic relationship involving a cake server as described in the standard answer. The imagined similarity described by the MLLM is erroneous given the correct context of the standard answer."
}

Judge results for folder cakeserver(invisible, stuff, mutual elements, NA, English) updated.
Folder: spider(invisible, animal, mutual elements, NA, English)
{
    "score_4o": "1",
    "score_reason": "The MLLM's output indicates 'The same' as the relation between the images, which expresses uncertainty or misunderstanding of the intended relationship. The explanation does not align at all with the standard answer and fails to identify the conceptual link to 'spider,' merely focusing on the identical appearance of the tables."
}

Judge results for folder spider(invisible, animal, mutual elements, NA, English) updated.
Folder: corkscrew(invisible, stuff, mutual elements, NA, English)
{
    "score_4o": "2",
    "score_reason": "The MLLM correctly identifies the presence of spiral pasta in both images and focuses on the shape, which is relevant to the explanation provided in the standard answer. However, it fails to connect these spiral forms to the central theme of a 'corkscrew,' missing the context of the bottle opener analogy in the standard answer."
}

Judge results for folder corkscrew(invisible, stuff, mutual elements, NA, English) updated.
Folder: star(invisible, phenomenon, mutual elements, NA, English)
{
    "score_4o": "0",
    "score_reason": "The MLLM output contains erroneous information, claiming that the images depict star fruit, which is not part of the standard answer. The standard answer connects the images based on the 'star' concept, relating the star-shaped fruit to the geometric form of stars, not identifying the fruit as star fruit itself. Therefore, the provided explanation deviates significantly from the standard reasoning."
}

Judge results for folder star(invisible, phenomenon, mutual elements, NA, English) updated.
Folder: face(invisible, stuff, mutual elements, NA, English)
{
    "score_4o": "1",
    "score_reason": "The MLLM's output mistakenly identifies the images as identical electrical outlets and describes them as the 'Same,' failing to identify the thematic relation 'face.' While it accurately describes what it perceives in the images, it does not address the intended conceptual connection related to 'face,' aligning with an incorrect interpretation."
}

Judge results for folder face(invisible, stuff, mutual elements, NA, English) updated.
Folder: lollipop(invisible, food, mutual elements, NA, English)
{
    "score_4o": "2",
    "score_reason": "The MLLM's output presents the relation as 'Identical,' which is technically correct in identifying that both images are of a red pushpin. However, it misses the conceptual connection to 'lollipop' described in the standard answer. The explanation correctly details the images but does not align with the reasoning needed for the intended relation."
}

Judge results for folder lollipop(invisible, food, mutual elements, NA, English) updated.
Folder: hammer(invisible, stuff, mutual elements, NA, English)
{
    "score_4o": "0",
    "score_reason": "The MLLM mistakenly assumes both images depict the same object—a wooden stamp—ignoring the critical relationship with a hammer as outlined in the standard answer. It hallucinates that the images are the same and does not establish the connection to a hammer, reflecting factual inaccuracy."
}

Judge results for folder hammer(invisible, stuff, mutual elements, NA, English) updated.
Folder: heart(invisible, STEM, mutual elements, NA, English)
{
    "score_4o": "0",
    "score_reason": "The MLLM output includes repetitive and redundant information rather than providing an analysis. Furthermore, it misses the metaphorical connection between the stone's hardness and the heart's strength, and it does not mention the stethoscope's association with the heart, as described in the standard answer. The explanation fails to address the actual nuanced relationship and instead focuses solely on the physical similarity of the images, leading to a factuality error in context."
}

Judge results for folder heart(invisible, STEM, mutual elements, NA, English) updated.
Folder: scepter(invisible, stuff, mutual elements, NA, English)
{
    "score_4o": "2",
    "score_reason": "The MLLM output identifies both images as depicting the same object, 'street light,' which is factually correct according to the images described, but fails to align with the standard answer's deeper interpretation related to 'scepter.' It doesn't address or connect to the symbolic reasoning presented in the standard answer, such as the link between streetlights and scepters. However, it correctly identifies the images without providing erroneous information."
}

Judge results for folder scepter(invisible, stuff, mutual elements, NA, English) updated.
Folder: fries(invisible, food, mutual elements, NA, English)
{
    "score_4o": "0",
    "score_reason": "The MLLM provides an explanation focusing on the similarity between two identical images, identifying them as boxes of matches with a forest scene, which is not aligned with the standard answer’s concept connecting matches to fries. The MLLM also does not mention any connection to burgers or fries."
}

Judge results for folder fries(invisible, food, mutual elements, NA, English) updated.
Folder: t-shirt(invisible, stuff, mutual elements, NA, English)
{
    "score_4o": "2",
    "score_reason": "The MLLM correctly identifies the visual similarity between the two images, noting that both depict 'a black letter T on a white background.' However, it fails to grasp the intended connection to 't-shirt' from the standard answer. The response demonstrates an observation of similarity but lacks the relevant connection to clothing, specifically 't-shirt,' found in the standard answer."
}

Judge results for folder t-shirt(invisible, stuff, mutual elements, NA, English) updated.
Folder: tent(invisible, stuff, mutual elements, NA, English)
{
    "score_4o": "2",
    "score_reason": "The MLLM's output accurately describes the images as identical, which is a reasonable interpretation of the visual content. However, it does not address the intended thematic connection to 'tent' as in the standard answer, which is based on the shape and use of items like lamps and blankets to simulate a tent. Therefore, the output is roughly correct but lacks specific alignment with the standard answer's reasoning."
}

Judge results for folder tent(invisible, stuff, mutual elements, NA, English) updated.
Folder: barbell(invisible, sports, mutual elements, NA, English)
{
    "score_4o": "0",
    "score_reason": "The MLLM's output incorrectly identifies the images as 'identical toy spaceships,' which does not correspond to the correct theme of 'barbell.' The explanation and reasoning provided do not align with the standard answer, making them factually incorrect, as they fabricate a concept not present in the images or the standard answer."
}

Judge results for folder barbell(invisible, sports, mutual elements, NA, English) updated.
Folder: mouse(invisible, animal, mutual elements, NA, English)
{
    "score_4o": "0",
    "score_reason": "The MLLM output contains a factuality hallucination, as it incorrectly identifies the images as tape dispensers when the standard answer describes them as a whiteout bottle and a mousetrap. The MLLM's explanation is based on a fabricated content, not aligning with the specified elements or relationship in the standard answer."
}

Judge results for folder mouse(invisible, animal, mutual elements, NA, English) updated.
Folder: stopsign(invisible, stuff, mutual elements, NA, English)
{
    "score_4o": "0",
    "score_reason": "The MLLM output incorrectly identifies the relationship as 'identical,' while the standard answer interprets the relationship based on conceptual resemblance and usage, namely the 'stopsign.' The MLLM's explanation does not align with the intended meaning and misinterprets the content and purpose, leading to a factuality hallucination."
}

Judge results for folder stopsign(invisible, stuff, mutual elements, NA, English) updated.
Folder: eye(invisible, stuff, mutual elements, NA, English)
{
    "score_4o": "2",
    "score_reason": "The MLLM's output correctly identifies the two images as depicting the same object, but it fails to establish the connection to 'eye' as indicated in the standard answer. Although it describes the evil eye charm accurately, it does not address the broader theme of 'eye' or mention binoculars, which are part of the reasoning in the standard answer."
}

Judge results for folder eye(invisible, stuff, mutual elements, NA, English) updated.
Folder: lighthouse(invisible, stuff, mutual elements, NA, English)
{
    "score_4o": "0",
    "score_reason": "The MLLM's response inaccurately describes the two images as depicting 'the same image' when they should demonstrate a conceptual connection to a lighthouse. It fails to address the standard reasoning regarding the vertical shape of the tower and the flashlight, which relates to the function and shape of a lighthouse. Additionally, the explanation is limited and doesn't relate to flashlights or lighthouses, diverging significantly from the standard answer."
}

Judge results for folder lighthouse(invisible, stuff, mutual elements, NA, English) updated.
Folder: syringe(invisible, stuff, mutual elements, NA, English)
{
    "score_4o": "2",
    "score_reason": "The MLLM's output identifies the objects as towers with a ball on top, and states 'They are both towers,' which is a literal description but does not capture the metaphorical or thematic relationship intended by the standard answer. The standard answer draws a connection to the concept of a syringe based on the shape and context. The MLLM's description is limited to the visual element without delving into this underlying idea."
}

Judge results for folder syringe(invisible, stuff, mutual elements, NA, English) updated.
Folder: kangaroo(invisible, animal, mutual elements, NA, English)
{
    "score_4o": "2",
    "score_reason": "The MLLM's output correctly identifies the objects in the images as green toy dinosaurs and deduces a broad commonality ('Dinosaur'). However, it doesn't capture the more nuanced relationship described in the standard answer, which connects the images to 'kangaroo.' The reasoning provided by MLLM is factual but misses the intellectual depth and specific association presented in the standard answer."
}

Judge results for folder kangaroo(invisible, animal, mutual elements, NA, English) updated.
Folder: puck(invisible, sports, mutual elements, NA, English)
{
    "score_4o": "2",
    "score_reason": "The MLLM's output suggests that both images depict the same UFO, describing the objects as silver with blue lights. However, it fails to connect these images to a broader theme such as 'puck.' The stated relation 'The same' is unrelated to the standard answer about their resemblance to a puck, and no relevant facts are provided to align with the standard reasoning. Thus, the output is too broad and lacks necessary connections to the standard answer."
}

Judge results for folder puck(invisible, sports, mutual elements, NA, English) updated.
Folder: flyswatter(invisible, stuff, mutual elements, NA, English)
{
    "score_4o": "2",
    "score_reason": "The MLLM's output identifies the images as two identical black spatulas, which is factually correct but does not align with the intended relation and explanation involving 'flyswatter' and 'mosquito.' Therefore, the answer is too focused on the visual content and does not incorporate the broader conceptual relationship conveyed in the standard answer."
}

Judge results for folder flyswatter(invisible, stuff, mutual elements, NA, English) updated.
Folder: urn(invisible, stuff, mutual elements, NA, English)
{
    "score_4o": "2",
    "score_reason": "The MLLM's output correctly identifies that both images feature a vase with colorful stripes, focusing on the visual similarities between the two objects. However, it misses the deeper metaphorical connection outlined in the standard answer that involves an urn and its association with coffins and ashes. Therefore, it only captures a broad similarity without delving into the metaphorical reasoning provided in the standard answer."
}

Judge results for folder urn(invisible, stuff, mutual elements, NA, English) updated.
Folder: trafficlights(invisible, stuff, mutual elements, NA, English)
{
    "score_4o": "0",
    "score_reason": "The MLLM output incorrectly states that the images are identical and relates them as such, failing to provide any connection to 'trafficlights' or an explanation related to their shape or significance. Furthermore, the repetition of the same statement is unhelpful and distracts from addressing the standard reasoning effectively. Therefore, it exhibits no alignment with the standard answer."
}

Judge results for folder trafficlights(invisible, stuff, mutual elements, NA, English) updated.
Folder: prison(invisible, stuff, mutual elements, NA, English)
{
    "score_4o": "2",
    "score_reason": "The MLLM output identifies the common element of 'Cage' and accurately describes two images featuring birds in cages. However, it lacks insight into the metaphorical connection 'prison' as outlined in the standard answer. The explanation doesn't connect to the broader concept of imprisonment and authority represented by a gavel, which is essential in the standard answer's reasoning."
}

Judge results for folder prison(invisible, stuff, mutual elements, NA, English) updated.
Folder: seesaw(invisible, stuff, mutual elements, NA, English)
{
    "score_4o": "2",
    "score_reason": "The MLLM identified the relation as 'Identical' based on the visual similarity of the two images, which accurately describes the content of the images. However, it lacks the deeper conceptual connection to 'seesaw' as provided in the standard answer. The reasoning around the visual similarity to a seesaw and its relation to playground is missing."
}

Judge results for folder seesaw(invisible, stuff, mutual elements, NA, English) updated.
Folder: brain(invisible, STEM, mutual elements, NA, English)
{
    "score_4o": "3",
    "score_reason": "The MLLM's output identifies the relationship between the walnut and the brain as due to their 'similar shape,' which aligns with the standard answer's 'resemblance in texture.' However, the explanation lacks the additional connection that the 'skeleton is the supporting structure for the brain.' Therefore, it captures the essence of the visual similarity but is incomplete in covering all connections found in the standard answer."
}

Judge results for folder brain(invisible, STEM, mutual elements, NA, English) updated.
Folder: turtle(invisible, animal, mutual elements, NA, English)
{
    "score_4o": "2",
    "score_reason": "The MLLM's output successfully identifies that both images illustrate military helmets with a camouflage pattern. However, it fails to recognize or connect the broader metaphorical relationship to 'turtle,' as highlighted in the standard answer, which emphasizes similarity in protective features and camouflage abilities between helmets and turtles."
}

Judge results for folder turtle(invisible, animal, mutual elements, NA, English) updated.
Folder: camera(invisible, stuff, mutual elements, NA, English)
{
    "score_4o": "0",
    "score_reason": "The MLLM's output incorrectly states that both images are identical and repeats this statement multiple times, indicating a lack of depth in explanation. Additionally, it fails to capture the intended relationship between the washer and the camera as described in the standard answer. The MLLM's repetition and lack of relevant explanation suggest an inadequate comprehension of the intended connection."
}

Judge results for folder camera(invisible, stuff, mutual elements, NA, English) updated.
Folder: cottoncandy(invisible, food, mutual elements, NA, English)
{
    "score_4o": "0",
    "score_reason": "The MLLM incorrectly identifies the images as piles of cotton balls and states their relation as 'Cotton balls,' repeating this description multiple times. It fails to recognize the connection to 'cotton candy' and does not mention any relevant facts or reasoning provided in the standard answer about the shape or spinning action resembling a cotton candy machine. This indicates a factual hallucination regarding the image content."
}

Judge results for folder cottoncandy(invisible, food, mutual elements, NA, English) updated.
Folder: pizza(invisible, food, mutual elements, NA, English)
{
    "score_4o": "0",
    "score_reason": "The MLLM output incorrectly identifies the relationship as 'the same,' focusing solely on the visual similarity between two wooden wagon wheels. It fails to capture the thematic connection to 'pizza,' as indicated in the standard answer. Furthermore, the explanation lacks reference to any similarities between the wheel and pizza or the significance of an oven, resulting in a factual hallucination as it does not align with the standard reasoning."
}

Judge results for folder pizza(invisible, food, mutual elements, NA, English) updated.
Folder: crosswalk(invisible, location, mutual elements, NA, English)
{
    "score_4o": "1",
    "score_reason": "The MLLM's output states that the relation between the two images is 'Same,' which is unrelated to the intended standard answer 'crosswalk.' It fails to mention any relevant facts about the resemblance between zebra stripes and a crosswalk, thus showing no connection to the reasoning of the standard answer."
}

Judge results for folder crosswalk(invisible, location, mutual elements, NA, English) updated.
Folder: cane(invisible, stuff, mutual elements, NA, English)
{
    "score_4o": "2",
    "score_reason": "The MLLM output identifies the images as related to 'Bamboo,' which reflects the visual content but fails to connect them to the intended relationship of 'cane' mentioned in the standard answer. The explanation provides details on bamboo generally but lacks reference to the explanation around sugar cane and the use of a cane for mobility, as indicated in the standard reasoning."
}

Judge results for folder cane(invisible, stuff, mutual elements, NA, English) updated.
Folder: onion(invisible, food, mutual elements, NA, English)
{
    "score_4o": "1",
    "score_reason": "The MLLM identifies the images as being identical, focusing on their depiction of churches with golden domes, but expresses uncertainty regarding a broader or thematic interpretation. It doesn't connect any relevant facts or conclusions from the standard answer, which relates to onion domes, overlapping with the shape of an onion. The response suggests a lack of certainty or broader understanding, aligned with the scoring for uncertainty."
}

Judge results for folder onion(invisible, food, mutual elements, NA, English) updated.
Finish: Judge results all saved to ./VILA1.5-40b_judge.json
Finish: Combined results all saved to ./VILA1.5-40b_test_and_judge.json
