Folder: sleigh(invisible, stuff, mutual elements, NA, English)
{
    "score_4o": "2",
    "score_reason": "The MLLM relates the images by focusing on the symmetry present in both the trolley and the snowflake. While this connection is correct in terms of design symmetry, it does not align with the standard answer, which identifies the relation as 'sleigh' and explains the visual and environmental connections to a sleigh. Therefore, the MLLM's response is too broad and does not delve into the specific context provided by the standard answer."
}

Judge results for folder sleigh(invisible, stuff, mutual elements, NA, English) updated.
Folder: lock(invisible, stuff, mutual elements, NA, English)
{
    "score_4o": "2",
    "score_reason": "The MLLM's output summarizes the relationship as 'Symbolism of access,' which is related to the concept of 'lock' through the idea of access. However, it doesn't closely connect to the standard answer's theme of 'lock,' which focuses on the shapes and uses related to security. The explanation circles around a broader interpretation of access, lacking specific details on the relationship with a lock."
}

Judge results for folder lock(invisible, stuff, mutual elements, NA, English) updated.
Folder: vampire(invisible, myth, mutual elements, NA, English)
{
    "score_4o": "2",
    "score_reason": "The MLLM's output states that the two images have no connection, explaining that they represent unrelated subjects: a bat and a garlic bulb. This represents a broad and general observation without delving into relevant explanations provided in the standard answer. It does not identify the vampire theme linked to bats and garlic."
}

Judge results for folder vampire(invisible, myth, mutual elements, NA, English) updated.
Folder: trophy(invisible, sports, mutual elements, NA, English)
{
    "score_4o": "2",
    "score_reason": "The MLLM's output identifies the relation as 'Celebration,' which does not align with the specific connection described in the standard answer, 'trophy.' The standard answer emphasizes the physical shape resemblance between the beer glass and a trophy, which the MLLM misses. However, the broad theme of celebration isn't entirely irrelevant considering the context, but lacks the specificity found in the standard answer regarding shared features with a trophy."
}

Judge results for folder trophy(invisible, sports, mutual elements, NA, English) updated.
Folder: popcorn(invisible, food, mutual elements, NA, English)
{
    "score_4o": "2",
    "score_reason": "The MLLM's output identifies a relation as 'Contrasting shapes and forms,' which does not align with the standard answer 'popcorn.' It offers an explanation based on the contrasting nature of organic and technological objects, diverging from the specific context of popcorn. However, the explanation remains relevant to the images by discussing the features of the objects shown."
}

Judge results for folder popcorn(invisible, food, mutual elements, NA, English) updated.
Folder: christmasbauble(invisible, culture, mutual elements, NA, English)
{
    "score_4o": "2",
    "score_reason": "The MLLM's explanation of contrasting themes ('danger and destruction' vs. 'joy and celebration') is broadly correct but does not adequately capture the specific imagery comparison (i.e., the visual resemblance between the bomb and Christmas bauble). While it mentions opposing themes, it lacks the relevant facts and specific reasoning related to the standard answer's focus on shape and use in a Christmas context."
}

Judge results for folder christmasbauble(invisible, culture, mutual elements, NA, English) updated.
Folder: banana(invisible, cartoon or game, mutual elements, NA, English)
{
    "score_4o": "2",
    "score_reason": "The MLLM's output identifies 'Color Contrast' as the relation, which is too broad and does not align with the standard answer 'banana.' The explanation focuses on color contrast, failing to mention the more specific connection related to the shape of the boomerang resembling a banana and the common pairing of strawberries and bananas, which are key aspects of the standard reasoning."
}

Judge results for folder banana(invisible, cartoon or game, mutual elements, NA, English) updated.
Folder: coconut(invisible, stuff, mutual elements, NA, English)
{
    "score_4o": "2",
    "score_reason": "The MLLM's response identifies a theme of 'contrast,' which doesn't align with the specific connection of 'coconut' found in the standard answer, where the round shape of the bowling ball is likened to a coconut and the palm tree is related to where coconuts grow. The explanation is correct regarding contrast but lacks the specific relationship regarding coconuts, which is noted in the standard answer."
}

Judge results for folder coconut(invisible, stuff, mutual elements, NA, English) updated.
Folder: bottle(invisible, stuff, mutual elements, NA, English)
{
    "score_4o": "2",
    "score_reason": "The MLLM's output states that there is 'No direct connection,' without identifying the visual similarity (both being tall and cylindrical, like a bottle) present in the standard answer. The lack of relevant facts and the broader explanation without engaging with the conceptual link in the standard answer reflects the MLLM's broad understanding."
}

Judge results for folder bottle(invisible, stuff, mutual elements, NA, English) updated.
Folder: butterfly(invisible, animal, mutual elements, NA, English)
{
    "score_4o": "2",
    "score_reason": "The MLLM's output identifies 'Color and pattern' as the relation, which diverges from the standard answer's 'butterfly.' While the MLLM captures some visual elements such as bold patterns and colors, it does not address the intended conceptual link to a butterfly. The explanation is too broad and does not incorporate the metaphorical reasoning involving the bowtie and the beetle as related to a butterfly."
}

Judge results for folder butterfly(invisible, animal, mutual elements, NA, English) updated.
Folder: lobster(invisible, food, mutual elements, NA, English)
{
    "score_4o": "2",
    "score_reason": "The MLLM output describes a 'contrast of forms and purposes' and focuses on the differences in physical form and purpose between boxing gloves and sushi. However, it does not address any specific facts related to the standard answer, such as the visual resemblance of boxing gloves to lobster claws or the association of sushi with seafood like lobsters. While the idea of skills and purposes is broadly correct, it lacks the specific elements tying the images to 'lobster' as in the standard answer."
}

Judge results for folder lobster(invisible, food, mutual elements, NA, English) updated.
Folder: antlers(invisible, animal, mutual elements, NA, English)
{
    "score_4o": "2",
    "score_reason": "The MLLM's output acknowledges the natural elements of the images, but it does not capture the specific relationship of 'antlers,' failing to highlight the visual resemblance between the branch and the deer's antlers as indicated in the standard answer. The explanation lacks the focused reasoning and connection present in the standard response."
}

Judge results for folder antlers(invisible, animal, mutual elements, NA, English) updated.
Folder: rainbow(invisible, phenomenon, mutual elements, NA, English)
{
    "score_4o": "2",
    "score_reason": "The MLLM's output suggests 'weather' as the relation due to the images representing weather elements and a wooden bridge, which can be influenced by weather. However, it doesn't establish the specific and intended connection of 'rainbow' depicted in the standard answer. The explanation is too broad and does not capture the visual similarity between a bridge and a rainbow's arc, a crucial aspect of the standard answer's reasoning."
}

Judge results for folder rainbow(invisible, phenomenon, mutual elements, NA, English) updated.
Folder: atomicbomb(invisible, history, mutual elements, NA, English)
{
    "score_4o": "2",
    "score_reason": "The MLLM's output relates the images to 'nuclear food processing,' which is a different concept from the standard answer's 'atomic bomb.' The explanation inaccurately focuses on food processing using radiation rather than the visual similarity between broccoli and an atomic bomb's mushroom cloud. Thus, it captures some broad themes of radiation but lacks the specific imagery connection highlighted by the standard answer."
}

Judge results for folder atomicbomb(invisible, history, mutual elements, NA, English) updated.
Folder: surfboard(invisible, stuff, mutual elements, NA, English)
{
    "score_4o": "2",
    "score_reason": "The MLLM output identifies a broad concept of 'Laundry' as the relation, which does not align with the specific connection 'surfboard' in the standard answer. Although the explanation provided is logical concerning clothing care, it lacks the reasoning about shapes and uses that links both images to a surfboard, which would make the reasoning complete as per the standard answer."
}

Judge results for folder surfboard(invisible, stuff, mutual elements, NA, English) updated.
Folder: mascara(invisible, stuff, mutual elements, NA, English)
{
    "score_4o": "2",
    "score_reason": "The MLLM's output mentions a relation of 'Cleanliness and beauty,' which is not aligned with the standard answer 'mascara.' The explanation does not mention the facts related to the shape and usage similarity with mascara. However, it correctly identifies the connection of both images to themes of beauty."
}

Judge results for folder mascara(invisible, stuff, mutual elements, NA, English) updated.
Folder: ship(invisible, stuff, mutual elements, NA, English)
{
    "score_4o": "2",
    "score_reason": "The MLLM's output suggests that the relation is based on 'Shape and form,' focusing on the visual similarity between the iron and the fish. While this does capture an aspect of the standard answer's theme, which is about shape similarity, it does not specifically relate to the concept of a 'ship,' and thus lacks the more concrete connection present in the standard answer."
}

Judge results for folder ship(invisible, stuff, mutual elements, NA, English) updated.
Folder: rocket(invisible, STEM, mutual elements, NA, English)
{
    "score_4o": "2",
    "score_reason": "The MLLM's output relates the images through the theme of 'Technology,' which is correct but too broad and lacks relevance to the specific connection highlighted in the standard answer. The standard answer focuses on the shape and purpose of rockets, which the MLLM's explanation does not address."
}

Judge results for folder rocket(invisible, STEM, mutual elements, NA, English) updated.
Folder: toilet(invisible, stuff, mutual elements, NA, English)
{
    "score_4o": "3",
    "score_reason": "The MLLM correctly identifies that both the metal can and plunger are common household items, but it fails to make the specific connection to 'toilet' mentioned in the standard answer. The explanation provided is roughly correct and acknowledges the household context, which is part of the intended reasoning."
}

Judge results for folder toilet(invisible, stuff, mutual elements, NA, English) updated.
Folder: sphinx(invisible, myth, mutual elements, NA, English)
{
    "score_4o": "2",
    "score_reason": "The MLLM output points out a color and background similarity, which is overly broad compared to the more specific 'sphinx' connection found in the standard answer. Therefore, it doesn't align with the deeper reasoning that links both images through Egyptian symbolism and context."
}

Judge results for folder sphinx(invisible, myth, mutual elements, NA, English) updated.
Folder: starfish(invisible, animal, mutual elements, NA, English)
{
    "score_4o": "2",
    "score_reason": "The MLLM's output is broadly related to the theme of 'natural elements,' but it fails to capture the specific resemblance to starfish, which is the key connection in the standard answer. Although it offers an explanation involving calming appeal and everyday use, these points don't align with the intended reasoning about the shared shape similarity between a ceiling fan, conch shell, and starfish."
}

Judge results for folder starfish(invisible, animal, mutual elements, NA, English) updated.
Folder: slide(invisible, stuff, mutual elements, NA, English)
{
    "score_4o": "2",
    "score_reason": "The MLLM's output mentions a 'color theme' as the relation, which is not directly related to the standard answer of 'slide.' However, it correctly identifies both images and provides a reasonable explanation regarding the color connection, though it lacks the reasoning linked to 'slide' as described in the standard answer."
}

Judge results for folder slide(invisible, stuff, mutual elements, NA, English) updated.
Folder: chalk(invisible, stuff, mutual elements, NA, English)
{
    "score_4o": "2",
    "score_reason": "The MLLM's output presents a connection through the theme of 'Contrast,' focusing on the negative aspects of cigarettes versus the positive connotations of a chalkboard. However, it doesn't mention the specific commonality highlighted in the standard answer, which is the resemblance in shape between a cigarette and chalk. The reasoning provided by the MLLM is unrelated to the standard explanation."
}

Judge results for folder chalk(invisible, stuff, mutual elements, NA, English) updated.
Folder: hourglass(invisible, time, mutual elements, NA, English)
{
    "score_4o": "2",
    "score_reason": "The MLLM's output relates the concepts to 'Time and control,' which is too broad and does not specifically mention key elements related to the standard answer, such as the 'hourglass' shape or concept. Although the explanation involves themes of shaping and time, it lacks the specific connections highlighted in the standard answer concerning the hourglass association."
}

Judge results for folder hourglass(invisible, time, mutual elements, NA, English) updated.
Folder: cow(invisible, animal, mutual elements, NA, English)
{
    "score_4o": "2",
    "score_reason": "The MLLM's output describes the relationship as 'Contrast in nature,' which is too broad and does not capture the specific visual similarity between the Dalmatian and the cow, as described in the standard answer. The explanation provided does not align with the reasoning expected by the standard answer, which focuses on the visual similarities and associations with a cow."
}

Judge results for folder cow(invisible, animal, mutual elements, NA, English) updated.
Folder: triangle(invisible, music, mutual elements, NA, English)
{
    "score_4o": "2",
    "score_reason": "The MLLM's output identifies a broad relationship as 'Shape and pattern,' which is somewhat related but not directly aligned with the specific link to the 'triangle' musical instrument as per the standard answer. The explanation lacks mention of the connection between the triangle shape and the musical instrument triangle, thus missing key details in the standard explanation."
}

Judge results for folder triangle(invisible, music, mutual elements, NA, English) updated.
Folder: watermill(invisible, stuff, mutual elements, NA, English)
{
    "score_4o": "2",
    "score_reason": "The MLLM's response captures the circular shape but describes the relation as 'Wheels,' which is different from the standard answer 'watermill.' While the circular shapes are mentioned, the explanation lacks connection to the theme of watermills or agriculture related to wheat, which is central in the standard answer."
}

Judge results for folder watermill(invisible, stuff, mutual elements, NA, English) updated.
Folder: phonograph(invisible, music, mutual elements, NA, English)
{
    "score_4o": "2",
    "score_reason": "The MLLM's output describes a relationship based on themes of 'vintage' and 'nostalgia,' which is too broad and not aligned with the standard answer that specifically connects both images to the concept of a 'phonograph.' Additionally, it lacks the relevant visual analogy and usage link emphasized in the standard reasoning."
}

Judge results for folder phonograph(invisible, music, mutual elements, NA, English) updated.
Folder: scar(invisible, sports, mutual elements, NA, English)
{
    "score_4o": "2",
    "score_reason": "The MLLM's response focuses on the visual texture and pattern similarity between the football and bandage, which is too broad and not directly connected to the theme 'scar' as described in the standard answer. It does not mention any facts about scars or the symbolic meanings of a patch in relation to scars."
}

Judge results for folder scar(invisible, sports, mutual elements, NA, English) updated.
Folder: battery(invisible, STEM, mutual elements, NA, English)
{
    "score_4o": "2",
    "score_reason": "The MLLM's output relates both images to 'analog technologies,' which is a broad and generalized theme not matching the specific 'battery' connection in the standard answer. There is no mention of facts or reasoning related to the visual similarity between the film can and a battery, or the use of circuits in battery components, as outlined in the standard answer."
}

Judge results for folder battery(invisible, STEM, mutual elements, NA, English) updated.
Folder: CD(invisible, music, mutual elements, NA, English)
{
    "score_4o": "2",
    "score_reason": "The MLLM's explanation centers on the idea of contrast between the cooked egg and cassette, focusing on differences in subject matter and purpose, as well as being a natural vs. man-made object. While these points are valid observations, they do not connect with the thematic link established in the standard answer ('CD'), nor do they address the reasoning related to the shapes and uses of these images. The MLLM's response is broadly correct in observing differences between the images but lacks the specific insight and reasoning provided in the standard answer."
}

Judge results for folder CD(invisible, music, mutual elements, NA, English) updated.
Folder: fireextinguisher(invisible, STEM, mutual elements, NA, English)
{
    "score_4o": "2",
    "score_reason": "The MLLM's output identifies the relationship between a gas cylinder and fire as 'flammability,' which captures a broad and plausible thematic connection but does not directly relate to the standard answer of 'fire extinguisher.' Although flammability can involve gas and fire, the reasoning provided by MLLM does not align with the standard reasoning focused on the shape and function involving a fire extinguisher."
}

Judge results for folder fireextinguisher(invisible, STEM, mutual elements, NA, English) updated.
Folder: elephant(invisible, animal, mutual elements, NA, English)
{
    "score_4o": "0",
    "score_reason": "The MLLM's output asserts there is 'None' relationship between the images and does not recognize the visual similarity or playful representation connecting the images to an elephant, as presented in the standard answer. This leads to a factual inaccuracy in the explanation, as it misses the specific rationale that links the watering can and the giraffe to the concept of an elephant."
}

Judge results for folder elephant(invisible, animal, mutual elements, NA, English) updated.
Folder: hat(invisible, stuff, mutual elements, NA, English)
{
    "score_4o": "2",
    "score_reason": "The MLLM's response indicates a connection based on 'color and texture,' which is not directly aligned with the standard answer 'hat.' However, it correctly identifies common themes between the bell and scarf (visual appeal), although it fails to mention the key relationships that would align with the standard reasoning."
}

Judge results for folder hat(invisible, stuff, mutual elements, NA, English) updated.
Folder: moon(invisible, sports, mutual elements, NA, English)
{
    "score_4o": "2",
    "score_reason": "The MLLM's output identifies the relationship as 'Contrast in environments,' which is too broad and does not align with the standard answer 'moon.' The explanation focuses on the environmental contrast between Earth and outer space, which is not directly related to the key concept of the 'moon' that connects both images in the standard answer."
}

Judge results for folder moon(invisible, sports, mutual elements, NA, English) updated.
Folder: balloons(invisible, food, mutual elements, NA, English)
{
    "score_4o": "2",
    "score_reason": "The MLLM's output claims the relation as 'Celebration and Colorfulness,' which is too broad and doesn't align with the standard answer 'balloons.' Although the explanation brings forward the idea of celebration, it lacks the specific connection between grapes and balloons mentioned in the standard answer."
}

Judge results for folder balloons(invisible, food, mutual elements, NA, English) updated.
Folder: hairdryer(invisible, stuff, mutual elements, NA, English)
{
    "score_4o": "3",
    "score_reason": "The MLLM's output identifies the relationship as 'Shape,' which aligns with the idea of similarity in form presented in the standard answer. The explanation offers a general comparison based on shape, but it doesn't specify the connection to a 'hairdryer,' which the standard answer uses as a reference shape. Therefore, while the theme of shape is similar, the explanation lacks the specific reference to a hairdryer, leading to a score of 3."
}

Judge results for folder hairdryer(invisible, stuff, mutual elements, NA, English) updated.
Folder: glasses(invisible, stuff, mutual elements, NA, English)
{
    "score_4o": "2",
    "score_reason": "The MLLM's output summarizes the concept as 'Freedom,' which appears correct in the sense that it captures a broad thematic idea. However, it fails to mention any relevant facts or reasoning related to 'glasses' that would align with the standard answer. The explanation provided doesn't connect with the specific visual aspect mentioned in the standard answer, which makes it too broad."
}

Judge results for folder glasses(invisible, stuff, mutual elements, NA, English) updated.
Folder: calculator(invisible, STEM, mutual elements, NA, English)
{
    "score_4o": "2",
    "score_reason": "The MLLM's output draws a relationship based on the concept of 'beads,' which is unrelated to the standard answer 'calculator.' The explanation provided by the MLLM, regarding the D-pad and abacus beads, lacks relevance to the standard explanation, which focuses on the resemblance to a calculator. It indicates a separate line of reasoning without aligning with the key facts presented in the standard answer."
}

Judge results for folder calculator(invisible, STEM, mutual elements, NA, English) updated.
Folder: brush(invisible, stuff, mutual elements, NA, English)
{
    "score_4o": "2",
    "score_reason": "The MLLM's output establishes a relationship based on 'shapes,' focusing on the similar shapes of the hedgehog and hairclip. However, it does not mention the key concept of a 'brush' which is central to the standard answer. While both responses reference the elongated, pointed shapes, the MLLM's explanation diverges from the reasoning in the standard answer that emphasizes the functional and conceptual link to a brush."
}

Judge results for folder brush(invisible, stuff, mutual elements, NA, English) updated.
Folder: microphone(invisible, stuff, mutual elements, NA, English)
{
    "score_4o": "2",
    "score_reason": "The MLLM's response focuses on a broad concept of 'Contrast of leisure and audio experiences,' which is not directly related to the specific relationship identified in the standard answer, 'microphone.' The explanation diverges by emphasizing entertainment and sensory experiences rather than the shape and function alignment described in the standard answer."
}

Judge results for folder microphone(invisible, stuff, mutual elements, NA, English) updated.
Folder: baseballcap(invisible, stuff, mutual elements, NA, English)
{
    "score_4o": "2",
    "score_reason": "The MLLM's output describes the theme as 'Sports and recreation,' which is quite broad and does not align with the standard answer's relation of 'baseballcap.' The explanation doesn't address the visual similarity between an igloo and a baseball cap, which is central to the standard answer. There is a very loose connection on the theme of human activities, but it's not directly related to the intended reasoning."
}

Judge results for folder baseballcap(invisible, stuff, mutual elements, NA, English) updated.
Folder: helicopter(invisible, STEM, mutual elements, NA, English)
{
    "score_4o": "2",
    "score_reason": "The MLLM's output describes the relationship as 'Color and Design', focusing on the similarity of colors and designs between the dragonfly and the car. While the streamlined design aspect slightly hints at the intended connection to a helicopter, it does not fully align with the standard answer's focus on the resemblance of the insect's wings and car's wheels to a helicopter's design."
}

Judge results for folder helicopter(invisible, STEM, mutual elements, NA, English) updated.
Folder: filmreel(invisible, stuff, mutual elements, NA, English)
{
    "score_4o": "2",
    "score_reason": "The MLLM output highlights a relationship related to 'Film Production and Equipment,' which correctly points out that both the generator and clapperboard are used in filmmaking. However, it misses the specific connection noted in the standard answer about the circular shape of a cable reel resembling a film reel. Additionally, it fails to mention the film timer entirely, which is a key element in the standard explanation."
}

Judge results for folder filmreel(invisible, stuff, mutual elements, NA, English) updated.
Folder: collar(invisible, stuff, mutual elements, NA, English)
{
    "score_4o": "2",
    "score_reason": "The MLLM's output identifies the relationship as 'Golden color,' which is correct in terms of describing a shared visual feature. However, it lacks the deeper, somewhat metaphorical insight relating to 'collar,' as addressed in the standard answer. The explanation does not incorporate any reasoning aspects from the standard answer, such as the similarity in shape between the necklace and a dog's collar."
}

Judge results for folder collar(invisible, stuff, mutual elements, NA, English) updated.
Folder: gully(invisible, stuff, mutual elements, NA, English)
{
    "score_4o": "2",
    "score_reason": "The MLLM output identifies 'Circular shape' as the relation, which is a broad and surface-level observation, while the standard answer delves into a specific comparison with a 'gully.' The explanation by the MLLM focuses on the circularity of the objects rather than the symbolic or functional interpretation suggested in the standard answer."
}

Judge results for folder gully(invisible, stuff, mutual elements, NA, English) updated.
Folder: crib(invisible, stuff, mutual elements, NA, English)
{
    "score_4o": "2",
    "score_reason": "The MLLM's output provides a broad connection of 'Innocence and new beginnings,' which doesn't closely align with the specific relationship of 'crib.' It does not mention key parts of the standard answer's explanation about the shape and function related to a crib, focusing instead on abstract concepts."
}

Judge results for folder crib(invisible, stuff, mutual elements, NA, English) updated.
Folder: pliers(invisible, stuff, mutual elements, NA, English)
{
    "score_4o": "2",
    "score_reason": "The MLLM's output provides a common theme of 'Claws and Nail,' attributing sharpness and gripping function to both the crab's claws and the nail. Although it captures an interesting thematic similarity, it does not correctly identify 'pliers' as the most accurate connection given in the standard answer. While the explanation contains relevant observations about sharpness and function, it diverges from the expected reasoning relating both images to pliers."
}

Judge results for folder pliers(invisible, stuff, mutual elements, NA, English) updated.
Folder: railtrack(invisible, stuff, mutual elements, NA, English)
{
    "score_4o": "2",
    "score_reason": "The MLLM's output identifies a broad connection related to 'Industrial work,' which does not specifically align with the standard answer 'railtrack.' It does not mention any key facts related to the visual similarity or conceptual link between a ladder and a railtrack, as outlined in the standard answer."
}

Judge results for folder railtrack(invisible, stuff, mutual elements, NA, English) updated.
Folder: fairy(invisible, myth, mutual elements, NA, English)
{
    "score_4o": "2",
    "score_reason": "The MLLM's output focuses on the theme of 'Vivid Colors,' which relates to the visual characteristics of the images but doesn't align with the standard answer of 'fairy.' While the explanation details the colors of each image, it doesn't address the reasoning that involves the similarity to a fairy's features, which is central to the standard answer. The answer, therefore, is roughly correct but too broad, lacking the specific connection made in the standard answer."
}

Judge results for folder fairy(invisible, myth, mutual elements, NA, English) updated.
Folder: spade(invisible, culture, mutual elements, NA, English)
{
    "score_4o": "2",
    "score_reason": "The MLLM's output focuses on 'Color Contrast' as the relationship, which is too broad and fails to address the specific connection of 'spade' between the two images. The explanation about color contrast does not align with the intended reasoning about the shared spade shape and its connection to card games, but it maintains factual accuracy."
}

Judge results for folder spade(invisible, culture, mutual elements, NA, English) updated.
Folder: divingboard(invisible, sports, mutual elements, NA, English)
{
    "score_4o": "2",
    "score_reason": "The MLLM output inaccurately identifies 'Length Measurement' as the relation, which is too broad and does not align with the standard answer of 'divingboard.' However, it does discuss the concept of measurement related to both the ruler and the swimming pool, albeit in a generic way without connecting to the specific theme of a diving board."
}

Judge results for folder divingboard(invisible, sports, mutual elements, NA, English) updated.
Folder: pan(invisible, stuff, mutual elements, NA, English)
{
    "score_4o": "2",
    "score_reason": "The MLLM's response identifies a broad connection - 'Tools' - which is not aligned with the specific focus on 'pan' in the standard answer. Additionally, it provides general descriptions of functionality rather than focusing on the visual or functional similarities highlighted in the standard explanation regarding the shape and use of 'pan.' However, it does mention overarching functional purposes, so it is given a score of '2' for being roughly correct but too broad."
}

Judge results for folder pan(invisible, stuff, mutual elements, NA, English) updated.
Folder: horseshoe(invisible, stuff, mutual elements, NA, English)
{
    "score_4o": "2",
    "score_reason": "The MLLM's output states 'attraction' as the relationship, drawing a metaphorical link between a magnet and the appeal of dress shoes, which does not align with the more tangible 'horseshoe' connection in the standard answer. However, it doesn't show any understanding of the shared design element mentioned in the standard reasoning."
}

Judge results for folder horseshoe(invisible, stuff, mutual elements, NA, English) updated.
Folder: blowfish(invisible, animal, mutual elements, NA, English)
{
    "score_4o": "2",
    "score_reason": "The MLLM's output identifies 'Spikes, Texture' as the relation, which is overly broad and doesn't align with the 'blowfish' connection in the standard answer. While it mentions spikes, it fails to identify the specific similarity between the spiky ball and the blowfish. The explanation focuses on texture rather than connecting both images directly to the concept of a blowfish."
}

Judge results for folder blowfish(invisible, animal, mutual elements, NA, English) updated.
Folder: snail(invisible, animal, mutual elements, NA, English)
{
    "score_4o": "1",
    "score_reason": "The MLLM identifies 'None' as the relation, stating that 'the two images have no obvious relation or shared themes,' without considering the visual similarities that connect the tape rule and the frog to a snail, as outlined in the standard answer. This demonstrates the MLLM's uncertainty."
}

Judge results for folder snail(invisible, animal, mutual elements, NA, English) updated.
Folder: TV(invisible, stuff, mutual elements, NA, English)
{
    "score_4o": "2",
    "score_reason": "The MLLM output identifies the common feature of 'Gold and shine,' focusing on the reflective surfaces of both objects. Although this is a valid observation, it doesn't align with the standard answer's focus on the thematic link to TV. The reasoning in MLLM's output is more oriented towards physical appearance rather than the broader conceptual association provided in the standard answer."
}

Judge results for folder TV(invisible, stuff, mutual elements, NA, English) updated.
Folder: puzzle(invisible, art, mutual elements, NA, English)
{
    "score_4o": "2",
    "score_reason": "The MLLM's output highlights the geometric design as the relationship, a theme that is too broad and not aligned with the standard answer, which focuses on the concept of a puzzle. The explanation focuses on geometric elements, which doesn't directly address the intended reasoning related to the visual similarity to puzzle pieces and their usage related to puzzles."
}

Judge results for folder puzzle(invisible, art, mutual elements, NA, English) updated.
Folder: rubberball(invisible, sports, mutual elements, NA, English)
{
    "score_4o": "2",
    "score_reason": "The MLLM's output identifies a general similarity through 'circular or spherical shapes,' linking them through this abstract concept, which does convey some level of broad connectivity found in the standard answer. However, it does not mention any specific connection to the 'rubber ball' theme, particularly the dynamics of bouncing that directly relate to the standard explanation."
}

Judge results for folder rubberball(invisible, sports, mutual elements, NA, English) updated.
Folder: honeycomb(invisible, animal, mutual elements, NA, English)
{
    "score_4o": "2",
    "score_reason": "The MLLM's output describes a relation based on the central, circular opening of both a metal nut and a honey bee, which is a broad and vague connection. It does not align with the standard answer, which centers on the hexagonal shape similarity and association with honeycomb. Although it mentions central openings, it lacks the reasoning related to the visual and functional ties to honeycomb as in the standard answer."
}

Judge results for folder honeycomb(invisible, animal, mutual elements, NA, English) updated.
Folder: croissant(invisible, food, mutual elements, NA, English)
{
    "score_4o": "2",
    "score_reason": "The MLLM's output suggests a concept of 'contrast' between the images, which seems broadly appropriate, but does not convey the specific relationship involving 'croissant.' Additionally, it describes the images as symbolizing 'speed' and 'nature,' which lacks alignment with the standard answer's precise connection between the shapes and common pairing of croissants with coffee."
}

Judge results for folder croissant(invisible, food, mutual elements, NA, English) updated.
Folder: octopus(invisible, animal, mutual elements, NA, English)
{
    "score_4o": "2",
    "score_reason": "The MLLM's output identifies the objects in both images as hooks, focusing on their functional use for hanging, which is correct to some extent. However, it doesn't capture the more abstract visual analogy to an octopus suggested in the standard answer. There is no mention of the octopus-related reasoning that the shapes and suction features might represent. Thus, the response is too broad compared to the standard answer."
}

Judge results for folder octopus(invisible, animal, mutual elements, NA, English) updated.
Folder: accordion(invisible, music, mutual elements, NA, English)
{
    "score_4o": "2",
    "score_reason": "The MLLM output identifies a relation of 'Structure and shape,' centered on the visual similarities of curvature between the document organizer and the musical note. However, this connection is too broad and does not align with the key conceptual link of 'accordion' articulated in the standard answer. Furthermore, the explanation lacks relevant aspects of the standard reasoning which involves the accordion's structure and musical function."
}

Judge results for folder accordion(invisible, music, mutual elements, NA, English) updated.
Folder: banknote(invisible, business, mutual elements, NA, English)
{
    "score_4o": "2",
    "score_reason": "The MLLM's output suggests that both images relate to 'Monument,' connecting the stack of newspapers and coin through themes of history and representation. However, it does not align with the standard answer, which identifies a specific connection to 'banknote.' The explanation provided by the MLLM lacks relevant facts mentioned in the standard answer, such as the resemblance of stacked paper to banknotes and the financial context of coins paired with paper money."
}

Judge results for folder banknote(invisible, business, mutual elements, NA, English) updated.
Folder: lightbulb(invisible, stuff, mutual elements, NA, English)
{
    "score_4o": "2",
    "score_reason": "The MLLM output identifies a generic conceptual similarity ('rounded shape') between a pear and a candle, but it doesn't capture the specific connection to 'lightbulb' present in the standard answer. The explanation lacks the deeper insight found in the standard explanation, which links the pear's shape and the candle's light-giving function to a lightbulb."
}

Judge results for folder lightbulb(invisible, stuff, mutual elements, NA, English) updated.
Folder: drumsticks(invisible, music, mutual elements, NA, English)
{
    "score_4o": "2",
    "score_reason": "The MLLM's output describes the relationship between the images as 'Elegance and simplicity,' focusing on the aesthetic qualities, which diverges from the standard answer 'drumsticks.' While the MLLM aligns with the standard answer in terms of discussing functionality, it misses the intended connection that relates the images through the shared shape and functionality of 'drumsticks.'"
}

Judge results for folder drumsticks(invisible, music, mutual elements, NA, English) updated.
Folder: nun(invisible, cartoon or game, mutual elements, NA, English)
{
    "score_4o": "2",
    "score_reason": "The MLLM identifies a common theme of 'Black and white,' which is a broad conceptual similarity, but it does not capture the specific thematic relation to 'nun.' The explanation does not align with the standard explanation, lacking the connection of the penguin's appearance to a nun's habit and the cross as a religious symbol associated with nuns."
}

Judge results for folder nun(invisible, cartoon or game, mutual elements, NA, English) updated.
Folder: fan(invisible, stuff, mutual elements, NA, English)
{
    "score_4o": "2",
    "score_reason": "The MLLM's output mentions 'Colorfulness' as the relation, focusing on the vibrant appearance, which is too broad and does not align with the standard answer. The standard answer highlights the resemblance in shape between the fan's blades and the peacock's tail feathers, a specific and relevant fact not addressed by the MLLM. However, both responses discuss the visual appeal, albeit in different contexts."
}

Judge results for folder fan(invisible, stuff, mutual elements, NA, English) updated.
Folder: umbrella(invisible, stuff, mutual elements, NA, English)
{
    "score_4o": "2",
    "score_reason": "The MLLM's output identifies the relationship between the mushroom and raincoat as 'Natural element,' which is too broad and doesn't align with the standard answer 'umbrella.' While the explanation touches upon the presence of natural environments, it doesn't address the visual similarity of a mushroom to an umbrella or the connection of the raincoat to umbrella use in rainy weather, as outlined in the standard answer."
}

Judge results for folder umbrella(invisible, stuff, mutual elements, NA, English) updated.
Folder: clam(invisible, animal, mutual elements, NA, English)
{
    "score_4o": "2",
    "score_reason": "The MLLM output addresses 'Contrast in natural vs. crafted beauty,' which is different from the standard answer 'clam.' While it does discuss the distinct categories and beauty of a pistachio shell and a pearl necklace, it misses the specific shared shape aspect linked directly to a clam that the standard answer identifies."
}

Judge results for folder clam(invisible, animal, mutual elements, NA, English) updated.
Folder: compass(invisible, stuff, mutual elements, NA, English)
{
    "score_4o": "2",
    "score_reason": "The MLLM's output focuses on the theme 'Antique items,' emphasizing the nostalgic and historical value of the objects, which is a correct but broad sentiment. However, it does not mention the specific relationship tied to 'compass' as pointed out in the standard answer."
}

Judge results for folder compass(invisible, stuff, mutual elements, NA, English) updated.
Folder: stamp(invisible, stuff, mutual elements, NA, English)
{
    "score_4o": "2",
    "score_reason": "The MLLM output provides a broad concept by focusing on contrasting themes between city life and routine mail activities, which is different from the standard answer 'stamp'. However, it accurately describes details present in the images, though it doesn't mention facts related to the association with 'stamps' as indicated in the standard answer."
}

Judge results for folder stamp(invisible, stuff, mutual elements, NA, English) updated.
Folder: broom(invisible, stuff, mutual elements, NA, English)
{
    "score_4o": "2",
    "score_reason": "The MLLM's response identifies 'spiky' as the relation between the porcupine and the scoop, focusing on the spiky features in both images. However, it doesn't address the conceptual connection of a 'broom' as highlighted in the standard answer, which couples the porcupine's similarity to broom bristles and the functional use of a dustpan with a broom."
}

Judge results for folder broom(invisible, stuff, mutual elements, NA, English) updated.
Folder: basketball(invisible, sports, mutual elements, NA, English)
{
    "score_4o": "2",
    "score_reason": "The MLLM's output identifies 'Contrasting colors' as the relationship, which is not aligned with the theme of 'basketball' indicated in the standard answer. However, the output observes the visual elements such as color contrast, although it misses the specific contextual connection related to basketball provided in the standard answer."
}

Judge results for folder basketball(invisible, sports, mutual elements, NA, English) updated.
Folder: ring(invisible, stuff, mutual elements, NA, English)
{
    "score_4o": "3",
    "score_reason": "The MLLM output identifies the relation as 'Shape,' which corresponds closely but not exactly to the specific relation 'ring' from the standard answer. However, the explanation given by the MLLM is reasonably aligned with the standard answer, focusing on circular shapes and the visual similarities between the two images."
}

Judge results for folder ring(invisible, stuff, mutual elements, NA, English) updated.
Folder: swan(invisible, animal, mutual elements, NA, English)
{
    "score_4o": "2",
    "score_reason": "The MLLM's output suggests a concept of 'Contrast in purpose and appearance' between the images, which is not aligned with the standard answer. The standard answer points to a thematic connection involving 'swan,' focusing on form and elegance, which is absent in MLLM's explanation. However, there's no factual hallucination, and the response broadly relates to differences in perception, thus warranting a score of 2."
}

Judge results for folder swan(invisible, animal, mutual elements, NA, English) updated.
Folder: doughnut(invisible, food, mutual elements, NA, English)
{
    "score_4o": "2",
    "score_reason": "The MLLM's output describes the relation as 'Contrast,' which does not align with the standard answer of 'doughnut.' It focuses on contrasting functions, contexts, and visual appearances between the lifebuoy and muffin. However, it does not mention the key shape-related details outlined in the standard answer that connect both images to the concept of a doughnut, making the explanation too broad."
}

Judge results for folder doughnut(invisible, food, mutual elements, NA, English) updated.
Folder: maze(invisible, stuff, mutual elements, NA, English)
{
    "score_4o": "4",
    "score_reason": "The MLLM's output correctly identifies the relationship as a 'metaphorical maze,' which aligns with the standard answer 'maze.' The explanation captures the essence of both images by highlighting the intricate pipe system resembling a maze and the symbolic representation of the mouse as an explorer navigating such a maze. This interpretation is consistent with the standard answer's explanation and reasoning."
}

Judge results for folder maze(invisible, stuff, mutual elements, NA, English) updated.
Folder: veins(invisible, STEM, mutual elements, NA, English)
{
    "score_4o": "2",
    "score_reason": "The MLLM response broadly categorizes the relation as 'Connection to life,' focusing on the essential roles of the tree root and IV bag in sustaining life. However, it misses the more specific visual similarity and functional analogy cited in the standard answer, which relates to 'veins.' The explanation doesn't reflect the specific reasoning based on shape and transport function mentioned in the standard answer, but it isn't entirely unrelated either."
}

Judge results for folder veins(invisible, STEM, mutual elements, NA, English) updated.
Folder: shuttlecock(invisible, sports, mutual elements, NA, English)
{
    "score_4o": "2",
    "score_reason": "The MLLM output provides a relationship as 'contrast in function and design,' which is a correct observation but unrelated to the specific connection mentioned in the standard answer, which is 'shuttlecock.' The explanation regarding the utilitarian and sporting associations of the items lacks the reasoning related to their resemblance to 'shuttlecock' and its use in badminton as noted in the standard answer."
}

Judge results for folder shuttlecock(invisible, sports, mutual elements, NA, English) updated.
Folder: laptop(invisible, STEM, mutual elements, NA, English)
{
    "score_4o": "2",
    "score_reason": "The MLLM's response summarizes the relationship as 'Industrial design,' which is related in terms of themes like design focusing on user needs and practicality, but it does not capture the specific connection related to 'laptop' as in the standard answer. It fails to identify the resemblance between the shape of a pizza box with a laptop or the role of the motherboard within a laptop."
}

Judge results for folder laptop(invisible, STEM, mutual elements, NA, English) updated.
Folder: snake(invisible, animal, mutual elements, NA, English)
{
    "score_4o": "2",
    "score_reason": "The MLLM's output identifies the relationship as 'adventure,' which is unrelated to the standard answer, 'snake.' However, the MLLM's explanation does not include false information; it provides a thematic interpretation based on the images rather than the explicit connection of 'snake' that the standard answer outlines."
}

Judge results for folder snake(invisible, animal, mutual elements, NA, English) updated.
Folder: cheese(invisible, food, mutual elements, NA, English)
{
    "score_4o": "2",
    "score_reason": "The MLLM's response focuses on 'cleaning' as the relation between the sponge and cow, unrelated to the standard answer about 'cheese.' The explanation includes relevant facts about sponges being cleaning tools and the hygiene of cows, but it doesn't align with the reasoning and connection provided in the standard answer."
}

Judge results for folder cheese(invisible, food, mutual elements, NA, English) updated.
Folder: eraser(invisible, stuff, mutual elements, NA, English)
{
    "score_4o": "2",
    "score_reason": "The MLLM's output describes the relationship as 'Cleaning and maintenance,' which is not directly relevant to the standard answer's 'eraser' connection. However, it appropriately discusses possible uses of the tools for their respective purposes, aligning with general concepts of utility, even though it doesn't name the intended relation."
}

Judge results for folder eraser(invisible, stuff, mutual elements, NA, English) updated.
Folder: computermouse(invisible, stuff, mutual elements, NA, English)
{
    "score_4o": "2",
    "score_reason": "The MLLM's output highlights the function of the items depicted in the images, focusing on their roles in daily life, which is too broad and not closely related to the specific relationship presented in the standard answer. It does not address the concept of the soap bar's shape, nor the implied connection to a computer mouse that links the monitor to its usage."
}

Judge results for folder computermouse(invisible, stuff, mutual elements, NA, English) updated.
Folder: chopsticks(invisible, stuff, mutual elements, NA, English)
{
    "score_4o": "2",
    "score_reason": "The MLLM's output captures the theme of 'Diverse uses of color,' noting the vibrant colors in both the ski design and the stir-fried noodles. However, it does not touch upon the key relationship identified in the standard answer, which is the similarity in shape between the skis and chopsticks, and the usage of chopsticks for eating noodles. Instead, it focuses on color use, which is too broad and not closely aligned with the standard reasoning."
}

Judge results for folder chopsticks(invisible, stuff, mutual elements, NA, English) updated.
Folder: mummy(invisible, history, mutual elements, NA, English)
{
    "score_4o": "2",
    "score_reason": "The MLLM's output identifies a relationship as 'protection and comfort,' which can be seen as roughly correct and somewhat related but is too broad and not directly in line with the standard answer. It focuses on the utilitarian aspects of the objects rather than the thematic connection to 'mummy.' The explanation and reasoning provided do not address the intended connections to 'mummy' as outlined in the standard answer."
}

Judge results for folder mummy(invisible, history, mutual elements, NA, English) updated.
Folder: belt(invisible, stuff, mutual elements, NA, English)
{
    "score_4o": "2",
    "score_reason": "The MLLM's output captures the concept of 'Contrasting colors and patterns' but doesn't align with the standard relation 'belt.' It does not address or reference the reasoning that links the snake's coiled shape to the looping form of a belt and the common use of a belt with pants, as stated in the standard answer. However, it provides a broad relationship based on visual elements like colors and patterns."
}

Judge results for folder belt(invisible, stuff, mutual elements, NA, English) updated.
Folder: cakeserver(invisible, stuff, mutual elements, NA, English)
{
    "score_4o": "0",
    "score_reason": "The MLLM incorrectly describes the cake as having 'a handle-like structure for support and a pointed end in the form of a decorative swirl on top,' which is not factually accurate. The cake typically does not have these specific features, and the explanation does not align with the standard answer's correct reasoning about the shape resemblance to a cake server."
}

Judge results for folder cakeserver(invisible, stuff, mutual elements, NA, English) updated.
Folder: spider(invisible, animal, mutual elements, NA, English)
{
    "score_4o": "2",
    "score_reason": "The MLLM's output identifies a lack of connection ('None') between the two images, which doesn't align with the standard answer's identified relation ('spider'). However, it provides an accurate description of both images, yet it doesn't reference the analogy suggested in the standard answer concerning the relation with a spider."
}

Judge results for folder spider(invisible, animal, mutual elements, NA, English) updated.
Folder: corkscrew(invisible, stuff, mutual elements, NA, English)
{
    "score_4o": "2",
    "score_reason": "The MLLM identifies the relation as 'Cooking/food related,' which is a broader theme, but it does not address the specific connection of 'corkscrew' as identified in the standard answer. The explanation focuses on the practical uses of the items rather than the shape similarity emphasized in the standard reasoning."
}

Judge results for folder corkscrew(invisible, stuff, mutual elements, NA, English) updated.
Folder: star(invisible, phenomenon, mutual elements, NA, English)
{
    "score_4o": "2",
    "score_reason": "The MLLM's response identifies a general concept of 'astronomical scale' as the relationship between the images and elaborates on the scale difference between the fruit and planet. However, this doesn't align with the specific 'star' concept outlined in the standard answer. The MLLM fails to mention or directly relate the images to the geometric shape associated with a star."
}

Judge results for folder star(invisible, phenomenon, mutual elements, NA, English) updated.
Folder: face(invisible, stuff, mutual elements, NA, English)
{
    "score_4o": "2",
    "score_reason": "The MLLM output provides a broad theme of 'Safety and Health,' mentioning functions like powering devices and promoting health, but it does not touch on the specific and intended relationship highlighted in the standard answer, which involves the shape and usage related to a 'face.'"
}

Judge results for folder face(invisible, stuff, mutual elements, NA, English) updated.
Folder: lollipop(invisible, food, mutual elements, NA, English)
{
    "score_4o": "2",
    "score_reason": "The MLLM's output accurately describes the visuals, noting the colorful nature of the objects, but the connection 'Colorful objects' is too broad and does not align with the more specific relationship of 'lollipop' demonstrated in the standard answer. The explanation focuses on the colors, while the standard answer focuses on the shape and function similarities between the objects and a lollipop."
}

Judge results for folder lollipop(invisible, food, mutual elements, NA, English) updated.
Folder: hammer(invisible, stuff, mutual elements, NA, English)
{
    "score_4o": "2",
    "score_reason": "The MLLM's output identifies the concept as 'Objects used for marking or attaching,' which is too broad and does not align with the standard answer's focus on 'hammer.' The explanation does not mention any specific facts related to 'hammer,' which are present in the standard answer, such as the visual connection between a stamp and the flat head of a hammer or the use of nails with hammers."
}

Judge results for folder hammer(invisible, stuff, mutual elements, NA, English) updated.
Folder: heart(invisible, STEM, mutual elements, NA, English)
{
    "score_4o": "3",
    "score_reason": "The MLLM's output correctly identifies the thematic relation of 'Love, Care' which aligns with the imagery of the heart shape and stethoscope. However, it does not fully capture the metaphorical connection between the stone's hardness and heart strength mentioned in the standard answer."
}

Judge results for folder heart(invisible, STEM, mutual elements, NA, English) updated.
Folder: scepter(invisible, stuff, mutual elements, NA, English)
{
    "score_4o": "2",
    "score_reason": "The MLLM output identifies 'Symbolism' as the relationship, which is too broad compared to the specific connection 'scepter' in the standard answer. While it does focus on aspects of power and authority, which can be loosely related to a scepter, it fails to mention the key visual similarity between a street lamp and a scepter, which is central to the standard reasoning."
}

Judge results for folder scepter(invisible, stuff, mutual elements, NA, English) updated.
Folder: fries(invisible, food, mutual elements, NA, English)
{
    "score_4o": "2",
    "score_reason": "The MLLM's output describes the relation as 'Contrast,' which is not related to the standard answer's concept of 'fries.' The explanation of simplicity versus indulgence doesn't align with the intended reasoning regarding the shape and association of matches and fries, and fries often accompanying a burger. However, it doesn't hallucinate any information."
}

Judge results for folder fries(invisible, food, mutual elements, NA, English) updated.
Folder: t-shirt(invisible, stuff, mutual elements, NA, English)
{
    "score_4o": "2",
    "score_reason": "The MLLM's output summarizes the relation as 'color contrast,' which is too broad and unrelated to the specific relationship of 't-shirt' in the standard answer. In addition, the explanation provided does not align with the standard explanation which involves the shape of the letter T in relation to a T-shirt and its pairing with sweatpants."
}

Judge results for folder t-shirt(invisible, stuff, mutual elements, NA, English) updated.
Folder: tent(invisible, stuff, mutual elements, NA, English)
{
    "score_4o": "2",
    "score_reason": "The MLLM output provides an explanation centered on the hanging capability of both objects but misses the more precise visual and functional analogy outlined in the standard answer. Although it recognizes a commonality, it does not align with the specific 'tent' relationship described in the standard."
}

Judge results for folder tent(invisible, stuff, mutual elements, NA, English) updated.
Folder: barbell(invisible, sports, mutual elements, NA, English)
{
    "score_4o": "2",
    "score_reason": "The MLLM's output focuses on asymmetry and functionality, which appears to broadly describe the designs of a jet model and an exercise machine but lacks relevant facts connecting the images to 'barbell' as specified in the standard answer. There is no alignment with the symmetrical structure described in the standard answer, demonstrating a lack of directly related reasoning to 'barbell.'"
}

Judge results for folder barbell(invisible, sports, mutual elements, NA, English) updated.
Folder: mouse(invisible, animal, mutual elements, NA, English)
{
    "score_4o": "2",
    "score_reason": "The MLLM's output summarizes the concept as highlighting 'functionality and practicality,' which is a broader and less specific interpretation than the standard answer's 'mouse' theme. It also mentions the specific functions of the items but does not connect them to the idea of 'mouse' as the standard answer does."
}

Judge results for folder mouse(invisible, animal, mutual elements, NA, English) updated.
Folder: stopsign(invisible, stuff, mutual elements, NA, English)
{
    "score_4o": "2",
    "score_reason": "The MLLM's output identifies a common theme of regulation, linking sports equipment and traffic signs. However, it does not address the specific concept of a 'stopsign' or explain the relationship based on shape resemblance, as highlighted in the standard answer. This makes the explanation too broad and not directly related to the intended reasoning."
}

Judge results for folder stopsign(invisible, stuff, mutual elements, NA, English) updated.
Folder: eye(invisible, stuff, mutual elements, NA, English)
{
    "score_4o": "3",
    "score_reason": "The MLLM's response captures a relationship at the conceptual level related to perception and visual acuity, which can be considered roughly correct. The standard answer, however, directly ties both images to the 'eye', emphasizing the shape of the Evil Eye pearl and the functional purpose of binoculars. The MLLM's explanation aligns with the theme of vision, though it doesn't pinpoint 'eye' as the precise shared element, resulting in a score of 3 for being partly correct but incomplete."
}

Judge results for folder eye(invisible, stuff, mutual elements, NA, English) updated.
Folder: lighthouse(invisible, stuff, mutual elements, NA, English)
{
    "score_4o": "2",
    "score_reason": "The MLLM output identifies 'cylindrical structure' as the connection, which is too broad and does not address the intended relationship provided in the standard answer. The explanation focuses on the shape similarity, but it lacks relevance to the theme of 'lighthouse' which is a more nuanced understanding involving both shape and function."
}

Judge results for folder lighthouse(invisible, stuff, mutual elements, NA, English) updated.
Folder: syringe(invisible, stuff, mutual elements, NA, English)
{
    "score_4o": "2",
    "score_reason": "The MLLM output identifies a contrasting relationship between the tower structure and the pill organizer in terms of form and function, which is too broad and does not align with the more specific connection to 'syringe' in the standard answer. No mention of the medical theme is made, reflecting a lack of inclusion of relevant facts from the standard answer."
}

Judge results for folder syringe(invisible, stuff, mutual elements, NA, English) updated.
Folder: kangaroo(invisible, animal, mutual elements, NA, English)
{
    "score_4o": "2",
    "score_reason": "The MLLM's output connects the toy dinosaur and baby carrier through the broad theme of parenting, which does not match the specific relation 'kangaroo' in the standard answer. However, the discussion of items used by or for children is generally relevant, albeit not aligned with the reasoning involving the shape and use associated with kangaroos."
}

Judge results for folder kangaroo(invisible, animal, mutual elements, NA, English) updated.
Folder: puck(invisible, sports, mutual elements, NA, English)
{
    "score_4o": "0",
    "score_reason": "The MLLM output includes incorrect information. It erroneously associates a UFO with the fictional sport of 'flying saucer golf,' instead of recognizing the resemblance of a UFO to a hockey puck. This misunderstanding leads to a factuality hallucination in the explanation regarding the connection between the images."
}

Judge results for folder puck(invisible, sports, mutual elements, NA, English) updated.
Folder: flyswatter(invisible, stuff, mutual elements, NA, English)
{
    "score_4o": "2",
    "score_reason": "The MLLM's output provides a very broad connection between the two images as 'tools used for specific tasks,' which doesnt align closely with the standard answer's specific connection to a 'flyswatter.' The explanation does not include any relevant facts about the flyswatter and instead creates a vague theme."
}

Judge results for folder flyswatter(invisible, stuff, mutual elements, NA, English) updated.
Folder: urn(invisible, stuff, mutual elements, NA, English)
{
    "score_4o": "2",
    "score_reason": "The MLLM's output describes the relationship as 'artistic expression,' which is too broad and does not align with the specific connection highlighted in the standard answer, which is centered around the 'urn.' The explanation emphasizes creativity and craftsmanship, but lacks any reference to the urn or how both images could be linked to it, as noted in the standard answer."
}

Judge results for folder urn(invisible, stuff, mutual elements, NA, English) updated.
Folder: trafficlights(invisible, stuff, mutual elements, NA, English)
{
    "score_4o": "2",
    "score_reason": "The MLLM's output summarizes the relationship as 'restriction,' which aligns with the theme of limitation but is too broad and doesn't connect to the specific context of 'traffic lights' in the standard answer. The explanation accurately describes the function of each item but does not relate them to a shared resemblance or function connected to traffic lights, as stated in the standard answer."
}

Judge results for folder trafficlights(invisible, stuff, mutual elements, NA, English) updated.
Folder: prison(invisible, stuff, mutual elements, NA, English)
{
    "score_4o": "3",
    "score_reason": "The MLLM's output centers around the theme of 'Symbolism of confinement and authority,' which is relatively close to the standard answer's theme of 'prison.' The explanation correctly identifies the elements of confinement (birdcage) and authority (gavel) as part of the theme, although it does not explicitly mention the prison connection or the similarity in shape between the birdcage and prison mentioned in the standard answer. The connection through themes of control and restriction is an appropriate and useful interpretation."
}

Judge results for folder prison(invisible, stuff, mutual elements, NA, English) updated.
Folder: seesaw(invisible, stuff, mutual elements, NA, English)
{
    "score_4o": "3",
    "score_reason": "The MLLM output captures the theme of balance, which relates to the standard answer concerning the seesaw. However, it does not specifically reference the seesaw or playground equipment. Instead, it draws a broader thematic connection between fairness (scale of justice) and play (climbing frame)."
}

Judge results for folder seesaw(invisible, stuff, mutual elements, NA, English) updated.
Folder: brain(invisible, STEM, mutual elements, NA, English)
{
    "score_4o": "2",
    "score_reason": "The MLLM's output summarizes the relationship as 'Anatomical structure,' which is correct in a broader sense, but does not match the more specific relation of 'brain' noted in the standard answer. The explanation focuses on general anatomical functions rather than emphasizing the connection to the brain, as described in the standard answer."
}

Judge results for folder brain(invisible, STEM, mutual elements, NA, English) updated.
Folder: turtle(invisible, animal, mutual elements, NA, English)
{
    "score_4o": "3",
    "score_reason": "The MLLM correctly identifies the concept of 'Camouflage' as a relation between the helmet and the chameleon, which is an aspect of the standard answer concerning the chameleon's ability to blend into its environment. However, it doesn't address the specific relation to a turtle or the protective and rounded shape of a helmet as mentioned in the standard answer."
}

Judge results for folder turtle(invisible, animal, mutual elements, NA, English) updated.
Folder: camera(invisible, stuff, mutual elements, NA, English)
{
    "score_4o": "2",
    "score_reason": "The MLLM's output describes the relation as 'Utility,' which is too broad and does not align with the more specific 'camera' connection in the standard answer. The explanation focuses on the utilitarian functions of the objects rather than mentioning the similarities in shape or the purpose of the tripod in relation to a camera, which are key aspects in the standard reasoning."
}

Judge results for folder camera(invisible, stuff, mutual elements, NA, English) updated.
Folder: cottoncandy(invisible, food, mutual elements, NA, English)
{
    "score_4o": "2",
    "score_reason": "The MLLM's output notes a theme of 'Container,' which does not match the standard answer 'cottoncandy.' However, both connect to cotton in some way, establishing a very loose thematic connection. The detailed connections provided in the standard answer are not addressed in the MLLM output."
}

Judge results for folder cottoncandy(invisible, food, mutual elements, NA, English) updated.
Folder: pizza(invisible, food, mutual elements, NA, English)
{
    "score_4o": "2",
    "score_reason": "The MLLM's output summarizes the relationship as 'rustic,' which seems too broad and fails to mention the specific connection to 'pizza.' However, it does identify the natural and traditional design of the objects, which is not directly related to the standard reasoning behind the 'pizza' connection."
}

Judge results for folder pizza(invisible, food, mutual elements, NA, English) updated.
Folder: crosswalk(invisible, location, mutual elements, NA, English)
{
    "score_4o": "3",
    "score_reason": "The MLLM's output identifies the commonality as 'dashed pattern,' which is similar to the standard answer's concept of 'crosswalk,' as both relate to the patterning on the zebra and the road. However, it does not explicitly mention the concept of 'crosswalk,' making the explanation slightly incomplete."
}

Judge results for folder crosswalk(invisible, location, mutual elements, NA, English) updated.
Folder: cane(invisible, stuff, mutual elements, NA, English)
{
    "score_4o": "2",
    "score_reason": "The MLLM's output summarizes the relationship as 'Utility,' which is conceptually too broad and does not specifically align with 'cane' as in the standard answer. While the explanation discusses the practical uses of bamboo and wheelchairs, it misses the reasoning relevant to the shape and use connecting to a cane, which is central to the standard answer."
}

Judge results for folder cane(invisible, stuff, mutual elements, NA, English) updated.
Folder: onion(invisible, food, mutual elements, NA, English)
{
    "score_4o": "2",
    "score_reason": "The MLLM's output describes the relation as a 'contrast between spiritual and earthly elements,' which is quite broad and misses the key connection of 'onion' specified in the standard answer. However, the explanation does touch on broad themes present in human experience and culture. It fails to mention any facts related to the specific connection of 'onion' that correlates with the shape of the objects."
}

Judge results for folder onion(invisible, food, mutual elements, NA, English) updated.
Finish: Judge results all saved to ./yi-vision_judge.json
Finish: Combined results all saved to ./yi-vision_test_and_judge.json
