Folder: Kuala Lumpur(invisible, city, mutual elements, NA, English)
{
    "score_4o": "2",
    "score_reason": "The MLLM's output describes the relationship as 'Vibrancy and contrast,' focusing on the usage of color in both images. Although this description is not incorrect in isolation, it is too broad and does not address or align with the intended reasoning of the standard answer, which connects the images through a play on words relating to Kuala Lumpur and an iconic landmark. The MLLM's explanation relies entirely on visual interpretation without connecting with the context provided in the standard answer."
}

Judge results for folder Kuala Lumpur(invisible, city, mutual elements, NA, English) updated.
Folder: Santorini(visible, city, mutual elements, NA, English)
{
    "score_4o": "0",
    "score_reason": "The MLLM's output incorrectly identifies the relationship between the two images as 'Annual cycle' instead of 'Santorini,' which is the correct theme as per the standard answer. The explanation also fails to address the significant cultural and geological aspects related to Santorini, instead focusing on a general description of the number '365' and a calendar, completely missing the specific reference to Santorini's churches and sunsets."
}

Judge results for folder Santorini(visible, city, mutual elements, NA, English) updated.
Folder: Newton's Laws of Motion(invisible, STEM, mutual elements, NA, English)
{
    "score_4o": "2",
    "score_reason": "The MLLM's output focuses on the broad theme of 'Motion and Harvest,' emphasizing the dynamic action of falling apples and the static view of the tree. While it captures the concept of movement, it fails to connect these images to 'Newton's Laws of Motion' and the foundational role of gravity, which are key elements of the standard answer. The explanation provided overlooks the scientific significance attributed to the falling apples in relation to Newton's discovery of gravity."
}

Judge results for folder Newton's Laws of Motion(invisible, STEM, mutual elements, NA, English) updated.
Folder: New Delhi(invisible, city, mutual elements, NA, English)
{
    "score_4o": "2",
    "score_reason": "The MLLM output provides a generic relationship, 'Similar Abstract Forms,' based on the visual design and minimalism of the images, but it significantly deviates from the standard answer regarding New Delhi. Although it accurately describes the essence of simplicity, it fails to incorporate the specific cultural and linguistic connections detailed in the standard reasoning."
}

Judge results for folder New Delhi(invisible, city, mutual elements, NA, English) updated.
Folder: Berlinanother(invisible, city, mutual elements, NA, English)
{
    "score_4o": "2",
    "score_reason": "The MLLM's response indicates a theme of 'Freedom and nostalgia' and connects the number '1989' to Taylor Swift's album. However, it misses the actual historical significance of the year 1989 regarding the fall of the Berlin Wall. The explanation is too broad and doesn't touch on the key aspects involving Berlin that are present in the standard answer. The reasoning and facts from the standard answer are not represented."
}

Judge results for folder Berlinanother(invisible, city, mutual elements, NA, English) updated.
Folder: Electronics(invisible, STEM, relation, NA, English)
{
    "score_4o": "3",
    "score_reason": "The MLLM's output summarizes the relationship as 'Technical Inspection,' which is related but not precisely the same as the standard answer 'Electronics.' The explanation provides a context of hands-on work with electronic equipment, which connects to the broad theme of electronics but doesn't explicitly mention the flow of electricity and its connection to electronics as outlined in the standard answer."
}

Judge results for folder Electronics(invisible, STEM, relation, NA, English) updated.
Folder: Geology(invisible, STEM, relation, NA, English)
{
    "score_4o": "2",
    "score_reason": "The MLLM output identifies the relationship as 'Disaster response and infrastructure assessment,' which is related to the visible content (damaged infrastructure and safety gear), but does not align with the intended standard reasoning focused on 'Geology' and the cause of earthquakes involving tectonic plates. It doesn't cover relevant geological facts from the standard answer, as it centers around post-disaster activities rather than geological causes."
}

Judge results for folder Geology(invisible, STEM, relation, NA, English) updated.
Folder: Medical Imaging(invisible, STEM, relation, NA, English)
{
    "score_4o": "3",
    "score_reason": "The MLLM output correctly identifies the relation as being related to aspects of MRI technology and gives a detailed explanation about the MRI machine and coil. However, it does not explicitly mention 'medical imaging,' which is the relation indicated in the standard answer. The connection to 'medical diagnostics' is present, closely aligning with the standard answer, but it lacks explicit statements regarding the principles of physics."
}

Judge results for folder Medical Imaging(invisible, STEM, relation, NA, English) updated.
Folder: Strategic Decision-Making(invisible, STEM, relation, NA, English)
{
    "score_4o": "2",
    "score_reason": "The MLLM's output describes the relation as 'Decision-making process,' which is broadly related to the standard answer 'Strategic Decision-Making.' However, it lacks specific facts or insights from the standard answer, such as the application of game theory principles to evolution and strategic decision-making. The explanation provided does not align with the depth of reasoning given in the standard answer."
}

Judge results for folder Strategic Decision-Making(invisible, STEM, relation, NA, English) updated.
Folder: Montreal(invisible, city, mutual elements, NA, English)
{
    "score_4o": "2",
    "score_reason": "The MLLM identifies a theme of emphasizing numbers through three-dimensional rendering, which is too broad and unrelated to the key concept highlighted in the standard answer. The standard answer relates the number 375 to Montreal's anniversary, which is a more specific and relevant connection than the numerical presentation. However, the MLLM correctly identifies the presence of number representations but fails to establish the intended relation to Montreal."
}

Judge results for folder Montreal(invisible, city, mutual elements, NA, English) updated.
Folder: Proprioception(invisible, sense, mutual elements, NA, English)
{
    "score_4o": "2",
    "score_reason": "The MLLM's output identifies the relationship as 'Reflection/Mirror Image,' which is too broad and differs from the intended focus on 'Proprioception.' While the explanation accurately describes the visual symmetry in the images, it diverges from the core concept of proprioception related to balance and body awareness emphasized in the standard answer."
}

Judge results for folder Proprioception(invisible, sense, mutual elements, NA, English) updated.
Folder: AmericanCulture(visible, country, mutual elements, USAEnglish, English)
{
    "score_4o": "2",
    "score_reason": "The MLLM's output describes the relation as 'Urban Life,' which is not directly aligned with the standard answer 'AmericanCulture.' While it touches on the theme of urban environments, it does not effectively connect with the specific cultural symbols outlined in the standard answer—namely, success in entertainment and baseball as aspects of American culture."
}

Judge results for folder AmericanCulture(visible, country, mutual elements, USAEnglish, English) updated.
Folder: AmericanIdentity(visible, country, relation, USAEnglish, English)
{
    "score_4o": "2",
    "score_reason": "The MLLM's output describes the theme as 'awe and natural beauty,' highlighting the Golden Gate Bridge and a humpback whale. However, it diverges from the standard answer, which relates the bridge to American identity and a cowboy hat as elements of American culture. The explanation provided by the MLLM is too broad and unrelated to the standard reasoning."
}

Judge results for folder AmericanIdentity(visible, country, relation, USAEnglish, English) updated.
Folder: Hanoi(invisible, country, mutual elements, NA, English)
{
    "score_4o": "2",
    "score_reason": "The MLLM's output focuses on the theme of 'Dental hygiene' based on the visible content in the images, rather than making the abstract connection to 'Hanoi' suggested in the standard answer. Therefore, it is roughly correct but does not align with the intended standard answer's logic and reasoning, as it remains overly broad in its interpretation."
}

Judge results for folder Hanoi(invisible, country, mutual elements, NA, English) updated.
Folder: Japan(visible, country, mutual elements, East Asia, English)
{
    "score_4o": "2",
    "score_reason": "The MLLM's summary of the relationship as 'Urban Life vs. Natural Beauty' is broad and diverges from the standard answer 'Japan.' The explanation focuses on contrasting environments rather than facts directly pointing to Japan, missing key symbolic relationships outlined in the standard answer. Although it captures a theme of coexistence, it lacks the direct association of Mount Fuji with Japan."
}

Judge results for folder Japan(visible, country, mutual elements, East Asia, English) updated.
Folder: TraditionalJapan(visible, country, metaphor, East Asia, English)
{
    "score_4o": "2",
    "score_reason": "The MLLM's output focuses on 'Journey and Speed,' which is related to the high-speed train's attributes but too broad and not aligned with the specific theme of 'Traditional Japan' found in the standard answer. It does not incorporate relevant cultural facts or the element of traditional Japan, thereby missing the nuanced relationship."
}

Judge results for folder TraditionalJapan(visible, country, metaphor, East Asia, English) updated.
Folder: JapaneseCulture(visible, country, mutual elements, East Asia, English)
{
    "score_4o": "3",
    "score_reason": "The MLLM output focuses on the theme of 'Maneki Neko' rather than the broader theme of 'Japanese Culture' provided in the standard answer. However, the explanation provides an accurate description of the Maneki Neko as a traditional Japanese symbol. The key fact that both images relate to Japanese culture is not explicitly mentioned, making the response roughly correct but incomplete."
}

Judge results for folder JapaneseCulture(visible, country, mutual elements, East Asia, English) updated.
Folder: ModernKoreanCulture(visible, country, mutual elements, East Asia, English)
{
    "score_4o": "2",
    "score_reason": "The MLLM's output offers an interpretation of the images that is too broad in its focus on 'human expression through physicality.' It does not mention any relevant facts related to 'Modern Korean Culture,' such as the references to K-Pop idols or kimchi, as outlined in the standard answer. However, it does touch upon concepts of movement and form, which are generally applicable but not specific to the cultural context specified in the standard answer."
}

Judge results for folder ModernKoreanCulture(visible, country, mutual elements, East Asia, English) updated.
Folder: KoreanNationalIdentity(visible, country, mutual elements, East Asia, English)
{
    "score_4o": "2",
    "score_reason": "The MLLM's output identifies the theme as 'Progression,' which is not aligned with the 'Korean National Identity' mentioned in the standard answer. The explanation does provide details related to the images, focusing on personal achievement and the symbolism of the black belt, but it lacks relevant facts connecting to the broader cultural significance of Taekwondo as a symbol of Korean national pride, as outlined in the standard answer."
}

Judge results for folder KoreanNationalIdentity(visible, country, mutual elements, East Asia, English) updated.
Folder: PopularDishInKorea(visible, country, mutual elements, East Asia, English)
{
    "score_4o": "2",
    "score_reason": "The MLLM's output describes the relation as 'Urban Oasis,' focusing on the coexistence of nature and urban features, which is a broad interpretation not directly related to the theme of 'Popular Dish in Korea.' It fails to mention specific elements like N Seoul Tower and Bibimbap, but does capture the general idea of contrasting environments."
}

Judge results for folder PopularDishInKorea(visible, country, mutual elements, East Asia, English) updated.
Folder: Briefcase and Briefcase(invisible, business, mutual elements, NA, English)
{
    "score_4o": "2",
    "score_reason": "The MLLM's output conveys the concept of 'Urban Life vs. Natural Serenity,' which is a broader interpretation than the specific connection of 'Briefcase and Briefcase' in the standard answer. The explanation diverges from focusing on the corporate environment related to skyscrapers and business professionals with briefcases. It emphasizes contrasting environments and shared themes of daily life and transition, lacking explicit connections presented in the standard answer but is not completely unrelated."
}

Judge results for folder Briefcase and Briefcase(invisible, business, mutual elements, NA, English) updated.
Folder: Startup(invisible, business, mutual elements, NA, English)
{
    "score_4o": "2",
    "score_reason": "The MLLM's output interprets the images as 'Investigation leads to illumination,' which is too broad and does not connect to the concept of 'Startup' from the standard answer. Although the metaphor of a lightbulb as an idea is mentioned, the explanation doesn't include relevant facts regarding the startup context, seed funding, or the direct relationship between these elements."
}

Judge results for folder Startup(invisible, business, mutual elements, NA, English) updated.
Folder: OnlinePurchase(invisible, business, relation, NA, English)
{
    "score_4o": "2",
    "score_reason": "The MLLM output provides a broad theme of 'Transition,' focusing on the metaphorical interpretation of shopping carts as symbols of consumer behavior, which is somewhat correct but lacks substantial connection to 'OnlinePurchase.' The explanation does not align with the specific reasoning regarding e-commerce and online reviews mentioned in the standard answer."
}

Judge results for folder OnlinePurchase(invisible, business, relation, NA, English) updated.
Folder: market data(invisible, business, relation, NA, English)
{
    "score_4o": "2",
    "score_reason": "The MLLM's output identifies the relation as 'trading strategies in the context of technical analysis,' which focuses on trading strategy concepts rather than the 'market data' relation provided in the standard answer. It describes the trading scenarios depicted in the images but lacks the connection to the concept of both images representing stock market data, as detailed in the standard answer."
}

Judge results for folder market data(invisible, business, relation, NA, English) updated.
Folder: TargetAudienceImage(invisible, business, relation, NA, English)
{
    "score_4o": "2",
    "score_reason": "The MLLM's output defines the relationship as 'Urban Structure and Design,' focusing on the physical and architectural components of the images, which are correct in a broad sense. However, it does not align with the specific marketing and target audience concept of the standard answer, 'TargetAudienceImage.' The explanation lacks relevant facts from the standard answer, such as billboards' role in marketing and reaching a target audience. Therefore, the response is too broad and not directly related to the standard answer."
}

Judge results for folder TargetAudienceImage(invisible, business, relation, NA, English) updated.
Folder: Hearing(invisible, sense, mutual elements, NA, English)
{
    "score_4o": "2",
    "score_reason": "The MLLM's output identifies the relationship as 'Evolution of Communication Technology,' which significantly diverges from the standard answer 'Hearing.' The explanation provided focuses entirely on communication technology evolution, lacking any mention of sounds related to hearing, which are central to the correct interpretation according to the standard answer."
}

Judge results for folder Hearing(invisible, sense, mutual elements, NA, English) updated.
Folder: Sight(invisible, sense, mutual elements, NA, English)
{
    "score_4o": "2",
    "score_reason": "The MLLM's output identifies the relation as 'Contrast,' which does not align with the standard answer 'Sight.' The explanation focuses on the contrasting settings and moods of the images rather than their visual qualities, which is too broad and unrelated to the standard answer's emphasis on visually striking phenomena. However, it does mention a shared element in the sky, providing a very loose connection to the visual aspect referenced in the standard answer."
}

Judge results for folder Sight(invisible, sense, mutual elements, NA, English) updated.
Folder: Smell(invisible, sense, mutual elements, NA, English)
{
    "score_4o": "2",
    "score_reason": "The MLLM output provides a relation of 'Complementary Comforts,' which is not directly related to the standard answer's focus on 'Smell.' However, the reasoning about both images creating a cozy café atmosphere and involving sugar as a complementary element to coffee is relevant within its context, although it doesn't align with the standard's focus on 'Smell.'"
}

Judge results for folder Smell(invisible, sense, mutual elements, NA, English) updated.
Folder: Taste(invisible, sense, mutual elements, NA, English)
{
    "score_4o": "0",
    "score_reason": "The MLLM's output is factually incorrect as it describes both images containing strawberries, while the standard answer refers to a comparison between a strawberry and a slice of pizza related to taste. This indicates a hallucination in the MLLM's description."
}

Judge results for folder Taste(invisible, sense, mutual elements, NA, English) updated.
Folder: Touch(invisible, sense, mutual elements, NA, English)
{
    "score_4o": "2",
    "score_reason": "The MLLM's output summarizes the relationship as 'Peace and Comfort,' which is too broad and not directly related to the standard answer of 'Touch.' Although the MLLM accurately describes feelings of comfort and tranquility from the images, it fails to recognize and address the specific tactile theme, 'Touch,' that underpins the standard explanation."
}

Judge results for folder Touch(invisible, sense, mutual elements, NA, English) updated.
Folder: Supply and demand(invisible, business, mutual elements, NA, English)
{
    "score_4o": "3",
    "score_reason": "The MLLM's output relates the images to 'Consumer Behavior,' which captures the gist of the standard answer 'Supply and demand.' While it does not directly refer to 'Supply and demand,' it explains how consumer behavior is influenced by factors like scarcity and stock familiarity, which aligns with the interplay of supply and demand. However, it doesn't explicitly mention the concept of high demand and low supply similar to the standard answer."
}

Judge results for folder Supply and demand(invisible, business, mutual elements, NA, English) updated.
Folder: Shark Tank(invisible, business, mutual elements, NA, English)
{
    "score_4o": "2",
    "score_reason": "The MLLM output identifies a relation of 'Elegance and grace,' which is a broad interpretation. It does not directly address or align with the intended standard reasoning related to 'Shark Tank' and key concepts like the Shark fin representing investors, which are central to the standard answer's theme."
}

Judge results for folder Shark Tank(invisible, business, mutual elements, NA, English) updated.
Folder: SWOT analysis(invisible, business, mutual elements, NA, English)
{
    "score_4o": "2",
    "score_reason": "The MLLM's output summarizes the relationship as 'Opposites,' which is a broad interpretation of the signs but not closely aligned with the specific concept of 'SWOT analysis' from the standard answer. The explanation emphasizes the dichotomy of weakness and strength, missing the connection to 'SWOT analysis,' a strategic planning tool that the standard answer points to."
}

Judge results for folder SWOT analysis(invisible, business, mutual elements, NA, English) updated.
Folder: Blue chip stock(invisible, business, mutual elements, NA, English)
{
    "score_4o": "2",
    "score_reason": "The MLLM's output focuses on 'Symmetry and Design Mirroring,' which is not related to 'Blue chip stock' from the standard answer. While there is a description of visual elements, it does not address or align with the financial analogy in the standard answer."
}

Judge results for folder Blue chip stock(invisible, business, mutual elements, NA, English) updated.
Folder: IPO(invisible, business, mutual elements, NA, English)
{
    "score_4o": "2",
    "score_reason": "The MLLM's output identifies a broad connection in terms of 'Informational Content,' which is related but too generic. It fails to mention specific details related to 'IPO,' which is a central theme in the standard answer. The explanation focuses on the general concept of providing information, missing the precise financial and business context conveyed by the standard answer."
}

Judge results for folder IPO(invisible, business, mutual elements, NA, English) updated.
Folder: Merger(invisible, business, mutual elements, NA, English)
{
    "score_4o": "3",
    "score_reason": "The MLLM's output conceptualizes the relationship as 'Completion and Unity,' which resonates with the standard answer 'Merger,' but the notion of a merger is more specific than the broader idea of unity. The explanation, while highlighting the joining of pieces as a symbol of unity, aligns with the merging concept, though it lacks a specific connection to companies or merging processes."
}

Judge results for folder Merger(invisible, business, mutual elements, NA, English) updated.
Folder: Acquisition(invisible, business, mutual elements, NA, English)
{
    "score_4o": "2",
    "score_reason": "The MLLM output identifies a relationship as 'Scale and Structure,' focusing on the contrast between large-scale corporations and startups, which is not directly related to the standard answer's theme of 'Acquisition.' However, it does address the concept of differing scales and operations, which can loosely relate to the dynamics involved in an acquisition. The explanation is too broad and lacks specific references to the acquisition process."
}

Judge results for folder Acquisition(invisible, business, mutual elements, NA, English) updated.
Folder: Leverage(invisible, business, mutual elements, NA, English)
{
    "score_4o": "2",
    "score_reason": "The MLLM output describes the relation as 'Balance' and focuses on the physical mechanics of balance involving a lever and seesaw, which is too broad and not aligned with the financial 'Leverage' concept in the standard answer. It also fails to connect the images to the financial analogy of leverage, where a lever is used for multiplying force, similar to how leverage works in finance."
}

Judge results for folder Leverage(invisible, business, mutual elements, NA, English) updated.
Folder: Due diligence(invisible, business, mutual elements, NA, English)
{
    "score_4o": "3",
    "score_reason": "The MLLM output captures the essential idea of 'financial examination' with its term 'financial scrutiny,' which partially aligns with 'Due diligence,' the standard answer. The explanation covers the common theme of investigation and attention to detail, but it lacks the precise identification of 'due diligence' as a formal process in business deals, which is the key theme in the standard answer."
}

Judge results for folder Due diligence(invisible, business, mutual elements, NA, English) updated.
Folder: Umami(invisible, sense, mutual elements, East Asia, Japanese)
{
    "score_4o": "2",
    "score_reason": "The MLLM's response uses 'Antiquity and tradition' to encapsulate the connection, which is a broad theme. While it doesn't directly relate to the specific theme of 'Umami' in the standard answer, it touches upon cultural and traditional aspects, which are indirectly related to the culinary aspect of umami. This alignment is partial, but the MLLM does not mention key facts from the standard answer, making it only roughly correct but too broad."
}

Judge results for folder Umami(invisible, sense, mutual elements, East Asia, Japanese) updated.
Folder: Karashi(invisible, sense, mutual elements, East Asia, Japanese)
{
    "score_4o": "2",
    "score_reason": "The MLLM's output describes the relation as 'Texture and Material,' focusing on the wooden texture in the images, which is too broad and not aligned with the specific relationship 'Karashi' provided in the standard answer. However, the MLLM correctly identifies the seeds in the images but fails to connect them with the concept of 'Karashi' and its effects, as explained in the standard answer."
}

Judge results for folder Karashi(invisible, sense, mutual elements, East Asia, Japanese) updated.
Folder: Iki(invisible, sense, mutual elements, East Asia, Japanese)
{
    "score_4o": "2",
    "score_reason": "The MLLM's output discusses 'natural beauty, calmness, and tranquility,' which is related to but broader than the specific concept of 'Iki,' as expressed in the standard answer. The explanation details how the images convey peace and elegance, aligning in some aspects with 'Iki,' but it's too broad and lacks the specific reference and deeper cultural aesthetics found in the standard answer."
}

Judge results for folder Iki(invisible, sense, mutual elements, East Asia, Japanese) updated.
Folder: Wabi-sabi(invisible, sense, mutual elements, East Asia, Japanese)
{
    "score_4o": "2",
    "score_reason": "The MLLM output describes the relationship as 'Transience,' which touches upon a concept related to 'Wabi-sabi' in terms of impermanence and decay. However, the explanation does not connect directly to the philosophical idea of 'Wabi-sabi' as presented in the standard answer. It lacks direct reference to acceptance of imperfection, which is central to 'Wabi-sabi', making it too broad and not fully aligned with the standard answer."
}

Judge results for folder Wabi-sabi(invisible, sense, mutual elements, East Asia, Japanese) updated.
Folder: Yugen(invisible, sense, mutual elements, East Asia, Japanese)
{
    "score_4o": "2",
    "score_reason": "The MLLM output provides an explanation centered on traditional Japanese culture and artistic pursuits, which is a broad interpretation but does not closely align with the concept of 'Yugen' mentioned in the standard answer. The explanation lacks specific reference to the subtlety and ephemeral beauty integral to 'Yugen,' as noted in the standard answer. Thus, the response captures a very general thematic connection but fails to address the intended reasoning behind the images."
}

Judge results for folder Yugen(invisible, sense, mutual elements, East Asia, Japanese) updated.
Folder: Agrodolce(invisible, sense, mutual elements, Non-English European, Italian)
{
    "score_4o": "2",
    "score_reason": "The MLLM's output focuses on the visual and narrative aspects of the images, describing them as 'Same Dish, Different Perspectives.' However, it does not address the specific flavor profile 'Agrodolce' or the ingredients mentioned in the standard answer explanation. Instead, it focuses on a broader interpretation unrelated to the culinary theme given by the standard answer."
}

Judge results for folder Agrodolce(invisible, sense, mutual elements, Non-English European, Italian) updated.
Folder: Sapido(invisible, sense, mutual elements, Non-English European, Italian)
{
    "score_4o": "2",
    "score_reason": "The MLLM's output describes the relation as 'Textural Transition,' explaining the conversion of a wheel of Parmesan cheese into grated cheese. While this captures the visual and physical transformation process, it doesn't align with the standard answer, which connects Parmesan cheese with the concept of 'Sapido,' highlighting flavor enhancement with ingredients like Funghi Porcini. The MLLM's response is correct in discussing cheese texture but too broad in not addressing the flavor synergy highlighted in the standard answer."
}

Judge results for folder Sapido(invisible, sense, mutual elements, Non-English European, Italian) updated.
Folder: Aromatico(invisible, sense, mutual elements, Non-English European, Italian)
{
    "score_4o": "2",
    "score_reason": "The MLLM output presents the relationship between the two images as 'Transformation,' focusing on the stages of use in food preparation, which is quite broad and not aligned with the standard answer 'Aromatico.' The explanation provided does not include any details related to aroma or the relationship with rosemary, key elements in the standard answer. Therefore, the response does not accurately capture the intended connection."
}

Judge results for folder Aromatico(invisible, sense, mutual elements, Non-English European, Italian) updated.
Folder: Amaro(invisible, sense, mutual elements, Non-English European, Italian)
{
    "score_4o": "2",
    "score_reason": "The MLLM output focuses on the visual aspects, relating the images through 'Color and form,' which is broader than the standard answer's specific link through 'Amaro' flavor profiles. The explanation lacks any reference to flavor, bitterness, or the connections between radicchio and Campari, which are key points in the standard reasoning."
}

Judge results for folder Amaro(invisible, sense, mutual elements, Non-English European, Italian) updated.
Folder: Piccante(invisible, sense, mutual elements, Non-English European, Italian)
{
    "score_4o": "2",
    "score_reason": "The MLLM's output focuses on 'Chorizo Preparations' and the idea that both images are related to chorizo, which is only roughly related to the standard answer dealing with 'Piccante.' The explanation is partially correct in describing chorizo forms but does not reference the key elements of 'Nduja and Peperoncino related to the piccante flavor, thus missing the main point of the connection emphasized in the standard answer."
}

Judge results for folder Piccante(invisible, sense, mutual elements, Non-English European, Italian) updated.
Folder: Udito(invisible, sense, mutual elements, Non-English European, Italian)
{
    "score_4o": "2",
    "score_reason": "The MLLM's output captures a general theme of 'Momentum and Emotion' related through 'intense energy and emotional depth,' which is too broad and doesn't align with the specific connection to 'Udito.' It fails to address key aspects of sound and orchestration, which are central to the standard explanation. It does not include any factual errors, but the lack of relevant facts results in a lower score."
}

Judge results for folder Udito(invisible, sense, mutual elements, Non-English European, Italian) updated.
Folder: Jeong(invisible, sense, mutual elements, East Asia, Korean)
{
    "score_4o": "2",
    "score_reason": "The MLLM output describes the relationship as 'Same Dish, Different Perspectives,' concentrating on the visual differences in the images. While it recognizes the shared theme of the dish, it doesn't relate to the underlying concept of 'Jeong,' which involves emotional connections conveyed by sharing meals and certain gestures. The MLLM mentions the preparation and consumption but misses the cultural and emotional context."
}

Judge results for folder Jeong(invisible, sense, mutual elements, East Asia, Korean) updated.
Folder: Tokyo(visible, city, mutual elements, East Asia, English)
{
    "score_4o": "2",
    "score_reason": "The MLLM's output describes the relation as focusing on different aspects of the Godzilla figure rather than addressing the standard answer, which connects Godzilla to Tokyo through movie settings and landmark associations. While the explanation for the images features is correct regarding their emphasis on menacing traits, it does not discuss the specific intellectual connection to Tokyo and its cultural implications as provided in the standard answer."
}

Judge results for folder Tokyo(visible, city, mutual elements, East Asia, English) updated.
Folder: Venice(visible, city, mutual elements, NA, English)
{
    "score_4o": "2",
    "score_reason": "The MLLM output identifies the elements in the image correctly, such as the Venetian mooring posts and their aesthetic features, summarizing the relationship as 'Reflections and Stripes.' However, it does not align with the standard answer which focuses on the theme of 'Venice' and connects to both gondolas and the Venetian Carnival, identifying key aspects of Venetian culture. Without these connections, the explanation remains too broad and unrelated to the intended theme."
}

Judge results for folder Venice(visible, city, mutual elements, NA, English) updated.
Folder: India(visible, city, mutual elements, NA, English)
{
    "score_4o": "2",
    "score_reason": "The MLLM's output summarizes the images' relationship as 'Symmetry and Order,' focusing on the architectural designs of the Taj Mahal and the Eiffel Tower. This is a valid interpretation based on the provided images, but it lacks alignment with the standard answer's connection to 'India.' As a result, while the description is correct based on the images, it does not address the specific relation outlined in the standard answer."
}

Judge results for folder India(visible, city, mutual elements, NA, English) updated.
Folder: Rio de Janeiro(visible, city, mutual elements, NA, English)
{
    "score_4o": "2",
    "score_reason": "The MLLM's output discusses 'Urban Landmarks' and emphasizes the cultural prominence and tourist attractions of the Christ the Redeemer and the Eiffel Tower, focusing on their roles as icons of Rio and Paris, respectively. This is a correct theme related to the content but it is overly broad compared to the standard answer's specific focus on landmarks within Rio de Janeiro (Christ the Redeemer and Sugarloaf Mountain). Furthermore, the explanation diverges significantly from the detailed geographical and relational reasoning provided in the standard answer."
}

Judge results for folder Rio de Janeiro(visible, city, mutual elements, NA, English) updated.
Folder: Beijing(visible, city, mutual elements, NA, English)
{
    "score_4o": "2",
    "score_reason": "The MLLM's output describes the images as representing 'Nature's Elegance,' which doesn't address the specific connection to 'Beijing' as outlined in the standard answer. The response focuses on the aesthetic aspects and fails to mention any relevant facts linking the images to historical landmarks or their geographical connections. Therefore, it's too broad without relevant facts in the standard answer."
}

Judge results for folder Beijing(visible, city, mutual elements, NA, English) updated.
Folder: New York City(visible, city, mutual elements, NA, English)
{
    "score_4o": "2",
    "score_reason": "The MLLM's response focuses on the 'Textural details and symbolic representation' of the Statue of Liberty, providing an insightful explanation on its design and symbolism that is distinct from the standard answer. However, it does not align with the given theme of 'New York City' or relate it to any other iconic New York symbol like yellow cabs. Therefore, it lacks the relevant facts outlined in the standard answer."
}

Judge results for folder New York City(visible, city, mutual elements, NA, English) updated.
Folder: Sydney(visible, city, mutual elements, NA, English)
{
    "score_4o": "2",
    "score_reason": "The MLLM's output describes a connection based on 'Serenity and natural beauty,' which is a broad interpretation and doesn't align with the standard answer's specific focus on 'Sydney.' The explanation lacks relevant facts regarding the cultural and geographical ties highlighted in the standard answer, such as the association with Sydney and Australia."
}

Judge results for folder Sydney(visible, city, mutual elements, NA, English) updated.
Folder: Egypt - Giza(visible, city, mutual elements, NA, English)
{
    "score_4o": "2",
    "score_reason": "The MLLM's output describes a general theme, 'Contrasting Visions of Civilization,' which provides a broad interpretation rather than a detailed and specific connection like 'Egypt - Giza' as in the standard answer. While the MLLM's explanation touches on historical and modern aspects, it fails to accurately relate the images to tangible facts about Egypt and the Giza pyramids, which are crucial points in the standard answer."
}

Judge results for folder Egypt - Giza(visible, city, mutual elements, NA, English) updated.
Folder: Rome(visible, city, mutual elements, NA, English)
{
    "score_4o": "2",
    "score_reason": "The MLLM's output suggests a relationship of 'Colosseum Experience,' which is a partial connection but does not align closely with 'Rome' or 'Italy' as specified in the standard answer. The explanation effectively describes the Colosseum and modern tourist experiences but misses referencing Vespa scooters, and does not address the explicit connection to Rome or Italian culture that is central to the standard answer."
}

Judge results for folder Rome(visible, city, mutual elements, NA, English) updated.
Folder: Istanbul(visible, city, mutual elements, NA, English)
{
    "score_4o": "2",
    "score_reason": "The MLLM output broadly interprets the images as representing 'Urban Evolution,' which does not directly relate to the specific concept of 'Istanbul' as captured in the standard answer. While the explanation provides a thematic connection of development over time, it lacks the specific and relevant facts of Hagia Sophia and Turkish Delight being associated with Istanbul, as noted in the standard reasoning. Therefore, the response does not correctly address the intended reasoning."
}

Judge results for folder Istanbul(visible, city, mutual elements, NA, English) updated.
Folder: Toronto(visible, city, mutual elements, NA, English)
{
    "score_4o": "2",
    "score_reason": "The MLLM's output identifies a broader theme of 'Cityscapes and Tower Structures,' which is relevant but does not precisely address the connection to Toronto. While it describes the images as showing metropolitan areas with iconic landmarks, it fails to mention specific details like the CN Tower or the connection to Toronto, as provided in the standard answer's explanation."
}

Judge results for folder Toronto(visible, city, mutual elements, NA, English) updated.
Folder: Berlin(visible, city, mutual elements, NA, English)
{
    "score_4o": "2",
    "score_reason": "The MLLM's output highlights the concept of 'Victory,' focusing on the symbolic meaning behind the Brandenburg Gate and its Quadriga statue. However, this interpretation does not align with the standard answer, which identifies 'Berlin' as the key contextual relation, emphasizing geographical location rather than symbolic significance. The reasoning provided by the MLLM lacks direct relation to 'Currywurst' and its association with Berlin."
}

Judge results for folder Berlin(visible, city, mutual elements, NA, English) updated.
Folder: Dubai(visible, city, mutual elements, NA, English)
{
    "score_4o": "2",
    "score_reason": "The MLLM's output identifies a relationship as 'Urban Development and Modern Architecture,' which is broadly relevant given the description of modern cityscapes, but it does not directly pinpoint the specific connection to Dubai as the standard answer does. The explanation addresses themes like economic vitality and urban aesthetics, aligning with some characteristics of Dubai, yet it omits the specific key details such as the Burj Khalifa or UAE's national symbols mentioned in the standard response."
}

Judge results for folder Dubai(visible, city, mutual elements, NA, English) updated.
Folder: San Francisco(visible, city, mutual elements, NA, English)
{
    "score_4o": "2",
    "score_reason": "The MLLM's output describes the images and interprets the relationship as 'Urban proximity and natural perspective,' which is too broad compared to the specific answer 'San Francisco.' The explanation provided by the MLLM does not make specific references to San Francisco or its iconic elements mentioned in the standard answer, such as the Golden Gate Bridge and cable cars. However, it correctly identifies the human-made and natural elements in the images, which is aligned with the general theme."
}

Judge results for folder San Francisco(visible, city, mutual elements, NA, English) updated.
Folder: Brussels(visible, city, mutual elements, NA, English)
{
    "score_4o": "2",
    "score_reason": "The MLLM's output summarizes the relationship as 'Repetition and Continuity,' which is not directly related to the standard answer 'Brussels.' However, it correctly identifies the statue as a recurring theme, which could loosely align with the concept of a known statue like Manneken Pis, though it does not mention any key facts related to Brussels or Belgium that align with the standard answer."
}

Judge results for folder Brussels(visible, city, mutual elements, NA, English) updated.
Folder: Bhutan(visible, country, mutual elements, NA, English)
{
    "score_4o": "2",
    "score_reason": "The MLLM's output introduces the concept of 'Cultural Heritage and Spiritual Sanctuaries,' which is broadly related but not specific to the Bhutan-centric theme in the standard answer. Its explanation discusses spirituality and architectural significance but does not mention Bhutan or Tiger's Nest Monastery, which are central to the standard answer."
}

Judge results for folder Bhutan(visible, country, mutual elements, NA, English) updated.
Folder: Madagascar(visible, country, mutual elements, NA, English)
{
    "score_4o": "2",
    "score_reason": "The MLLM's output mentions 'Time and Human Connection,' which is broadly correct as it addresses themes of nature and historical human presence but is not related to the standard answer, 'Madagascar.' The explanation explores the themes of resilience and human history, both valid interpretations, yet misses specific context linking these images to 'Madagascar,' like the presence of lemurs as another unique feature of the island."
}

Judge results for folder Madagascar(visible, country, mutual elements, NA, English) updated.
Folder: Mongolia(visible, country, mutual elements, NA, English)
{
    "score_4o": "2",
    "score_reason": "The MLLM output focuses on the theme of sustainable living practices, emphasizing the solar panels on the gers. While it does recognize the presence of gers, it misses the key cultural and geographic connection to Mongolia as described in the standard answer. The response is broad and lacks the facts about Mongolian nomadic culture and horse riding that are central to the standard reasoning."
}

Judge results for folder Mongolia(visible, country, mutual elements, NA, English) updated.
Folder: Nepal(visible, country, mutual elements, NA, English)
{
    "score_4o": "2",
    "score_reason": "The MLLM's output provides a broad thematic connection, 'Microcosm/Macrocosm,' focusing on the differences in scale and structure between a snow-capped mountain and an ice crystal. However, this relation lacks the key geographical and cultural connection outlined in the standard answer, which links the images through their association with Nepal. The explanation is relevant in a general sense of comparing scales, but it does not address the specific context related to Nepal or Tibetan Buddhism found in the standard reasoning."
}

Judge results for folder Nepal(visible, country, mutual elements, NA, English) updated.
Folder: Uzbekistan(visible, country, mutual elements, NA, English)
{
    "score_4o": "2",
    "score_reason": "The MLLM's output identifies the connection as 'Miniaturization,' which broadly addresses the relationship between the two images by focusing on the architectural details. However, it fails to connect this with the specific geographic and historical context of 'Uzbekistan' mentioned in the standard answer. The explanation centers on the architectural details but does not incorporate any of the relevant facts tying the images to Uzbekistan, Samarkand, or the Silk Road."
}

Judge results for folder Uzbekistan(visible, country, mutual elements, NA, English) updated.
Folder: Samoa(visible, country, mutual elements, NA, English)
{
    "score_4o": "2",
    "score_reason": "The MLLM's output identifies a broad relationship as 'Contrast,' focusing on the visual and environmental differences between a serene natural beach setting and a bustling urban area, which is too broad and not related to the specific cultural context of 'Samoa' described in the standard answer. The response lacks any mention of Samoan culture or elements like beach fales or tatau, which are central to the standard answer, but does not include any erroneous information."
}

Judge results for folder Samoa(visible, country, mutual elements, NA, English) updated.
Folder: Ogni paese ha l'usanza sua(invisible, country, mutual elements, Non-English European, Italian)
{
    "score_4o": "3",
    "score_reason": "The MLLM's output identifies a relationship of 'Tradition Meets Modernity,' which is somewhat similar to the standard answer 'Ogni paese ha l'usanza sua' in that both address cultural practices. However, the explanation provided by the MLLM focuses on the parallels in rituals across different cultures and times, whereas the standard answer is centered on distinct cultural customs (Japanese tea ceremony and Italian pizza making). The MLLM captures the essence thematically but misses specific cultural examples mentioned in the standard answer."
}

Judge results for folder Ogni paese ha l'usanza sua(invisible, country, mutual elements, Non-English European, Italian) updated.
Folder: Roma non fu fatta in un giorno(invisible, country, mutual elements, Non-English European, Italian)
{
    "score_4o": "2",
    "score_reason": "The MLLM output suggests a theme of 'Uniformity' based on the consistent appearance of bricks and the uniform arrangement of houses. While this is not entirely incorrect, it does not directly relate to the standard answer's focus on gradual construction and effort, exemplified by the phrase 'Roma non fu fatta in un giorno.' The MLLM's explanation lacks the specific concept of gradual development over time inherent in the standard answer."
}

Judge results for folder Roma non fu fatta in un giorno(invisible, country, mutual elements, Non-English European, Italian) updated.
Folder: A goccia a goccia si scava la pietra(invisible, STEM, mutual elements, Non-English European, Italian)
{
    "score_4o": "2",
    "score_reason": "The MLLM's output frames the concept as a 'Ripple Effect,' which broadly aligns with the idea of small actions leading to significant results over time, as expressed in the standard answer. However, it fails to directly relate to the intended theme of cumulative effects like erosion ('A goccia a goccia si scava la pietra') and does not mention key facts such as erosion or long-term results."
}

Judge results for folder A goccia a goccia si scava la pietra(invisible, STEM, mutual elements, Non-English European, Italian) updated.
Folder: Misura due volte, taglia una(invisible, STEM, mutual elements, Non-English European, Italian)
{
    "score_4o": "2",
    "score_reason": "The MLLM output relates the images to 'Progression,' implying a conceptual link between mathematical equations and the concept of increase in a three-dimensional space. While this is thematically related to the idea of progression or advancement found in planning and execution (as embodied in the 'measure twice, cut once' concept), it doesn't address the specific connection illustrated in the standard answer, which focuses on preparation and careful calculation leading to successful outcomes. The broad concept of progression aligns somewhat with the idea of planning leading to success but lacks the depth and specificity of the standard answer."
}

Judge results for folder Misura due volte, taglia una(invisible, STEM, mutual elements, Non-English European, Italian) updated.
Folder: Occhio non vede, cuore non duole(invisible, sense, mutual elements, Non-English European, Italian)
{
    "score_4o": "2",
    "score_reason": "The MLLM's output does identify a common theme of 'Transition from Chaos to Order,' which is a plausible though broad interpretation relating to tidying up and organizing a space. It does not, however, capture the nuanced idea of ignoring or hiding the mess to achieve a temporary state of unawareness as expressed in the standard answer 'Occhio non vede, cuore non duole.' The explanation provided by MLLM fails to identify key aspects outlined in the standard answer."
}

Judge results for folder Occhio non vede, cuore non duole(invisible, sense, mutual elements, Non-English European, Italian) updated.
Folder: A lume di naso(invisible, sense, mutual elements, Non-English European, Italian)
{
    "score_4o": "2",
    "score_reason": "The MLLM's output identifies 'Tranquility' as the relation, which is not in line with the standard answer 'A lume di naso.' However, the explanation provided aligns with the observed content of the images. Although it correctly captures some elements such as the sense of peace seen in the images, it fails to address any of the relevant facts or reasoning about the dog's sense of smell and instinct that connect to the proverb 'A lume di naso.' Thus, the response is broadly correct but lacks specificity related to the standard answer."
}

Judge results for folder A lume di naso(invisible, sense, mutual elements, Non-English European, Italian) updated.
Folder: Networking Event(visible, business, mutual elements, NA, English)
{
    "score_4o": "2",
    "score_reason": "The MLLM identifies a connection through 'Parallelism,' focusing on the visual arrangement of lines in both images. Although this theme is conceptually insightful, it is unrelated to the standard answer's focus on networking events and connections. The response lacks alignment with the standard explanation of the spider web symbolizing intricate connections, and makes no reference to networking events or professional interactions, making it broadly accurate but not directly related to the intended context."
}

Judge results for folder Networking Event(visible, business, mutual elements, NA, English) updated.
Folder: Supply Chain(invisible, business, relation, NA, English)
{
    "score_4o": "2",
    "score_reason": "The MLLM's response titled 'Transition from Manual to Digital Labor' does not align with the specific theme of 'Supply Chain' given in the standard answer. However, both explanations involve aspects of work and industry. The MLLM's answer highlights the evolution of labor dynamics without specific mention of the supply chain, resulting in a connection that is too broad and missing the significant elements of production and transportation outlined in the standard explanation."
}

Judge results for folder Supply Chain(invisible, business, relation, NA, English) updated.
Folder: まだな(invisible, country, relation, East Asia, Japanese)
{
    "score_4o": "2",
    "score_reason": "The MLLM's output correctly identifies the main subject of both images as bananas, focusing on aspects of ripeness and sweetness. However, the relation 'まだな' (Mada na) refers to a humorous use of 'not yet' in Japanese, which the MLLM entirely misses. The explanation does not align with the standard answer regarding the connection to the humorous cultural interpretation."
}

Judge results for folder まだな(invisible, country, relation, East Asia, Japanese) updated.
Folder: work life(invisible, business, relation, NA, English)
{
    "score_4o": "2",
    "score_reason": "The MLLM's output describes the concept as 'Imbalance,' focusing on equilibrium versus imbalance, which is too broad and doesn't directly align with the 'work life' balance theme in the standard answer. The explanation touches on themes like stability and disruption but lacks specific mention of the work and personal life elements that are key to the standard answer. However, the idea of balance and imbalance is roughly related to the broader concept of work-life balance."
}

Judge results for folder work life(invisible, business, relation, NA, English) updated.
Folder: Longevity(invisible, country, relation, East Asia, Japanese)
{
    "score_4o": "2",
    "score_reason": "The MLLM's summary 'Detail' captures some aspect of the images—it highlights the focus on sushi in both images. However, the intended cultural association with 'Longevity' involving sushi and cranes is entirely missing, leading to an incomplete understanding from the standard answer's perspective. The explanation is correct within its own scope but diverges significantly from the expected reasoning."
}

Judge results for folder Longevity(invisible, country, relation, East Asia, Japanese) updated.
Folder: rabbit by the sea(invisible, country, relation, East Asia, Japanese)
{
    "score_4o": "2",
    "score_reason": "The MLLM's output identifies 'Contrast' as the relation, highlighting it as a theme for the images, which is too broad. It does not connect with the specific cultural reference 'rabbit by the sea' in the standard answer, thus missing relevant reasoning and explanation."
}

Judge results for folder rabbit by the sea(invisible, country, relation, East Asia, Japanese) updated.
Folder: as tight as beef(invisible, country, metaphor, East Asia, Japanese)
{
    "score_4o": "2",
    "score_reason": "The MLLM's response discusses the relation as 'Cooking utensils and prepared dish,' focusing on the association between a prepared meal and the utensils used in its preparation. Although this understanding isn't entirely incorrect given the images described, it doesn't align with the deeper or more humorous linguistic connection 'as tight as beef' from the standard answer. This shows a broad grasp of the image's content but misses the intended cultural and linguistic interpretation."
}

Judge results for folder as tight as beef(invisible, country, metaphor, East Asia, Japanese) updated.
Folder: the cat is evidence(invisible, country, relation, East Asia, Japanese)
{
    "score_4o": "2",
    "score_reason": "The MLLM's output relates the images based on 'Inquisitiveness,' which focuses on the emotional and behavioral aspects of the kitten. This theme of 'Inquisitiveness' does not directly align with the standard answer's humorous linguistic connection between 'Neko' (cat) and 'Nenkyo' (evidence). While the explanation differs significantly, it does not hallucinate any facts, as the focus on the kitten's appearance conveys a broad interpretation."
}

Judge results for folder the cat is evidence(invisible, country, relation, East Asia, Japanese) updated.
Folder: work is killing me(invisible, country, relation, East Asia, Japanese)
{
    "score_4o": "3",
    "score_reason": "The MLLM output identifies the relation as 'Overwhelmed Work Environments,' which aligns with the theme of being burdened by excessive work, similar to 'work is killing me.' The explanation captures the essence of being overwhelmed by excessive workloads and managing stressful conditions, which is consistent with the standard answer. However, it does not include the phonetic similarity between 'Shigoto' and 'Shikyo' that contributes to the humorous expression, which is a key aspect of the standard answer's explanation."
}

Judge results for folder work is killing me(invisible, country, relation, East Asia, Japanese) updated.
Folder: Vorrei del pane, ma non del pene(invisible, country, relation, Non-English European, Italian)
{
    "score_4o": "2",
    "score_reason": "The MLLM's output focuses on the texture of the bread, which is not incorrect but too broad and unrelated to the intended explanation of a humorous linguistic similarity. It does not address the specific humorous relationship described in the standard answer, missing the cultural context provided by the play on words 'pane' and 'pene.'"
}

Judge results for folder Vorrei del pane, ma non del pene(invisible, country, relation, Non-English European, Italian) updated.
Folder: Need some salve(invisible, country, metaphor, Non-English European, Italian)
{
    "score_4o": "2",
    "score_reason": "The MLLM identified the theme as 'Greeting and Friendship,' which somewhat relates to the greeting aspect in the standard answer. However, it misses the specific explanation concerning the linguistic play and humorous context involving the word 'salve' in Italian. The response is too broad and does not align closely with the intended reasoning in the standard answer."
}

Judge results for folder Need some salve(invisible, country, metaphor, Non-English European, Italian) updated.
Folder: My dog is more like a stick(invisible, country, metaphor, Non-English European, Italian)
{
    "score_4o": "2",
    "score_reason": "The MLLM's output presents the concept of 'Rest and Relaxation,' which somewhat reflects the relaxed state of the animals depicted in the images. However, it is too broad and does not relate to the intended pun involving the dual meaning of the word 'cane' as explained in the standard answer. It does not mention any relevant facts related to the wordplay or theme presented in the standard reasoning."
}

Judge results for folder My dog is more like a stick(invisible, country, metaphor, Non-English European, Italian) updated.
Folder: Can't find the needle(invisible, country, relation, Non-English European, Italian)
{
    "score_4o": "2",
    "score_reason": "The MLLM's response describes a theme of 'Reflection and Serenity,' which is generally related to the images but does not align with the humorous linguistic connection described in the standard answer. It doesn't incorporate relevant facts from the standard answer but accurately represents the serene aspect of bodies of water, reflecting their surroundings."
}

Judge results for folder Can't find the needle(invisible, country, relation, Non-English European, Italian) updated.
Folder: Ho visto del vino e ho bevuto(invisible, country, metaphor, Non-English European, Italian)
{
    "score_4o": "2",
    "score_reason": "The MLLM's output identifies the relationship as 'Elegant Dining Experience,' focusing on the images of wine pouring and a dining table setup. This answer is quite broad and misses the specific Italian language play highlighted in the standard answer. The standard answer emphasizes a linguistic connection and playful interpretation, which is not addressed in the MLLM's response."
}

Judge results for folder Ho visto del vino e ho bevuto(invisible, country, metaphor, Non-English European, Italian) updated.
Folder: Sole(invisible, country, relation, Non-English European, Italian)
{
    "score_4o": "2",
    "score_reason": "The MLLM output focuses on the visual elements of the images, interpreting a theme of 'clear blue skies,' which is too broad and does not capture the specific linguistic concept highlighted in the standard answer. It does not mention relevant facts related to the dual meaning of 'sole' in Italian, nor does it address the reasoning put forth in the standard answer."
}

Judge results for folder Sole(invisible, country, relation, Non-English European, Italian) updated.
Folder: Filo(invisible, country, metaphor, Non-English European, Italian)
{
    "score_4o": "2",
    "score_reason": "The MLLM's output focuses on the concept of 'Identical Twins,' which broadly addresses the similarity between the images but doesn't match the specific 'Filo' relationship involving the wordplay in Italian. It fails to mention any relevant facts connected to the 'Filo' explanation as given in the standard answer."
}

Judge results for folder Filo(invisible, country, metaphor, Non-English European, Italian) updated.
Folder: Cough after eating(invisible, country, relation, East Asia, Korean)
{
    "score_4o": "2",
    "score_reason": "The MLLM's output captures the theme of culinary preparation and presentation, which reflects a very broad culinary context. However, it fails to identify the specific playful relationship and humor emphasized in the standard answer regarding 'cough after eating,' which directly connects to both images. It doesn't mention any factual elements that align with the intended relation in the standard answer."
}

Judge results for folder Cough after eating(invisible, country, relation, East Asia, Korean) updated.
Folder: apple and accident(invisible, country, relation, East Asia, Korean)
{
    "score_4o": "2",
    "score_reason": "The MLLM's output correctly identifies and explains the visual content of the images—red apples—focusing on their freshness and visual appeal. However, it does not capture the intended playful linguistic relationship between 'apple' and 'accident' in the Korean language as outlined in the standard answer, thereby missing the key conceptual link."
}

Judge results for folder apple and accident(invisible, country, relation, East Asia, Korean) updated.
Folder: stomach and boat(invisible, country, metaphor, East Asia, Korean)
{
    "score_4o": "2",
    "score_reason": "The MLLM's output focuses on 'Unease vs. Comfort,' describing the emotional states represented in the illustrations through body language and attire changes, which is correct but broad. However, it does not mention the key facts or the humorous dual meaning of the word '배' (Bae) as 'stomach' and 'boat' in Korean, thereby missing the essence of the humorous connection presented in the standard answer."
}

Judge results for folder stomach and boat(invisible, country, metaphor, East Asia, Korean) updated.
Folder: Looking for grass to solve(invisible, country, relation, East Asia, Korean)
{
    "score_4o": "2",
    "score_reason": "The MLLM's output identifies a relationship as 'nature, greenery, and environmental health,' which is unrelated to the standard answer 'Looking for grass to solve.' However, the explanation correctly identifies aspects of natural beauty and ecological well-being, even though it does not address the wordplay involving the Korean term '풀.' Therefore, it lacks the connection to the Korean linguistic pun described in the standard answer."
}

Judge results for folder Looking for grass to solve(invisible, country, relation, East Asia, Korean) updated.
Folder: Because this is the world(invisible, country, relation, East Asia, Korean)
{
    "score_4o": "2",
    "score_reason": "The MLLM’s output recognizes a theme of evolution in aviation, which is roughly correct but too broad compared to the standard answer. The standard answer captures a more nuanced cultural and conceptual play on words in Korean, linking the world and the progression of time, which the MLLM does not address. Therefore, it does not align with the more specific cultural reasoning in the standard answer."
}

Judge results for folder Because this is the world(invisible, country, relation, East Asia, Korean) updated.
Folder: snow and eyes(invisible, country, relation, East Asia, Korean)
{
    "score_4o": "2",
    "score_reason": "The MLLM's output focuses on the theme of 'Serenity,' whereas the standard answer revolves around the wordplay in Korean associating 'snow' and 'eyes.' While the explanation around 'calm and peace' does not relate directly to the linguistic connection highlighted in the standard answer, it captures a similar theme of tranquility and beauty reflected in both images."
}

Judge results for folder snow and eyes(invisible, country, relation, East Asia, Korean) updated.
Finish: Judge results all saved to ./glm-4v_judge.json
Finish: Combined results all saved to ./glm-4v_test_and_judge.json
