Folder: Kuala Lumpur(invisible, city, mutual elements, NA, English)
{
    "score_4o": "2",
    "score_reason": "The MLLM's response focuses on the different color schemes of the dragons, which is correct based on the visual details, but it does not connect the images to 'Kuala Lumpur' as mentioned in the standard answer. The explanation lacks the reasoning related to the phonetic play on 'Cool Dragon Slope' and the iconic representation of the Petronas Twin Towers in Kuala Lumpur."
}

Judge results for folder Kuala Lumpur(invisible, city, mutual elements, NA, English) updated.
Folder: Santorini(visible, city, mutual elements, NA, English)
{
    "score_4o": "0",
    "score_reason": "The MLLM's explanation erroneously interprets the number 365 as representing a year, which is unrelated to the standard answer's contextual relationship. The standard answer clarifies that 365 represents the number of white churches with blue domes in Santorini, while the MLLM fails to make this connection. This results in a factuality hallucination in the explanation."
}

Judge results for folder Santorini(visible, city, mutual elements, NA, English) updated.
Folder: Newton's Laws of Motion(invisible, STEM, mutual elements, NA, English)
{
    "score_4o": "2",
    "score_reason": "The MLLM's output describes the relationship simply as 'Apple', which is too broad and does not capture the connection to 'Newton's Laws of Motion' highlighted in the standard answer. It identifies apples in both images, but lacks relevant facts about Newton's discovery of gravity inspired by a falling apple."
}

Judge results for folder Newton's Laws of Motion(invisible, STEM, mutual elements, NA, English) updated.
Folder: New Delhi(invisible, city, mutual elements, NA, English)
{
    "score_4o": "1",
    "score_reason": "The MLLM output focuses on the apparent similarity between the two images, stating they are the same, with no differences identified. This indicates that the MLLM has not discerned the deeper symbolic or phonetic connection that is present in the standard answer, which is focused on the play on words and symbolism related to New Delhi and the Red Fort. Therefore, the response reflects uncertainty or a lack of connection to the intended theme of New Delhi, warranting a score of 1."
}

Judge results for folder New Delhi(invisible, city, mutual elements, NA, English) updated.
Folder: Berlinanother(invisible, city, mutual elements, NA, English)
{
    "score_4o": "1",
    "score_reason": "The MLLM identifies the relation as 'Smiling,' which is significantly different and unrelated to the standard answer 'Berlinanother.' Additionally, it does not address the intended historical or cultural context of the images described in the standard answer."
}

Judge results for folder Berlinanother(invisible, city, mutual elements, NA, English) updated.
Folder: Electronics(invisible, STEM, relation, NA, English)
{
    "score_4o": "2",
    "score_reason": "The MLLM output relates the images through 'Circuit board' instead of the broader term 'Electronics,' which is a somewhat accurate but narrower perspective. The explanation provided by the MLLM describes the contents of the images without connecting them to the concept of 'Electronics' as in the standard answer."
}

Judge results for folder Electronics(invisible, STEM, relation, NA, English) updated.
Folder: Geology(invisible, STEM, relation, NA, English)
{
    "score_4o": "2",
    "score_reason": "The MLLM's output identifies 'Damage' as the relation, which is loosely related to the standard answer but does not capture the specific theme of 'Geology' related to earthquakes and their causes. The explanation focuses on the visual theme of damage, without connecting it to geological factors like earthquakes, which are central to the standard answer. Therefore, the response is too broad compared to the nuanced connection outlined in the standard answer."
}

Judge results for folder Geology(invisible, STEM, relation, NA, English) updated.
Folder: Medical Imaging(invisible, STEM, relation, NA, English)
{
    "score_4o": "2",
    "score_reason": "The MLLM identifies the images as identical and both related to a medical scanner, which aligns partially with the standard answer related to 'Medical Imaging.' However, the explanation about the Toshiba CT scanner differs from the standard answer's focus on MRI and the applications of magnetic fields and physics, which are distinctive features of MRI rather than CT scanners."
}

Judge results for folder Medical Imaging(invisible, STEM, relation, NA, English) updated.
Folder: Strategic Decision-Making(invisible, STEM, relation, NA, English)
{
    "score_4o": "2",
    "score_reason": "The MLLM output identifies the first image as a 'chart' and suggests its use in decision-making, which is broadly related to the concept of 'strategic decision-making.' However, the explanation lacks specific reference to 'game theory' or its application in evolution and strategic decision-making, as noted in the standard answer."
}

Judge results for folder Strategic Decision-Making(invisible, STEM, relation, NA, English) updated.
Folder: Montreal(invisible, city, mutual elements, NA, English)
{
    "score_4o": "1",
    "score_reason": "The MLLM responds by identifying the same image relationship from the visual similarity of the images. It does not recognize or address the intended thematic relationship with 'Montreal,' as noted in the standard answer. Hence, it reflects a lack of alignment with the standard reasoning."
}

Judge results for folder Montreal(invisible, city, mutual elements, NA, English) updated.
Folder: Proprioception(invisible, sense, mutual elements, NA, English)
{
    "score_4o": "2",
    "score_reason": "The MLLM's output identifies the common theme as 'Balance beam,' which is partially correct in terms of describing what is visibly shown, but misses the deeper connection provided in the standard answer which revolves around 'Proprioception,' a sense crucial to maintaining balance in such activities. The explanation given by the MLLM is descriptive of the images rather than conveying the conceptual relation highlighted in the standard answer."
}

Judge results for folder Proprioception(invisible, sense, mutual elements, NA, English) updated.
Folder: AmericanCulture(visible, country, mutual elements, USAEnglish, English)
{
    "score_4o": "2",
    "score_reason": "The MLLM identifies both images as sidewalks with stars, which hints at the Hollywood Walk of Fame but stops short of contextualizing this feature within American culture or entertainment. This results in a too-broad summarization. Additionally, there is no mention of other related facts, such as the symbolism of success in entertainment associated with the Hollywood Walk of Fame."
}

Judge results for folder AmericanCulture(visible, country, mutual elements, USAEnglish, English) updated.
Folder: AmericanIdentity(visible, country, relation, USAEnglish, English)
{
    "score_4o": "0",
    "score_reason": "The MLLM's explanation focuses entirely on the visual characteristics of the two images and completely misses the connection to 'American Identity' as described in the standard answer. Furthermore, by suggesting that both images depict the 'same red bridge,' it infers incorrect facts, implying there's no other symbolic link between the images besides being visually similar."
}

Judge results for folder AmericanIdentity(visible, country, relation, USAEnglish, English) updated.
Folder: Hanoi(invisible, country, mutual elements, NA, English)
{
    "score_4o": "1",
    "score_reason": "The MLLM's response lists the connection as 'Woman,' focusing on the visual elements of the image (a woman laughing and another woman). However, this does not attempt to explore or align with the intended thematic reasoning found in the standard answer, related to phonetics and cultural essence in regards to 'Hanoi.' The response expresses an unknown connection and does not show any signs of factuality hallucination. Therefore, it scores a 1."
}

Judge results for folder Hanoi(invisible, country, mutual elements, NA, English) updated.
Folder: Japan(visible, country, mutual elements, East Asia, English)
{
    "score_4o": "2",
    "score_reason": "The MLLM's output summarizes the relationship as 'Water,' which is unrelated to the standard answer 'Japan,' focusing on Mount Fuji and cherry blossoms. The explanation accurately describes the images on a factual level but lacks the cultural and symbolic connections that tie them to Japan."
}

Judge results for folder Japan(visible, country, mutual elements, East Asia, English) updated.
Folder: TraditionalJapan(visible, country, metaphor, East Asia, English)
{
    "score_4o": "2",
    "score_reason": "The MLLM output identifies both images as depicting a train station with modern trains, which focuses on the surface details observable in a single theme. However, it fails to capture the deeper cultural connotations of the images related to 'Traditional Japan,' including representations like the Shinkansen and Katana, as highlighted by the standard answer."
}

Judge results for folder TraditionalJapan(visible, country, metaphor, East Asia, English) updated.
Folder: JapaneseCulture(visible, country, mutual elements, East Asia, English)
{
    "score_4o": "2",
    "score_reason": "The MLLM's output summarizes the relationship simply as 'Cats,' which is rough but does not align with the standard answer, which identifies 'JapaneseCulture.' However, it correctly identifies the central element in the images—cat figurines. The explanation lacks any relevant facts about Japanese culture and doesn't address the cultural significance of the Maneki-neko."
}

Judge results for folder JapaneseCulture(visible, country, mutual elements, East Asia, English) updated.
Folder: ModernKoreanCulture(visible, country, mutual elements, East Asia, English)
{
    "score_4o": "2",
    "score_reason": "The MLLM's output identifies the relation as 'The same woman,' focusing on the immediate visual similarity of the two images without identifying deeper cultural context. There's no mention of Korean culture, K-Pop, or kimchi, which are central to the standard answer. Thus, MLLM's response is too narrow and lacks alignment with the cultural significance highlighted in the standard answer."
}

Judge results for folder ModernKoreanCulture(visible, country, mutual elements, East Asia, English) updated.
Folder: KoreanNationalIdentity(visible, country, mutual elements, East Asia, English)
{
    "score_4o": "0",
    "score_reason": "The MLLM's output claims that both images depict the same man and describes them as identical, which deviates from the standard answer focusing on 'Korean National Identity.' This inaccurate assessment constitutes a factuality hallucination."
}

Judge results for folder KoreanNationalIdentity(visible, country, mutual elements, East Asia, English) updated.
Folder: PopularDishInKorea(visible, country, mutual elements, East Asia, English)
{
    "score_4o": "0",
    "score_reason": "The MLLM output mistakenly identifies the images as both being of the same tower with a blue and white light, while the standard answer describes two distinct subjects: N Seoul Tower and Bibimbap. There is a factual hallucination in identifying the images as identical, resulting in no correct relevant facts as required by the standards."
}

Judge results for folder PopularDishInKorea(visible, country, mutual elements, East Asia, English) updated.
Folder: Briefcase and Briefcase(invisible, business, mutual elements, NA, English)
{
    "score_4o": "2",
    "score_reason": "The MLLM's output identifies the presence of 'tall buildings' in the images, which is true. However, the MLLM fails to capture the deeper connection suggested by the standard answer, which ties these buildings to business professionals using briefcases. The output touches on the visuals but doesn't align with the underlying theme of business and corporate settings, as identified in the standard explanation."
}

Judge results for folder Briefcase and Briefcase(invisible, business, mutual elements, NA, English) updated.
Folder: Startup(invisible, business, mutual elements, NA, English)
{
    "score_4o": "0",
    "score_reason": "The MLLM's output is entirely focused on the physical similarity of the two images, interpreted as 'Identical.' It completely misses the conceptual relationship identified in the standard answer, where the lightbulb is linked to the theme of 'Startup' through its representation of an idea and related to seed funding. Additionally, the MLLM's explanation repeats itself unnecessarily, indicating a lack of understanding of the deeper connection mentioned in the standard answer."
}

Judge results for folder Startup(invisible, business, mutual elements, NA, English) updated.
Folder: OnlinePurchase(invisible, business, relation, NA, English)
{
    "score_4o": "1",
    "score_reason": "The MLLM's output identifies the relation as 'Shopping cart,' which is different from the standard answer 'OnlinePurchase,' giving no consideration to the context of online shopping or e-commerce. It only describes visual details without addressing the intended connection or reasoning with how shopping carts relate to online purchases."
}

Judge results for folder OnlinePurchase(invisible, business, relation, NA, English) updated.
Folder: market data(invisible, business, relation, NA, English)
{
    "score_4o": "3",
    "score_reason": "The MLLM's output captures the general theme of stock market trends, which is consistent with the standard answer 'market data.' However, it fails to mention the specific connection between candlestick charts and stock tickers. Still, the emphasis on analyzing stock market trends aligns with the intended relationship theme."
}

Judge results for folder market data(invisible, business, relation, NA, English) updated.
Folder: TargetAudienceImage(invisible, business, relation, NA, English)
{
    "score_4o": "2",
    "score_reason": "The MLLM's output describes the imagery correctly, but its inferred relationship 'The same image' is superficially accurate and does not align with the thematic connection indicated by the standard answer, i.e., 'TargetAudienceImage.' The standard explanation and reasoning are linked to marketing concepts, which the MLLM's output does not address."
}

Judge results for folder TargetAudienceImage(invisible, business, relation, NA, English) updated.
Folder: Hearing(invisible, sense, mutual elements, NA, English)
{
    "score_4o": "2",
    "score_reason": "The MLLM's output cites 'Communication' as the relationship, focusing on the forms and evolution of communication devices. This angle somewhat connects with the concept of communication as a broader theme, but it doesn't align with the standard answer's specific focus on 'Hearing.' The explanation and reasoning lack direct relevance to the sounds, which is the focal point of the standard answer's connection."
}

Judge results for folder Hearing(invisible, sense, mutual elements, NA, English) updated.
Folder: Sight(invisible, sense, mutual elements, NA, English)
{
    "score_4o": "2",
    "score_reason": "The MLLM output describes the common theme as 'Nature,' which is related to the standard answer 'Sight.' However, it does not address the specific concept of visually striking phenomena. The explanation is more focused on explaining the natural aspects rather than the visual impact, thus missing the key point in the standard answer."
}

Judge results for folder Sight(invisible, sense, mutual elements, NA, English) updated.
Folder: Smell(invisible, sense, mutual elements, NA, English)
{
    "score_4o": "2",
    "score_reason": "The MLLM's output focuses on the visual similarity of two coffee cups and identifies 'Similar' as the relationship, which is too broad and unrelated to the standard answer centered around 'Smell.' The explanation correctly identifies the visual similarity, but does not capture the key reasoning related to 'Smell' specified in the standard answer."
}

Judge results for folder Smell(invisible, sense, mutual elements, NA, English) updated.
Folder: Taste(invisible, sense, mutual elements, NA, English)
{
    "score_4o": "0",
    "score_reason": "The MLLM's explanation inaccurately describes both images as depicting the same subject, a ripe strawberry, which contradicts the standard answer detailing differing subjects—a strawberry and a slice of pizza—thus involving a factual hallucination."
}

Judge results for folder Taste(invisible, sense, mutual elements, NA, English) updated.
Folder: Touch(invisible, sense, mutual elements, NA, English)
{
    "score_4o": "2",
    "score_reason": "The MLLM's output identifies the common object in both images, which is a chair, but it does not capture the thematic relationship intended in the standard answer, related to the sensation of 'touch.' While it correctly accounts for the object 'chair' in both the images, the explanation and reasoning deviate entirely from the tactile theme and do not incorporate any relevant facts regarding contrasting sensations."
}

Judge results for folder Touch(invisible, sense, mutual elements, NA, English) updated.
Folder: Supply and demand(invisible, business, mutual elements, NA, English)
{
    "score_4o": "1",
    "score_reason": "The MLLM completely misses the intended concept of 'Supply and demand' by focusing on the superficial details of a man in a red hoodie. The explanation does not address the reasoning or relationship intended in the standard answer, leading to an irrelevant response. However, the response doesn't contain factual errors or hallucinations."
}

Judge results for folder Supply and demand(invisible, business, mutual elements, NA, English) updated.
No test results found for folder: Shark Tank(invisible, business, mutual elements, NA, English)
Folder: SWOT analysis(invisible, business, mutual elements, NA, English)
{
    "score_4o": "1",
    "score_reason": "The MLLM's response focuses entirely on the visual aspect of the images, noting that they are the same, without connecting to the concept of SWOT analysis as highlighted in the standard answer. It expresses uncertainty by only stating that the images are identical and not venturing further into relevant reasoning or explanation."
}

Judge results for folder SWOT analysis(invisible, business, mutual elements, NA, English) updated.
Folder: Blue chip stock(invisible, business, mutual elements, NA, English)
{
    "score_4o": "2",
    "score_reason": "The MLLM's output focuses on the physical appearance of the poker chip, saying they are the 'same,' and provides a description of the chip's features, without referring to the symbolic or metaphorical use in financial contexts, as explained in the standard answer. The connection to blue-chip stocks and high value is not mentioned, indicating an understanding that's correct in context but lacks depth."
}

Judge results for folder Blue chip stock(invisible, business, mutual elements, NA, English) updated.
Folder: IPO(invisible, business, mutual elements, NA, English)
{
    "score_4o": "2",
    "score_reason": "The MLLM's output identifies the relation as 'Work,' which is too broad and doesn't align with the specific concept of an IPO as indicated in the standard answer. The explanation provided does not address the specific context of an IPO, missing the reasoning related to the offering of company shares on a stock exchange. However, the general theme of 'work' is somewhat related due to the professional settings depicted in the images."
}

Judge results for folder IPO(invisible, business, mutual elements, NA, English) updated.
Folder: Merger(invisible, business, mutual elements, NA, English)
{
    "score_4o": "2",
    "score_reason": "The MLLM's output identifies the common element as 'Puzzle,' focusing on teamwork and individual effort, which is roughly correct but too broad and misses the specific context of 'Merger' present in the standard answer. It does not refer to a merger or provide relevant facts aligning with the standard reasoning."
}

Judge results for folder Merger(invisible, business, mutual elements, NA, English) updated.
Folder: Acquisition(invisible, business, mutual elements, NA, English)
{
    "score_4o": "2",
    "score_reason": "The MLLM's output identifies a thematic connection between the images as 'Business,' noting that a city skyline signifies commerce and a start-up diagram on a tablet relates to entrepreneurship. However, it doesn't capture the specific concept of 'Acquisition' highlighted in the standard answer. The MLLM's answer is too broad and lacks the focus on an acquisition, as expected."
}

Judge results for folder Acquisition(invisible, business, mutual elements, NA, English) updated.
Folder: Leverage(invisible, business, mutual elements, NA, English)
{
    "score_4o": "2",
    "score_reason": "The MLLM output identifies both images as diagrams of a lever with identical labels, focusing only on their visual similarity. This response is focused on the visible content rather than delving into the deeper conceptual meaning of 'Leverage' as outlined in the standard answer. Consequently, the provided connection 'Identical' misses the connection between physical levers and financial leverage, as discussed in the standard answer."
}

Judge results for folder Leverage(invisible, business, mutual elements, NA, English) updated.
Folder: Due diligence(invisible, business, mutual elements, NA, English)
{
    "score_4o": "2",
    "score_reason": "The MLLM's output mentions the use of a 'magnifying glass' as a tool to examine documents, which aligns with the images, but it interprets the connection broadly as 'Magnifying glass' rather than pinpointing the more accurate theme of 'Due diligence.' The output lacks the specific context of investigation and analysis before a business deal, thus failing to connect with the intended standard explanation and reasoning."
}

Judge results for folder Due diligence(invisible, business, mutual elements, NA, English) updated.
Folder: Umami(invisible, sense, mutual elements, East Asia, Japanese)
{
    "score_4o": "0",
    "score_reason": "The MLLM output inaccurately describes the images as showing bowls of shredded meat and focuses on the material of the bowls, which is incorrect and fabricated. The standard answer refers to the concept of 'Umami' involving ingredients like Kombu seaweed, Dashi, Katsuobushi, and Tomato, which is completely unrelated to the provided explanation by the MLLM."
}

Judge results for folder Umami(invisible, sense, mutual elements, East Asia, Japanese) updated.
Folder: Karashi(invisible, sense, mutual elements, East Asia, Japanese)
{
    "score_4o": "1",
    "score_reason": "The MLLM output is focused solely on describing the visual content of the images and identifies 'seeds' as the relationship, without any deeper contextual or thematic connection. It misses the specific relation to 'Karashi' and its implications relating to mustard and spicy effects. The repetition does not reflect any alignment with the standard answer, indicating a lack of understanding beyond the literal depiction of items in the images."
}

Judge results for folder Karashi(invisible, sense, mutual elements, East Asia, Japanese) updated.
Folder: Iki(invisible, sense, mutual elements, East Asia, Japanese)
{
    "score_4o": "2",
    "score_reason": "The MLLM output states that both images are the same, depicting a purple flower with a yellow center. While this observation may be accurate visually, it doesn't connect to the deeper theme of 'Iki' as described in the standard answer. The explanation misses the cultural and aesthetic nuances related to 'Iki,' which involves a natural, effortless grace in simplicity and elegance, represented by both a flower and a bamboo flute. However, it does not include any erroneous information."
}

Judge results for folder Iki(invisible, sense, mutual elements, East Asia, Japanese) updated.
Folder: Wabi-sabi(invisible, sense, mutual elements, East Asia, Japanese)
{
    "score_4o": "1",
    "score_reason": "The MLLM output provides basic observations about the images being identical and includes the description of a broken cup with a floral design. However, it does not recognize or convey the conceptual connection to 'Wabi-sabi' as described in the standard answer, showing a lack of understanding of the philosophical theme involved."
}

Judge results for folder Wabi-sabi(invisible, sense, mutual elements, East Asia, Japanese) updated.
Folder: Yugen(invisible, sense, mutual elements, East Asia, Japanese)
{
    "score_4o": "2",
    "score_reason": "The MLLM's output focuses on the visual aspects of the images, noting the presence of individuals in white kimonos with fans, which is a basic observation of the imagery. However, it fails to mention the deeper cultural context related to 'Yugen' as outlined in the standard answer, which involves more nuanced elements like the Noh mask and cherry blossoms. While it correctly identifies elements of traditional Japanese attire and possible cultural context, it doesn't capture the same depth or thematic connection referenced in 'Yugen.'"
}

Judge results for folder Yugen(invisible, sense, mutual elements, East Asia, Japanese) updated.
Folder: Agrodolce(invisible, sense, mutual elements, Non-English European, Italian)
{
    "score_4o": "0",
    "score_reason": "The MLLM's response includes fabricated content about the image description involving strawberries, spinach, and chocolate syrup. It diverges entirely from the standard answer concerning 'Agrodolce,' a flavor profile defined by the combination of sweet and sour and does not involve strawberries drizzled with chocolate syrup."
}

Judge results for folder Agrodolce(invisible, sense, mutual elements, Non-English European, Italian) updated.
Folder: Sapido(invisible, sense, mutual elements, Non-English European, Italian)
{
    "score_4o": "2",
    "score_reason": "The MLLM's output identifies 'Cheese' as the relation, which is factually correct but too broad and lacks the specific connection to 'Sapido' provided in the standard answer. Additionally, the explanation does not include relevant reasoning related to the specific culinary qualities discussed in the standard answer, such as the umami flavors, which exemplify 'Sapido.'"
}

Judge results for folder Sapido(invisible, sense, mutual elements, Non-English European, Italian) updated.
Folder: Aromatico(invisible, sense, mutual elements, Non-English European, Italian)
{
    "score_4o": "0",
    "score_reason": "The MLLM's output indicates that both images are of the same basil leaves on a cutting board, describing them with vivid detail. However, the standard answer identifies the relational theme as 'Aromatico,' emphasizing the aromatic qualities of basil and rosemary. The mentioned details and interpretation in the MLLM's explanation are irrelevant to the relationship and reasoning given in the standard answer, demonstrating factual inaccuracies in portrayal and comparison. Therefore, the response is evaluated as having a factuality hallucination."
}

Judge results for folder Aromatico(invisible, sense, mutual elements, Non-English European, Italian) updated.
Folder: Amaro(invisible, sense, mutual elements, Non-English European, Italian)
{
    "score_4o": "0",
    "score_reason": "The MLLM's response incorrectly identifies the images as depicting 'the same red cabbage with white veins,' repeating this multiple times. Additionally, there is no mention of 'Amaro,' and the explanation does not address any of the thematic connections found in the standard answer, which involves the flavor profile of radicchio and Campari. This is a factual hallucination, as it fails to capture any relevant aspects of the images related to the standard answer."
}

Judge results for folder Amaro(invisible, sense, mutual elements, Non-English European, Italian) updated.
Folder: Piccante(invisible, sense, mutual elements, Non-English European, Italian)
{
    "score_4o": "2",
    "score_reason": "The MLLM's output simplifies the relationship to 'Food,' which is too broad and does not capture the specific connection to 'Piccante.' The explanation mentions the image contents but lacks relevant information related to the 'Piccante' theme. Therefore, the response is roughly correct but fails to convey the targeted relationship present in the standard answer."
}

Judge results for folder Piccante(invisible, sense, mutual elements, Non-English European, Italian) updated.
Folder: Udito(invisible, sense, mutual elements, Non-English European, Italian)
{
    "score_4o": "0",
    "score_reason": "The MLLM entirely misconstrues the standard answer. Instead of identifying 'Udito' as the relation between the two images, connecting the conductor's baton with sound in opera and the Vespa wheel with its engine sound, the MLLM mistakenly identifies the depicted images as the same, leading to a completely inaccurate explanation."
}

Judge results for folder Udito(invisible, sense, mutual elements, Non-English European, Italian) updated.
Folder: Jeong(invisible, sense, mutual elements, East Asia, Korean)
{
    "score_4o": "2",
    "score_reason": "The MLLM's output identifies the general theme of 'Cooking' based on the observation of food preparation in both images, which is correct but too broad and does not relate to the key concept of 'Jeong' as specified in the standard answer. The explanation focuses on the cooking action without addressing the deeper cultural meaning."
}

Judge results for folder Jeong(invisible, sense, mutual elements, East Asia, Korean) updated.
Folder: Tokyo(visible, city, mutual elements, East Asia, English)
{
    "score_4o": "0",
    "score_reason": "The MLLM provides an incorrect explanation by focusing on the repetitive details in the images of the toy Godzilla, emphasizing its physical attributes rather than the contextual connection with Tokyo. Additionally, it does not connect Godzilla to Tokyo, as noted in the standard answer. The erroneous identification of the background as a cloudy sky also detracts from its alignment with the standard explanation, hence resulting in factual hallucination."
}

Judge results for folder Tokyo(visible, city, mutual elements, East Asia, English) updated.
Folder: Venice(visible, city, mutual elements, NA, English)
{
    "score_4o": "3",
    "score_reason": "The MLLM's output accurately identifies the relation as 'Venice' and explains it through the depiction of gondolas in canals, which aligns with the standard answer's mention of gondolas as a primary mode of transportation in Venice's canals. However, it misses the additional connection to the Venetian Carnival and elaborate masks. Therefore, the response is roughly correct but incomplete, resulting in a score of 3."
}

Judge results for folder Venice(visible, city, mutual elements, NA, English) updated.
Folder: India(visible, city, mutual elements, NA, English)
{
    "score_4o": "0",
    "score_reason": "The MLLM response inaccurately identifies both images as depicting the same building, the Taj Mahal. The standard answer indicates that these images are related to 'India,' associating the Taj Mahal with a cultural symbol and auto rickshaws, which are common in India. The factual hallucination lies in failing to recognize one of the images as an auto rickshaw instead of the Taj Mahal, leading to an erroneous explanation."
}

Judge results for folder India(visible, city, mutual elements, NA, English) updated.
Folder: Rio de Janeiro(visible, city, mutual elements, NA, English)
{
    "score_4o": "2",
    "score_reason": "The MLLM's output suggests that the two images depict 'the same statue of Jesus Christ,' which reflects an overly broad relation of 'Same subject' without addressing the specific connection pointed out in the standard answer. The explanation also misses the core context of Rio de Janeiro, which is crucial to understanding the link between the two landmarks as detailed in the standard answer."
}

Judge results for folder Rio de Janeiro(visible, city, mutual elements, NA, English) updated.
Folder: Beijing(visible, city, mutual elements, NA, English)
{
    "score_4o": "2",
    "score_reason": "The MLLM output notes the similarity of two images showing a long wall on a mountain, but it does not identify these as depictions of the Great Wall, nor does it connect them to Beijing as in the standard answer. The response is overly broad, not referring to the relevant facts in the standard answer, but it does not contain factual hallucinations."
}

Judge results for folder Beijing(visible, city, mutual elements, NA, English) updated.
Folder: New York City(visible, city, mutual elements, NA, English)
{
    "score_4o": "2",
    "score_reason": "The MLLM's output identifies the objects in both images as the Statue of Liberty, but fails to recognize the connection with New York City as highlighted in the standard answer. The explanation is too narrow and does not convey the intended reasoning shared in the standard response, which should have captured the broader theme linking to New York City icons."
}

Judge results for folder New York City(visible, city, mutual elements, NA, English) updated.
Folder: Sydney(visible, city, mutual elements, NA, English)
{
    "score_4o": "2",
    "score_reason": "The MLLM's output correctly identifies the Sydney Opera House but incorrectly states that both images depict the same building, neglecting to mention the boomerang. The standard answer accurately connects the Opera House and boomerang through their association with Sydney and Australia, which the MLLM doesn't address. Therefore, the response is related but lacks relevant facts and reasoning tied to the standard answer."
}

Judge results for folder Sydney(visible, city, mutual elements, NA, English) updated.
Folder: Egypt - Giza(visible, city, mutual elements, NA, English)
{
    "score_4o": "2",
    "score_reason": "The MLLM output identifies a theme of 'Camel riding,' which is an observable detail in the images themselves, but misses the deeper association with 'Egypt - Giza' mentioned in the standard answer. It broadly connects the images through visual elements rather than contextual or cultural significance."
}

Judge results for folder Egypt - Giza(visible, city, mutual elements, NA, English) updated.
Folder: Rome(visible, city, mutual elements, NA, English)
{
    "score_4o": "2",
    "score_reason": "The MLLM's output focuses on the depiction of what appears to be the same building, the Colosseum, in both images, pointing out similarities in architectural features. However, it entirely misses the association with Vespa scooters and their link to Rome, which forms part of the essential reasoning in the standard answer. Thus, the main relation 'The same building' is too narrow and unrelated to 'Rome', which is the theme according to the standard answer."
}

Judge results for folder Rome(visible, city, mutual elements, NA, English) updated.
Folder: Istanbul(visible, city, mutual elements, NA, English)
{
    "score_4o": "2",
    "score_reason": "The MLLM's output identifies the images as depicting the same building and describes its architectural elements, which is not related to the standard answer, 'Istanbul,' nor explains the context of Hagia Sophia and Turkish Delight as part of Istanbul's cultural and historical significance. The answer lacks relevant information and reasoning provided in the standard answer."
}

Judge results for folder Istanbul(visible, city, mutual elements, NA, English) updated.
Folder: Toronto(visible, city, mutual elements, NA, English)
{
    "score_4o": "2",
    "score_reason": "The MLLM's output describes both images as featuring 'a tall tower in a city' and summarizes the relation as 'Tall tower,' which is too broad and vague. It does not address or align with the more specific theme of 'Toronto' provided in the standard answer, which includes relevant facts such as the CN Tower and the maple leaf. The explanation lacks key connections, causing it to deviate significantly from the intended reasoning."
}

Judge results for folder Toronto(visible, city, mutual elements, NA, English) updated.
Folder: Berlin(visible, city, mutual elements, NA, English)
{
    "score_4o": "0",
    "score_reason": "The MLLM output mistakenly claims that the two images are identical and depicts a large stone monument with columns and a statue. This response does not align with the standard answer, which describes a relationship involving the Brandenburg Gate and currywurst in Berlin. The MLLM has not identified or addressed this connection accurately and provides an incorrect explanation of the images."
}

Judge results for folder Berlin(visible, city, mutual elements, NA, English) updated.
Folder: Dubai(visible, city, mutual elements, NA, English)
{
    "score_4o": "1",
    "score_reason": "The MLLM failed to identify or reference the key elements related to the standard answer, namely Burj Khalifa and Falcon, which are both linked to Dubai and UAE. Instead, it repeated the same literal description of both images without addressing the deeper connection or thematic relationship. The response gives an uncertain and overly generalized connection."
}

Judge results for folder Dubai(visible, city, mutual elements, NA, English) updated.
Folder: San Francisco(visible, city, mutual elements, NA, English)
{
    "score_4o": "2",
    "score_reason": "The MLLM's output identifies both images as featuring bridges with a city in the background, which is factually correct, but it fails to connect them specifically to 'San Francisco.' The relation 'Both images feature bridges' is too broad and does not align with the more specific answer 'San Francisco' featuring the Golden Gate Bridge and cable cars. The explanation also lacks the crucial information about the specific and iconic city related to the images."
}

Judge results for folder San Francisco(visible, city, mutual elements, NA, English) updated.
Folder: Brussels(visible, city, mutual elements, NA, English)
{
    "score_4o": "0",
    "score_reason": "The MLLM incorrectly identifies the statue as a child holding a fish, when the correct identification is the 'Manneken Pis,' a famous statue in Brussels. The MLLM's output does not relate to any of the key facts or reasoning provided in the standard answer."
}

Judge results for folder Brussels(visible, city, mutual elements, NA, English) updated.
Folder: Bhutan(visible, country, mutual elements, NA, English)
{
    "score_4o": "2",
    "score_reason": "The MLLM output mistakenly focuses on architecture, identifying both images as 'temples built on cliffs,' and it does not capture the specific cultural reference to Bhutan as stated in the standard answer. However, it mentions temples which are indeed part of the concept in the standard answer involving a prominent Buddhist monastery in Bhutan."
}

Judge results for folder Bhutan(visible, country, mutual elements, NA, English) updated.
Folder: Madagascar(visible, country, mutual elements, NA, English)
{
    "score_4o": "0",
    "score_reason": "The MLLM has misinterpreted the images by describing them as depicting generic tall trees without recognizing the distinctiveness of the baobab trees, which are iconic of Madagascar. Furthermore, the MLLM does not identify or relate to the key cultural and ecological connections to Madagascar, leading to an incorrect relation 'Tall tree' that lacks the necessary specificity."
}

Judge results for folder Madagascar(visible, country, mutual elements, NA, English) updated.
Folder: Mongolia(visible, country, mutual elements, NA, English)
{
    "score_4o": "2",
    "score_reason": "The MLLM output correctly identifies a 'yurt' in both images, but fails to connect them to Mongolian culture, nor does it include integral aspects such as horse riding. It focuses solely on the structural and visual description of a yurt, missing the broader cultural relationship found in the standard answer."
}

Judge results for folder Mongolia(visible, country, mutual elements, NA, English) updated.
Folder: Nepal(visible, country, mutual elements, NA, English)
{
    "score_4o": "2",
    "score_reason": "The MLLM's response summarizes the relationship as 'Mountains,' which is too broad and not closely aligned with the more specific context provided in the standard answer, which links to Nepal and its cultural and geographical significance. The explanation given by the MLLM lacks key elements, such as the connection to Tibetan Buddhism and Nepal. However, it correctly identifies both images as featuring mountains, which is a relevant component but not sufficient to reflect the intended depth of the standard answer."
}

Judge results for folder Nepal(visible, country, mutual elements, NA, English) updated.
Folder: Uzbekistan(visible, country, mutual elements, NA, English)
{
    "score_4o": "2",
    "score_reason": "The MLLM output identifies both images as depicting the same building but does not specify any broader context or connection, like Uzbekistan or Registan Square, which are key facts in the standard answer. Therefore, it falls broadly correct in identifying the images as the same structure but lacks any relevant detail aligning with the specific geographical or cultural context provided in the standard answer."
}

Judge results for folder Uzbekistan(visible, country, mutual elements, NA, English) updated.
Folder: Samoa(visible, country, mutual elements, NA, English)
{
    "score_4o": "0",
    "score_reason": "The MLLM output focuses on a superficial description of the visible elements in the images (beach, huts, palm trees) and reiterates them without addressing the underlying cultural connection that is central to the standard answer. Additionally, the repetition suggests a misunderstanding or lack of engagement with the images' deeper meaning in relation to Samoan culture, which ties together beach fales and tatau. Thus, the MLLM misunderstands the context entirely and doesn't align with the intended reasoning."
}

Judge results for folder Samoa(visible, country, mutual elements, NA, English) updated.
Folder: Ogni paese ha l'usanza sua(invisible, country, mutual elements, Non-English European, Italian)
{
    "score_4o": "2",
    "score_reason": "The MLLM captures a surface-level similarity between the two images, focusing on the action of pouring, but misses the deeper connection to cultural customs highlighted in the standard answer. It correctly identifies the act of pouring as a common action in both images but does not relate this to the distinct cultural practices represented."
}

Judge results for folder Ogni paese ha l'usanza sua(invisible, country, mutual elements, Non-English European, Italian) updated.
Folder: Roma non fu fatta in un giorno(invisible, country, mutual elements, Non-English European, Italian)
{
    "score_4o": "2",
    "score_reason": "The MLLM answered 'Identical' as the relation between two bricks, which is too broad and misses the nuanced reasoning in the standard answer. The explanation also failed to relate to the thematic idea of gradual work and effort symbolized by the proverb 'Rome wasn't built in a day.' Instead, it simply noted the superficial identity of the bricks. However, it does correctly identify the images as identical, which is partially related to the broader concept of building."
}

Judge results for folder Roma non fu fatta in un giorno(invisible, country, mutual elements, Non-English European, Italian) updated.
Folder: A goccia a goccia si scava la pietra(invisible, STEM, mutual elements, Non-English European, Italian)
{
    "score_4o": "2",
    "score_reason": "The MLLM output focuses on the imagery of water droplets striking a rock but does not identify or interpret the metaphorical relationship tied to the proverb 'A goccia a goccia si scava la pietra' which conveys persistence and cumulative impact. However, it provides a factual description of the images themselves, within the context of water and rocks, which can loosely relate to the phenomenon of erosion discussed in the standard answer."
}

Judge results for folder A goccia a goccia si scava la pietra(invisible, STEM, mutual elements, Non-English European, Italian) updated.
Folder: Misura due volte, taglia una(invisible, STEM, mutual elements, Non-English European, Italian)
{
    "score_4o": "2",
    "score_reason": "The MLLM output is roughly correct as it relates the images to 'Math,' which is a general theme but fails to capture the specific concept of 'Misura due volte, taglia una' as provided in the standard answer. The explanation focuses on the AI solving math problems rather than the intended theme of planning and careful preparation. It lacks depth and does not align with the more abstract application of planning and outcomes presented in the standard answer."
}

Judge results for folder Misura due volte, taglia una(invisible, STEM, mutual elements, Non-English European, Italian) updated.
Folder: Occhio non vede, cuore non duole(invisible, sense, mutual elements, Non-English European, Italian)
{
    "score_4o": "2",
    "score_reason": "The MLLM's output identifies the relation as 'Room' and describes both images as depicting messy rooms, but it doesn't capture the specific thematic concept 'Occhio non vede, cuore non duole,' which involves ignoring or hiding a mess to achieve temporary unawareness. The explanation lacks the thematic depth provided in the standard answer but accurately describes the basic content of the images."
}

Judge results for folder Occhio non vede, cuore non duole(invisible, sense, mutual elements, Non-English European, Italian) updated.
Folder: A lume di naso(invisible, sense, mutual elements, Non-English European, Italian)
{
    "score_4o": "2",
    "score_reason": "The MLLM's output identifies 'Field' as the relation between the images, which is too broad and not aligned with the intended concept of 'A lume di naso.' The explanation merely states that dogs are sniffing the ground in a field, which is factual but lacks the deeper connection to instinct or intuition as in the standard answer."
}

Judge results for folder A lume di naso(invisible, sense, mutual elements, Non-English European, Italian) updated.
Folder: Networking Event(visible, business, mutual elements, NA, English)
{
    "score_4o": "2",
    "score_reason": "The MLLM identifies the image content correctly as 'spider web with dew on it,' which aligns with the standard answer's image component. However, it interprets the relation literally, focusing on the visual similarity ('Both images show a spider web with dew on it'), which is too broad and lacks the conceptual linkage ('Networking Event') described in the standard answer. Therefore, the MLLM's reasoning does not align with what the standard answer intended."
}

Judge results for folder Networking Event(visible, business, mutual elements, NA, English) updated.
Folder: Supply Chain(invisible, business, relation, NA, English)
{
    "score_4o": "2",
    "score_reason": "The MLLM's output focuses solely on the similarity between the two images, describing them both as groups of people working in a factory setting, which is too broad and doesn't address the standard answer. The standard answer highlights the relation to the 'Supply Chain,' involving factories producing goods and trucks transporting them, none of which is mentioned by the MLLM."
}

Judge results for folder Supply Chain(invisible, business, relation, NA, English) updated.
Folder: まだな(invisible, country, relation, East Asia, Japanese)
{
    "score_4o": "2",
    "score_reason": "The MLLM's output correctly identifies the connection as 'bananas,' which is an accurate reflection of the visual content. However, it doesn't address the deeper conceptual linkage to 'まだな'. It presents a literal interpretation of the images without exploring the metaphorical or thematic meanings hinted at in the standard answer."
}

Judge results for folder まだな(invisible, country, relation, East Asia, Japanese) updated.
Folder: work life(invisible, business, relation, NA, English)
{
    "score_4o": "0",
    "score_reason": "The MLLM's output incorrectly describes the images as identical, without any mention of the briefcase or family photo which are key elements in the standard answer. Furthermore, it fails to address the theme of 'work life' or 'work-life balance,' providing no relevant facts or reasoning aligned with the standard answer. Additionally, the MLLM erroneously described the images as both having shiny metal scales with empty bowls, which is factually incorrect in the context of the standard answer."
}

Judge results for folder work life(invisible, business, relation, NA, English) updated.
Folder: Longevity(invisible, country, relation, East Asia, Japanese)
{
    "score_4o": "2",
    "score_reason": "The MLLM output accurately describes the images of sushi and provides a clear explanation of the visual elements. However, it does not address the deeper cultural connection to 'Longevity' or mention related elements like the crane, which are part of the standard answer's theme."
}

Judge results for folder Longevity(invisible, country, relation, East Asia, Japanese) updated.
Folder: rabbit by the sea(invisible, country, relation, East Asia, Japanese)
{
    "score_4o": "0",
    "score_reason": "The MLLM's output suggests that the two images are identical depictions of a tropical beach, which is an incorrect interpretation of the relationship. The standard answer refers to a whimsical phrase about a 'rabbit by the sea' connected through Japanese words, not identical images. The explanation provides an erroneous analysis of the image content."
}

Judge results for folder rabbit by the sea(invisible, country, relation, East Asia, Japanese) updated.
Folder: as tight as beef(invisible, country, metaphor, East Asia, Japanese)
{
    "score_4o": "2",
    "score_reason": "The MLLM summarized the relation between the images as 'Identical,' based on their content, rather than recognizing the intended play on words related to the expression 'as tight as beef.' While the identification of the images is accurate, it fails to capture the cultural and linguistic explanation provided in the standard answer. Therefore, the response is too broad and lacks relevance to the concept presented in the standard answer's reasoning."
}

Judge results for folder as tight as beef(invisible, country, metaphor, East Asia, Japanese) updated.
Folder: the cat is evidence(invisible, country, relation, East Asia, Japanese)
{
    "score_4o": "1",
    "score_reason": "The MLLM responds with stating that the relationship is 'The same image,' without addressing or aligning with the intended standard reasoning about the humorous connection involving 'Neko' and 'Nenkyo.'"
}

Judge results for folder the cat is evidence(invisible, country, relation, East Asia, Japanese) updated.
Folder: work is killing me(invisible, country, relation, East Asia, Japanese)
{
    "score_4o": "1",
    "score_reason": "The MLLM identifies the images as identical, explaining them as the same scene, which signifies uncertainty about a deeper connection. It does not address or align with the intended standard reasoning related to the expression 'work is killing me.'"
}

Judge results for folder work is killing me(invisible, country, relation, East Asia, Japanese) updated.
Folder: Vorrei del pane, ma non del pene(invisible, country, relation, Non-English European, Italian)
{
    "score_4o": "2",
    "score_reason": "The MLLM's output correctly identifies the subject of both images as 'bread,' and provides a general description of the bread's appearance. However, it fails to capture the specific humorous cultural reference associated with 'Vorrei del pane, ma non del pene,' which involves the phonetic play on Italian words for bread and penis. The MLLM's explanation lacks relevance to the deeper cultural context present in the standard answer."
}

Judge results for folder Vorrei del pane, ma non del pene(invisible, country, relation, Non-English European, Italian) updated.
Folder: Need some salve(invisible, country, metaphor, Non-English European, Italian)
{
    "score_4o": "2",
    "score_reason": "The MLLM output is focused on describing the images as simply forms of 'communication.' This response is too broad and doesn't align with the more nuanced and humorous standard answer about the dual meaning of the word 'salve' in Italian as both 'hello' and 'ointment.' It fails to capture the playful aspect that is central to the standard response."
}

Judge results for folder Need some salve(invisible, country, metaphor, Non-English European, Italian) updated.
Folder: My dog is more like a stick(invisible, country, metaphor, Non-English European, Italian)
{
    "score_4o": "2",
    "score_reason": "The MLLM's output provides a straightforward description of the images as identical scenes of a pug sleeping, which is correct at a fundamental level. However, it fails to capture the culturally nuanced humor in the standard answer, which revolves around the dual meaning of 'cane' in Italian. The response lacks the depth and relevant facts mentioned in the standard answer about the humorous linguistic twist, leading to a roughly correct but overly broad interpretation."
}

Judge results for folder My dog is more like a stick(invisible, country, metaphor, Non-English European, Italian) updated.
Folder: Can't find the needle(invisible, country, relation, Non-English European, Italian)
{
    "score_4o": "2",
    "score_reason": "The MLLM's output describes the relation between the images as 'Nature,' which is broadly correct given the descriptions of lakes and trees. However, it does not connect with the specific linguistic play or the humorous context mentioned in the standard answer, which links 'lake' and 'needle' through the Italian words 'lago' and 'l'ago.'"
}

Judge results for folder Can't find the needle(invisible, country, relation, Non-English European, Italian) updated.
Folder: Ho visto del vino e ho bevuto(invisible, country, metaphor, Non-English European, Italian)
{
    "score_4o": "2",
    "score_reason": "The MLLM's output correctly identifies the common theme of 'Wine' between the two images. However, it does not capture the specific, playful meaning related to the Italian word 'vino' described in the standard answer. It focuses solely on the literal depiction of wine being poured."
}

Judge results for folder Ho visto del vino e ho bevuto(invisible, country, metaphor, Non-English European, Italian) updated.
Folder: Sole(invisible, country, relation, Non-English European, Italian)
{
    "score_4o": "2",
    "score_reason": "The MLLM's output correctly identifies the visual similarity between the two images but fails to identify the deeper linguistic connection involving the word 'sole' in Italian that relates to sun and exclusivity, as indicated in the standard answer. The relation 'Similar' is too broad and superficial in comparison to the standard answer, which highlights a specific cultural and linguistic play on words."
}

Judge results for folder Sole(invisible, country, relation, Non-English European, Italian) updated.
Folder: Filo(invisible, country, metaphor, Non-English European, Italian)
{
    "score_4o": "2",
    "score_reason": "The MLLM output correctly identifies the images as depicting the same scene with detailed descriptions. However, it fails to relate to the concept of 'Filo' or the play on words mentioned in the standard answer. While the output identifies a similarity (identical images), it doesn't align with the standard thematic reasoning."
}

Judge results for folder Filo(invisible, country, metaphor, Non-English European, Italian) updated.
Folder: Cough after eating(invisible, country, relation, East Asia, Korean)
{
    "score_4o": "2",
    "score_reason": "The MLLM correctly identifies the common theme of 'Kimchi' by recognizing both images as depicting bowls of kimchi. However, it does not connect this to the intended playful phrase about 'coughing after eating spiciness of kimchi.' Thus, it touches on the main component but misses the nuanced explanation and reasoning about the phrase."
}

Judge results for folder Cough after eating(invisible, country, relation, East Asia, Korean) updated.
Folder: apple and accident(invisible, country, relation, East Asia, Korean)
{
    "score_4o": "2",
    "score_reason": "The MLLM's output correctly identifies that both images feature 'apples,' which is one aspect of the theme. However, it misses the conceptual connection to 'accident' described in the standard answer and does not address the humorous linguistic play involved in the phrase mentioned in the explanation. It focuses solely on the visual similarity without delving into the deeper linguistic or cultural explanation."
}

Judge results for folder apple and accident(invisible, country, relation, East Asia, Korean) updated.
Folder: stomach and boat(invisible, country, metaphor, East Asia, Korean)
{
    "score_4o": "2",
    "score_reason": "The MLLM's output addresses the most literal observation of the images by noting their identical appearance but entirely misses the linguistic element and cultural context present in the standard answer. While technically accurate regarding the images, it lacks the insight needed to fully capture the relationship described in the standard answer, which centers on the wordplay involving the Korean word '배.'"
}

Judge results for folder stomach and boat(invisible, country, metaphor, East Asia, Korean) updated.
Folder: Looking for grass to solve(invisible, country, relation, East Asia, Korean)
{
    "score_4o": "2",
    "score_reason": "The MLLM's output identifies the images as 'green grass fields,' but it fails to mention the linguistic and humorous connection present in the standard answer related to the Korean word '풀.' However, its summary of the visual theme as 'green' is somewhat related, albeit broadly."
}

Judge results for folder Looking for grass to solve(invisible, country, relation, East Asia, Korean) updated.
Folder: Because this is the world(invisible, country, relation, East Asia, Korean)
{
    "score_4o": "2",
    "score_reason": "The MLLM's response focuses on the images being identical, which aligns with a broad interpretation of connection but lacks the deeper linguistic and conceptual explanation provided in the standard answer. It does not address the Korean phrase and its clever connections between 'world' and 'age,' which are critical to the standard answer's reasoning."
}

Judge results for folder Because this is the world(invisible, country, relation, East Asia, Korean) updated.
Folder: snow and eyes(invisible, country, relation, East Asia, Korean)
{
    "score_4o": "2",
    "score_reason": "The MLLM's output focuses solely on the literal depiction of human eyes in the images, missing the linguistic connection between 'snow' and 'eyes' in the Korean language that's highlighted in the standard answer. However, the images do indeed show close-up shots of human eyes, so it is not entirely disconnected from the visual content."
}

Judge results for folder snow and eyes(invisible, country, relation, East Asia, Korean) updated.
Finish: Judge results all saved to ./VILA1.5-40b_judge.json
Finish: Combined results all saved to ./VILA1.5-40b_test_and_judge.json
Judge results already found for folder: Kuala Lumpur(invisible, city, mutual elements, NA, English)
Judge results already found for folder: Santorini(visible, city, mutual elements, NA, English)
Judge results already found for folder: Newton's Laws of Motion(invisible, STEM, mutual elements, NA, English)
Judge results already found for folder: New Delhi(invisible, city, mutual elements, NA, English)
Judge results already found for folder: Berlinanother(invisible, city, mutual elements, NA, English)
Judge results already found for folder: Electronics(invisible, STEM, relation, NA, English)
Judge results already found for folder: Geology(invisible, STEM, relation, NA, English)
Judge results already found for folder: Medical Imaging(invisible, STEM, relation, NA, English)
Judge results already found for folder: Strategic Decision-Making(invisible, STEM, relation, NA, English)
Judge results already found for folder: Montreal(invisible, city, mutual elements, NA, English)
Judge results already found for folder: Proprioception(invisible, sense, mutual elements, NA, English)
Judge results already found for folder: AmericanCulture(visible, country, mutual elements, USAEnglish, English)
Judge results already found for folder: AmericanIdentity(visible, country, relation, USAEnglish, English)
Judge results already found for folder: Hanoi(invisible, country, mutual elements, NA, English)
Judge results already found for folder: Japan(visible, country, mutual elements, East Asia, English)
Judge results already found for folder: TraditionalJapan(visible, country, metaphor, East Asia, English)
Judge results already found for folder: JapaneseCulture(visible, country, mutual elements, East Asia, English)
Judge results already found for folder: ModernKoreanCulture(visible, country, mutual elements, East Asia, English)
Judge results already found for folder: KoreanNationalIdentity(visible, country, mutual elements, East Asia, English)
Judge results already found for folder: PopularDishInKorea(visible, country, mutual elements, East Asia, English)
Judge results already found for folder: Briefcase and Briefcase(invisible, business, mutual elements, NA, English)
Judge results already found for folder: Startup(invisible, business, mutual elements, NA, English)
Judge results already found for folder: OnlinePurchase(invisible, business, relation, NA, English)
Judge results already found for folder: market data(invisible, business, relation, NA, English)
Judge results already found for folder: TargetAudienceImage(invisible, business, relation, NA, English)
Judge results already found for folder: Hearing(invisible, sense, mutual elements, NA, English)
Judge results already found for folder: Sight(invisible, sense, mutual elements, NA, English)
Judge results already found for folder: Smell(invisible, sense, mutual elements, NA, English)
Judge results already found for folder: Taste(invisible, sense, mutual elements, NA, English)
Judge results already found for folder: Touch(invisible, sense, mutual elements, NA, English)
Judge results already found for folder: Supply and demand(invisible, business, mutual elements, NA, English)
Folder: Shark Tank(invisible, business, mutual elements, NA, English)
{
    "score_4o": "2",
    "score_reason": "The MLLM's output describes the relationship between the two images as 'Shark fin,' focusing on the literal and visual aspect of the images (shark fins in water), which is too broad and misses the intended conceptual connection of 'Shark Tank' as explained in the standard answer. The explanation is more detailed regarding the images' visual content but lacks the reasoning connected to 'Shark Tank,' which aligns with business and entrepreneurship themes."
}

Judge results for folder Shark Tank(invisible, business, mutual elements, NA, English) updated.
Judge results already found for folder: SWOT analysis(invisible, business, mutual elements, NA, English)
Judge results already found for folder: Blue chip stock(invisible, business, mutual elements, NA, English)
Judge results already found for folder: IPO(invisible, business, mutual elements, NA, English)
Judge results already found for folder: Merger(invisible, business, mutual elements, NA, English)
Judge results already found for folder: Acquisition(invisible, business, mutual elements, NA, English)
Judge results already found for folder: Leverage(invisible, business, mutual elements, NA, English)
Judge results already found for folder: Due diligence(invisible, business, mutual elements, NA, English)
Judge results already found for folder: Umami(invisible, sense, mutual elements, East Asia, Japanese)
Judge results already found for folder: Karashi(invisible, sense, mutual elements, East Asia, Japanese)
Judge results already found for folder: Iki(invisible, sense, mutual elements, East Asia, Japanese)
Judge results already found for folder: Wabi-sabi(invisible, sense, mutual elements, East Asia, Japanese)
Judge results already found for folder: Yugen(invisible, sense, mutual elements, East Asia, Japanese)
Judge results already found for folder: Agrodolce(invisible, sense, mutual elements, Non-English European, Italian)
Judge results already found for folder: Sapido(invisible, sense, mutual elements, Non-English European, Italian)
Judge results already found for folder: Aromatico(invisible, sense, mutual elements, Non-English European, Italian)
Judge results already found for folder: Amaro(invisible, sense, mutual elements, Non-English European, Italian)
Judge results already found for folder: Piccante(invisible, sense, mutual elements, Non-English European, Italian)
Judge results already found for folder: Udito(invisible, sense, mutual elements, Non-English European, Italian)
Judge results already found for folder: Jeong(invisible, sense, mutual elements, East Asia, Korean)
Judge results already found for folder: Tokyo(visible, city, mutual elements, East Asia, English)
Judge results already found for folder: Venice(visible, city, mutual elements, NA, English)
Judge results already found for folder: India(visible, city, mutual elements, NA, English)
Judge results already found for folder: Rio de Janeiro(visible, city, mutual elements, NA, English)
Judge results already found for folder: Beijing(visible, city, mutual elements, NA, English)
Judge results already found for folder: New York City(visible, city, mutual elements, NA, English)
Judge results already found for folder: Sydney(visible, city, mutual elements, NA, English)
Judge results already found for folder: Egypt - Giza(visible, city, mutual elements, NA, English)
Judge results already found for folder: Rome(visible, city, mutual elements, NA, English)
Judge results already found for folder: Istanbul(visible, city, mutual elements, NA, English)
Judge results already found for folder: Toronto(visible, city, mutual elements, NA, English)
Judge results already found for folder: Berlin(visible, city, mutual elements, NA, English)
Judge results already found for folder: Dubai(visible, city, mutual elements, NA, English)
Judge results already found for folder: San Francisco(visible, city, mutual elements, NA, English)
Judge results already found for folder: Brussels(visible, city, mutual elements, NA, English)
Judge results already found for folder: Bhutan(visible, country, mutual elements, NA, English)
Judge results already found for folder: Madagascar(visible, country, mutual elements, NA, English)
Judge results already found for folder: Mongolia(visible, country, mutual elements, NA, English)
Judge results already found for folder: Nepal(visible, country, mutual elements, NA, English)
Judge results already found for folder: Uzbekistan(visible, country, mutual elements, NA, English)
Judge results already found for folder: Samoa(visible, country, mutual elements, NA, English)
Judge results already found for folder: Ogni paese ha l'usanza sua(invisible, country, mutual elements, Non-English European, Italian)
Judge results already found for folder: Roma non fu fatta in un giorno(invisible, country, mutual elements, Non-English European, Italian)
Judge results already found for folder: A goccia a goccia si scava la pietra(invisible, STEM, mutual elements, Non-English European, Italian)
Judge results already found for folder: Misura due volte, taglia una(invisible, STEM, mutual elements, Non-English European, Italian)
Judge results already found for folder: Occhio non vede, cuore non duole(invisible, sense, mutual elements, Non-English European, Italian)
Judge results already found for folder: A lume di naso(invisible, sense, mutual elements, Non-English European, Italian)
Judge results already found for folder: Networking Event(visible, business, mutual elements, NA, English)
Judge results already found for folder: Supply Chain(invisible, business, relation, NA, English)
Judge results already found for folder: まだな(invisible, country, relation, East Asia, Japanese)
Judge results already found for folder: work life(invisible, business, relation, NA, English)
Judge results already found for folder: Longevity(invisible, country, relation, East Asia, Japanese)
Judge results already found for folder: rabbit by the sea(invisible, country, relation, East Asia, Japanese)
Judge results already found for folder: as tight as beef(invisible, country, metaphor, East Asia, Japanese)
Judge results already found for folder: the cat is evidence(invisible, country, relation, East Asia, Japanese)
Judge results already found for folder: work is killing me(invisible, country, relation, East Asia, Japanese)
Judge results already found for folder: Vorrei del pane, ma non del pene(invisible, country, relation, Non-English European, Italian)
Judge results already found for folder: Need some salve(invisible, country, metaphor, Non-English European, Italian)
Judge results already found for folder: My dog is more like a stick(invisible, country, metaphor, Non-English European, Italian)
Judge results already found for folder: Can't find the needle(invisible, country, relation, Non-English European, Italian)
Judge results already found for folder: Ho visto del vino e ho bevuto(invisible, country, metaphor, Non-English European, Italian)
Judge results already found for folder: Sole(invisible, country, relation, Non-English European, Italian)
Judge results already found for folder: Filo(invisible, country, metaphor, Non-English European, Italian)
Judge results already found for folder: Cough after eating(invisible, country, relation, East Asia, Korean)
Judge results already found for folder: apple and accident(invisible, country, relation, East Asia, Korean)
Judge results already found for folder: stomach and boat(invisible, country, metaphor, East Asia, Korean)
Judge results already found for folder: Looking for grass to solve(invisible, country, relation, East Asia, Korean)
Judge results already found for folder: Because this is the world(invisible, country, relation, East Asia, Korean)
Judge results already found for folder: snow and eyes(invisible, country, relation, East Asia, Korean)
Finish: Judge results all saved to ./VILA1.5-40b_judge.json
Finish: Combined results all saved to ./VILA1.5-40b_test_and_judge.json
