Folder: BritishRoyalFamily(visible, animal, mutual elements, USAEnglish, English)
{
    "score_4o": "2",
    "score_reason": "The MLLM's output centers around the theme of 'Reflection,' which is fairly unrelated to the specific connection with the British Royal Family. While the imagery in the first image of a royal corgi and the landscape might evoke a broader sense of reflection, it misses the precise association made in the standard answer. The explanation lacks the key insights related to Queen Elizabeth II and her fondness for corgis, as well as the heraldic symbolism of the lion in the coat of arms, which are central to the standard explanation."
}

Judge results for folder BritishRoyalFamily(visible, animal, mutual elements, USAEnglish, English) updated.
Folder: Countryside Tales (visible, animal, metaphor, USAEnglish, English)
{
    "score_4o": "2",
    "score_reason": "The MLLM's output focuses on the theme of 'Duplicity/Repetition,' which is somewhat related but quite broad and does not address the specific themes in the standard answer. While it acknowledges elements associated with Little Red Riding Hood, it misses the key connection to 'Countryside Tales' and does not mention other elements such as the wolf that are pivotal in the standard reasoning."
}

Judge results for folder Countryside Tales (visible, animal, metaphor, USAEnglish, English) updated.
Folder: Pub(invisible, animal, mutual elements, USAEnglish, English)
{
    "score_4o": "2",
    "score_reason": "The MLLM's response correctly identifies 'The Red Lion' as suggesting a human-made structure but broadly labels the relationship as 'Nature and establishment,' which does not specifically align with the standard answer's focus on a 'Pub.' The explanation about harmony between man-made structures and nature is too broad and doesn't address the context of 'The Red Lion' as a pub. It lacks relevant key facts regarding the specific pub context provided in the standard answer."
}

Judge results for folder Pub(invisible, animal, mutual elements, USAEnglish, English) updated.
Folder: Christmas(invisible, animal, mutual elements, USAEnglish, English)
{
    "score_4o": "3",
    "score_reason": "The MLLM's output summarizes the relationship as 'Winter Wonderland,' which is conceptually related to the winter theme present in Christmas, but does not specifically mention 'Christmas.' The explanation aligns broadly with the idea of a winter landscape, capturing the winter environment from both images. However, it does not explicitly draw the connection to Christmas as the standard answer does."
}

Judge results for folder Christmas(invisible, animal, mutual elements, USAEnglish, English) updated.
Folder: Royal Pets(visible, animal, metaphor, USAEnglish, English)
{
    "score_4o": "2",
    "score_reason": "The MLLM's response identifies a broad relationship theme of 'Twin Objects,' which matches some elements seen in the images, specifically focusing on the crown shape. However, it doesn't align with the concept of 'Royal Pets' as in the standard answer, nor does it capture the notion of royalty or association with Buckingham Palace. The explanation doesn't effectively connect both images to a common theme related to royal luxury or pets, as provided in the standard answer."
}

Judge results for folder Royal Pets(visible, animal, metaphor, USAEnglish, English) updated.
Folder: Royal Ascot(invisible, animal, mutual elements, USAEnglish, English)
{
    "score_4o": "2",
    "score_reason": "The MLLM's output relates the images to 'Nature's Elegance,' which is too broad and does not align with the specific connection of 'Royal Ascot' provided in the standard answer. While it accurately describes themes of natural beauty and elegance, it fails to mention key aspects related to the Royal Ascot event, such as horse racing and extravagant hats."
}

Judge results for folder Royal Ascot(invisible, animal, mutual elements, USAEnglish, English) updated.
Folder: Frog(invisible, animal, relation, NA, English)
{
    "score_4o": "3",
    "score_reason": "The MLLM's output correctly links the two images under the theme of 'metamorphosis,' which is related to the transformation from a tadpole to a frog, as specified in the standard answer. However, the standard answer specifically identifies 'Frog' as the relationship and provides a brief explanation of the metamorphosis process, which the MLLM's output, while providing a detailed explanation, doesn't perfectly align with the standard answer's more concise relationship identification."
}

Judge results for folder Frog(invisible, animal, relation, NA, English) updated.
Folder: dragon robe(invisible, animal, relation, East Asia, English)
{
    "score_4o": "2",
    "score_reason": "The MLLM's output captures the theme of 'evolution' related to the visual depiction of the dragon character. However, it does not mention key facts related to the 'dragon robe,' such as the dragon being a symbol of the emperor and the associated traditional symbolism with the yellow robe worn exclusively by the emperor in imperial China. The explanation diverges from the intended reasoning about the representation of imperial power and cultural significance."
}

Judge results for folder dragon robe(invisible, animal, relation, East Asia, English) updated.
Folder: Jade Rabbit(invisible, animal, metaphor, East Asia, English)
{
    "score_4o": "2",
    "score_reason": "The MLLM's output identifies the relation as the color green, which appears to be too broad and lacks precision. Although the MLLM suggests a potential theme involving nature, it does not mention 'Jade Rabbit,' nor does it capture the intended connection to the mythological aspect presented in the standard answer. Hence, the explanation provided by MLLM doesn't align with the standard reasoning."
}

Judge results for folder Jade Rabbit(invisible, animal, metaphor, East Asia, English) updated.
Folder: 猴子捞月(visible, animal, metaphor, East Asia, Chinese)
{
    "score_4o": "2",
    "score_reason": "The MLLM's response of 'Tranquility and natural beauty' is broadly related to nature but fails to capture the specific story of the fable/idiom '猴子捞月' (the monkey fishing for the moon). The explanation remains at a high level of abstraction without referencing key facts of the fable, such as the monkey's action and the moon's reflection in the water."
}

Judge results for folder 猴子捞月(visible, animal, metaphor, East Asia, Chinese) updated.
Folder: 蚕丝(invisible, animal, relation, East Asia, Chinese)
{
    "score_4o": "2",
    "score_reason": "The MLLM's interpretation 'Transformation' is too broad compared to the standard answer's specific focus on 'silk production.' Although it correctly identifies the stages in the life cycle of silkworms, it fails to connect these to the production of silk, which is the key relation in the standard answer. Therefore, it doesn't address or align with the intended standard reasoning."
}

Judge results for folder 蚕丝(invisible, animal, relation, East Asia, Chinese) updated.
Folder: SunWukong(visible, animal, metaphor, East Asia, English)
{
    "score_4o": "2",
    "score_reason": "The MLLM's output describes the jewelry as part of a 'Minimalist Jewelry Design,' missing key elements found in the standard answer related to Sun Wukong. The explanation centers on design, failing to reference the relevant cultural or mythological context from the standard answer."
}

Judge results for folder SunWukong(visible, animal, metaphor, East Asia, English) updated.
Folder: predation(visible, animal, relation, NA, English)
{
    "score_4o": "2",
    "score_reason": "The MLLM's response focuses on 'Focus on Details' rather than 'predation,' which is the key relation in the standard answer. While the explanation emphasizes the owl's features and behavior, it does not address the predatory aspect or mention mice, which completes the reasoning for the correct answer. The response is somewhat related but lacks the specific context relevant to predation."
}

Judge results for folder predation(visible, animal, relation, NA, English) updated.
Folder: Russia(invisible, animal, mutual elements, Non-English European, English)
{
    "score_4o": "2",
    "score_reason": "The MLLM's output identifies the relation between 'a Fabergé egg' and 'a landscape painting' as 'Contrasting luxury and simplicity,' which is too broad and not related to the standard answer, which focuses on the cultural and historical link to 'Russia.' The MLLM fails to mention relevant facts aligning with the Russian context described in the standard answer."
}

Judge results for folder Russia(invisible, animal, mutual elements, Non-English European, English) updated.
Folder: Corrida de toros(visible, animal, relation, Non-English European, Spanish)
{
    "score_4o": "2",
    "score_reason": "The MLLM's output summarizes the relationship as 'Rural Life,' which is too broad and does not capture the specific connection to 'Corrida de toros' that the standard answer provides. The explanation does mention general themes of rural life and livestock but fails to connect to the theme of bullfighting, the red cape, and the specific cultural associations highlighted in the standard answer."
}

Judge results for folder Corrida de toros(visible, animal, relation, Non-English European, Spanish) updated.
Folder: Símbolo de paz(visible, animal, metaphor, Non-English European, Spanish)
{
    "score_4o": "3",
    "score_reason": "The MLLM output correctly identifies the theme of peace connected with a dove, aligning with the standard answer's relation 'Símbolo de paz.' However, it lacks specifics about Picasso's Dove of Peace, which ties closely to the reasoning provided in the standard answer. While the MLLM captures the essence of the images representing peace, it doesn't fully convey the significance of Picasso's artwork as described in the standard answer."
}

Judge results for folder Símbolo de paz(visible, animal, metaphor, Non-English European, Spanish) updated.
Folder: Два медведя в одной берлоге не живут(invisible, animal, metaphor, Non-English European, Russian)
{
    "score_4o": "2",
    "score_reason": "The MLLM's output describes a concept of 'mimicry,' emphasizing the similarity in poses and settings while differing in species. However, this interpretation does not directly align with the standard answer's metaphorical expression of competition and territoriality using the 'two bears' imagery. The MLLM's reasoning lacks the specific thematic elements of rivalry and exclusivity described in the standard answer."
}

Judge results for folder Два медведя в одной берлоге не живут(invisible, animal, metaphor, Non-English European, Russian) updated.
Folder: Ha безрыбье и рак рыба(invisible, animal, metaphor, Non-English European, Russian)
{
    "score_4o": "2",
    "score_reason": "The MLLM's output describes the relationship as 'Perspective,' focusing on the positional views of the crayfish in the images. This interpretation is correct based on the visual content but does not align with the deeper cultural meaning in the standard answer concerning a Russian proverb ('Ha безрыбье и рак рыба'). The MLLM fails to provide the relevant cultural connection between the images, which is the primary focus of the standard answer. However, it does correctly interpret the images as showing different perspectives."
}

Judge results for folder Ha безрыбье и рак рыба(invisible, animal, metaphor, Non-English European, Russian) updated.
Folder: Bee and honeycomb(visible, animal, relation, NA, English)
{
    "score_4o": "2",
    "score_reason": "The MLLM output identifies 'Pollination' as the relation, which is a broader concept than the specific relation given in the standard answer. While the explanation effectively addresses the pollination process involving bees and flowers, it does not align with the specific concept of 'Bee and honeycomb' presented in the standard answer. The MLLM focuses on a broader ecological relationship between bees and flowers, rather than the specific habitat relation described in the standard."
}

Judge results for folder Bee and honeycomb(visible, animal, relation, NA, English) updated.
Folder: nest(invisible, animal, relation, NA, English)
{
    "score_4o": "2",
    "score_reason": "The MLLM's response focuses on the natural behavior and setting of the Northern Mockingbird, emphasizing continuity of life in the environment. While it provides accurate observations of the bird in its habitat, it does not relate to the 'nest' analogy used in the standard answer, missing the conceptual link that extends the idea of a 'nest' to human architecture."
}

Judge results for folder nest(invisible, animal, relation, NA, English) updated.
Folder: Topology(visible, STEM, mutual elements, NA, English)
{
    "score_4o": "2",
    "score_reason": "The MLLM output discusses 'twisted forms,' describing the jewelry pieces in terms of design complexity, but lacks connection to 'topology,' the intended concept in the standard answer. The detailed analysis of complexity misses the relevant connection to topological principles such as non-orientability and connectedness associated with objects like the Mobius strip or Klein bottle."
}

Judge results for folder Topology(visible, STEM, mutual elements, NA, English) updated.
Folder: 九章算术(invisible, STEM, mutual elements, East Asia, Chinese)
{
    "score_4o": "2",
    "score_reason": "The MLLM's output identifies the relationship as 'Digital Preservation,' which differs from the standard answer '九章算术.' While the explanation mentions preserving knowledge across mediums, it does not touch upon the specific context of '九章算术' or the mathematical content suggested by the ancient bamboo slips relevant to the Nine Chapters. Therefore, the reasoning lacks relevant facts from the standard answer."
}

Judge results for folder 九章算术(invisible, STEM, mutual elements, East Asia, Chinese) updated.
Folder: 珠心算(visible, STEM, relation, East Asia, Chinese)
{
    "score_4o": "2",
    "score_reason": "The MLLM's output relates the images through the concept of 'Perspective,' which is not directly aligned with the standard answer '珠心算'. The explanation does not reference mental calculation or visualization related to the abacus. However, it correctly identifies the images as depicting an abacus, which partially aligns with the standard answer by focusing on the object itself."
}

Judge results for folder 珠心算(visible, STEM, relation, East Asia, Chinese) updated.
Folder: equation(invisible, STEM, metaphor, NA, English)
{
    "score_4o": "2",
    "score_reason": "The MLLM's output identifies the concept of force and balance in a seesaw setup, which aligns with the general theme of balance and equality. However, it fails to capture the deeper analogy to the concept of an equation as described in the standard answer. The explanation focuses on the force and balance without relating it to mathematical equality and equations, missing the connection to the standard reasoning."
}

Judge results for folder equation(invisible, STEM, metaphor, NA, English) updated.
Folder: Fibonacci Sequence(visible, STEM, metaphor, NA, English)
{
    "score_4o": "3",
    "score_reason": "The MLLM output identifies the relation as the 'Golden Ratio,' which is closely related to the 'Fibonacci Sequence,' as both concepts are connected through the mathematical pattern seen in nature and architecture. While it doesn't perfectly align with the standard answer emphasizing the 'Fibonacci Sequence,' it does capture a similar thematic connection between natural patterns and human design. The explanation also appropriately highlights the connection between the images, despite not exactly matching the focus on Fibonacci."
}

Judge results for folder Fibonacci Sequence(visible, STEM, metaphor, NA, English) updated.
Folder: Regular Hexagonal Prism(visible, STEM, metaphor, NA, English)
{
    "score_4o": "2",
    "score_reason": "The MLLM's output does identify the hexagonal pattern present in both images, representing a natural formation and a structural element, which aligns with the idea of hexagons as efficient structural forms found in nature. However, it does not mention any connection to the concept of a Regular Hexagonal Prism as specified in the standard answer. The explanation captures the broad theme of hexagonal structures but lacks the geometric and prismatic aspect highlighted in the standard answer."
}

Judge results for folder Regular Hexagonal Prism(visible, STEM, metaphor, NA, English) updated.
Folder: curve(visible, STEM, mutual elements, NA, English)
{
    "score_4o": "2",
    "score_reason": "The MLLM's output identifies 'Perspective and detail' as the relationship, focusing on the banana's physical attributes. This differs from the standard answer, which emphasizes the concept of 'curve' as the relationship between a banana and a rollercoaster track. While the MLLM describes the images accurately, it does not align with the standard reasoning or conceptual link related to curvature."
}

Judge results for folder curve(visible, STEM, mutual elements, NA, English) updated.
Folder: square(invisible, STEM, mutual elements, NA, English)
{
    "score_4o": "2",
    "score_reason": "The MLLM output suggests a connection through the theme of education and mathematics, which is not directly related to the specific geometric concept of 'square' outlined in the standard answer. While touching on mathematics, it fails to identify the precise reasoning involving geometric properties such as equal sides and angles that define a square. Therefore, it provides a broad explanation without engaging with the relevant facts in the standard answer."
}

Judge results for folder square(invisible, STEM, mutual elements, NA, English) updated.
Folder: irrational number(visible, STEM, mutual elements, NA, English)
{
    "score_4o": "2",
    "score_reason": "The MLLM's output identifies that both images feature the square root of 2 symbol, which is correct on a surface level; however, it lacks depth in recognizing the broader mathematical concept connected to the standard answer. The standard answer focuses on 'irrational number,' which √2 exemplifies. The explanation provided does not include this conceptual connection to irrational numbers or the reasoning behind it."
}

Judge results for folder irrational number(visible, STEM, mutual elements, NA, English) updated.
Folder: Golden Ratio(invisible, STEM, mutual elements, Non-English European, English)
{
    "score_4o": "2",
    "score_reason": "The MLLM's output addresses the concept of transitioning from antiquity to modernity, highlighting enduring legacies and architectural evolution. While this theme is broadly correct in the sense of juxtaposing ancient and modern elements, it does not relate to the standard answer's focus on the Golden Ratio and the specific connections. The output lacks relevant facts or the specific association with the Golden Ratio that aligns with the standard answer."
}

Judge results for folder Golden Ratio(invisible, STEM, mutual elements, Non-English European, English) updated.
Folder: Game Theory(invisible, STEM, relation, Non-English European, English)
{
    "score_4o": "2",
    "score_reason": "The MLLM's output analyzes the relation in terms of contrasting concepts while the standard answer relates them to 'Game Theory.' Although the MLLM's explanation identifies symbolic meanings of the open hand and closed fist, it does not align with or address the reasoning or relevance of game theory examples like 'Rock, Paper, Scissors' or the 'Prisoner's Dilemma.' It touches on opposing ideas but lacks connection to the intended game theory concepts."
}

Judge results for folder Game Theory(invisible, STEM, relation, Non-English European, English) updated.
Folder: Exponential Growth(invisible, STEM, mutual elements, NA, English)
{
    "score_4o": "2",
    "score_reason": "The MLLM's output suggests the relationship of 'Seasonal change,' based on observing the tree in different states, indicating different seasons. This interpretation is not directly related to the standard answer, which focuses on 'Exponential Growth' and relates the branching pattern to mathematical growth curves. However, the response does not include any erroneous information, and it captures a possible interpretation although it diverges from the intended explanation."
}

Judge results for folder Exponential Growth(invisible, STEM, mutual elements, NA, English) updated.
Folder: Pyraminx(invisible, STEM, metaphor, NA, English)
{
    "score_4o": "2",
    "score_reason": "The MLLM's output describes the theme as 'Scale and Perspective,' which does not align with the specific connection to 'Pyraminx' mentioned in the standard answer. However, the MLLM does correctly identify scale and perspective themes between the images, which are relevant observations but not the standard answer connection."
}

Judge results for folder Pyraminx(invisible, STEM, metaphor, NA, English) updated.
Folder: Abanico flamenco(invisible, STEM, relation, Non-English European, Spanish)
{
    "score_4o": "2",
    "score_reason": "The MLLM's response focuses on the color and theme of warmth and comfort between the images, which is too broad compared to the specific connection in the standard answer, 'Abanico flamenco.' The MLLM does not address the intended relation related to the resemblance of the ginkgo leaf to a flamenco fan's shape, missing the key facts in the standard answer."
}

Judge results for folder Abanico flamenco(invisible, STEM, relation, Non-English European, Spanish) updated.
Folder: Счет(invisible, STEM, metaphor, Non-English European, Russian)
{
    "score_4o": "2",
    "score_reason": "The MLLM output's relation is 'Juxtaposition of Structure and Freedom,' which seems too broad and does not effectively capture the specifics found in the standard answer, 'Счет.' The explanation interprets the visual elements as representing dualities like order and freedom, rather than relating them to a concept like an abacus or counting, as described in the standard answer. The reasoning does not reflect the intended connection, focusing instead on abstract themes without tying them back to the idea of counting or historical commerce."
}

Judge results for folder Счет(invisible, STEM, metaphor, Non-English European, Russian) updated.
Folder: Mayan Mathematics(visible, STEM, mutual elements, Latin American, English)
{
    "score_4o": "2",
    "score_reason": "The MLLM's output describes a vibrant mural and a colorful calendar as representing 'Cultural vibrancy and artistic expression.' This summary is too broad and diverges significantly from the specific theme of 'Mayan Mathematics' present in the standard answer. While the MLLM mentions elements of culture and community, it misses the deeper connection related to Mayan mathematical achievements, as reflected in the Mayan calendar and vigesimal number system in the standard explanation."
}

Judge results for folder Mayan Mathematics(visible, STEM, mutual elements, Latin American, English) updated.
Folder: Cryptography(invisible, STEM, relation, NA, English)
{
    "score_4o": "2",
    "score_reason": "The MLLM output interprets the images as depicting 'Transformation/Sequence,' focusing on the unlocking process, which is too broad and does not align with the 'Cryptography' concept outlined in the standard answer. The MLLM fails to connect the padlock and key to the concept of security and cryptography mentioned in the standard explanation but provides a plausible though incomplete interpretation centered on the physical action of unlocking."
}

Judge results for folder Cryptography(invisible, STEM, relation, NA, English) updated.
Folder: Eulerian Path(visible, STEM, relation, Non-English European, English)
{
    "score_4o": "2",
    "score_reason": "The MLLM's output suggests the connection is about 'connectivity and structure,' which is too broad and does not closely align with the specific concept of 'Eulerian Path' outlined in the standard answer. Additionally, while it mentions the significance in mathematical problems, it fails to emphasize the development of Eulerian paths resulting from the Seven Bridges of Königsberg problem."
}

Judge results for folder Eulerian Path(visible, STEM, relation, Non-English European, English) updated.
Folder: Ellipsoid(visible, STEM, mutual elements, USAEnglish, English)
{
    "score_4o": "2",
    "score_reason": "The MLLM's response, summarizing the relationship as 'Sports Balls,' is roughly correct in terms of recognizing the balls from distinct sports. However, it does not identify the mathematical concept of an 'Ellipsoid' shared by the objects in the images, and therefore does not align well with the standard answer. Moreover, while the explanation mentions differences in ball design, it does not relate to the intended reasoning based on shapes."
}

Judge results for folder Ellipsoid(visible, STEM, mutual elements, USAEnglish, English) updated.
Folder: Calculus(visible, STEM, metaphor, NA, English)
{
    "score_4o": "2",
    "score_reason": "The MLLM's output focuses on the visual similarity of the curve and the elephant's trunk, which is too broad and not related to the concepts of calculus presented in the standard answer. It doesn't mention any key concepts like 'derivative' or 'integral' that are present in the standard answer, but there is no factual hallucination. It proposes a completely different relation based on shape alone, lacking alignment with the calculus explanation, leading to a lack of connection to the reasoning provided in the standard answer."
}

Judge results for folder Calculus(visible, STEM, metaphor, NA, English) updated.
Folder: Jamón Ibérico(visible, food, relation, Non-English European, Spanish)
{
    "score_4o": "2",
    "score_reason": "The MLLM's output suggests 'Rural Life' as the relation, which is too broad and doesn't directly relate to the more specific standard answer of 'Jamón Ibérico.' The explanation discusses general rural and agricultural themes rather than making a specific connection to Iberian ham, lacking relevant facts from the standard explanation."
}

Judge results for folder Jamón Ibérico(visible, food, relation, Non-English European, Spanish) updated.
Folder: Paella de Mariscos(invisible, food, metaphor, Non-English European, Spanish)
{
    "score_4o": "2",
    "score_reason": "The MLLM's output of 'Color and vibrancy' is not related to the specific dish 'Paella de Mariscos' as given in the standard answer. While the MLLM focuses on the aesthetic and emotional aspect of the color red, it does not address the culinary context or mention any relevant facts about saffron's role in cooking Paella de Mariscos, as mentioned in the standard answer. Thus, the connection is too broad and lacks the specific details provided in the standard answer."
}

Judge results for folder Paella de Mariscos(invisible, food, metaphor, Non-English European, Spanish) updated.
Folder: Pasta con Gambas Rojas del Mediterráneo(visible, food, metaphor, Non-English European, Spanish)
{
    "score_4o": "2",
    "score_reason": "The MLLM's output focuses on the theme of 'an appreciation for fresh, quality ingredients and the art of food presentation,' which is too broad and unrelated to the specific dish 'Pasta con Gambas Rojas del Mediterráneo.' It does not address the idea of combining the two core ingredients (prawns and vegetables) to signify the specific dish, which is the key aspect of the standard answer's reasoning."
}

Judge results for folder Pasta con Gambas Rojas del Mediterráneo(visible, food, metaphor, Non-English European, Spanish) updated.
Folder: Tomahawk Steak(visible, food, relation, NA, English)
{
    "score_4o": "2",
    "score_reason": "The MLLM's output identifies the relation as 'Reflection of tools over time,' which is not directly related to the standard answer, 'Tomahawk Steak.' The explanation focuses on the evolution of axes, rather than connecting to the theme of tomahawk steaks and their origin. While the description of the images focuses on the tools, it does not align with the intended connection to the culinary reference and its symbolism as per the standard answer."
}

Judge results for folder Tomahawk Steak(visible, food, relation, NA, English) updated.
Folder: Sushi(invisible, food, mutual elements, East Asia, English)
{
    "score_4o": "2",
    "score_reason": "The MLLM's output focuses on the presentation of seaweed sheets on bamboo plates but misses the intended relation 'Sushi' from the standard answer. The explanation does not address the culinary context of sushi or mention rice as a key ingredient, which are relevant facts needed to align with the 'Sushi' theme."
}

Judge results for folder Sushi(invisible, food, mutual elements, East Asia, English) updated.
Folder: Dumplings(invisible, food, mutual elements, East Asia, English)
{
    "score_4o": "0",
    "score_reason": "The MLLM output incorrectly identifies the relationship as 'Tortilla Tradition,' focusing on tortillas rather than dumplings. This demonstrates a factuality hallucination as it presents an inaccurate explanation, failing to recognize the connection with the 'Dumplings' theme that is central to the standard answer. The images are incorrectly interpreted in the context of tortillas instead of the intended focus on dumplings related to the Chinese New Year celebration."
}

Judge results for folder Dumplings(invisible, food, mutual elements, East Asia, English) updated.
Folder: Peking Duck(invisible, food, mutual elements, East Asia, English)
{
    "score_4o": "2",
    "score_reason": "The MLLM's output identifies 'Reflection' as the relation, focusing on the theme of mirrored images across a water surface, which is not relevant to the standard answer centered around 'Peking Duck' represented by iconic elements tied to Beijing. The explanation emphasizes visual symmetry and tranquility but does not align with the intended reasoning or facts related to Peking Duck or the Bird's Nest."
}

Judge results for folder Peking Duck(invisible, food, mutual elements, East Asia, English) updated.
Folder: борщ(visible, food, relation, Non-English European, Russian)
{
    "score_4o": "2",
    "score_reason": "The MLLM output identifies the theme as 'Nature's Palette,' focusing on the visual appeal and color of the beetroots, which is related to the aesthetic and natural aspects of the images. However, it does not relate this to 'борщ' or mention any connection to the dish, missing the intended culinary connection highlighted in the standard answer."
}

Judge results for folder борщ(visible, food, relation, Non-English European, Russian) updated.
Folder: 汤圆(invisible, food, mutual elements, East Asia, Chinese)
{
    "score_4o": "2",
    "score_reason": "The MLLM's output describes the relationship as 'Lunar Beauty,' focusing on the nocturnal and aesthetic qualities of both images rather than the round shape of tangyuan as described in the standard answer. While the explanation touches on similar themes of beauty and night-time allure, it doesn't capture the intended cultural context and symbolic meanings related to '汤圆' in the standard answer."
}

Judge results for folder 汤圆(invisible, food, mutual elements, East Asia, Chinese) updated.
Folder: Mooncake(invisible, food, metaphor, East Asia, English)
{
    "score_4o": "2",
    "score_reason": "The MLLM's output describes the images as 'Indulgence,' focusing on the luxurious and pleasurable aspects of the dessert and wine. This explanation is broadly related to enjoyment but does not align with the specific cultural and symbolic connection to 'Mooncake' and the Mid-Autumn Festival mentioned in the standard answer. The MLLM misses the cultural significance and symbolic representation detailed in the standard response."
}

Judge results for folder Mooncake(invisible, food, metaphor, East Asia, English) updated.
Folder: Egg(visible, food, relation, NA, English)
{
    "score_4o": "3",
    "score_reason": "The MLLM's output describes the relationship as 'avian life and reproduction,' which is mostly appropriate but does not precisely identify the key connection as 'Egg.' The explanation focuses on the lifecycle of a chicken and the cycle of avian reproduction, partially aligning with the standard answer without stating the specific link. Hence, it receives a score of 3 for partially capturing the intended connection and providing relevant context."
}

Judge results for folder Egg(visible, food, relation, NA, English) updated.
Folder: Caviar(invisible, food, relation, NA, English)
{
    "score_4o": "2",
    "score_reason": "The MLLM's output describes the relationship as 'Scale and Perspective,' which does not align with the standard answer of 'Caviar.' It interprets the images as focusing on the fish itself, emphasizing its scale and environmental perspective rather than recognizing the thematic connection to caviar and luxury dining. Though this interpretation is plausible from a visual point of view, it diverges from the intended meaning related to caviar in the standard answer."
}

Judge results for folder Caviar(invisible, food, relation, NA, English) updated.
Folder: Yakitori(invisible, food, relation, East Asia, English)
{
    "score_4o": "2",
    "score_reason": "The MLLM's output suggests 'Garnishing' as the relationship, which is too broad and not connected to the culturally specific theme of 'Yakitori' presented in the standard answer. Although the explanation associates the images with food presentation, it lacks the relevant facts emphasized in the standard answer concerning the traditional and cultural context of yakitori being served in an izakaya."
}

Judge results for folder Yakitori(invisible, food, relation, East Asia, English) updated.
Folder: 清水煮白菜(invisible, food, metaphor, East Asia, Chinese)
{
    "score_4o": "2",
    "score_reason": "The MLLM's output focuses on the general idea of food preparation and diverse culinary choices, which is correct but too broad compared to the more specific cultural reference, '清水煮白菜,' in the standard answer. It misses the specific context of the Chinese dish and the connection between the cabbage and chicken broth highlighted in the standard answer."
}

Judge results for folder 清水煮白菜(invisible, food, metaphor, East Asia, Chinese) updated.
Folder: водка(invisible, food, metaphor, Non-English European, Russian)
{
    "score_4o": "2",
    "score_reason": "The MLLM's output captures a broad idea of 'Cultural Heritage,' which is loosely related to the standard answer's underlying theme of Russian cultural practices involving social gatherings. However, it fails to mention the specific connection to 'vodka,' which is a key aspect of the standard answer's reasoning. The explanation provided is about the cultural significance of the samovar and costume, not pinpointing the specific thematic connection to vodka."
}

Judge results for folder водка(invisible, food, metaphor, Non-English European, Russian) updated.
Folder: Hamburger(visible, food, mutual elements, USAEnglish, English)
{
    "score_4o": "2",
    "score_reason": "The MLLM's output attempts to establish a transformation relationship between the images by focusing on the toasting process, which is relevant but too broad. However, it does not align with the specific theme of 'Hamburger' conveyed in the standard answer."
}

Judge results for folder Hamburger(visible, food, mutual elements, USAEnglish, English) updated.
Folder: Fish and Chips(visible, food, mutual elements, USAEnglish, English)
{
    "score_4o": "2",
    "score_reason": "The MLLM's output identifies the relationship as 'aspects of underwater life,' which is roughly correct but too broad. It does not address or align with the intended reasoning according to the standard answer, which specifically links the fish and coral reef imagery to the dish 'Fish and Chips.' There is also no mention of relevant facts from the standard answer, like 'cod' or 'chips.' Therefore, while the depiction of marine life is noted, the exact connection required by the standard answer is not identified."
}

Judge results for folder Fish and Chips(visible, food, mutual elements, USAEnglish, English) updated.
Folder: breakfast(visible, food, mutual elements, NA, English)
{
    "score_4o": "2",
    "score_reason": "The MLLM output classifies the relation as 'Communication,' which is inaccurate in the context of the standard answer, which focuses on 'breakfast.' The explanation diverges from the standard answer's focus on cultural diversity in breakfast options and instead highlights a broad theme of communication. The reasoning does not align with the intended interpretation of diverse breakfast representations."
}

Judge results for folder breakfast(visible, food, mutual elements, NA, English) updated.
Folder: Barbecue(invisible, food, mutual elements, USAEnglish, English)
{
    "score_4o": "2",
    "score_reason": "The MLLM's output summarizes the relationship as 'Consumption,' which is an accurate yet broad interpretation of the images. However, it fails to include any relevant facts aligned with the standard answer, such as mentioning 'Barbecue' or discussing the cultural aspects associated with barbecue gatherings."
}

Judge results for folder Barbecue(invisible, food, mutual elements, USAEnglish, English) updated.
Folder: Flying Roti(invisible, food, relation, South Asia and South-East Asia, English)
{
    "score_4o": "2",
    "score_reason": "The MLLM's output identifies 'layers and texture' as the relation, referring to details observed directly in the images of roti canai. While this describes the physical attributes seen in the images, it does not capture the standard answer's thematic focus on 'Flying Roti,' which relates to the technique of making Indian paratha. The explanation primarily describes the appearance and structure of the food rather than conveying the intended conceptual relationship involving 'Flying Roti.' There are no incorrect facts, so it doesn't warrant a score of 0."
}

Judge results for folder Flying Roti(invisible, food, relation, South Asia and South-East Asia, English) updated.
Folder: España(invisible, country, metaphor, Non-English European, Spanish)
{
    "score_4o": "2",
    "score_reason": "The MLLM's output relates the two images based on the concepts of 'Passion and Simplicity,' which is tangentially correct but does not connect with the primary theme 'España' mentioned in the standard answer. The explanation centers on the design and fan enthusiasm rather than on any cultural or historical significance related to Spain."
}

Judge results for folder España(invisible, country, metaphor, Non-English European, Spanish) updated.
Folder: China(invisible, country, metaphor, NA, English)
{
    "score_4o": "2",
    "score_reason": "The MLLM's output focuses on the concept of 'magnification,' which describes the relationship between the two images based on visual observation but does not capture the historical and cultural context highlighted in the standard answer. It misses referencing any facts related to China or Chinese porcelain's significance, focusing instead on the artistic technique."
}

Judge results for folder China(invisible, country, metaphor, NA, English) updated.
Folder: Ancient Babylon(invisible, country, mutual elements, NA, English)
{
    "score_4o": "2",
    "score_reason": "The MLLM output broadly connects the images through 'Artistic heritage and continuity,' which is related to preserving and showcasing artifacts. However, it does not provide key facts that align with the specific relationship to 'Ancient Babylon' as emphasized in the standard answer, such as the Code of Hammurabi or the Hanging Gardens of Babylon, focusing instead on generic art preservation."
}

Judge results for folder Ancient Babylon(invisible, country, mutual elements, NA, English) updated.
Folder: El Imperio Romano(visible, country, mutual elements, Non-English European, Spanish)
{
    "score_4o": "2",
    "score_reason": "The MLLM's output suggests a broad theme of 'Military discipline and order vs. solitary creativity and expression', which is not aligned with the specific relation 'El Imperio Romano' in the standard answer. The MLLM fails to connect the images effectively to Ancient Rome and its military and architectural heritage. However, the MLLM identifies a structural theme and purpose, which is a loosely related but insufficient connection to the intended reasoning."
}

Judge results for folder El Imperio Romano(visible, country, mutual elements, Non-English European, Spanish) updated.
Folder: Россия(visible, country, mutual elements, Non-English European, Russian)
{
    "score_4o": "2",
    "score_reason": "The MLLM's output suggests a broad connection based on 'Nature's Vibrancy,' which is unrelated to the specific connection emphasized in the standard answer, i.e., the cultural and political representation of Russia through Matryoshka dolls and the Kremlin. The MLLM's response lacks any mention of Russian culture or politics, which are key aspects of the standard answer."
}

Judge results for folder Россия(visible, country, mutual elements, Non-English European, Russian) updated.
Folder: England(invisible, country, mutual elements, Non-English European, English)
{
    "score_4o": "2",
    "score_reason": "The MLLM's output discusses the 'Identicality' of the red telephone booths but does not relate it to any specific cultural or national symbolism as mentioned in the standard answer. It correctly identifies and describes the telephone booths but does not connect them to England, missing the cultural context entirely."
}

Judge results for folder England(invisible, country, mutual elements, Non-English European, English) updated.
Folder: Ameirica(invisible, country, mutual elements, USAEnglish, English)
{
    "score_4o": "2",
    "score_reason": "The MLLM output focuses on 'Freedom and Majesty,' which broadly conveys the symbolic meaning of the bald eagle but does not directly link to 'America' as in the standard answer. It lacks the direct mention of how the bald eagle serves as a national symbol of the United States, which is part of the key reasoning provided in the standard answer. However, it does touch upon elements of freedom, which is related to the symbolic representation of the bald eagle."
}

Judge results for folder Ameirica(invisible, country, mutual elements, USAEnglish, English) updated.
Folder: French(invisible, country, mutual elements, Non-English European, English)
{
    "score_4o": "2",
    "score_reason": "The MLLM's output identifies the relationship as 'Baking essentials,' which does not align with the standard answer 'French.' While the MLLM correctly identifies the images as related to baking, it fails to address the cultural aspect that connects them under the theme of 'French.' The explanation provided by the MLLM does not mention any connections to French culture or cuisine, which are key elements in the standard answer. However, it is roughly correct in recognizing baking as a broad theme but does not capture the specific cultural symbolism."
}

Judge results for folder French(invisible, country, mutual elements, Non-English European, English) updated.
Folder: Canada(invisible, country, mutual elements, USAEnglish, English)
{
    "score_4o": "2",
    "score_reason": "The MLLM's output focuses on 'Autumnal Warmth' and the themes of warmth, coziness, and transition associated with the fall season. This interpretation is plausible based on the description of the images, but it does not align with the standard answer's focus on 'Canada' as the connection, specifically the symbolic association of the maple leaf with Canada. The MLLM does not address or align with the intended standard reasoning about national symbols and sports."
}

Judge results for folder Canada(invisible, country, mutual elements, USAEnglish, English) updated.
Folder: Korea(invisible, country, mutual elements, East Asia, English)
{
    "score_4o": "2",
    "score_reason": "The MLLM's response identifies a relationship as 'Ingredient and Product,' which is roughly correct, focusing on the direct transformation process of making kimchi but does not relate it to Korean cultural significance. The explanation highlights the connection between raw cabbage and kimchi as a finished product, missing the broader cultural and philosophical context found in the standard answer. While it captures the preparation aspect, it does not align with or delve into the intended reasoning about Korean identity and philosophy."
}

Judge results for folder Korea(invisible, country, mutual elements, East Asia, English) updated.
Folder: German(invisible, country, metaphor, Non-English European, English)
{
    "score_4o": "2",
    "score_reason": "The MLLM's output summarizes the relationship as 'Culinary preparation,' which is too broad and does not align with the specific 'German' theme in the standard answer. However, it broadly relates to one part of the theme, i.e., sausages (possibly bratwurst), but fails to identify the specific cultural linkage with Germany and the association with Beethoven."
}

Judge results for folder German(invisible, country, metaphor, Non-English European, English) updated.
Folder: Япония(invisible, country, metaphor, East Asia, Russian)
{
    "score_4o": "2",
    "score_reason": "The MLLM output offers a broad interpretation of 'Peace and Harmony,' focusing on the emotions evoked by cherry blossoms and lavender fields. While it does not relate to Japan as the standard answer does, it does not contain incorrect facts about the images themselves. However, the response fails to make connections to the cultural significance of cherry blossoms in Japan or to origami, which would align it with the standard answer."
}

Judge results for folder Япония(invisible, country, metaphor, East Asia, Russian) updated.
Folder: Italy(invisible, country, mutual elements, Non-English European, English)
{
    "score_4o": "2",
    "score_reason": "The MLLM's output presents the relationship as 'Ingredient Source,' focusing on the connection between the cherry tomatoes in both images. This is roughly correct but too broad, lacking the key fact (Italy) present in the standard answer. It does not address or align with the intended standard reasoning, which ties the concept to Italy."
}

Judge results for folder Italy(invisible, country, mutual elements, Non-English European, English) updated.
Folder: Netherlands(invisible, country, mutual elements, Non-English European, English)
{
    "score_4o": "2",
    "score_reason": "The MLLM's output focuses on the theme 'Urban vs. Rural,' which is a broad interpretation and does not align with the specific context of the 'Netherlands' as provided in the standard answer. The explanation highlights contrasting environments rather than factual associations with the Netherlands, such as windmills and tulip fields."
}

Judge results for folder Netherlands(invisible, country, mutual elements, Non-English European, English) updated.
Folder: Portugal(invisible, country, mutual elements, Non-English European, English)
{
    "score_4o": "1",
    "score_reason": "The MLLM responds with 'stringed instruments' as the relation, which does not align with the intended connection of 'Portugal.' It focuses on describing musical instruments and does not mention any key facts or connections relevant to the standard answer's theme of Fado music and Pastéis de Nata from Portugal."
}

Judge results for folder Portugal(invisible, country, mutual elements, Non-English European, English) updated.
Folder: India(invisible, country, mutual elements, South Asia and South-East Asia, English)
{
    "score_4o": "2",
    "score_reason": "The MLLM's output focuses on the connection between the images as 'Detail and Heritage,' emphasizing architectural beauty and craftsmanship, which is broadly related but not aligned with the specific 'India' connection in the standard answer. The focus on architectural details and cultural significance is correct but does not capture the key facts relating to the nation of India as per the standard response."
}

Judge results for folder India(invisible, country, mutual elements, South Asia and South-East Asia, English) updated.
Folder: Australia(invisible, country, mutual elements, other, English)
{
    "score_4o": "2",
    "score_reason": "The MLLM's output broadly refers to 'Australian Wildlife' as the relation and mentions the kangaroo and emu, but it fails to capture the specific relation of 'Australia' and does not discuss architectural or cultural symbols like the Sydney Opera House. The reasoning does not align with the standard answer's focus on Norway’s symbolic aspects rather than wildlife diversity."
}

Judge results for folder Australia(invisible, country, mutual elements, other, English) updated.
Folder: NewZealand(invisible, country, mutual elements, other, English)
{
    "score_4o": "2",
    "score_reason": "The MLLM output identifies a theme of 'Safekeeping and Nurturing,' focusing on the protective environments depicted in the images, one natural and one domestic. This interpretation is conceptually broad and does not align with the standard answer 'New Zealand.' The explanation lacks the specific link to the cultural and national symbolism of New Zealand and Māori culture, which are central to the standard answer. However, the MLLM's mention of themes related to avian life care does not contain any factual inaccuracies."
}

Judge results for folder NewZealand(invisible, country, mutual elements, other, English) updated.
Folder: Mexica(invisible, country, mutual elements, Latin American, English)
{
    "score_4o": "3",
    "score_reason": "The MLLM's response correctly captures key elements of Mexican culture through the Day of the Dead and a Mexican festival, aligning them with the theme of 'celebration.' However, it doesn't mention the agave plant or Mexican cultural elements related to agave, which are part of the standard answer. Thus, the explanation is not fully aligned with the complete reasoning of the standard answer."
}

Judge results for folder Mexica(invisible, country, mutual elements, Latin American, English) updated.
Folder: Brazil(invisible, country, mutual elements, Latin American, English)
{
    "score_4o": "2",
    "score_reason": "The MLLM's output proposes a broad concept of 'Cultural Heritage vs. Natural Resources,' which doesn't specifically tie back to Brazil, as identified in the standard answer. However, it attempts to connect cultural expression with the natural environment. Important facts about Brazilian Carnival and the Amazon rainforest are missing; hence, the reasoning is too broad and lacks alignment with the standard answer's specific references to Brazilian culture and natural heritage."
}

Judge results for folder Brazil(invisible, country, mutual elements, Latin American, English) updated.
Folder: London(invisible, city, mutual elements, USAEnglish, English)
{
    "score_4o": "3",
    "score_reason": "The MLLM's response correctly identifies London as the central theme of the images, specifically noting landmarks like the Elizabeth Tower (Big Ben). However, it focuses on 'timekeeping and the passage of time' rather than explicitly connecting the images to 'London' as the primary relationship. The explanation lacks reference to the London Underground but adequately mentions the connection to London's historic presence, which is consistent with part of the standard answer's theme."
}

Judge results for folder London(invisible, city, mutual elements, USAEnglish, English) updated.
Folder: Shanghai(invisible, city, mutual elements, East Asia, English)
{
    "score_4o": "2",
    "score_reason": "The MLLM's output describes a contrast between 'Serenity vs. Urbanity,' which does not align with the specific theme of 'Shanghai' as described in the standard answer. The explanation given also does not correlate directly with the iconic landmarks in Shanghai mentioned in the standard. However, the urban environment and the natural setting in the MLLM's imagery can broadly relate to a city like Shanghai, maintaining some thematic relation."
}

Judge results for folder Shanghai(invisible, city, mutual elements, East Asia, English) updated.
Folder: Los Angeles(invisible, city, mutual elements, USAEnglish, English)
{
    "score_4o": "2",
    "score_reason": "The MLLM's output correctly identifies the images as being related to the Hollywood sign; however, it mischaracterizes the relationship as 'Textural details,' which is too narrow and doesn't align with the standard answer of 'Los Angeles.' The focus is placed on the textural aspects rather than the cultural significance of the Hollywood Sign in the context of Los Angeles. It misses key themes about cultural symbols of Los Angeles, which are central to the expected response."
}

Judge results for folder Los Angeles(invisible, city, mutual elements, USAEnglish, English) updated.
Folder: New York(invisible, city, mutual elements, NA, English)
{
    "score_4o": "2",
    "score_reason": "The MLLM's output describes the relation as 'Urban vs. Natural,' which is a broad concept focusing on contrasting environments. It fails to mention any specific facts related to New York, such as Central Park or the Empire State Building, that align with the standard answer. Therefore, it does not address or align with the intended standard reasoning effectively."
}

Judge results for folder New York(invisible, city, mutual elements, NA, English) updated.
Folder: Madrid(invisible, city, mutual elements, NA, Spanish)
{
    "score_4o": "2",
    "score_reason": "The MLLM output centers on the theme of 'Ephemeral Beauty,' highlighting the transient nature of time as depicted in the images of a neoclassical building during sunset and a clock showing the passage of time. While the explanation touches on aspects of time and beauty, it diverges significantly from the standard answer's focus on the Prado Museum and the Royal Palace as landmarks in Madrid. Thus, the MLLM's interpretation lacks the relevant connections to the provided standard answer and is too broad."
}

Judge results for folder Madrid(invisible, city, mutual elements, NA, Spanish) updated.
Folder: Valencia(invisible, city, mutual elements, Non-English European, Spanish)
{
    "score_4o": "2",
    "score_reason": "The MLLM's response focuses on 'Symmetry and Scale,' which is too broad and does not align with the specific context of 'Valencia.' Although it captures the architectural characteristics of the structures, it fails to mention the significant landmarks and the cultural context of 'Valencia,' as outlined in the standard answer."
}

Judge results for folder Valencia(invisible, city, mutual elements, Non-English European, Spanish) updated.
Folder: Санкт-Петербург(invisible, city, mutual elements, Non-English European, Russian)
{
    "score_4o": "2",
    "score_reason": "The MLLM's output provides a broad theme of 'Rural simplicity juxtaposed against imperial grandeur' which does not align with the detailed theme 'Санкт-Петербург' provided in the standard answer. However, it correctly identifies the Winter Palace and discusses its significance within Russian culture, but fails to address the connection to the Peter and Paul Fortress, which is a key element in the standard explanation."
}

Judge results for folder Санкт-Петербург(invisible, city, mutual elements, Non-English European, Russian) updated.
Folder: Manchester(invisible, city, mutual elements, Non-English European, English)
{
    "score_4o": "2",
    "score_reason": "The MLLM's output identifies a concept related to the transition from manual to mechanized labor, which is a general theme associated with industrialization, but it does not capture the specific connection to Manchester. The explanation discusses the evolution in sewing techniques without mentioning the significance of Manchester in the textile industry or its football culture, which are key elements of the standard answer."
}

Judge results for folder Manchester(invisible, city, mutual elements, Non-English European, English) updated.
Folder: Beijing(invisible, city, metaphor, East Asia, English)
{
    "score_4o": "2",
    "score_reason": "The MLLM's output, while connecting both images through the theme of 'Urban Evolution', does not mention any key facts related to 'Beijing', 'The Forbidden City', or 'The Great Wall of China' as indicated in the standard answer. The explanation provided is broader, focusing on urban development rather than identifying the actual landmarks and their specific significance to Beijing."
}

Judge results for folder Beijing(invisible, city, metaphor, East Asia, English) updated.
Folder: Paris(invisible, city, mutual elements, Non-English European, English)
{
    "score_4o": "3",
    "score_reason": "The MLLM output identifies the connection as 'Urban Life,' which is too broad compared to the standard answer's focus on 'Paris.' However, it correctly connects the Arc de Triomphe and a bustling street scene to Parisian identity and city life, which aligns with the standard answer's focus on the importance of the Arc and the Champs-Élysées in embodying Paris's historical and cultural vibrancy."
}

Judge results for folder Paris(invisible, city, mutual elements, Non-English European, English) updated.
Folder: Singapore(invisible, city, mutual elements, NA, English)
{
    "score_4o": "2",
    "score_reason": "The MLLM's output summarizes the relation between the images as 'Urban Vibrancy,' which is a too broad concept and symbolizes more of a general urban atmosphere, failing to capture the specific association with 'Singapore' as indicated in the standard answer. Moreover, the MLLM explanation lacks the key details about the Merlion representing Singapore's heritage and Marina Bay Sands showcasing its modern skyline, which are specific details critical to the 'Singapore' connection in the standard answer."
}

Judge results for folder Singapore(invisible, city, mutual elements, NA, English) updated.
Folder: Egypt(invisible, country, metaphor, other, English)
{
    "score_4o": "2",
    "score_reason": "The MLLM's output focuses on the connection of 'Hierarchy and authority,' which relates to the images through the cultural significance of these elements in ancient Egyptian society but deviates from the standard answer's focus on 'Egypt.' The details provided about 'hieroglyphs' and the 'pharaoh' in the explanation touch on aspects of ancient Egypt, yet the reasoning does not align with the standard answer's emphasis on literature and architecture."
}

Judge results for folder Egypt(invisible, country, metaphor, other, English) updated.
Folder: Rio de Janeiro(invisible, city, mutual elements, Latin American, English)
{
    "score_4o": "2",
    "score_reason": "The MLLM output relates the images to a 'Color Palette' due to the use of vibrant colors, which captures a broad theme but misses the specific cultural and geographical connection to 'Rio de Janeiro' highlighted in the standard answer. It identifies an abstract connection in terms of color and emotions but fails to elaborate on the significant, intrinsic link to Rio de Janeiro’s cultural heritage and iconic landmarks."
}

Judge results for folder Rio de Janeiro(invisible, city, mutual elements, Latin American, English) updated.
Folder: Venice(invisible, city, mutual elements, Non-English European, English)
{
    "score_4o": "2",
    "score_reason": "The MLLM's output identifies the theme as 'Peaceful Coexistence,' which is different from the standard answer's theme of 'Venice.' The explanation highlights aspects of peace and beauty, missing key facts from the standard answer regarding the association with 'Venice' and its cultural heritage, specifically St. Mark's Basilica. The MLLM's reasoning is too broad and does not address the specific connection to Venice, but it does not contain factual errors."
}

Judge results for folder Venice(invisible, city, mutual elements, Non-English European, English) updated.
Folder: Istanbul(invisible, city, metaphor, other, English)
{
    "score_4o": "1",
    "score_reason": "The MLLM response identifies a 'Detail and context' relation and describes a mosque and its detailed tile work. It doesn't recognize the specific connection to 'Istanbul' or the elements described in the standard answer such as Hagia Sophia and the Bosphorus Strait. The explanation does not capture the intended reasoning, and it indicates uncertainty in identifying the images' connection to a broader historical and cultural context."
}

Judge results for folder Istanbul(invisible, city, metaphor, other, English) updated.
Folder: Berlin(invisible, city, mutual elements, NA, English)
{
    "score_4o": "3",
    "score_reason": "The MLLM's output identifies the relationship between the Berlin Wall and the Brandenburg Gate as 'Unity and identity,' which is roughly aligned with the standard answer's focus on Berlin. The explanation touches upon themes of unity and historical significance, consistent with the standard answer. However, the MLLM's explanation is less specific regarding the historical context of the division and reunification represented by these symbols."
}

Judge results for folder Berlin(invisible, city, mutual elements, NA, English) updated.
Folder: Naples(invisible, city, mutual elements, Non-English European, English)
{
    "score_4o": "2",
    "score_reason": "The MLLM's output relates the images through the broad concept of 'Reflection,' noting themes of history and nature, but it fails to mention 'Naples' or any relevant facts pertaining to Napoli FC or Mount Vesuvius, which are crucial components of the standard answer. Thus, the response misses key cultural and historical details associated with Naples."
}

Judge results for folder Naples(invisible, city, mutual elements, Non-English European, English) updated.
Folder: Urban Transportation(invisible, city, mutual elements, NA, English)
{
    "score_4o": "2",
    "score_reason": "The MLLM's output suggests a concept of 'Transition,' indicating a shift from traditional to modern bicycle designs. While this could be indirectly related to transportation, it fails to address or align directly with the 'Urban Transportation' theme. The explanation provided does not specifically reference sustainable commuting or public transit options, which are the key points in the standard answer."
}

Judge results for folder Urban Transportation(invisible, city, mutual elements, NA, English) updated.
Folder: Urban Landmarks(invisible, city, mutual elements, NA, English)
{
    "score_4o": "2",
    "score_reason": "The MLLM's response misses the key aspects of the standard answer, such as focusing on 'urban landmarks' like the Eiffel Tower and the Statue of Liberty. Instead, it broadly categorizes them under 'iconic landscapes' related to travel and leisure, which doesn't align with the specific urban landmark theme in the standard answer. There is no mention of the Statue of Liberty, which is a critical element in the standard answer."
}

Judge results for folder Urban Landmarks(invisible, city, mutual elements, NA, English) updated.
Folder: City Nightlife(invisible, city, mutual elements, NA, English)
{
    "score_4o": "2",
    "score_reason": "The MLLM's output describes the relationship as 'Elegance and Atmosphere,' which is a broad concept related to the ambiance rather than the specific context of 'City Nightlife.' While the explanation captures the mood evoked by both settings, it does not directly align with the standard answer's focus on urban nightlife, entertainment, and culinary experiences. The response lacks the specifics related to nightlife that are present in the standard answer."
}

Judge results for folder City Nightlife(invisible, city, mutual elements, NA, English) updated.
Finish: Judge results all saved to ./glm-4v_judge.json
Finish: Combined results all saved to ./glm-4v_test_and_judge.json
