Folder: BritishRoyalFamily(visible, animal, mutual elements, USAEnglish, English)
{
    "score_4o": "0",
    "score_reason": "The MLLM incorrectly explains the images as depicting the same cartoon dog wearing a crown and a red cape, whereas this explanation does not align with the standard answer. The standard answer involves a connection to the British Royal Family, specifically associating a corgi with Queen Elizabeth II and a lion emblem with the British monarchy. The MLLM's response demonstrates a factual hallucination, suggesting the presence of imagery that was not described or relevant in the standard explanation."
}

Judge results for folder BritishRoyalFamily(visible, animal, mutual elements, USAEnglish, English) updated.
Folder: Countryside Tales (visible, animal, metaphor, USAEnglish, English)
{
    "score_4o": "0",
    "score_reason": "The MLLM's output focuses on describing two identical images of Little Red Riding Hood, which contrasts with the standard answer. It misses identifying key elements like the red hood and the wolf silhouette representing the tale's characters, leading to a completely erroneous explanation that doesn't align with the intended reasoning related to 'Countryside Tales.'"
}

Judge results for folder Countryside Tales (visible, animal, metaphor, USAEnglish, English) updated.
Folder: Pub(invisible, animal, mutual elements, USAEnglish, English)
{
    "score_4o": "0",
    "score_reason": "The MLLM's output suggests that the images are simply of a 'red lion on a black background' and identifies the relation as 'the same image.' However, it lacks the contextual understanding of the 'Red Lion' sign's common association with pubs, which the standard answer addresses. The explanation given by the MLLM does not align with the standard answer and lacks awareness of the thematic connection."
}

Judge results for folder Pub(invisible, animal, mutual elements, USAEnglish, English) updated.
Folder: Christmas(invisible, animal, mutual elements, USAEnglish, English)
{
    "score_4o": "2",
    "score_reason": "The MLLM correctly identifies the primary subject of the images as 'Reindeer,' but fails to connect this imagery to the broader theme of 'Christmas,' as outlined in the standard answer. The explanation also redundantly repeats the visual content without drawing any meaningful connections to the holiday context."
}

Judge results for folder Christmas(invisible, animal, mutual elements, USAEnglish, English) updated.
Folder: Royal Pets(visible, animal, metaphor, USAEnglish, English)
{
    "score_4o": "2",
    "score_reason": "The MLLM's output summarizes the relationship as 'The same image,' which is not related to the context provided in the standard answer ('Royal Pets'). While the description is accurate regarding the visual content of the images, it misses the thematic link to 'Royal Pets,' and doesn't address the conceptual reasoning related to royalty and animals residing in royal settings as in the standard answer."
}

Judge results for folder Royal Pets(visible, animal, metaphor, USAEnglish, English) updated.
Folder: Royal Ascot(invisible, animal, mutual elements, USAEnglish, English)
{
    "score_4o": "0",
    "score_reason": "The MLLM's output contains inaccurate depictions of the images, as it incorrectly describes them as the same horse image. It also fails to address the theme of 'Royal Ascot,' which is central to the standard answer. Furthermore, the explanation relies on these incorrect details, resulting in a fundamental misunderstanding of the relationship suggested by the images. Therefore, it contains factual hallucinations, leading to a score of 0."
}

Judge results for folder Royal Ascot(invisible, animal, mutual elements, USAEnglish, English) updated.
Folder: Frog(invisible, animal, relation, NA, English)
{
    "score_4o": "2",
    "score_reason": "The MLLM's output focuses broadly on 'Swimming in water,' which captures a general similarity but does not pinpoint the specific transformational relationship between tadpoles and frogs described in the standard answer. The MLLM acknowledges tadpoles as young frogs, but doesn't discuss the metamorphosis process to directly connect the two images in terms of 'Frog' or 'transformation.'"
}

Judge results for folder Frog(invisible, animal, relation, NA, English) updated.
Folder: dragon robe(invisible, animal, relation, East Asia, English)
{
    "score_4o": "2",
    "score_reason": "The MLLM output correctly identifies the similarity between the two images in terms of visual elements, but it fails to address the deeper symbolic connection related to the 'dragon robe' and its association with imperial China, which is central to the standard answer's explanation."
}

Judge results for folder dragon robe(invisible, animal, relation, East Asia, English) updated.
Folder: Jade Rabbit(invisible, animal, metaphor, East Asia, English)
{
    "score_4o": "2",
    "score_reason": "The MLLM's output identifies the relation as 'Same,' focusing on the identical nature of the two green rabbit images. Although the observations capture some visual aspects, the output lacks the deeper mythical context of 'Jade Rabbit,' as described in the standard answer, which relates to the jade aspect and lunar connection in mythology."
}

Judge results for folder Jade Rabbit(invisible, animal, metaphor, East Asia, English) updated.
Folder: 猴子捞月(visible, animal, metaphor, East Asia, Chinese)
{
    "score_4o": "2",
    "score_reason": "The MLLM's output identifies the common theme of 'monkeys in the water,' which is correct in a literal sense but does not capture the deeper meaning or cultural reference highlighted in the standard answer, which is '猴子捞月.' It does not mention the idiom or story related to the monkey believing the moon's reflection is the real moon."
}

Judge results for folder 猴子捞月(visible, animal, metaphor, East Asia, Chinese) updated.
Folder: 蚕丝(invisible, animal, relation, East Asia, Chinese)
{
    "score_4o": "3",
    "score_reason": "The MLLM's output correctly identifies the images as containing caterpillars and provides detailed descriptions of both images. While the explanation does not explicitly mention 'silkworm,' it accurately describes features that are consistent with silkworms. However, it fails to address the connection to silk production mentioned in the standard answer, resulting in an incomplete explanation."
}

Judge results for folder 蚕丝(invisible, animal, relation, East Asia, Chinese) updated.
Folder: SunWukong(visible, animal, metaphor, East Asia, English)
{
    "score_4o": "0",
    "score_reason": "The MLLM's response incorrectly states that both images depict a gold necklace on a rock, while the standard answer indicates that the images symbolize aspects of Sun Wukong's character. There seems to be a mix-up related to the visual content of the images, leading to a factual hallucination."
}

Judge results for folder SunWukong(visible, animal, metaphor, East Asia, English) updated.
Folder: predation(visible, animal, relation, NA, English)
{
    "score_4o": "1",
    "score_reason": "The MLLM responds repeatedly with the observation that the two images are the same, indicating they both depict an owl on a branch. However, the standard answer relates the images to 'predation' based on owls being predators of mice. The MLLM does not address this connection, instead focusing on the image's sameness and not the ecological context, and thus expresses uncertainty as per the images' real relationship."
}

Judge results for folder predation(visible, animal, relation, NA, English) updated.
Folder: Russia(invisible, animal, mutual elements, Non-English European, English)
{
    "score_4o": "0",
    "score_reason": "The MLLM output incorrectly describes the images as being identical, both featuring a white and gold egg with red jewels. The provided standard answer suggests the relationship is 'Russia' and involves a Fabergé egg and a bear paw print, none of which is acknowledged in the MLLM's response. This indicates a significant factual hallucination since the MLLM misinterprets the images, and its explanation lacks the accurate cultural context associated with the Fabergé egg or the bear print."
}

Judge results for folder Russia(invisible, animal, mutual elements, Non-English European, English) updated.
Folder: Corrida de toros(visible, animal, relation, Non-English European, Spanish)
{
    "score_4o": "2",
    "score_reason": "The MLLM's response focuses on the bull as a general concept and discusses the different contexts in which the bull appears. However, it does not mention any key elements related to the standard answer's explanation of 'Corrida de toros,' such as the role of the red cape in bullfighting. The answer remains too broad and lacks specifics regarding the association with 'Corrida de toros.'"
}

Judge results for folder Corrida de toros(visible, animal, relation, Non-English European, Spanish) updated.
Folder: Símbolo de paz(visible, animal, metaphor, Non-English European, Spanish)
{
    "score_4o": "1",
    "score_reason": "The MLLM's response 'The same' does not align with the standard answer 'Símbolo de paz.' The explanation simply repeats the content of the images without addressing their symbolic significance as 'Dove of Peace' representations. The MLLM fails to identify the cultural and artistic context highlighted in the standard answer, showing an uncertainty in understanding the deeper meaning of the images."
}

Judge results for folder Símbolo de paz(visible, animal, metaphor, Non-English European, Spanish) updated.
Folder: Два медведя в одной берлоге не живут(invisible, animal, metaphor, Non-English European, Russian)
{
    "score_4o": "2",
    "score_reason": "The MLLM output identifies the presence of bears in both images, describing them facing each other with their mouths open. However, it lacks the deeper symbolic interpretation given in the standard answer, relating to competition and territoriality. The concept 'Bears' is too broad and misses the more nuanced cultural meaning of 'Два медведя в одной берлоге не живут,' which conveys the idea of two powerful forces in conflict. Therefore, the MLLM response aligns superficially with the content of the images but does not capture the intended depth of explanation and reasoning provided in the standard answer."
}

Judge results for folder Два медведя в одной берлоге не живут(invisible, animal, metaphor, Non-English European, Russian) updated.
Folder: Ha безрыбье и рак рыба(invisible, animal, metaphor, Non-English European, Russian)
{
    "score_4o": "1",
    "score_reason": "The MLLM output repeats the description that both images are identical crayfish without addressing the intended thematic connection, which is related to the proverb. This response shows a lack of understanding of the proverb and its implied meaning, much like responding 'I don't know' or showing uncertainty."
}

Judge results for folder Ha безрыбье и рак рыба(invisible, animal, metaphor, Non-English European, Russian) updated.
Folder: Bee and honeycomb(visible, animal, relation, NA, English)
{
    "score_4o": "1",
    "score_reason": "The MLLM describes both images as depicting the same subject, a bee, and does not acknowledge the concept of 'Bee and honeycomb' that is present in the standard answer. Instead of addressing the thematic or conceptual relationship, it focuses on the literal similarity between the two images, leading to an 'I don't know' type of relation regarding the standard reasoning."
}

Judge results for folder Bee and honeycomb(visible, animal, relation, NA, English) updated.
Folder: nest(invisible, animal, relation, NA, English)
{
    "score_4o": "2",
    "score_reason": "The MLLM's response focuses on the visible actions of birds perched on poles, which is similar to the image content but does not align with the deeper conceptual relation provided in the standard answer. The standard answer introduces an analogy between birds' nests and human dwellings, which the MLLM overlooks."
}

Judge results for folder nest(invisible, animal, relation, NA, English) updated.
Folder: Topology(visible, STEM, mutual elements, NA, English)
{
    "score_4o": "0",
    "score_reason": "The MLLM output fails to address the complex topological concepts represented by the silver bracelet and the Klein bottle, as mentioned in the standard answer. Instead, it inaccurately describes the images as identical without offering any explanation related to topology."
}

Judge results for folder Topology(visible, STEM, mutual elements, NA, English) updated.
Folder: 九章算术(invisible, STEM, mutual elements, East Asia, Chinese)
{
    "score_4o": "2",
    "score_reason": "The MLLM's response identifies 'Chinese characters' as the relation, which is too broad and does not align with the specific connection to '九章算术' (Nine Chapters on the Mathematical Art) mentioned in the standard answer. It correctly identifies the presence of Chinese characters on the book and bamboo scroll, but fails to connect these to the mathematical context of '九章算术.' Therefore, it lacks the specific insight required to precisely match the standard explanation."
}

Judge results for folder 九章算术(invisible, STEM, mutual elements, East Asia, Chinese) updated.
Folder: 珠心算(visible, STEM, relation, East Asia, Chinese)
{
    "score_4o": "2",
    "score_reason": "The MLLM's output identifies the images as being of 'the same object, an abacus,' which is correct in the sense that both depict an abacus with orange beads. However, it does not effectively capture the thematic connection to 珠心算 (mental abacus) as provided in the standard answer. The output lacks the contextual detail regarding the mental calculation aspect associated with the abacus."
}

Judge results for folder 珠心算(visible, STEM, relation, East Asia, Chinese) updated.
Folder: equation(invisible, STEM, metaphor, NA, English)
{
    "score_4o": "2",
    "score_reason": "The MLLM's response indicates that the images are identical, which diverges from the standard answer's focus on the concept of an 'equation.' While the MLLM identifies a superficial similarity, it fails to recognize the symbolic representation of mathematical equality and balance conveyed by the seesaw and equivalent fractions. However, it provides a limited observation that could serve as a starting point for understanding the balance depicted in the images, warranting a score of 2."
}

Judge results for folder equation(invisible, STEM, metaphor, NA, English) updated.
Folder: Fibonacci Sequence(visible, STEM, metaphor, NA, English)
{
    "score_4o": "2",
    "score_reason": "The MLLM output identifies the relation as 'both images are monochromatic' and focuses on the color aspect, which is too broad and unrelated to the key concept of the 'Fibonacci Sequence' as mentioned in the standard answer. The MLLM missed identifying the more specific connection of the nautilus shell with the Fibonacci Sequence. This resulted in an incomplete and insufficient explanation for the relation."
}

Judge results for folder Fibonacci Sequence(visible, STEM, metaphor, NA, English) updated.
Folder: Regular Hexagonal Prism(visible, STEM, metaphor, NA, English)
{
    "score_4o": "2",
    "score_reason": "The MLLM output captures the basic visual feature common to both images, which is the honeycomb. However, it misses the deeper connection and shared underlying geometric concept of 'Regular Hexagonal Prism' as described in the standard answer. The reasoning in the MLLM's explanation is aligned more with the general characteristic of a honeycomb, rather than connecting it with the man-made geometric shape aspect, thus making it too broad."
}

Judge results for folder Regular Hexagonal Prism(visible, STEM, metaphor, NA, English) updated.
Folder: curve(visible, STEM, mutual elements, NA, English)
{
    "score_4o": "2",
    "score_reason": "The MLLM output states 'Same image,' focusing on the identical visual characteristics of two bananas, such as color and shape, which is generally relevant. However, the response does not align well with the standard answer's idea of relating the shared concept of 'curve'—a broader thematic conceptual connection involving the shape of a banana and rollercoaster track."
}

Judge results for folder curve(visible, STEM, mutual elements, NA, English) updated.
Folder: square(invisible, STEM, mutual elements, NA, English)
{
    "score_4o": "0",
    "score_reason": "The MLLM's output does not address the intended relationship, which is about geometric properties combining to form a square. It focuses solely on the superficial similarity of the images without recognizing the geometric reasoning provided in the standard answer. Moreover, the repetition in the MLLM's explanation does not contribute any additional value or insights."
}

Judge results for folder square(invisible, STEM, mutual elements, NA, English) updated.
Folder: irrational number(visible, STEM, mutual elements, NA, English)
{
    "score_4o": "2",
    "score_reason": "The MLLM output identifies the general link between the images as 'Mathematical symbols,' accurately identifying the contents of the images but missing the specific connection to 'irrational numbers.' Furthermore, the descriptions provided for each symbol are overly broad and fail to expand on the nuanced meaning given in the standard answer, which references irrational numbers such as √2 and π."
}

Judge results for folder irrational number(visible, STEM, mutual elements, NA, English) updated.
Folder: Golden Ratio(invisible, STEM, mutual elements, Non-English European, English)
{
    "score_4o": "2",
    "score_reason": "The MLLM's output of 'Ancient architecture' is too broad and fails to capture the specific connection to the 'Golden Ratio' as mentioned in the standard answer. Although the explanation touches on common elements like temples and columns, it overlooks the specific reasoning related to the mathematical and aesthetic principles underlying both the Parthenon and the Venus de Milo."
}

Judge results for folder Golden Ratio(invisible, STEM, mutual elements, Non-English European, English) updated.
Folder: Game Theory(invisible, STEM, relation, Non-English European, English)
{
    "score_4o": "2",
    "score_reason": "The MLLM summarizes the relation as 'Hand gestures,' focusing on the visible components of the images without connecting them to the concept of 'Game Theory.' While it describes the hand gestures correctly, it doesn't address the deeper meaning related to Rock, Paper, Scissors, and the Prisoner's Dilemma as examples within Game Theory."
}

Judge results for folder Game Theory(invisible, STEM, relation, Non-English European, English) updated.
Folder: Exponential Growth(invisible, STEM, mutual elements, NA, English)
{
    "score_4o": "0",
    "score_reason": "The MLLM output incorrectly describes the images, assuming they simply depict two similar trees without identifying the key concept of 'Exponential Growth' represented in the standard answer. This leads to a hallucination about the content of the images, failing to connect any facts with the standard explanation, which involves a tree and an exponential curve on a graph. Therefore, the output contains erroneous information."
}

Judge results for folder Exponential Growth(invisible, STEM, mutual elements, NA, English) updated.
Folder: Pyraminx(invisible, STEM, metaphor, NA, English)
{
    "score_4o": "1",
    "score_reason": "The MLLM output describes identical images of pyramids as being 'similar,' which indicates a lack of connection relevant to the standard answer 'Pyraminx.' The explanation restates the visual description without any insightful connection to the intended standard reasoning, demonstrating a cautious response oriented around image content."
}

Judge results for folder Pyraminx(invisible, STEM, metaphor, NA, English) updated.
Folder: Abanico flamenco(invisible, STEM, relation, Non-English European, Spanish)
{
    "score_4o": "2",
    "score_reason": "The MLLM correctly identifies that the two images are the same, which aligns with the surface level observation from the images. However, it doesn't capture the deeper thematic connection provided in the standard answer, which relates the shape of the leaf to 'Abanico flamenco' and flamenco dancing."
}

Judge results for folder Abanico flamenco(invisible, STEM, relation, Non-English European, Spanish) updated.
Folder: Счет(invisible, STEM, metaphor, Non-English European, Russian)
{
    "score_4o": "0",
    "score_reason": "The MLLM's output is factually incorrect as it focuses on two identical images of candies and claims they are the same. It misses the intended theme related to the resemblance of candies to an abacus. The MLLM's response does not align with the standard answer's reasoning about candies representing a counting tool in the context of a Russian shop or the concept Счет. Instead, it repeats and emphasizes the identical nature of the images without providing any insight into the relation or context given in the standard answer."
}

Judge results for folder Счет(invisible, STEM, metaphor, Non-English European, Russian) updated.
Folder: Mayan Mathematics(visible, STEM, mutual elements, Latin American, English)
{
    "score_4o": "2",
    "score_reason": "The MLLM output describes the images as 'colorful circular objects with many different symbols and designs,' indicating that they may be related in terms of appearance and creation. However, the description provided lacks specific details or context related to 'Mayan Mathematics,' such as references to Mayan calendar glyphs or the vigesimal number system. Therefore, the explanation is too broad and fails to mention relevant facts present in the standard answer regarding the sophisticated mathematical system of the Mayans."
}

Judge results for folder Mayan Mathematics(visible, STEM, mutual elements, Latin American, English) updated.
Folder: Cryptography(invisible, STEM, relation, NA, English)
{
    "score_4o": "2",
    "score_reason": "The MLLM states the relationship is 'Locks,' which is related but does not align with the more abstract and specific theme of 'Cryptography' given by the standard answer. While the explanation provided touches on themes of security, it lacks relevant facts regarding cryptography or encrypted messages, which are critical to the standard answer."
}

Judge results for folder Cryptography(invisible, STEM, relation, NA, English) updated.
Folder: Eulerian Path(visible, STEM, relation, Non-English European, English)
{
    "score_4o": "2",
    "score_reason": "The MLLM output explains that both images depict the same map of the bridges of Konigsberg, thus describing them as 'Identical.' While this recognition of the images' content is correct, the explanation is far too broad and lacks the fundamental connection to the underlying mathematical concept, the 'Eulerian Path,' which relates to the standard answer. The response is not aligned with the intended reasoning about the Seven Bridges of Königsberg problem's significance in graph theory."
}

Judge results for folder Eulerian Path(visible, STEM, relation, Non-English European, English) updated.
Folder: Ellipsoid(visible, STEM, mutual elements, USAEnglish, English)
{
    "score_4o": "2",
    "score_reason": "The MLLM's output identifies the relation between the two images as 'the same,' focusing on the identical appearance of two footballs. This relation is relevant, but it misses the more profound mathematical connection of both objects approximating ellipsoids, as detailed in the standard answer. The explanation is overly simplified and does not incorporate the conceptual depth of 'ellipsoid' that the standard answer provides."
}

Judge results for folder Ellipsoid(visible, STEM, mutual elements, USAEnglish, English) updated.
Folder: Calculus(visible, STEM, metaphor, NA, English)
{
    "score_4o": "2",
    "score_reason": "The MLLM output identifies the images as 'Graphs' with lines crossing and touching, which is technically correct but overly broad compared to the standard answer 'Calculus.' The explanation lacks the depth and detail provided in the standard answer, where concepts such as derivatives and integrals in calculus are highlighted."
}

Judge results for folder Calculus(visible, STEM, metaphor, NA, English) updated.
Folder: Jamón Ibérico(visible, food, relation, Non-English European, Spanish)
{
    "score_4o": "2",
    "score_reason": "The MLLM's output notes that both images feature a pig standing behind a fence and categorizes their relationship as 'Pig,' which aligns with the superficial appearance but doesn't delve into the deeper thematic connection 'Jamón Ibérico' as outlined in the standard answer. Additionally, the MLLM's explanation details about the images, like the pig's color and the fence, are not erroneous, but don't capture the nuanced relationship with Iberian ham. Therefore, the reasoning is too broad and lacks relevant insights from the standard answer."
}

Judge results for folder Jamón Ibérico(visible, food, relation, Non-English European, Spanish) updated.
Folder: Paella de Mariscos(invisible, food, metaphor, Non-English European, Spanish)
{
    "score_4o": "1",
    "score_reason": "The MLLM responds that both images are 'Identical,' stating they both depict piles of red saffron strands, and explains the appearance of the strands. However, it fails to establish the correct connection to 'Paella de Mariscos' and does not attempt any reasoning towards this broader theme. It expresses uncertainty by not relating the content at all to the standard reasoning."
}

Judge results for folder Paella de Mariscos(invisible, food, metaphor, Non-English European, Spanish) updated.
Folder: Pasta con Gambas Rojas del Mediterráneo(visible, food, metaphor, Non-English European, Spanish)
{
    "score_4o": "0",
    "score_reason": "The MLLM's answer is incorrect as it mistakenly describes the images as identical plates of shrimp, while the standard answer indicates that the image relates to a specific dish, Pasta con Gambas Rojas del Mediterráneo, and not just shrimp. The repetition of this incorrect statement further solidifies the misunderstanding, leading to a factuality hallucination."
}

Judge results for folder Pasta con Gambas Rojas del Mediterráneo(visible, food, metaphor, Non-English European, Spanish) updated.
Folder: Tomahawk Steak(visible, food, relation, NA, English)
{
    "score_4o": "0",
    "score_reason": "The MLLM mistakenly asserts that both images depict a silver axe with a wooden handle, while in reality, the images are intended to represent the concept of 'Tomahawk Steak.' The explanation fails to mention the tomahawk steak's resemblance to an axe or its connection to the cow, thereby presenting inaccurate information about the images' content and meaning."
}

Judge results for folder Tomahawk Steak(visible, food, relation, NA, English) updated.
Folder: Sushi(invisible, food, mutual elements, East Asia, English)
{
    "score_4o": "2",
    "score_reason": "The MLLM's output identifies the images as being of the 'same' stack of seaweed on a plate, focusing on the visual similarity. However, it fails to relate the images to the concept of 'Sushi,' which is the connection outlined in the standard answer. The explanation does not include any relevant facts to identify the connection as 'Sushi,' which diminishes the depth of the relationship presented."
}

Judge results for folder Sushi(invisible, food, mutual elements, East Asia, English) updated.
Folder: Dumplings(invisible, food, mutual elements, East Asia, English)
{
    "score_4o": "2",
    "score_reason": "The MLLM's output summarizes the relationship as 'Food,' which is overly broad and does not connect with the specific thematic concept of 'Dumplings' related to Chinese New Year celebrations as stated in the standard answer. The explanation focuses on the food aspect generally without mentioning any relevant cultural or traditional facts, thereby not aligning with the intended reasoning."
}

Judge results for folder Dumplings(invisible, food, mutual elements, East Asia, English) updated.
Folder: Peking Duck(invisible, food, mutual elements, East Asia, English)
{
    "score_4o": "0",
    "score_reason": "The MLLM output incorrectly states that both images are of the 'same building,' while the standard answer clearly explains that the connection is between the Bird's Nest (an architectural symbol of Beijing) and Peking Duck, a cultural dish from Beijing. The MLLM's interpretation and explanation are entirely unrelated to the standard answer, missing the critical context of Beijing and Peking Duck. This represents a factuality hallucination, as it describes both images the same without any basis."
}

Judge results for folder Peking Duck(invisible, food, mutual elements, East Asia, English) updated.
Folder: борщ(visible, food, relation, Non-English European, Russian)
{
    "score_4o": "1",
    "score_reason": "The MLLM output asserts that the two images are the same and focuses its explanation on the visual elements of the images (same cutting board and sliced beets). It does not connect the images to the concept of 'borscht,' nor does it mention any relevant facts from the standard answer. The determination that the images are identical also indicates uncertainty about the connection."
}

Judge results for folder борщ(visible, food, relation, Non-English European, Russian) updated.
Folder: 汤圆(invisible, food, mutual elements, East Asia, Chinese)
{
    "score_4o": "0",
    "score_reason": "The MLLM's output identifies both images incorrectly as just a bunch of red lanterns hanging in the air with no additional context or cultural significance. It overlooks the deeper symbolic meaning connected to tangyuan and the Lantern Festival. The explanation needs further insight into the cultural connection, which is a crucial aspect of the standard answer. Hence, it includes incorrect facts and a lack of comprehensive understanding."
}

Judge results for folder 汤圆(invisible, food, mutual elements, East Asia, Chinese) updated.
Folder: Mooncake(invisible, food, metaphor, East Asia, English)
{
    "score_4o": "2",
    "score_reason": "The MLLM's output correctly identifies that both images are of desserts, which is a broad observation. However, it does not align with the standard answer's more complex relationship involving mooncakes and the Mid-Autumn Festival. The explanation lacks relevant facts and shows no connection to the detailed theme of celebration and togetherness described in the standard answer."
}

Judge results for folder Mooncake(invisible, food, metaphor, East Asia, English) updated.
Folder: Egg(visible, food, relation, NA, English)
{
    "score_4o": "0",
    "score_reason": "The MLLM provides an explanation that both images depict the same brown chicken, which is a factual hallucination. The standard answer clarifies that one image is of a chicken and the other is of an egg, emphasizing the biological connection, which is completely different from the MLLM’s interpretation."
}

Judge results for folder Egg(visible, food, relation, NA, English) updated.
Folder: Caviar(invisible, food, relation, NA, English)
{
    "score_4o": "2",
    "score_reason": "The MLLM output correctly describes the action of 'fish swimming' as depicted in the images, but this is too broad and misses the specific relationship related to 'Caviar.' The connection to high-end culinary experiences involving caviar, which is made from sturgeon roe, is not addressed at all."
}

Judge results for folder Caviar(invisible, food, relation, NA, English) updated.
Folder: Yakitori(invisible, food, relation, East Asia, English)
{
    "score_4o": "2",
    "score_reason": "The MLLM's output identifies both images as featuring plates of colorful food, which lacks specificity and relevance, as it does not mention the cultural or specific context of 'Yakitori' and its relation to 'Izakaya.' Thus, the MLLM's response is too broad and does not align with the intended reasoning, even though it correctly identifies that both images contain food."
}

Judge results for folder Yakitori(invisible, food, relation, East Asia, English) updated.
Folder: 清水煮白菜(invisible, food, metaphor, East Asia, Chinese)
{
    "score_4o": "2",
    "score_reason": "The MLLM's output relates the images to 'Soup,' which is a broad answer and doesn't capture the specific cultural connection and culinary significance outlined in the standard answer '清水煮白菜.' The explanation focuses on the visual similarity rather than the specific context of the dish."
}

Judge results for folder 清水煮白菜(invisible, food, metaphor, East Asia, Chinese) updated.
Folder: водка(invisible, food, metaphor, Non-English European, Russian)
{
    "score_4o": "2",
    "score_reason": "The MLLM's output identifies the images as 'identical,' which hints at a similarity but misses the specific contextual connection to 'водка' mentioned in the standard answer. The explanation is correct visually but lacks the thematic or cultural insight provided in the standard answer, hence, it does not align with the explanation or reasoning related to Russian cultural references."
}

Judge results for folder водка(invisible, food, metaphor, Non-English European, Russian) updated.
Folder: Hamburger(visible, food, mutual elements, USAEnglish, English)
{
    "score_4o": "2",
    "score_reason": "The MLLM's output identifies the commonality as 'Bread,' which is correct based on the image descriptions but does not capture the more specific relationship of 'Hamburger' as described in the standard answer. The explanation provided by the MLLM focuses on the basic visual similarity without connecting it to the context of a hamburger."
}

Judge results for folder Hamburger(visible, food, mutual elements, USAEnglish, English) updated.
Folder: Fish and Chips(visible, food, mutual elements, USAEnglish, English)
{
    "score_4o": "2",
    "score_reason": "The MLLM's output correctly identifies the images as depicting fish, but it incorrectly identifies both images as merely fish swimming in the ocean. It does not capture the intended connection with 'Fish and Chips'. The description lacks the relevant facts needed to tie the images to the standard answer. Thus, it's too broad."
}

Judge results for folder Fish and Chips(visible, food, mutual elements, USAEnglish, English) updated.
Folder: breakfast(visible, food, mutual elements, NA, English)
{
    "score_4o": "0",
    "score_reason": "The MLLM provides an incorrect interpretation of the images as being the same, which contradicts the standard answer explaining that the images represent different types of breakfast—an English breakfast and a Chinese breakfast. The explanation given also fails to address any of the cultural differences outlined in the standard answer, resulting in a factuality hallucination in the response."
}

Judge results for folder breakfast(visible, food, mutual elements, NA, English) updated.
Folder: Barbecue(invisible, food, mutual elements, USAEnglish, English)
{
    "score_4o": "0",
    "score_reason": "The MLLM's output incorrectly states that both images depict the same scene of skewers of meat and vegetables on a grill, while the Standard Answer indicates that one image should be of a guitar, leading to a factuality hallucination in the explanation."
}

Judge results for folder Barbecue(invisible, food, mutual elements, USAEnglish, English) updated.
Folder: Flying Roti(invisible, food, relation, South Asia and South-East Asia, English)
{
    "score_4o": "2",
    "score_reason": "The MLLM's output identifies the images as depicting food items on a table, but it does not relate to the concept of 'Flying Roti' or the connection to the technique of making Indian paratha as explained in the standard answer. The MLLM's response focuses on the visual similarity of plates on a table without capturing the specific cultural or culinary technique referenced in the standard explanation."
}

Judge results for folder Flying Roti(invisible, food, relation, South Asia and South-East Asia, English) updated.
Folder: España(invisible, country, metaphor, Non-English European, Spanish)
{
    "score_4o": "1",
    "score_reason": "The MLLM responds with 'The same image,' indicating that it perceives the images as identical without any deeper connection or context about Spain or the cultural significance of FC Barcelona, thus indicating its uncertainty."
}

Judge results for folder España(invisible, country, metaphor, Non-English European, Spanish) updated.
Folder: China(invisible, country, metaphor, NA, English)
{
    "score_4o": "2",
    "score_reason": "The MLLM's response inaccurately relates the images as depicting the 'same object,' which superficially describes the objects without recognizing the deeper historical and cultural relationship or relevant facts in the standard answer. The response lacks the connection between blue and white porcelain and its cultural significance in China, as highlighted in the standard answer."
}

Judge results for folder China(invisible, country, metaphor, NA, English) updated.
Folder: Ancient Babylon(invisible, country, mutual elements, NA, English)
{
    "score_4o": "0",
    "score_reason": "The MLLM's response is entirely incorrect as it describes both images as identical statues of a man and a woman, which does not relate to the standard answer concerning 'Ancient Babylon,' the Code of Hammurabi, and the Hanging Gardens of Babylon. The explanation provided by MLLM does not align with the standard answer and lacks any factual basis related to the given theme."
}

Judge results for folder Ancient Babylon(invisible, country, mutual elements, NA, English) updated.
Folder: El Imperio Romano(visible, country, mutual elements, Non-English European, Spanish)
{
    "score_4o": "2",
    "score_reason": "The MLLM's output describes the relation as 'Soldiers' based on groups in red and silver uniforms marching in a desert. While it understands the general idea of soldiers, it misses the specific context of 'El Imperio Romano' and the connection to the Colosseum. The explanation lacks the depth and insight in the standard answer, focusing only on the visual aspects rather than the historical significance and context of Roman soldiers as part of the Roman Empire's military and societal structure."
}

Judge results for folder El Imperio Romano(visible, country, mutual elements, Non-English European, Spanish) updated.
Folder: Россия(visible, country, mutual elements, Non-English European, Russian)
{
    "score_4o": "0",
    "score_reason": "The MLLM output incorrectly identifies that both images are the same type, stating they show 'the same set of colorful Russian dolls' and 'the same group of people'. It confuses the identity and context provided in the standard answer, which related to Russian cultural symbols (Matryoshka dolls) and political symbols (Kremlin), instead of repeating identical content in both images."
}

Judge results for folder Россия(visible, country, mutual elements, Non-English European, Russian) updated.
Folder: England(invisible, country, mutual elements, Non-English European, English)
{
    "score_4o": "2",
    "score_reason": "The MLLM's response identifies the images as depicting the same scene, which is ultimately too narrow to capture the relevant relationship implied in the standard answer. The MLLM output mentions an 'identical' relation between two images of a red telephone booth, focusing on structural details, without connecting to the broader theme of England, an essential aspect in the standard answer. While the MLLM output accurately describes the images, it omits key cultural significance that aligns with the standard answer."
}

Judge results for folder England(invisible, country, mutual elements, Non-English European, English) updated.
Folder: Ameirica(invisible, country, mutual elements, USAEnglish, English)
{
    "score_4o": "2",
    "score_reason": "The MLLM's response focuses on the bald eagle itself, describing its physical traits without mentioning its symbolic significance related to America. This explanation does not align with the standard answer's context of the bald eagle's symbolism and connection to America. Although it identifies both images as representing the bald eagle, it does not address the broader relationship with America, which is critical in the standard answer."
}

Judge results for folder Ameirica(invisible, country, mutual elements, USAEnglish, English) updated.
Folder: French(invisible, country, mutual elements, Non-English European, English)
{
    "score_4o": "0",
    "score_reason": "The MLLM's response does not align with the standard answer as it incorrectly identifies the images as simply showing 'a bunch of bread on a table,' which is not consistent with the specific identification of a baguette and Eiffel Tower that are representative of French culture. This suggests a factual inaccuracy regarding the content and theme of the images."
}

Judge results for folder French(invisible, country, mutual elements, Non-English European, English) updated.
Folder: Canada(invisible, country, mutual elements, USAEnglish, English)
{
    "score_4o": "2",
    "score_reason": "The MLLM's output identifies the objects in the images as leaves and describes their colors. However, it fails to establish any meaningful connection to the theme of 'Canada,' which is central to the standard explanation. The response is about the leaves' visual properties, which is too broad and not aligned with the standard reasoning."
}

Judge results for folder Canada(invisible, country, mutual elements, USAEnglish, English) updated.
Folder: Korea(invisible, country, mutual elements, East Asia, English)
{
    "score_4o": "1",
    "score_reason": "The MLLM responds with 'The same image,' which implies uncertainty in its reasoning and fails to make a relevant connection between the images and the concept of 'Korea' as outlined in the standard answer."
}

Judge results for folder Korea(invisible, country, mutual elements, East Asia, English) updated.
Folder: German(invisible, country, metaphor, Non-English European, English)
{
    "score_4o": "0",
    "score_reason": "The MLLM output fails to identify the broader cultural connection present in the standard answer. It purely focuses on the images themselves, rather than recognizing the underlying association with Germany. Additionally, it misses key elements such as the connection to Beethoven and German cultural heritage, which are central to the reasoning of the standard answer."
}

Judge results for folder German(invisible, country, metaphor, Non-English European, English) updated.
Folder: Япония(invisible, country, metaphor, East Asia, Russian)
{
    "score_4o": "2",
    "score_reason": "The MLLM's output describes both images in terms of cherry blossoms and focuses on the nature of the flowers themselves. While this is roughly correct and related, it is too broad and lacks the relevant cultural connections to Japan and origami, as specified in the standard answer. The MLLM fails to address the deeper cultural significance and interconnection outlined in the standard answer."
}

Judge results for folder Япония(invisible, country, metaphor, East Asia, Russian) updated.
Folder: Italy(invisible, country, mutual elements, Non-English European, English)
{
    "score_4o": "0",
    "score_reason": "The MLLM's output provides an incorrect explanation. It mistakenly states that both images depict the same pizza, with a focus on tomatoes and basil. This is incorrect because the standard answer indicates that the second image actually should be of the Gucci logo, highlighting Italy's contribution to both cuisine and fashion. The MLLM's response does not align with the facts in the standard answer."
}

Judge results for folder Italy(invisible, country, mutual elements, Non-English European, English) updated.
Folder: Netherlands(invisible, country, mutual elements, Non-English European, English)
{
    "score_4o": "1",
    "score_reason": "The MLLM responds with 'The same image,' which is incorrect according to the standard answer. It focused on the similarity between the two images, rather than recognizing them as representations of the Netherlands. The MLLM expresses confidence in its explanation, but fails to align with the intended connection of 'Netherlands.'"
}

Judge results for folder Netherlands(invisible, country, mutual elements, Non-English European, English) updated.
Folder: Portugal(invisible, country, mutual elements, Non-English European, English)
{
    "score_4o": "2",
    "score_reason": "The MLLM correctly identified both images as stringed instruments, which is factually accurate. However, it does not capture the thematic connection conveyed by the standard answer, which relates both images to Portugal through Fado music and Pastéis de Nata. Instead, it focuses on the broad category of 'stringed instruments,' missing the cultural and geographical linkage."
}

Judge results for folder Portugal(invisible, country, mutual elements, Non-English European, English) updated.
Folder: India(invisible, country, mutual elements, South Asia and South-East Asia, English)
{
    "score_4o": "0",
    "score_reason": "The MLLM output includes incorrect information. It claims the two images are identical and represent the 'same building' without addressing the Taj Mahal or Bollywood as mentioned in the standard answer. The standard answer relates the images through their connection to India, referencing the Taj Mahal and Bollywood, which is completely omitted in the MLLM's response. This results in a factuality hallucination in the provided explanation."
}

Judge results for folder India(invisible, country, mutual elements, South Asia and South-East Asia, English) updated.
Folder: Australia(invisible, country, mutual elements, other, English)
{
    "score_4o": "2",
    "score_reason": "The MLLM's output primarily focuses on describing the images and their shared element, namely the 'Kangaroo,' but it fails to connect this to the broader theme of 'Australia,' which is present in the standard answer. While the response is not irrelevant, it lacks the depth and connection to Australia's cultural and national symbolism as outlined in the standard answer."
}

Judge results for folder Australia(invisible, country, mutual elements, other, English) updated.
Folder: NewZealand(invisible, country, mutual elements, other, English)
{
    "score_4o": "0",
    "score_reason": "The MLLM output incorrectly describes both images as identical and depicting a kiwi bird in a tree hollow, which does not align with the standard answer. It fails to identify the key connection between the kiwi bird and its symbolic significance to New Zealand, and it disregards any reference to Māori carvings, which are mentioned in the standard answer."
}

Judge results for folder NewZealand(invisible, country, mutual elements, other, English) updated.
Folder: Mexica(invisible, country, mutual elements, Latin American, English)
{
    "score_4o": "2",
    "score_reason": "The MLLM's output focuses on the concept of religious shrines, which is broadly related to cultural practices involving memorials and altars. However, it does not identify the specific cultural connection to Mexico or address the significance of the Day of the Dead or agave in Mexican traditions as outlined in the standard answer."
}

Judge results for folder Mexica(invisible, country, mutual elements, Latin American, English) updated.
Folder: Brazil(invisible, country, mutual elements, Latin American, English)
{
    "score_4o": "2",
    "score_reason": "The MLLM output identifies the relation between the images as 'Parade' based on the visual depiction of people dancing at a parade, which is broadly correct but does not align with the key concept of 'Brazil' as outlined in the standard answer. It lacks mention of the aspects like samba dancing during Carnival and its connection to Brazil, which are relevant factors described in the standard answer."
}

Judge results for folder Brazil(invisible, country, mutual elements, Latin American, English) updated.
Folder: London(invisible, city, mutual elements, USAEnglish, English)
{
    "score_4o": "2",
    "score_reason": "The MLLM's output correctly identifies the repeated presence of a clock tower against a blue sky, which is accurate for the image but too broad of a relation. It fails to mention 'London' or connect the subject to Big Ben and the London Underground, as outlined in the standard answer. Therefore, it does not address the intended reasoning for the provided images."
}

Judge results for folder London(invisible, city, mutual elements, USAEnglish, English) updated.
Folder: Shanghai(invisible, city, mutual elements, East Asia, English)
{
    "score_4o": "2",
    "score_reason": "The MLLM output captures the visual similarity of the two images but fails to identify the specific connection to Shanghai. Instead of pinpointing iconic landmarks like the Bund and Yuyuan Garden, it broadly describes the images as 'similar cityscapes,' thus missing the relation and explanation provided in the standard answer."
}

Judge results for folder Shanghai(invisible, city, mutual elements, East Asia, English) updated.
Folder: Los Angeles(invisible, city, mutual elements, USAEnglish, English)
{
    "score_4o": "3",
    "score_reason": "The MLLM's output identifies 'Hollywood' as the relation, which is close but not identical to the standard answer 'Los Angeles.' However, the explanation correctly identifies both images as featuring the Hollywood sign, an iconic symbol within the entertainment industry, which aligns with the general theme of Los Angeles being a hub for this industry. The explanation does not address the complete connection to 'Los Angeles' or mention the Los Angeles County Museum of Art, leading to its incompleteness."
}

Judge results for folder Los Angeles(invisible, city, mutual elements, USAEnglish, English) updated.
Folder: New York(invisible, city, mutual elements, NA, English)
{
    "score_4o": "2",
    "score_reason": "The MLLM's output addresses the commonality of 'cities with tall buildings' but misses the specific connection to New York characterized by Central Park and the Empire State Building. Its explanation is too broad, without reference to the essential elements that would pinpoint New York as identified in the standard answer."
}

Judge results for folder New York(invisible, city, mutual elements, NA, English) updated.
Folder: Madrid(invisible, city, mutual elements, NA, Spanish)
{
    "score_4o": "0",
    "score_reason": "The MLLM output incorrectly states that the two images depict the 'same building,' which is factually incorrect based on the standard answer. The standard answer indicates that the images are of the Prado Museum and the Royal Palace of Madrid, distinct buildings in Madrid, not the same building."
}

Judge results for folder Madrid(invisible, city, mutual elements, NA, Spanish) updated.
Folder: Valencia(invisible, city, mutual elements, Non-English European, Spanish)
{
    "score_4o": "1",
    "score_reason": "The MLLM responds with an 'Identical' relation, indicating that both images show the same building, without any specific details that align with the connection to 'Valencia' or its landmarks. This reveals a lack of recognition of the images' context, leading to an unrelated response when comparing them to the standard answer."
}

Judge results for folder Valencia(invisible, city, mutual elements, Non-English European, Spanish) updated.
Folder: Санкт-Петербург(invisible, city, mutual elements, Non-English European, Russian)
{
    "score_4o": "2",
    "score_reason": "The MLLM's output incorrectly identifies the images as depicting 'the same building,' which does not match the standard answer that relates them to Saint Petersburg with specific historical buildings, the Winter Palace, and the Peter and Paul Fortress. While recognizing the potential governmental significance, it misses the specific historical and cultural connection to Saint Petersburg."
}

Judge results for folder Санкт-Петербург(invisible, city, mutual elements, Non-English European, Russian) updated.
Folder: Manchester(invisible, city, mutual elements, Non-English European, English)
{
    "score_4o": "1",
    "score_reason": "The MLLM's output focuses on the presence of factories in both images, which is entirely unrelated to the standard answer focusing on Manchester's significance in the textile industry and football culture. It does not capture any relevant facts or themes from the standard answer, misunderstanding the depicted objects and the relation."
}

Judge results for folder Manchester(invisible, city, mutual elements, Non-English European, English) updated.
Folder: Beijing(invisible, city, metaphor, East Asia, English)
{
    "score_4o": "0",
    "score_reason": "The MLLM output claims that both images are identical, depicting 'a large, ornate building with a red roof and a courtyard,' which differs from the standard answer relating to Beijing landmarks, specifically the Forbidden City and the Great Wall of China. This discrepancy in identifying the images leads to a factual error, incorrectly assuming the images depict the same building instead of historical landmarks in Beijing."
}

Judge results for folder Beijing(invisible, city, metaphor, East Asia, English) updated.
Folder: Paris(invisible, city, mutual elements, Non-English European, English)
{
    "score_4o": "2",
    "score_reason": "The MLLM output mentions that both images depict a 'large white arch with sculptures on it,' stating it's the same image, but fails to make the connection to the Arc de Triomphe or its location in Paris. The comment about the images being the same indicates it doesn't identify the objects in the images correctly, but there is no factual hallucination as it comments on the similar appearance between the two images."
}

Judge results for folder Paris(invisible, city, mutual elements, Non-English European, English) updated.
Folder: Singapore(invisible, city, mutual elements, NA, English)
{
    "score_4o": "2",
    "score_reason": "The MLLM identifies the relation as 'The same statue,' specifically a lion with water coming out of its mouth, which might be part of the Merlion statue complex in Singapore but lacks precision. The standard answer emphasizes the connection to Singapore through the Merlion and Marina Bay Sands, highlighting their symbolic significance. The MLLM fails to mention the Merlion or Marina Bay Sands directly, missing key aspects of the standard explanation."
}

Judge results for folder Singapore(invisible, city, mutual elements, NA, English) updated.
Folder: Egypt(invisible, country, metaphor, other, English)
{
    "score_4o": "2",
    "score_reason": "The MLLM's output describes the relationship as 'Ancient,' which is overly broad and not specifically connected to 'Egypt,' as noted in the standard answer. While it correctly identifies both images as ancient texts, it does not recognize their specific association with Egyptian civilization or its contributions to literature and architecture."
}

Judge results for folder Egypt(invisible, country, metaphor, other, English) updated.
Folder: Rio de Janeiro(invisible, city, mutual elements, Latin American, English)
{
    "score_4o": "0",
    "score_reason": "The MLLM output incorrectly describes two separate images as identical, both depicting a woman in a pink and orange costume. There is an error in specifying that both images are the same, when in reality they should relate to diverse aspects of Rio de Janeiro depicted in the standard answer images, such as a samba dancer and Christ the Redeemer. This indicates confusion over the actual image content, constituting a factual hallucination."
}

Judge results for folder Rio de Janeiro(invisible, city, mutual elements, Latin American, English) updated.
Folder: Venice(invisible, city, mutual elements, Non-English European, English)
{
    "score_4o": "3",
    "score_reason": "The MLLM's output accurately identifies the relationship as 'Venice' and provides a correct explanation focusing on canals and architecture, which is consistent with the standard answer's theme. However, it does not explicitly mention St. Mark's Basilica or the cultural heritage aspect of Venice, making the explanation somewhat incomplete compared to the standard answer."
}

Judge results for folder Venice(invisible, city, mutual elements, Non-English European, English) updated.
Folder: Istanbul(invisible, city, metaphor, other, English)
{
    "score_4o": "1",
    "score_reason": "The MLLM output inaccurately identifies the relationship between the two images. The relation 'The same building' and explanation focusing on the dome and towers do not align with the standard answer, which identifies them as representations of Istanbul through landmarks like Hagia Sophia and the Bosphorus Strait. The MLLM expresses uncertainty by not identifying the specific building or the connection to Istanbul."
}

Judge results for folder Istanbul(invisible, city, metaphor, other, English) updated.
Folder: Berlin(invisible, city, mutual elements, NA, English)
{
    "score_4o": "3",
    "score_reason": "The MLLM's output correctly identifies both the Berlin Wall and the Brandenburg Gate, which are indeed associated with Berlin. However, while it captures the fundamental connection of these landmarks with the theme of division and unity, it provides a slightly different explanation compared to the standard answer, focusing less on the broader historical significance and the city's resilience. It does not align perfectly with the standard reasoning, though it contains the key facts."
}

Judge results for folder Berlin(invisible, city, mutual elements, NA, English) updated.
Folder: Naples(invisible, city, mutual elements, Non-English European, English)
{
    "score_4o": "0",
    "score_reason": "The MLLM's output discusses images of a 'ruined city with a mountain in the background,' which are unrelated to the standard answer's theme about Naples. The standard answer mentions Napoli FC and Mount Vesuvius as elements related to Naples, whereas the MLLM's response does not address this focus and appears to describe nonexistent image content, indicating factual hallucination."
}

Judge results for folder Naples(invisible, city, mutual elements, Non-English European, English) updated.
Folder: Urban Transportation(invisible, city, mutual elements, NA, English)
{
    "score_4o": "0",
    "score_reason": "The MLLM output presents a completely different interpretation, identifying both images as showing 'the same scene,' which contradicts the standard answer that involves a bicycle and a subway train as elements of urban transportation. This indicates hallucination in the identification of the image content."
}

Judge results for folder Urban Transportation(invisible, city, mutual elements, NA, English) updated.
Folder: Urban Landmarks(invisible, city, mutual elements, NA, English)
{
    "score_4o": "0",
    "score_reason": "The MLLM output incorrectly identifies the second image as 'A blue sky' and associates it with Paris, failing to include any reference to the Statue of Liberty. This results in a factual hallucination. The standard answer discusses 'Urban Landmarks', specifically mentioning the Eiffel Tower and the Statue of Liberty, both of which are not covered accurately in the MLLM's output."
}

Judge results for folder Urban Landmarks(invisible, city, mutual elements, NA, English) updated.
Folder: City Nightlife(invisible, city, mutual elements, NA, English)
{
    "score_4o": "0",
    "score_reason": "The MLLM response inaccurately describes both images as featuring a 'DJ playing music in a club,' whereas the standard answer refers to 'A vibrant nightclub scene' and 'a street food market at night.' It fails to capture the theme of 'City Nightlife' and instead repeats incorrect facts, resulting in a factual hallucination."
}

Judge results for folder City Nightlife(invisible, city, mutual elements, NA, English) updated.
Finish: Judge results all saved to ./VILA1.5-40b_judge.json
Finish: Combined results all saved to ./VILA1.5-40b_test_and_judge.json
